[1.255s] DEBUG:colcon:Command line arguments: ['/usr/bin/colcon', 'build']
[1.256s] DEBUG:colcon:Parsed command line arguments: Namespace(log_base=None, log_level=None, verb_name='build', build_base='build', install_base='install', merge_install=False, symlink_install=False, test_result_base=None, continue_on_error=False, executor='parallel', parallel_workers=8, event_handlers=None, ignore_user_meta=False, metas=['./colcon.meta'], base_paths=['.'], packages_ignore=None, packages_ignore_regex=None, paths=None, packages_up_to=None, packages_up_to_regex=None, packages_above=None, packages_above_and_dependencies=None, packages_above_depth=None, packages_select_by_dep=None, packages_skip_by_dep=None, packages_skip_up_to=None, packages_select_build_failed=False, packages_skip_build_finished=False, packages_select_test_failures=False, packages_skip_test_passed=False, packages_select=None, packages_skip=None, packages_select_regex=None, packages_skip_regex=None, packages_start=None, packages_end=None, allow_overriding=[], cmake_args=None, cmake_target=None, cmake_target_skip_unavailable=False, cmake_clean_cache=False, cmake_clean_first=False, cmake_force_configure=False, ament_cmake_args=None, catkin_cmake_args=None, catkin_skip_building_tests=False, mixin_files=None, mixin=None, verb_parser=<colcon_mixin.mixin.mixin_argument.MixinArgumentDecorator object at 0x7f88664c3970>, verb_extension=<colcon_core.verb.build.BuildVerb object at 0x7f88668f1ff0>, main=<bound method BuildVerb.main of <colcon_core.verb.build.BuildVerb object at 0x7f88668f1ff0>>, mixin_verb=('build',))
[1.304s] Level 1:colcon.colcon_core.package_discovery:discover_packages(colcon_meta) check parameters
[1.304s] Level 1:colcon.colcon_core.package_discovery:discover_packages(recursive) check parameters
[1.304s] Level 1:colcon.colcon_core.package_discovery:discover_packages(ignore) check parameters
[1.304s] Level 1:colcon.colcon_core.package_discovery:discover_packages(path) check parameters
[1.304s] Level 1:colcon.colcon_core.package_discovery:discover_packages(colcon_meta) discover
[1.304s] Level 1:colcon.colcon_core.package_discovery:discover_packages(recursive) discover
[1.304s] INFO:colcon.colcon_core.package_discovery:Crawling recursively for packages in '/home/kevo/ros_ws/src/ai_based_sorting_robot_arm'
[1.305s] Level 1:colcon.colcon_core.package_identification:_identify(.) by extensions ['ignore', 'ignore_ament_install']
[1.305s] Level 1:colcon.colcon_core.package_identification:_identify(.) by extension 'ignore'
[1.305s] Level 1:colcon.colcon_core.package_identification:_identify(.) by extension 'ignore_ament_install'
[1.305s] Level 1:colcon.colcon_core.package_identification:_identify(.) by extensions ['colcon_pkg']
[1.305s] Level 1:colcon.colcon_core.package_identification:_identify(.) by extension 'colcon_pkg'
[1.305s] Level 1:colcon.colcon_core.package_identification:_identify(.) by extensions ['colcon_meta']
[1.305s] Level 1:colcon.colcon_core.package_identification:_identify(.) by extension 'colcon_meta'
[1.305s] Level 1:colcon.colcon_core.package_identification:_identify(.) by extensions ['ros']
[1.305s] Level 1:colcon.colcon_core.package_identification:_identify(.) by extension 'ros'
[1.314s] Level 1:colcon.colcon_core.package_identification:_identify(.) by extensions ['cmake', 'python']
[1.314s] Level 1:colcon.colcon_core.package_identification:_identify(.) by extension 'cmake'
[1.314s] Level 1:colcon.colcon_core.package_identification:_identify(.) by extension 'python'
[1.314s] Level 1:colcon.colcon_core.package_identification:_identify(.) by extensions ['python_setup_py']
[1.314s] Level 1:colcon.colcon_core.package_identification:_identify(.) by extension 'python_setup_py'
[1.314s] Level 1:colcon.colcon_core.package_identification:_identify(Resorces) by extensions ['ignore', 'ignore_ament_install']
[1.314s] Level 1:colcon.colcon_core.package_identification:_identify(Resorces) by extension 'ignore'
[1.314s] Level 1:colcon.colcon_core.package_identification:_identify(Resorces) by extension 'ignore_ament_install'
[1.314s] Level 1:colcon.colcon_core.package_identification:_identify(Resorces) by extensions ['colcon_pkg']
[1.315s] Level 1:colcon.colcon_core.package_identification:_identify(Resorces) by extension 'colcon_pkg'
[1.315s] Level 1:colcon.colcon_core.package_identification:_identify(Resorces) by extensions ['colcon_meta']
[1.315s] Level 1:colcon.colcon_core.package_identification:_identify(Resorces) by extension 'colcon_meta'
[1.315s] Level 1:colcon.colcon_core.package_identification:_identify(Resorces) by extensions ['ros']
[1.315s] Level 1:colcon.colcon_core.package_identification:_identify(Resorces) by extension 'ros'
[1.315s] Level 1:colcon.colcon_core.package_identification:_identify(Resorces) by extensions ['cmake', 'python']
[1.315s] Level 1:colcon.colcon_core.package_identification:_identify(Resorces) by extension 'cmake'
[1.315s] Level 1:colcon.colcon_core.package_identification:_identify(Resorces) by extension 'python'
[1.315s] Level 1:colcon.colcon_core.package_identification:_identify(Resorces) by extensions ['python_setup_py']
[1.315s] Level 1:colcon.colcon_core.package_identification:_identify(Resorces) by extension 'python_setup_py'
[1.315s] Level 1:colcon.colcon_core.package_identification:_identify(build) by extensions ['ignore', 'ignore_ament_install']
[1.315s] Level 1:colcon.colcon_core.package_identification:_identify(build) by extension 'ignore'
[1.315s] Level 1:colcon.colcon_core.package_identification:_identify(build) ignored
[1.315s] Level 1:colcon.colcon_core.package_identification:_identify(install) by extensions ['ignore', 'ignore_ament_install']
[1.315s] Level 1:colcon.colcon_core.package_identification:_identify(install) by extension 'ignore'
[1.315s] Level 1:colcon.colcon_core.package_identification:_identify(install) ignored
[1.315s] Level 1:colcon.colcon_core.package_identification:_identify(log) by extensions ['ignore', 'ignore_ament_install']
[1.315s] Level 1:colcon.colcon_core.package_identification:_identify(log) by extension 'ignore'
[1.316s] Level 1:colcon.colcon_core.package_identification:_identify(log) ignored
[1.316s] Level 1:colcon.colcon_core.package_identification:_identify(src) by extensions ['ignore', 'ignore_ament_install']
[1.316s] Level 1:colcon.colcon_core.package_identification:_identify(src) by extension 'ignore'
[1.316s] Level 1:colcon.colcon_core.package_identification:_identify(src) by extension 'ignore_ament_install'
[1.316s] Level 1:colcon.colcon_core.package_identification:_identify(src) by extensions ['colcon_pkg']
[1.316s] Level 1:colcon.colcon_core.package_identification:_identify(src) by extension 'colcon_pkg'
[1.316s] Level 1:colcon.colcon_core.package_identification:_identify(src) by extensions ['colcon_meta']
[1.316s] Level 1:colcon.colcon_core.package_identification:_identify(src) by extension 'colcon_meta'
[1.316s] Level 1:colcon.colcon_core.package_identification:_identify(src) by extensions ['ros']
[1.316s] Level 1:colcon.colcon_core.package_identification:_identify(src) by extension 'ros'
[1.316s] Level 1:colcon.colcon_core.package_identification:_identify(src) by extensions ['cmake', 'python']
[1.316s] Level 1:colcon.colcon_core.package_identification:_identify(src) by extension 'cmake'
[1.316s] Level 1:colcon.colcon_core.package_identification:_identify(src) by extension 'python'
[1.316s] Level 1:colcon.colcon_core.package_identification:_identify(src) by extensions ['python_setup_py']
[1.316s] Level 1:colcon.colcon_core.package_identification:_identify(src) by extension 'python_setup_py'
[1.316s] Level 1:colcon.colcon_core.package_identification:_identify(src/robotic_arm_controllers) by extensions ['ignore', 'ignore_ament_install']
[1.316s] Level 1:colcon.colcon_core.package_identification:_identify(src/robotic_arm_controllers) by extension 'ignore'
[1.316s] Level 1:colcon.colcon_core.package_identification:_identify(src/robotic_arm_controllers) by extension 'ignore_ament_install'
[1.316s] Level 1:colcon.colcon_core.package_identification:_identify(src/robotic_arm_controllers) by extensions ['colcon_pkg']
[1.316s] Level 1:colcon.colcon_core.package_identification:_identify(src/robotic_arm_controllers) by extension 'colcon_pkg'
[1.316s] Level 1:colcon.colcon_core.package_identification:_identify(src/robotic_arm_controllers) by extensions ['colcon_meta']
[1.316s] Level 1:colcon.colcon_core.package_identification:_identify(src/robotic_arm_controllers) by extension 'colcon_meta'
[1.316s] Level 1:colcon.colcon_core.package_identification:_identify(src/robotic_arm_controllers) by extensions ['ros']
[1.317s] Level 1:colcon.colcon_core.package_identification:_identify(src/robotic_arm_controllers) by extension 'ros'
[1.318s] DEBUG:colcon.colcon_core.package_identification:Package 'src/robotic_arm_controllers' with type 'ros.ament_cmake' and name 'robotic_arm_controllers'
[1.319s] Level 1:colcon.colcon_core.package_identification:_identify(src/robotic_arm_custom_nodes) by extensions ['ignore', 'ignore_ament_install']
[1.319s] Level 1:colcon.colcon_core.package_identification:_identify(src/robotic_arm_custom_nodes) by extension 'ignore'
[1.319s] Level 1:colcon.colcon_core.package_identification:_identify(src/robotic_arm_custom_nodes) by extension 'ignore_ament_install'
[1.319s] Level 1:colcon.colcon_core.package_identification:_identify(src/robotic_arm_custom_nodes) by extensions ['colcon_pkg']
[1.319s] Level 1:colcon.colcon_core.package_identification:_identify(src/robotic_arm_custom_nodes) by extension 'colcon_pkg'
[1.319s] Level 1:colcon.colcon_core.package_identification:_identify(src/robotic_arm_custom_nodes) by extensions ['colcon_meta']
[1.319s] Level 1:colcon.colcon_core.package_identification:_identify(src/robotic_arm_custom_nodes) by extension 'colcon_meta'
[1.319s] Level 1:colcon.colcon_core.package_identification:_identify(src/robotic_arm_custom_nodes) by extensions ['ros']
[1.319s] Level 1:colcon.colcon_core.package_identification:_identify(src/robotic_arm_custom_nodes) by extension 'ros'
[1.319s] DEBUG:colcon.colcon_core.package_identification:Package 'src/robotic_arm_custom_nodes' with type 'ros.ament_python' and name 'robotic_arm_custom_nodes'
[1.320s] Level 1:colcon.colcon_core.package_identification:_identify(src/robotic_arm_description) by extensions ['ignore', 'ignore_ament_install']
[1.320s] Level 1:colcon.colcon_core.package_identification:_identify(src/robotic_arm_description) by extension 'ignore'
[1.320s] Level 1:colcon.colcon_core.package_identification:_identify(src/robotic_arm_description) by extension 'ignore_ament_install'
[1.320s] Level 1:colcon.colcon_core.package_identification:_identify(src/robotic_arm_description) by extensions ['colcon_pkg']
[1.320s] Level 1:colcon.colcon_core.package_identification:_identify(src/robotic_arm_description) by extension 'colcon_pkg'
[1.320s] Level 1:colcon.colcon_core.package_identification:_identify(src/robotic_arm_description) by extensions ['colcon_meta']
[1.320s] Level 1:colcon.colcon_core.package_identification:_identify(src/robotic_arm_description) by extension 'colcon_meta'
[1.320s] Level 1:colcon.colcon_core.package_identification:_identify(src/robotic_arm_description) by extensions ['ros']
[1.320s] Level 1:colcon.colcon_core.package_identification:_identify(src/robotic_arm_description) by extension 'ros'
[1.320s] DEBUG:colcon.colcon_core.package_identification:Package 'src/robotic_arm_description' with type 'ros.ament_cmake' and name 'robotic_arm_description'
[1.320s] Level 1:colcon.colcon_core.package_identification:_identify(src/robotic_arm_firmware) by extensions ['ignore', 'ignore_ament_install']
[1.321s] Level 1:colcon.colcon_core.package_identification:_identify(src/robotic_arm_firmware) by extension 'ignore'
[1.321s] Level 1:colcon.colcon_core.package_identification:_identify(src/robotic_arm_firmware) by extension 'ignore_ament_install'
[1.321s] Level 1:colcon.colcon_core.package_identification:_identify(src/robotic_arm_firmware) by extensions ['colcon_pkg']
[1.321s] Level 1:colcon.colcon_core.package_identification:_identify(src/robotic_arm_firmware) by extension 'colcon_pkg'
[1.321s] Level 1:colcon.colcon_core.package_identification:_identify(src/robotic_arm_firmware) by extensions ['colcon_meta']
[1.321s] Level 1:colcon.colcon_core.package_identification:_identify(src/robotic_arm_firmware) by extension 'colcon_meta'
[1.321s] Level 1:colcon.colcon_core.package_identification:_identify(src/robotic_arm_firmware) by extensions ['ros']
[1.321s] Level 1:colcon.colcon_core.package_identification:_identify(src/robotic_arm_firmware) by extension 'ros'
[1.322s] DEBUG:colcon.colcon_core.package_identification:Package 'src/robotic_arm_firmware' with type 'ros.ament_cmake' and name 'robotic_arm_firmware'
[1.322s] Level 1:colcon.colcon_core.package_identification:_identify(src/robotic_arm_kinematics) by extensions ['ignore', 'ignore_ament_install']
[1.322s] Level 1:colcon.colcon_core.package_identification:_identify(src/robotic_arm_kinematics) by extension 'ignore'
[1.322s] Level 1:colcon.colcon_core.package_identification:_identify(src/robotic_arm_kinematics) by extension 'ignore_ament_install'
[1.322s] Level 1:colcon.colcon_core.package_identification:_identify(src/robotic_arm_kinematics) by extensions ['colcon_pkg']
[1.322s] Level 1:colcon.colcon_core.package_identification:_identify(src/robotic_arm_kinematics) by extension 'colcon_pkg'
[1.322s] Level 1:colcon.colcon_core.package_identification:_identify(src/robotic_arm_kinematics) by extensions ['colcon_meta']
[1.322s] Level 1:colcon.colcon_core.package_identification:_identify(src/robotic_arm_kinematics) by extension 'colcon_meta'
[1.322s] Level 1:colcon.colcon_core.package_identification:_identify(src/robotic_arm_kinematics) by extensions ['ros']
[1.322s] Level 1:colcon.colcon_core.package_identification:_identify(src/robotic_arm_kinematics) by extension 'ros'
[1.322s] DEBUG:colcon.colcon_core.package_identification:Package 'src/robotic_arm_kinematics' with type 'ros.ament_cmake' and name 'robotic_arm_kinematics'
[1.323s] Level 1:colcon.colcon_core.package_identification:_identify(src/robotic_arm_msgs) by extensions ['ignore', 'ignore_ament_install']
[1.323s] Level 1:colcon.colcon_core.package_identification:_identify(src/robotic_arm_msgs) by extension 'ignore'
[1.323s] Level 1:colcon.colcon_core.package_identification:_identify(src/robotic_arm_msgs) by extension 'ignore_ament_install'
[1.323s] Level 1:colcon.colcon_core.package_identification:_identify(src/robotic_arm_msgs) by extensions ['colcon_pkg']
[1.323s] Level 1:colcon.colcon_core.package_identification:_identify(src/robotic_arm_msgs) by extension 'colcon_pkg'
[1.323s] Level 1:colcon.colcon_core.package_identification:_identify(src/robotic_arm_msgs) by extensions ['colcon_meta']
[1.323s] Level 1:colcon.colcon_core.package_identification:_identify(src/robotic_arm_msgs) by extension 'colcon_meta'
[1.323s] Level 1:colcon.colcon_core.package_identification:_identify(src/robotic_arm_msgs) by extensions ['ros']
[1.323s] Level 1:colcon.colcon_core.package_identification:_identify(src/robotic_arm_msgs) by extension 'ros'
[1.323s] DEBUG:colcon.colcon_core.package_identification:Package 'src/robotic_arm_msgs' with type 'ros.ament_cmake' and name 'robotic_arm_msgs'
[1.323s] Level 1:colcon.colcon_core.package_discovery:discover_packages(recursive) using defaults
[1.324s] Level 1:colcon.colcon_core.package_discovery:discover_packages(ignore) discover
[1.324s] Level 1:colcon.colcon_core.package_discovery:discover_packages(ignore) using defaults
[1.324s] Level 1:colcon.colcon_core.package_discovery:discover_packages(path) discover
[1.324s] Level 1:colcon.colcon_core.package_discovery:discover_packages(path) using defaults
[1.406s] Level 1:colcon.colcon_core.package_discovery:discover_packages(prefix_path) check parameters
[1.406s] Level 1:colcon.colcon_core.package_discovery:discover_packages(prefix_path) discover
[1.434s] DEBUG:colcon.colcon_installed_package_information.package_discovery:Found 6 installed packages in /home/kevo/ros_ws/src/ai_based_sorting_robot_arm/install
[1.448s] DEBUG:colcon.colcon_installed_package_information.package_discovery:Found 65 installed packages in /home/kevo/ws_moveit/install
[1.464s] DEBUG:colcon.colcon_installed_package_information.package_discovery:Found 346 installed packages in /opt/ros/humble
[1.466s] Level 1:colcon.colcon_core.package_discovery:discover_packages(prefix_path) using defaults
[1.566s] Level 5:colcon.colcon_core.verb:set package 'robotic_arm_controllers' build argument 'cmake_args' from command line to 'None'
[1.566s] Level 5:colcon.colcon_core.verb:set package 'robotic_arm_controllers' build argument 'cmake_target' from command line to 'None'
[1.566s] Level 5:colcon.colcon_core.verb:set package 'robotic_arm_controllers' build argument 'cmake_target_skip_unavailable' from command line to 'False'
[1.566s] Level 5:colcon.colcon_core.verb:set package 'robotic_arm_controllers' build argument 'cmake_clean_cache' from command line to 'False'
[1.566s] Level 5:colcon.colcon_core.verb:set package 'robotic_arm_controllers' build argument 'cmake_clean_first' from command line to 'False'
[1.566s] Level 5:colcon.colcon_core.verb:set package 'robotic_arm_controllers' build argument 'cmake_force_configure' from command line to 'False'
[1.566s] Level 5:colcon.colcon_core.verb:set package 'robotic_arm_controllers' build argument 'ament_cmake_args' from command line to 'None'
[1.566s] Level 5:colcon.colcon_core.verb:set package 'robotic_arm_controllers' build argument 'catkin_cmake_args' from command line to 'None'
[1.566s] Level 5:colcon.colcon_core.verb:set package 'robotic_arm_controllers' build argument 'catkin_skip_building_tests' from command line to 'False'
[1.566s] DEBUG:colcon.colcon_core.verb:Building package 'robotic_arm_controllers' with the following arguments: {'ament_cmake_args': None, 'build_base': '/home/kevo/ros_ws/src/ai_based_sorting_robot_arm/build/robotic_arm_controllers', 'catkin_cmake_args': None, 'catkin_skip_building_tests': False, 'cmake_args': None, 'cmake_clean_cache': False, 'cmake_clean_first': False, 'cmake_force_configure': False, 'cmake_target': None, 'cmake_target_skip_unavailable': False, 'install_base': '/home/kevo/ros_ws/src/ai_based_sorting_robot_arm/install/robotic_arm_controllers', 'merge_install': False, 'path': '/home/kevo/ros_ws/src/ai_based_sorting_robot_arm/src/robotic_arm_controllers', 'symlink_install': False, 'test_result_base': None}
[1.579s] Level 5:colcon.colcon_core.verb:set package 'robotic_arm_custom_nodes' build argument 'cmake_args' from command line to 'None'
[1.579s] Level 5:colcon.colcon_core.verb:set package 'robotic_arm_custom_nodes' build argument 'cmake_target' from command line to 'None'
[1.579s] Level 5:colcon.colcon_core.verb:set package 'robotic_arm_custom_nodes' build argument 'cmake_target_skip_unavailable' from command line to 'False'
[1.579s] Level 5:colcon.colcon_core.verb:set package 'robotic_arm_custom_nodes' build argument 'cmake_clean_cache' from command line to 'False'
[1.579s] Level 5:colcon.colcon_core.verb:set package 'robotic_arm_custom_nodes' build argument 'cmake_clean_first' from command line to 'False'
[1.579s] Level 5:colcon.colcon_core.verb:set package 'robotic_arm_custom_nodes' build argument 'cmake_force_configure' from command line to 'False'
[1.579s] Level 5:colcon.colcon_core.verb:set package 'robotic_arm_custom_nodes' build argument 'ament_cmake_args' from command line to 'None'
[1.579s] Level 5:colcon.colcon_core.verb:set package 'robotic_arm_custom_nodes' build argument 'catkin_cmake_args' from command line to 'None'
[1.579s] Level 5:colcon.colcon_core.verb:set package 'robotic_arm_custom_nodes' build argument 'catkin_skip_building_tests' from command line to 'False'
[1.579s] DEBUG:colcon.colcon_core.verb:Building package 'robotic_arm_custom_nodes' with the following arguments: {'ament_cmake_args': None, 'build_base': '/home/kevo/ros_ws/src/ai_based_sorting_robot_arm/build/robotic_arm_custom_nodes', 'catkin_cmake_args': None, 'catkin_skip_building_tests': False, 'cmake_args': None, 'cmake_clean_cache': False, 'cmake_clean_first': False, 'cmake_force_configure': False, 'cmake_target': None, 'cmake_target_skip_unavailable': False, 'install_base': '/home/kevo/ros_ws/src/ai_based_sorting_robot_arm/install/robotic_arm_custom_nodes', 'merge_install': False, 'path': '/home/kevo/ros_ws/src/ai_based_sorting_robot_arm/src/robotic_arm_custom_nodes', 'symlink_install': False, 'test_result_base': None}
[1.593s] Level 5:colcon.colcon_core.verb:set package 'robotic_arm_description' build argument 'cmake_args' from command line to 'None'
[1.593s] Level 5:colcon.colcon_core.verb:set package 'robotic_arm_description' build argument 'cmake_target' from command line to 'None'
[1.593s] Level 5:colcon.colcon_core.verb:set package 'robotic_arm_description' build argument 'cmake_target_skip_unavailable' from command line to 'False'
[1.593s] Level 5:colcon.colcon_core.verb:set package 'robotic_arm_description' build argument 'cmake_clean_cache' from command line to 'False'
[1.593s] Level 5:colcon.colcon_core.verb:set package 'robotic_arm_description' build argument 'cmake_clean_first' from command line to 'False'
[1.593s] Level 5:colcon.colcon_core.verb:set package 'robotic_arm_description' build argument 'cmake_force_configure' from command line to 'False'
[1.593s] Level 5:colcon.colcon_core.verb:set package 'robotic_arm_description' build argument 'ament_cmake_args' from command line to 'None'
[1.593s] Level 5:colcon.colcon_core.verb:set package 'robotic_arm_description' build argument 'catkin_cmake_args' from command line to 'None'
[1.593s] Level 5:colcon.colcon_core.verb:set package 'robotic_arm_description' build argument 'catkin_skip_building_tests' from command line to 'False'
[1.593s] DEBUG:colcon.colcon_core.verb:Building package 'robotic_arm_description' with the following arguments: {'ament_cmake_args': None, 'build_base': '/home/kevo/ros_ws/src/ai_based_sorting_robot_arm/build/robotic_arm_description', 'catkin_cmake_args': None, 'catkin_skip_building_tests': False, 'cmake_args': None, 'cmake_clean_cache': False, 'cmake_clean_first': False, 'cmake_force_configure': False, 'cmake_target': None, 'cmake_target_skip_unavailable': False, 'install_base': '/home/kevo/ros_ws/src/ai_based_sorting_robot_arm/install/robotic_arm_description', 'merge_install': False, 'path': '/home/kevo/ros_ws/src/ai_based_sorting_robot_arm/src/robotic_arm_description', 'symlink_install': False, 'test_result_base': None}
[1.607s] Level 5:colcon.colcon_core.verb:set package 'robotic_arm_firmware' build argument 'cmake_args' from command line to 'None'
[1.607s] Level 5:colcon.colcon_core.verb:set package 'robotic_arm_firmware' build argument 'cmake_target' from command line to 'None'
[1.607s] Level 5:colcon.colcon_core.verb:set package 'robotic_arm_firmware' build argument 'cmake_target_skip_unavailable' from command line to 'False'
[1.607s] Level 5:colcon.colcon_core.verb:set package 'robotic_arm_firmware' build argument 'cmake_clean_cache' from command line to 'False'
[1.607s] Level 5:colcon.colcon_core.verb:set package 'robotic_arm_firmware' build argument 'cmake_clean_first' from command line to 'False'
[1.607s] Level 5:colcon.colcon_core.verb:set package 'robotic_arm_firmware' build argument 'cmake_force_configure' from command line to 'False'
[1.607s] Level 5:colcon.colcon_core.verb:set package 'robotic_arm_firmware' build argument 'ament_cmake_args' from command line to 'None'
[1.607s] Level 5:colcon.colcon_core.verb:set package 'robotic_arm_firmware' build argument 'catkin_cmake_args' from command line to 'None'
[1.607s] Level 5:colcon.colcon_core.verb:set package 'robotic_arm_firmware' build argument 'catkin_skip_building_tests' from command line to 'False'
[1.607s] DEBUG:colcon.colcon_core.verb:Building package 'robotic_arm_firmware' with the following arguments: {'ament_cmake_args': None, 'build_base': '/home/kevo/ros_ws/src/ai_based_sorting_robot_arm/build/robotic_arm_firmware', 'catkin_cmake_args': None, 'catkin_skip_building_tests': False, 'cmake_args': None, 'cmake_clean_cache': False, 'cmake_clean_first': False, 'cmake_force_configure': False, 'cmake_target': None, 'cmake_target_skip_unavailable': False, 'install_base': '/home/kevo/ros_ws/src/ai_based_sorting_robot_arm/install/robotic_arm_firmware', 'merge_install': False, 'path': '/home/kevo/ros_ws/src/ai_based_sorting_robot_arm/src/robotic_arm_firmware', 'symlink_install': False, 'test_result_base': None}
[1.623s] Level 5:colcon.colcon_core.verb:set package 'robotic_arm_kinematics' build argument 'cmake_args' from command line to 'None'
[1.623s] Level 5:colcon.colcon_core.verb:set package 'robotic_arm_kinematics' build argument 'cmake_target' from command line to 'None'
[1.623s] Level 5:colcon.colcon_core.verb:set package 'robotic_arm_kinematics' build argument 'cmake_target_skip_unavailable' from command line to 'False'
[1.623s] Level 5:colcon.colcon_core.verb:set package 'robotic_arm_kinematics' build argument 'cmake_clean_cache' from command line to 'False'
[1.623s] Level 5:colcon.colcon_core.verb:set package 'robotic_arm_kinematics' build argument 'cmake_clean_first' from command line to 'False'
[1.623s] Level 5:colcon.colcon_core.verb:set package 'robotic_arm_kinematics' build argument 'cmake_force_configure' from command line to 'False'
[1.623s] Level 5:colcon.colcon_core.verb:set package 'robotic_arm_kinematics' build argument 'ament_cmake_args' from command line to 'None'
[1.623s] Level 5:colcon.colcon_core.verb:set package 'robotic_arm_kinematics' build argument 'catkin_cmake_args' from command line to 'None'
[1.623s] Level 5:colcon.colcon_core.verb:set package 'robotic_arm_kinematics' build argument 'catkin_skip_building_tests' from command line to 'False'
[1.623s] DEBUG:colcon.colcon_core.verb:Building package 'robotic_arm_kinematics' with the following arguments: {'ament_cmake_args': None, 'build_base': '/home/kevo/ros_ws/src/ai_based_sorting_robot_arm/build/robotic_arm_kinematics', 'catkin_cmake_args': None, 'catkin_skip_building_tests': False, 'cmake_args': None, 'cmake_clean_cache': False, 'cmake_clean_first': False, 'cmake_force_configure': False, 'cmake_target': None, 'cmake_target_skip_unavailable': False, 'install_base': '/home/kevo/ros_ws/src/ai_based_sorting_robot_arm/install/robotic_arm_kinematics', 'merge_install': False, 'path': '/home/kevo/ros_ws/src/ai_based_sorting_robot_arm/src/robotic_arm_kinematics', 'symlink_install': False, 'test_result_base': None}
[1.638s] Level 5:colcon.colcon_core.verb:set package 'robotic_arm_msgs' build argument 'cmake_args' from command line to 'None'
[1.638s] Level 5:colcon.colcon_core.verb:set package 'robotic_arm_msgs' build argument 'cmake_target' from command line to 'None'
[1.638s] Level 5:colcon.colcon_core.verb:set package 'robotic_arm_msgs' build argument 'cmake_target_skip_unavailable' from command line to 'False'
[1.638s] Level 5:colcon.colcon_core.verb:set package 'robotic_arm_msgs' build argument 'cmake_clean_cache' from command line to 'False'
[1.638s] Level 5:colcon.colcon_core.verb:set package 'robotic_arm_msgs' build argument 'cmake_clean_first' from command line to 'False'
[1.638s] Level 5:colcon.colcon_core.verb:set package 'robotic_arm_msgs' build argument 'cmake_force_configure' from command line to 'False'
[1.638s] Level 5:colcon.colcon_core.verb:set package 'robotic_arm_msgs' build argument 'ament_cmake_args' from command line to 'None'
[1.638s] Level 5:colcon.colcon_core.verb:set package 'robotic_arm_msgs' build argument 'catkin_cmake_args' from command line to 'None'
[1.638s] Level 5:colcon.colcon_core.verb:set package 'robotic_arm_msgs' build argument 'catkin_skip_building_tests' from command line to 'False'
[1.638s] DEBUG:colcon.colcon_core.verb:Building package 'robotic_arm_msgs' with the following arguments: {'ament_cmake_args': None, 'build_base': '/home/kevo/ros_ws/src/ai_based_sorting_robot_arm/build/robotic_arm_msgs', 'catkin_cmake_args': None, 'catkin_skip_building_tests': False, 'cmake_args': None, 'cmake_clean_cache': False, 'cmake_clean_first': False, 'cmake_force_configure': False, 'cmake_target': None, 'cmake_target_skip_unavailable': False, 'install_base': '/home/kevo/ros_ws/src/ai_based_sorting_robot_arm/install/robotic_arm_msgs', 'merge_install': False, 'path': '/home/kevo/ros_ws/src/ai_based_sorting_robot_arm/src/robotic_arm_msgs', 'symlink_install': False, 'test_result_base': None}
[1.651s] INFO:colcon.colcon_core.executor:Executing jobs using 'parallel' executor
[1.665s] DEBUG:colcon.colcon_parallel_executor.executor.parallel:run_until_complete
[1.665s] INFO:colcon.colcon_ros.task.ament_cmake.build:Building ROS package in '/home/kevo/ros_ws/src/ai_based_sorting_robot_arm/src/robotic_arm_controllers' with build type 'ament_cmake'
[1.665s] INFO:colcon.colcon_cmake.task.cmake.build:Building CMake package in '/home/kevo/ros_ws/src/ai_based_sorting_robot_arm/src/robotic_arm_controllers'
[1.682s] INFO:colcon.colcon_core.plugin_system:Skipping extension 'colcon_core.shell.bat': Not used on non-Windows systems
[1.682s] INFO:colcon.colcon_core.shell:Skip shell extension 'powershell' for command environment: Not usable outside of PowerShell
[1.682s] DEBUG:colcon.colcon_core.shell:Skip shell extension 'dsv' for command environment
[1.747s] INFO:colcon.colcon_ros.task.ament_python.build:Building ROS package in '/home/kevo/ros_ws/src/ai_based_sorting_robot_arm/src/robotic_arm_custom_nodes' with build type 'ament_python'
[1.747s] Level 1:colcon.colcon_core.shell:create_environment_hook('robotic_arm_custom_nodes', 'ament_prefix_path')
[1.764s] INFO:colcon.colcon_core.shell:Creating environment hook '/home/kevo/ros_ws/src/ai_based_sorting_robot_arm/install/robotic_arm_custom_nodes/share/robotic_arm_custom_nodes/hook/ament_prefix_path.ps1'
[1.765s] INFO:colcon.colcon_core.shell:Creating environment descriptor '/home/kevo/ros_ws/src/ai_based_sorting_robot_arm/install/robotic_arm_custom_nodes/share/robotic_arm_custom_nodes/hook/ament_prefix_path.dsv'
[1.766s] INFO:colcon.colcon_core.shell:Creating environment hook '/home/kevo/ros_ws/src/ai_based_sorting_robot_arm/install/robotic_arm_custom_nodes/share/robotic_arm_custom_nodes/hook/ament_prefix_path.sh'
[1.783s] INFO:colcon.colcon_core.shell:Skip shell extension 'powershell' for command environment: Not usable outside of PowerShell
[1.783s] DEBUG:colcon.colcon_core.shell:Skip shell extension 'dsv' for command environment
[1.849s] INFO:colcon.colcon_ros.task.ament_cmake.build:Building ROS package in '/home/kevo/ros_ws/src/ai_based_sorting_robot_arm/src/robotic_arm_description' with build type 'ament_cmake'
[1.850s] INFO:colcon.colcon_cmake.task.cmake.build:Building CMake package in '/home/kevo/ros_ws/src/ai_based_sorting_robot_arm/src/robotic_arm_description'
[1.865s] INFO:colcon.colcon_core.shell:Skip shell extension 'powershell' for command environment: Not usable outside of PowerShell
[1.866s] DEBUG:colcon.colcon_core.shell:Skip shell extension 'dsv' for command environment
[1.938s] INFO:colcon.colcon_ros.task.ament_cmake.build:Building ROS package in '/home/kevo/ros_ws/src/ai_based_sorting_robot_arm/src/robotic_arm_firmware' with build type 'ament_cmake'
[1.940s] INFO:colcon.colcon_cmake.task.cmake.build:Building CMake package in '/home/kevo/ros_ws/src/ai_based_sorting_robot_arm/src/robotic_arm_firmware'
[1.955s] INFO:colcon.colcon_core.shell:Skip shell extension 'powershell' for command environment: Not usable outside of PowerShell
[1.955s] DEBUG:colcon.colcon_core.shell:Skip shell extension 'dsv' for command environment
[2.026s] INFO:colcon.colcon_ros.task.ament_cmake.build:Building ROS package in '/home/kevo/ros_ws/src/ai_based_sorting_robot_arm/src/robotic_arm_kinematics' with build type 'ament_cmake'
[2.027s] INFO:colcon.colcon_cmake.task.cmake.build:Building CMake package in '/home/kevo/ros_ws/src/ai_based_sorting_robot_arm/src/robotic_arm_kinematics'
[2.057s] INFO:colcon.colcon_core.shell:Skip shell extension 'powershell' for command environment: Not usable outside of PowerShell
[2.057s] DEBUG:colcon.colcon_core.shell:Skip shell extension 'dsv' for command environment
[2.136s] INFO:colcon.colcon_ros.task.ament_cmake.build:Building ROS package in '/home/kevo/ros_ws/src/ai_based_sorting_robot_arm/src/robotic_arm_msgs' with build type 'ament_cmake'
[2.136s] INFO:colcon.colcon_cmake.task.cmake.build:Building CMake package in '/home/kevo/ros_ws/src/ai_based_sorting_robot_arm/src/robotic_arm_msgs'
[2.156s] INFO:colcon.colcon_core.shell:Skip shell extension 'powershell' for command environment: Not usable outside of PowerShell
[2.156s] DEBUG:colcon.colcon_core.shell:Skip shell extension 'dsv' for command environment
[2.237s] DEBUG:colcon.colcon_core.event_handler.log_command:Invoking command in '/home/kevo/ros_ws/src/ai_based_sorting_robot_arm/build/robotic_arm_controllers': CMAKE_PREFIX_PATH=${CMAKE_PREFIX_PATH}:/home/kevo/ros_ws/src/ai_based_sorting_robot_arm/install/robotic_arm_custom_nodes:/home/kevo/ws_moveit/install/moveit_configs_utils:/opt/ros/humble /usr/bin/cmake --build /home/kevo/ros_ws/src/ai_based_sorting_robot_arm/build/robotic_arm_controllers -- -j8 -l8
[2.486s] INFO:colcon.colcon_core.task.python.build:Building Python package in '/home/kevo/ros_ws/src/ai_based_sorting_robot_arm/src/robotic_arm_custom_nodes'
[2.503s] INFO:colcon.colcon_core.shell:Skip shell extension 'powershell' for command environment: Not usable outside of PowerShell
[2.503s] DEBUG:colcon.colcon_core.shell:Skip shell extension 'dsv' for command environment
[2.576s] DEBUG:colcon.colcon_core.event_handler.log_command:Invoking command in '/home/kevo/ros_ws/src/ai_based_sorting_robot_arm/build/robotic_arm_description': CMAKE_PREFIX_PATH=${CMAKE_PREFIX_PATH}:/home/kevo/ros_ws/src/ai_based_sorting_robot_arm/install/robotic_arm_custom_nodes:/home/kevo/ws_moveit/install/moveit_configs_utils:/opt/ros/humble /usr/bin/cmake --build /home/kevo/ros_ws/src/ai_based_sorting_robot_arm/build/robotic_arm_description -- -j8 -l8
[2.579s] DEBUG:colcon.colcon_core.event_handler.log_command:Invoking command in '/home/kevo/ros_ws/src/ai_based_sorting_robot_arm/build/robotic_arm_firmware': CMAKE_PREFIX_PATH=${CMAKE_PREFIX_PATH}:/home/kevo/ros_ws/src/ai_based_sorting_robot_arm/install/robotic_arm_custom_nodes:/home/kevo/ws_moveit/install/moveit_configs_utils:/opt/ros/humble /usr/bin/cmake --build /home/kevo/ros_ws/src/ai_based_sorting_robot_arm/build/robotic_arm_firmware -- -j8 -l8
[2.591s] DEBUG:colcon.colcon_core.event_handler.log_command:Invoking command in '/home/kevo/ros_ws/src/ai_based_sorting_robot_arm/build/robotic_arm_kinematics': CMAKE_PREFIX_PATH=${CMAKE_PREFIX_PATH}:/home/kevo/ros_ws/src/ai_based_sorting_robot_arm/install/robotic_arm_custom_nodes:/home/kevo/ws_moveit/install/moveit_configs_utils:/opt/ros/humble /usr/bin/cmake --build /home/kevo/ros_ws/src/ai_based_sorting_robot_arm/build/robotic_arm_kinematics -- -j8 -l8
[2.596s] DEBUG:colcon.colcon_core.event_handler.log_command:Invoking command in '/home/kevo/ros_ws/src/ai_based_sorting_robot_arm/build/robotic_arm_msgs': CMAKE_PREFIX_PATH=${CMAKE_PREFIX_PATH}:/home/kevo/ros_ws/src/ai_based_sorting_robot_arm/install/robotic_arm_custom_nodes:/home/kevo/ws_moveit/install/moveit_configs_utils:/opt/ros/humble /usr/bin/cmake --build /home/kevo/ros_ws/src/ai_based_sorting_robot_arm/build/robotic_arm_msgs -- -j8 -l8
[2.596s] DEBUG:colcon.colcon_core.event_handler.log_command:Invoked command in '/home/kevo/ros_ws/src/ai_based_sorting_robot_arm/build/robotic_arm_controllers' returned '0': CMAKE_PREFIX_PATH=${CMAKE_PREFIX_PATH}:/home/kevo/ros_ws/src/ai_based_sorting_robot_arm/install/robotic_arm_custom_nodes:/home/kevo/ws_moveit/install/moveit_configs_utils:/opt/ros/humble /usr/bin/cmake --build /home/kevo/ros_ws/src/ai_based_sorting_robot_arm/build/robotic_arm_controllers -- -j8 -l8
[2.630s] DEBUG:colcon.colcon_core.event_handler.log_command:Invoked command in '/home/kevo/ros_ws/src/ai_based_sorting_robot_arm/build/robotic_arm_description' returned '0': CMAKE_PREFIX_PATH=${CMAKE_PREFIX_PATH}:/home/kevo/ros_ws/src/ai_based_sorting_robot_arm/install/robotic_arm_custom_nodes:/home/kevo/ws_moveit/install/moveit_configs_utils:/opt/ros/humble /usr/bin/cmake --build /home/kevo/ros_ws/src/ai_based_sorting_robot_arm/build/robotic_arm_description -- -j8 -l8
[2.646s] DEBUG:colcon.colcon_core.event_handler.log_command:Invoking command in '/home/kevo/ros_ws/src/ai_based_sorting_robot_arm/build/robotic_arm_controllers': CMAKE_PREFIX_PATH=${CMAKE_PREFIX_PATH}:/home/kevo/ros_ws/src/ai_based_sorting_robot_arm/install/robotic_arm_custom_nodes:/home/kevo/ws_moveit/install/moveit_configs_utils:/opt/ros/humble /usr/bin/cmake --install /home/kevo/ros_ws/src/ai_based_sorting_robot_arm/build/robotic_arm_controllers
[2.664s] Level 1:colcon.colcon_core.environment:create_environment_scripts_only(robotic_arm_controllers)
[2.675s] DEBUG:colcon.colcon_core.event_handler.log_command:Invoked command in '/home/kevo/ros_ws/src/ai_based_sorting_robot_arm/build/robotic_arm_controllers' returned '0': CMAKE_PREFIX_PATH=${CMAKE_PREFIX_PATH}:/home/kevo/ros_ws/src/ai_based_sorting_robot_arm/install/robotic_arm_custom_nodes:/home/kevo/ws_moveit/install/moveit_configs_utils:/opt/ros/humble /usr/bin/cmake --install /home/kevo/ros_ws/src/ai_based_sorting_robot_arm/build/robotic_arm_controllers
[2.696s] Level 1:colcon.colcon_core.environment:checking '/home/kevo/ros_ws/src/ai_based_sorting_robot_arm/install/robotic_arm_controllers' for CMake module files
[2.697s] Level 1:colcon.colcon_core.environment:checking '/home/kevo/ros_ws/src/ai_based_sorting_robot_arm/install/robotic_arm_controllers' for CMake config files
[2.697s] Level 1:colcon.colcon_core.shell:create_environment_hook('robotic_arm_controllers', 'cmake_prefix_path')
[2.727s] INFO:colcon.colcon_core.shell:Creating environment hook '/home/kevo/ros_ws/src/ai_based_sorting_robot_arm/install/robotic_arm_controllers/share/robotic_arm_controllers/hook/cmake_prefix_path.ps1'
[2.728s] INFO:colcon.colcon_core.shell:Creating environment descriptor '/home/kevo/ros_ws/src/ai_based_sorting_robot_arm/install/robotic_arm_controllers/share/robotic_arm_controllers/hook/cmake_prefix_path.dsv'
[2.729s] INFO:colcon.colcon_core.shell:Creating environment hook '/home/kevo/ros_ws/src/ai_based_sorting_robot_arm/install/robotic_arm_controllers/share/robotic_arm_controllers/hook/cmake_prefix_path.sh'
[2.730s] Level 1:colcon.colcon_core.environment:checking '/home/kevo/ros_ws/src/ai_based_sorting_robot_arm/install/robotic_arm_controllers/bin'
[2.731s] Level 1:colcon.colcon_core.environment:checking '/home/kevo/ros_ws/src/ai_based_sorting_robot_arm/install/robotic_arm_controllers/lib/pkgconfig/robotic_arm_controllers.pc'
[2.731s] Level 1:colcon.colcon_core.environment:checking '/home/kevo/ros_ws/src/ai_based_sorting_robot_arm/install/robotic_arm_controllers/lib/python3.10/site-packages'
[2.732s] Level 1:colcon.colcon_core.environment:checking '/home/kevo/ros_ws/src/ai_based_sorting_robot_arm/install/robotic_arm_controllers/bin'
[2.763s] INFO:colcon.colcon_core.shell:Creating package script '/home/kevo/ros_ws/src/ai_based_sorting_robot_arm/install/robotic_arm_controllers/share/robotic_arm_controllers/package.ps1'
[2.765s] INFO:colcon.colcon_core.shell:Creating package descriptor '/home/kevo/ros_ws/src/ai_based_sorting_robot_arm/install/robotic_arm_controllers/share/robotic_arm_controllers/package.dsv'
[2.765s] INFO:colcon.colcon_core.shell:Creating package script '/home/kevo/ros_ws/src/ai_based_sorting_robot_arm/install/robotic_arm_controllers/share/robotic_arm_controllers/package.sh'
[2.766s] INFO:colcon.colcon_core.shell:Creating package script '/home/kevo/ros_ws/src/ai_based_sorting_robot_arm/install/robotic_arm_controllers/share/robotic_arm_controllers/package.bash'
[2.767s] INFO:colcon.colcon_core.shell:Creating package script '/home/kevo/ros_ws/src/ai_based_sorting_robot_arm/install/robotic_arm_controllers/share/robotic_arm_controllers/package.zsh'
[2.768s] Level 1:colcon.colcon_core.environment:create_file_with_runtime_dependencies(/home/kevo/ros_ws/src/ai_based_sorting_robot_arm/install/robotic_arm_controllers/share/colcon-core/packages/robotic_arm_controllers)
[2.770s] DEBUG:colcon.colcon_core.event_handler.log_command:Invoking command in '/home/kevo/ros_ws/src/ai_based_sorting_robot_arm/build/robotic_arm_description': CMAKE_PREFIX_PATH=${CMAKE_PREFIX_PATH}:/home/kevo/ros_ws/src/ai_based_sorting_robot_arm/install/robotic_arm_custom_nodes:/home/kevo/ws_moveit/install/moveit_configs_utils:/opt/ros/humble /usr/bin/cmake --install /home/kevo/ros_ws/src/ai_based_sorting_robot_arm/build/robotic_arm_description
[2.794s] Level 1:colcon.colcon_core.environment:create_environment_scripts_only(robotic_arm_description)
[2.805s] DEBUG:colcon.colcon_core.event_handler.log_command:Invoked command in '/home/kevo/ros_ws/src/ai_based_sorting_robot_arm/build/robotic_arm_description' returned '0': CMAKE_PREFIX_PATH=${CMAKE_PREFIX_PATH}:/home/kevo/ros_ws/src/ai_based_sorting_robot_arm/install/robotic_arm_custom_nodes:/home/kevo/ws_moveit/install/moveit_configs_utils:/opt/ros/humble /usr/bin/cmake --install /home/kevo/ros_ws/src/ai_based_sorting_robot_arm/build/robotic_arm_description
[2.816s] Level 1:colcon.colcon_core.environment:checking '/home/kevo/ros_ws/src/ai_based_sorting_robot_arm/install/robotic_arm_description' for CMake module files
[2.817s] Level 1:colcon.colcon_core.environment:checking '/home/kevo/ros_ws/src/ai_based_sorting_robot_arm/install/robotic_arm_description' for CMake config files
[2.818s] Level 1:colcon.colcon_core.shell:create_environment_hook('robotic_arm_description', 'cmake_prefix_path')
[2.844s] INFO:colcon.colcon_core.shell:Creating environment hook '/home/kevo/ros_ws/src/ai_based_sorting_robot_arm/install/robotic_arm_description/share/robotic_arm_description/hook/cmake_prefix_path.ps1'
[2.845s] INFO:colcon.colcon_core.shell:Creating environment descriptor '/home/kevo/ros_ws/src/ai_based_sorting_robot_arm/install/robotic_arm_description/share/robotic_arm_description/hook/cmake_prefix_path.dsv'
[2.845s] INFO:colcon.colcon_core.shell:Creating environment hook '/home/kevo/ros_ws/src/ai_based_sorting_robot_arm/install/robotic_arm_description/share/robotic_arm_description/hook/cmake_prefix_path.sh'
[2.846s] Level 1:colcon.colcon_core.environment:checking '/home/kevo/ros_ws/src/ai_based_sorting_robot_arm/install/robotic_arm_description/bin'
[2.846s] Level 1:colcon.colcon_core.environment:checking '/home/kevo/ros_ws/src/ai_based_sorting_robot_arm/install/robotic_arm_description/lib/pkgconfig/robotic_arm_description.pc'
[2.846s] Level 1:colcon.colcon_core.environment:checking '/home/kevo/ros_ws/src/ai_based_sorting_robot_arm/install/robotic_arm_description/lib/python3.10/site-packages'
[2.847s] Level 1:colcon.colcon_core.environment:checking '/home/kevo/ros_ws/src/ai_based_sorting_robot_arm/install/robotic_arm_description/bin'
[2.869s] INFO:colcon.colcon_core.shell:Creating package script '/home/kevo/ros_ws/src/ai_based_sorting_robot_arm/install/robotic_arm_description/share/robotic_arm_description/package.ps1'
[2.870s] INFO:colcon.colcon_core.shell:Creating package descriptor '/home/kevo/ros_ws/src/ai_based_sorting_robot_arm/install/robotic_arm_description/share/robotic_arm_description/package.dsv'
[2.870s] INFO:colcon.colcon_core.shell:Creating package script '/home/kevo/ros_ws/src/ai_based_sorting_robot_arm/install/robotic_arm_description/share/robotic_arm_description/package.sh'
[2.871s] INFO:colcon.colcon_core.shell:Creating package script '/home/kevo/ros_ws/src/ai_based_sorting_robot_arm/install/robotic_arm_description/share/robotic_arm_description/package.bash'
[2.871s] INFO:colcon.colcon_core.shell:Creating package script '/home/kevo/ros_ws/src/ai_based_sorting_robot_arm/install/robotic_arm_description/share/robotic_arm_description/package.zsh'
[2.871s] Level 1:colcon.colcon_core.environment:create_file_with_runtime_dependencies(/home/kevo/ros_ws/src/ai_based_sorting_robot_arm/install/robotic_arm_description/share/colcon-core/packages/robotic_arm_description)
[2.902s] Level 1:colcon.colcon_core.environment:create_environment_scripts_only(robotic_arm_controllers)
[2.935s] Level 1:colcon.colcon_core.environment:checking '/home/kevo/ros_ws/src/ai_based_sorting_robot_arm/install/robotic_arm_controllers' for CMake module files
[2.936s] Level 1:colcon.colcon_core.environment:checking '/home/kevo/ros_ws/src/ai_based_sorting_robot_arm/install/robotic_arm_controllers' for CMake config files
[2.937s] Level 1:colcon.colcon_core.shell:create_environment_hook('robotic_arm_controllers', 'cmake_prefix_path')
[2.956s] INFO:colcon.colcon_core.shell:Creating environment hook '/home/kevo/ros_ws/src/ai_based_sorting_robot_arm/install/robotic_arm_controllers/share/robotic_arm_controllers/hook/cmake_prefix_path.ps1'
[2.958s] INFO:colcon.colcon_core.shell:Creating environment descriptor '/home/kevo/ros_ws/src/ai_based_sorting_robot_arm/install/robotic_arm_controllers/share/robotic_arm_controllers/hook/cmake_prefix_path.dsv'
[2.959s] INFO:colcon.colcon_core.shell:Creating environment hook '/home/kevo/ros_ws/src/ai_based_sorting_robot_arm/install/robotic_arm_controllers/share/robotic_arm_controllers/hook/cmake_prefix_path.sh'
[2.960s] Level 1:colcon.colcon_core.environment:checking '/home/kevo/ros_ws/src/ai_based_sorting_robot_arm/install/robotic_arm_controllers/bin'
[2.960s] Level 1:colcon.colcon_core.environment:checking '/home/kevo/ros_ws/src/ai_based_sorting_robot_arm/install/robotic_arm_controllers/lib/pkgconfig/robotic_arm_controllers.pc'
[2.960s] Level 1:colcon.colcon_core.environment:checking '/home/kevo/ros_ws/src/ai_based_sorting_robot_arm/install/robotic_arm_controllers/lib/python3.10/site-packages'
[2.960s] Level 1:colcon.colcon_core.environment:checking '/home/kevo/ros_ws/src/ai_based_sorting_robot_arm/install/robotic_arm_controllers/bin'
[2.987s] INFO:colcon.colcon_core.shell:Creating package script '/home/kevo/ros_ws/src/ai_based_sorting_robot_arm/install/robotic_arm_controllers/share/robotic_arm_controllers/package.ps1'
[2.988s] INFO:colcon.colcon_core.shell:Creating package descriptor '/home/kevo/ros_ws/src/ai_based_sorting_robot_arm/install/robotic_arm_controllers/share/robotic_arm_controllers/package.dsv'
[2.990s] INFO:colcon.colcon_core.shell:Creating package script '/home/kevo/ros_ws/src/ai_based_sorting_robot_arm/install/robotic_arm_controllers/share/robotic_arm_controllers/package.sh'
[2.990s] INFO:colcon.colcon_core.shell:Creating package script '/home/kevo/ros_ws/src/ai_based_sorting_robot_arm/install/robotic_arm_controllers/share/robotic_arm_controllers/package.bash'
[2.991s] INFO:colcon.colcon_core.shell:Creating package script '/home/kevo/ros_ws/src/ai_based_sorting_robot_arm/install/robotic_arm_controllers/share/robotic_arm_controllers/package.zsh'
[2.992s] Level 1:colcon.colcon_core.environment:create_file_with_runtime_dependencies(/home/kevo/ros_ws/src/ai_based_sorting_robot_arm/install/robotic_arm_controllers/share/colcon-core/packages/robotic_arm_controllers)
[3.020s] Level 1:colcon.colcon_core.environment:create_environment_scripts_only(robotic_arm_description)
[3.049s] Level 1:colcon.colcon_core.environment:checking '/home/kevo/ros_ws/src/ai_based_sorting_robot_arm/install/robotic_arm_description' for CMake module files
[3.050s] Level 1:colcon.colcon_core.environment:checking '/home/kevo/ros_ws/src/ai_based_sorting_robot_arm/install/robotic_arm_description' for CMake config files
[3.050s] Level 1:colcon.colcon_core.shell:create_environment_hook('robotic_arm_description', 'cmake_prefix_path')
[3.084s] INFO:colcon.colcon_core.shell:Creating environment hook '/home/kevo/ros_ws/src/ai_based_sorting_robot_arm/install/robotic_arm_description/share/robotic_arm_description/hook/cmake_prefix_path.ps1'
[3.085s] INFO:colcon.colcon_core.shell:Creating environment descriptor '/home/kevo/ros_ws/src/ai_based_sorting_robot_arm/install/robotic_arm_description/share/robotic_arm_description/hook/cmake_prefix_path.dsv'
[3.086s] INFO:colcon.colcon_core.shell:Creating environment hook '/home/kevo/ros_ws/src/ai_based_sorting_robot_arm/install/robotic_arm_description/share/robotic_arm_description/hook/cmake_prefix_path.sh'
[3.087s] Level 1:colcon.colcon_core.environment:checking '/home/kevo/ros_ws/src/ai_based_sorting_robot_arm/install/robotic_arm_description/bin'
[3.087s] Level 1:colcon.colcon_core.environment:checking '/home/kevo/ros_ws/src/ai_based_sorting_robot_arm/install/robotic_arm_description/lib/pkgconfig/robotic_arm_description.pc'
[3.088s] Level 1:colcon.colcon_core.environment:checking '/home/kevo/ros_ws/src/ai_based_sorting_robot_arm/install/robotic_arm_description/lib/python3.10/site-packages'
[3.088s] Level 1:colcon.colcon_core.environment:checking '/home/kevo/ros_ws/src/ai_based_sorting_robot_arm/install/robotic_arm_description/bin'
[3.119s] INFO:colcon.colcon_core.shell:Creating package script '/home/kevo/ros_ws/src/ai_based_sorting_robot_arm/install/robotic_arm_description/share/robotic_arm_description/package.ps1'
[3.120s] INFO:colcon.colcon_core.shell:Creating package descriptor '/home/kevo/ros_ws/src/ai_based_sorting_robot_arm/install/robotic_arm_description/share/robotic_arm_description/package.dsv'
[3.121s] INFO:colcon.colcon_core.shell:Creating package script '/home/kevo/ros_ws/src/ai_based_sorting_robot_arm/install/robotic_arm_description/share/robotic_arm_description/package.sh'
[3.121s] INFO:colcon.colcon_core.shell:Creating package script '/home/kevo/ros_ws/src/ai_based_sorting_robot_arm/install/robotic_arm_description/share/robotic_arm_description/package.bash'
[3.122s] INFO:colcon.colcon_core.shell:Creating package script '/home/kevo/ros_ws/src/ai_based_sorting_robot_arm/install/robotic_arm_description/share/robotic_arm_description/package.zsh'
[3.123s] Level 1:colcon.colcon_core.environment:create_file_with_runtime_dependencies(/home/kevo/ros_ws/src/ai_based_sorting_robot_arm/install/robotic_arm_description/share/colcon-core/packages/robotic_arm_description)
[3.136s] DEBUG:colcon.colcon_core.event_handler.log_command:Invoked command in '/home/kevo/ros_ws/src/ai_based_sorting_robot_arm/build/robotic_arm_firmware' returned '0': CMAKE_PREFIX_PATH=${CMAKE_PREFIX_PATH}:/home/kevo/ros_ws/src/ai_based_sorting_robot_arm/install/robotic_arm_custom_nodes:/home/kevo/ws_moveit/install/moveit_configs_utils:/opt/ros/humble /usr/bin/cmake --build /home/kevo/ros_ws/src/ai_based_sorting_robot_arm/build/robotic_arm_firmware -- -j8 -l8
[3.205s] DEBUG:colcon.colcon_core.event_handler.log_command:Invoking command in '/home/kevo/ros_ws/src/ai_based_sorting_robot_arm/build/robotic_arm_firmware': CMAKE_PREFIX_PATH=${CMAKE_PREFIX_PATH}:/home/kevo/ros_ws/src/ai_based_sorting_robot_arm/install/robotic_arm_custom_nodes:/home/kevo/ws_moveit/install/moveit_configs_utils:/opt/ros/humble /usr/bin/cmake --install /home/kevo/ros_ws/src/ai_based_sorting_robot_arm/build/robotic_arm_firmware
[3.254s] DEBUG:colcon.colcon_core.event_handler.log_command:Invoking command in '/home/kevo/ros_ws/src/ai_based_sorting_robot_arm/src/robotic_arm_custom_nodes': PYTHONPATH=/home/kevo/ros_ws/src/ai_based_sorting_robot_arm/build/robotic_arm_custom_nodes/prefix_override:/home/kevo/ros_ws/src/ai_based_sorting_robot_arm/install/robotic_arm_custom_nodes/lib/python3.10/site-packages:${PYTHONPATH} /usr/bin/python3 setup.py egg_info --egg-base ../../build/robotic_arm_custom_nodes build --build-base /home/kevo/ros_ws/src/ai_based_sorting_robot_arm/build/robotic_arm_custom_nodes/build install --record /home/kevo/ros_ws/src/ai_based_sorting_robot_arm/build/robotic_arm_custom_nodes/install.log --single-version-externally-managed
[3.266s] DEBUG:colcon.colcon_core.event_handler.log_command:Invoked command in '/home/kevo/ros_ws/src/ai_based_sorting_robot_arm/build/robotic_arm_msgs' returned '0': CMAKE_PREFIX_PATH=${CMAKE_PREFIX_PATH}:/home/kevo/ros_ws/src/ai_based_sorting_robot_arm/install/robotic_arm_custom_nodes:/home/kevo/ws_moveit/install/moveit_configs_utils:/opt/ros/humble /usr/bin/cmake --build /home/kevo/ros_ws/src/ai_based_sorting_robot_arm/build/robotic_arm_msgs -- -j8 -l8
[3.316s] Level 1:colcon.colcon_core.environment:create_environment_scripts_only(robotic_arm_firmware)
[3.327s] DEBUG:colcon.colcon_core.event_handler.log_command:Invoked command in '/home/kevo/ros_ws/src/ai_based_sorting_robot_arm/build/robotic_arm_firmware' returned '0': CMAKE_PREFIX_PATH=${CMAKE_PREFIX_PATH}:/home/kevo/ros_ws/src/ai_based_sorting_robot_arm/install/robotic_arm_custom_nodes:/home/kevo/ws_moveit/install/moveit_configs_utils:/opt/ros/humble /usr/bin/cmake --install /home/kevo/ros_ws/src/ai_based_sorting_robot_arm/build/robotic_arm_firmware
[3.359s] Level 1:colcon.colcon_core.environment:checking '/home/kevo/ros_ws/src/ai_based_sorting_robot_arm/install/robotic_arm_firmware' for CMake module files
[3.360s] Level 1:colcon.colcon_core.environment:checking '/home/kevo/ros_ws/src/ai_based_sorting_robot_arm/install/robotic_arm_firmware' for CMake config files
[3.361s] Level 1:colcon.colcon_core.shell:create_environment_hook('robotic_arm_firmware', 'cmake_prefix_path')
[3.389s] INFO:colcon.colcon_core.shell:Creating environment hook '/home/kevo/ros_ws/src/ai_based_sorting_robot_arm/install/robotic_arm_firmware/share/robotic_arm_firmware/hook/cmake_prefix_path.ps1'
[3.389s] INFO:colcon.colcon_core.shell:Creating environment descriptor '/home/kevo/ros_ws/src/ai_based_sorting_robot_arm/install/robotic_arm_firmware/share/robotic_arm_firmware/hook/cmake_prefix_path.dsv'
[3.390s] INFO:colcon.colcon_core.shell:Creating environment hook '/home/kevo/ros_ws/src/ai_based_sorting_robot_arm/install/robotic_arm_firmware/share/robotic_arm_firmware/hook/cmake_prefix_path.sh'
[3.391s] Level 1:colcon.colcon_core.environment:checking '/home/kevo/ros_ws/src/ai_based_sorting_robot_arm/install/robotic_arm_firmware/lib'
[3.391s] Level 1:colcon.colcon_core.environment:checking '/home/kevo/ros_ws/src/ai_based_sorting_robot_arm/install/robotic_arm_firmware/bin'
[3.391s] Level 1:colcon.colcon_core.environment:checking '/home/kevo/ros_ws/src/ai_based_sorting_robot_arm/install/robotic_arm_firmware/lib/pkgconfig/robotic_arm_firmware.pc'
[3.391s] Level 1:colcon.colcon_core.environment:checking '/home/kevo/ros_ws/src/ai_based_sorting_robot_arm/install/robotic_arm_firmware/lib/python3.10/site-packages'
[3.392s] Level 1:colcon.colcon_core.environment:checking '/home/kevo/ros_ws/src/ai_based_sorting_robot_arm/install/robotic_arm_firmware/bin'
[3.414s] INFO:colcon.colcon_core.shell:Creating package script '/home/kevo/ros_ws/src/ai_based_sorting_robot_arm/install/robotic_arm_firmware/share/robotic_arm_firmware/package.ps1'
[3.415s] INFO:colcon.colcon_core.shell:Creating package descriptor '/home/kevo/ros_ws/src/ai_based_sorting_robot_arm/install/robotic_arm_firmware/share/robotic_arm_firmware/package.dsv'
[3.415s] INFO:colcon.colcon_core.shell:Creating package script '/home/kevo/ros_ws/src/ai_based_sorting_robot_arm/install/robotic_arm_firmware/share/robotic_arm_firmware/package.sh'
[3.416s] INFO:colcon.colcon_core.shell:Creating package script '/home/kevo/ros_ws/src/ai_based_sorting_robot_arm/install/robotic_arm_firmware/share/robotic_arm_firmware/package.bash'
[3.416s] INFO:colcon.colcon_core.shell:Creating package script '/home/kevo/ros_ws/src/ai_based_sorting_robot_arm/install/robotic_arm_firmware/share/robotic_arm_firmware/package.zsh'
[3.416s] Level 1:colcon.colcon_core.environment:create_file_with_runtime_dependencies(/home/kevo/ros_ws/src/ai_based_sorting_robot_arm/install/robotic_arm_firmware/share/colcon-core/packages/robotic_arm_firmware)
[3.421s] DEBUG:colcon.colcon_core.event_handler.log_command:Invoking command in '/home/kevo/ros_ws/src/ai_based_sorting_robot_arm/build/robotic_arm_msgs': CMAKE_PREFIX_PATH=${CMAKE_PREFIX_PATH}:/home/kevo/ros_ws/src/ai_based_sorting_robot_arm/install/robotic_arm_custom_nodes:/home/kevo/ws_moveit/install/moveit_configs_utils:/opt/ros/humble /usr/bin/cmake --install /home/kevo/ros_ws/src/ai_based_sorting_robot_arm/build/robotic_arm_msgs
[3.488s] Level 1:colcon.colcon_core.environment:create_environment_scripts_only(robotic_arm_firmware)
[3.529s] Level 1:colcon.colcon_core.environment:checking '/home/kevo/ros_ws/src/ai_based_sorting_robot_arm/install/robotic_arm_firmware' for CMake module files
[3.530s] Level 1:colcon.colcon_core.environment:checking '/home/kevo/ros_ws/src/ai_based_sorting_robot_arm/install/robotic_arm_firmware' for CMake config files
[3.530s] Level 1:colcon.colcon_core.shell:create_environment_hook('robotic_arm_firmware', 'cmake_prefix_path')
[3.552s] INFO:colcon.colcon_core.shell:Creating environment hook '/home/kevo/ros_ws/src/ai_based_sorting_robot_arm/install/robotic_arm_firmware/share/robotic_arm_firmware/hook/cmake_prefix_path.ps1'
[3.553s] INFO:colcon.colcon_core.shell:Creating environment descriptor '/home/kevo/ros_ws/src/ai_based_sorting_robot_arm/install/robotic_arm_firmware/share/robotic_arm_firmware/hook/cmake_prefix_path.dsv'
[3.554s] INFO:colcon.colcon_core.shell:Creating environment hook '/home/kevo/ros_ws/src/ai_based_sorting_robot_arm/install/robotic_arm_firmware/share/robotic_arm_firmware/hook/cmake_prefix_path.sh'
[3.556s] Level 1:colcon.colcon_core.environment:checking '/home/kevo/ros_ws/src/ai_based_sorting_robot_arm/install/robotic_arm_firmware/lib'
[3.557s] Level 1:colcon.colcon_core.environment:checking '/home/kevo/ros_ws/src/ai_based_sorting_robot_arm/install/robotic_arm_firmware/bin'
[3.558s] Level 1:colcon.colcon_core.environment:checking '/home/kevo/ros_ws/src/ai_based_sorting_robot_arm/install/robotic_arm_firmware/lib/pkgconfig/robotic_arm_firmware.pc'
[3.560s] Level 1:colcon.colcon_core.environment:checking '/home/kevo/ros_ws/src/ai_based_sorting_robot_arm/install/robotic_arm_firmware/lib/python3.10/site-packages'
[3.560s] Level 1:colcon.colcon_core.environment:checking '/home/kevo/ros_ws/src/ai_based_sorting_robot_arm/install/robotic_arm_firmware/bin'
[3.588s] INFO:colcon.colcon_core.shell:Creating package script '/home/kevo/ros_ws/src/ai_based_sorting_robot_arm/install/robotic_arm_firmware/share/robotic_arm_firmware/package.ps1'
[3.589s] INFO:colcon.colcon_core.shell:Creating package descriptor '/home/kevo/ros_ws/src/ai_based_sorting_robot_arm/install/robotic_arm_firmware/share/robotic_arm_firmware/package.dsv'
[3.589s] INFO:colcon.colcon_core.shell:Creating package script '/home/kevo/ros_ws/src/ai_based_sorting_robot_arm/install/robotic_arm_firmware/share/robotic_arm_firmware/package.sh'
[3.590s] INFO:colcon.colcon_core.shell:Creating package script '/home/kevo/ros_ws/src/ai_based_sorting_robot_arm/install/robotic_arm_firmware/share/robotic_arm_firmware/package.bash'
[3.591s] INFO:colcon.colcon_core.shell:Creating package script '/home/kevo/ros_ws/src/ai_based_sorting_robot_arm/install/robotic_arm_firmware/share/robotic_arm_firmware/package.zsh'
[3.591s] Level 1:colcon.colcon_core.environment:create_file_with_runtime_dependencies(/home/kevo/ros_ws/src/ai_based_sorting_robot_arm/install/robotic_arm_firmware/share/colcon-core/packages/robotic_arm_firmware)
[3.593s] Level 1:colcon.colcon_core.environment:create_environment_scripts_only(robotic_arm_msgs)
[3.596s] DEBUG:colcon.colcon_core.event_handler.log_command:Invoked command in '/home/kevo/ros_ws/src/ai_based_sorting_robot_arm/build/robotic_arm_msgs' returned '0': CMAKE_PREFIX_PATH=${CMAKE_PREFIX_PATH}:/home/kevo/ros_ws/src/ai_based_sorting_robot_arm/install/robotic_arm_custom_nodes:/home/kevo/ws_moveit/install/moveit_configs_utils:/opt/ros/humble /usr/bin/cmake --install /home/kevo/ros_ws/src/ai_based_sorting_robot_arm/build/robotic_arm_msgs
[3.619s] Level 1:colcon.colcon_core.environment:checking '/home/kevo/ros_ws/src/ai_based_sorting_robot_arm/install/robotic_arm_msgs' for CMake module files
[3.620s] Level 1:colcon.colcon_core.environment:checking '/home/kevo/ros_ws/src/ai_based_sorting_robot_arm/install/robotic_arm_msgs' for CMake config files
[3.621s] Level 1:colcon.colcon_core.shell:create_environment_hook('robotic_arm_msgs', 'cmake_prefix_path')
[3.649s] INFO:colcon.colcon_core.shell:Creating environment hook '/home/kevo/ros_ws/src/ai_based_sorting_robot_arm/install/robotic_arm_msgs/share/robotic_arm_msgs/hook/cmake_prefix_path.ps1'
[3.650s] INFO:colcon.colcon_core.shell:Creating environment descriptor '/home/kevo/ros_ws/src/ai_based_sorting_robot_arm/install/robotic_arm_msgs/share/robotic_arm_msgs/hook/cmake_prefix_path.dsv'
[3.651s] INFO:colcon.colcon_core.shell:Creating environment hook '/home/kevo/ros_ws/src/ai_based_sorting_robot_arm/install/robotic_arm_msgs/share/robotic_arm_msgs/hook/cmake_prefix_path.sh'
[3.652s] Level 1:colcon.colcon_core.environment:checking '/home/kevo/ros_ws/src/ai_based_sorting_robot_arm/install/robotic_arm_msgs/lib'
[3.652s] Level 1:colcon.colcon_core.shell:create_environment_hook('robotic_arm_msgs', 'ld_library_path_lib')
[3.689s] INFO:colcon.colcon_core.shell:Creating environment hook '/home/kevo/ros_ws/src/ai_based_sorting_robot_arm/install/robotic_arm_msgs/share/robotic_arm_msgs/hook/ld_library_path_lib.ps1'
[3.690s] INFO:colcon.colcon_core.shell:Creating environment descriptor '/home/kevo/ros_ws/src/ai_based_sorting_robot_arm/install/robotic_arm_msgs/share/robotic_arm_msgs/hook/ld_library_path_lib.dsv'
[3.690s] INFO:colcon.colcon_core.shell:Creating environment hook '/home/kevo/ros_ws/src/ai_based_sorting_robot_arm/install/robotic_arm_msgs/share/robotic_arm_msgs/hook/ld_library_path_lib.sh'
[3.691s] Level 1:colcon.colcon_core.environment:checking '/home/kevo/ros_ws/src/ai_based_sorting_robot_arm/install/robotic_arm_msgs/bin'
[3.691s] Level 1:colcon.colcon_core.environment:checking '/home/kevo/ros_ws/src/ai_based_sorting_robot_arm/install/robotic_arm_msgs/lib/pkgconfig/robotic_arm_msgs.pc'
[3.691s] Level 1:colcon.colcon_core.environment:checking '/home/kevo/ros_ws/src/ai_based_sorting_robot_arm/install/robotic_arm_msgs/lib/python3.10/site-packages'
[3.691s] Level 1:colcon.colcon_core.environment:checking '/home/kevo/ros_ws/src/ai_based_sorting_robot_arm/install/robotic_arm_msgs/bin'
[3.722s] INFO:colcon.colcon_core.shell:Creating package script '/home/kevo/ros_ws/src/ai_based_sorting_robot_arm/install/robotic_arm_msgs/share/robotic_arm_msgs/package.ps1'
[3.723s] INFO:colcon.colcon_core.shell:Creating package descriptor '/home/kevo/ros_ws/src/ai_based_sorting_robot_arm/install/robotic_arm_msgs/share/robotic_arm_msgs/package.dsv'
[3.725s] INFO:colcon.colcon_core.shell:Creating package script '/home/kevo/ros_ws/src/ai_based_sorting_robot_arm/install/robotic_arm_msgs/share/robotic_arm_msgs/package.sh'
[3.726s] INFO:colcon.colcon_core.shell:Creating package script '/home/kevo/ros_ws/src/ai_based_sorting_robot_arm/install/robotic_arm_msgs/share/robotic_arm_msgs/package.bash'
[3.727s] INFO:colcon.colcon_core.shell:Creating package script '/home/kevo/ros_ws/src/ai_based_sorting_robot_arm/install/robotic_arm_msgs/share/robotic_arm_msgs/package.zsh'
[3.728s] Level 1:colcon.colcon_core.environment:create_file_with_runtime_dependencies(/home/kevo/ros_ws/src/ai_based_sorting_robot_arm/install/robotic_arm_msgs/share/colcon-core/packages/robotic_arm_msgs)
[3.802s] DEBUG:colcon.colcon_core.event_handler.log_command:Invoked command in '/home/kevo/ros_ws/src/ai_based_sorting_robot_arm/src/robotic_arm_custom_nodes' returned '0': PYTHONPATH=/home/kevo/ros_ws/src/ai_based_sorting_robot_arm/build/robotic_arm_custom_nodes/prefix_override:/home/kevo/ros_ws/src/ai_based_sorting_robot_arm/install/robotic_arm_custom_nodes/lib/python3.10/site-packages:${PYTHONPATH} /usr/bin/python3 setup.py egg_info --egg-base ../../build/robotic_arm_custom_nodes build --build-base /home/kevo/ros_ws/src/ai_based_sorting_robot_arm/build/robotic_arm_custom_nodes/build install --record /home/kevo/ros_ws/src/ai_based_sorting_robot_arm/build/robotic_arm_custom_nodes/install.log --single-version-externally-managed
[3.827s] Level 1:colcon.colcon_core.environment:checking '/home/kevo/ros_ws/src/ai_based_sorting_robot_arm/install/robotic_arm_custom_nodes' for CMake module files
[3.828s] Level 1:colcon.colcon_core.environment:checking '/home/kevo/ros_ws/src/ai_based_sorting_robot_arm/install/robotic_arm_custom_nodes' for CMake config files
[3.828s] Level 1:colcon.colcon_core.environment:checking '/home/kevo/ros_ws/src/ai_based_sorting_robot_arm/install/robotic_arm_custom_nodes/lib'
[3.828s] Level 1:colcon.colcon_core.environment:checking '/home/kevo/ros_ws/src/ai_based_sorting_robot_arm/install/robotic_arm_custom_nodes/bin'
[3.828s] Level 1:colcon.colcon_core.environment:checking '/home/kevo/ros_ws/src/ai_based_sorting_robot_arm/install/robotic_arm_custom_nodes/lib/pkgconfig/robotic_arm_custom_nodes.pc'
[3.829s] Level 1:colcon.colcon_core.environment:checking '/home/kevo/ros_ws/src/ai_based_sorting_robot_arm/install/robotic_arm_custom_nodes/lib/python3.10/site-packages'
[3.829s] Level 1:colcon.colcon_core.shell:create_environment_hook('robotic_arm_custom_nodes', 'pythonpath')
[3.861s] INFO:colcon.colcon_core.shell:Creating environment hook '/home/kevo/ros_ws/src/ai_based_sorting_robot_arm/install/robotic_arm_custom_nodes/share/robotic_arm_custom_nodes/hook/pythonpath.ps1'
[3.862s] INFO:colcon.colcon_core.shell:Creating environment descriptor '/home/kevo/ros_ws/src/ai_based_sorting_robot_arm/install/robotic_arm_custom_nodes/share/robotic_arm_custom_nodes/hook/pythonpath.dsv'
[3.863s] INFO:colcon.colcon_core.shell:Creating environment hook '/home/kevo/ros_ws/src/ai_based_sorting_robot_arm/install/robotic_arm_custom_nodes/share/robotic_arm_custom_nodes/hook/pythonpath.sh'
[3.864s] Level 1:colcon.colcon_core.environment:checking '/home/kevo/ros_ws/src/ai_based_sorting_robot_arm/install/robotic_arm_custom_nodes/bin'
[3.864s] Level 1:colcon.colcon_core.environment:create_environment_scripts_only(robotic_arm_custom_nodes)
[3.892s] INFO:colcon.colcon_core.shell:Creating package script '/home/kevo/ros_ws/src/ai_based_sorting_robot_arm/install/robotic_arm_custom_nodes/share/robotic_arm_custom_nodes/package.ps1'
[3.893s] INFO:colcon.colcon_core.shell:Creating package descriptor '/home/kevo/ros_ws/src/ai_based_sorting_robot_arm/install/robotic_arm_custom_nodes/share/robotic_arm_custom_nodes/package.dsv'
[3.894s] INFO:colcon.colcon_core.shell:Creating package script '/home/kevo/ros_ws/src/ai_based_sorting_robot_arm/install/robotic_arm_custom_nodes/share/robotic_arm_custom_nodes/package.sh'
[3.894s] INFO:colcon.colcon_core.shell:Creating package script '/home/kevo/ros_ws/src/ai_based_sorting_robot_arm/install/robotic_arm_custom_nodes/share/robotic_arm_custom_nodes/package.bash'
[3.894s] INFO:colcon.colcon_core.shell:Creating package script '/home/kevo/ros_ws/src/ai_based_sorting_robot_arm/install/robotic_arm_custom_nodes/share/robotic_arm_custom_nodes/package.zsh'
[3.895s] Level 1:colcon.colcon_core.environment:create_file_with_runtime_dependencies(/home/kevo/ros_ws/src/ai_based_sorting_robot_arm/install/robotic_arm_custom_nodes/share/colcon-core/packages/robotic_arm_custom_nodes)
[3.931s] Level 1:colcon.colcon_core.environment:create_environment_scripts_only(robotic_arm_msgs)
[3.953s] Level 1:colcon.colcon_core.environment:checking '/home/kevo/ros_ws/src/ai_based_sorting_robot_arm/install/robotic_arm_msgs' for CMake module files
[3.954s] Level 1:colcon.colcon_core.environment:checking '/home/kevo/ros_ws/src/ai_based_sorting_robot_arm/install/robotic_arm_msgs' for CMake config files
[3.954s] Level 1:colcon.colcon_core.shell:create_environment_hook('robotic_arm_msgs', 'cmake_prefix_path')
[3.974s] INFO:colcon.colcon_core.shell:Creating environment hook '/home/kevo/ros_ws/src/ai_based_sorting_robot_arm/install/robotic_arm_msgs/share/robotic_arm_msgs/hook/cmake_prefix_path.ps1'
[3.975s] INFO:colcon.colcon_core.shell:Creating environment descriptor '/home/kevo/ros_ws/src/ai_based_sorting_robot_arm/install/robotic_arm_msgs/share/robotic_arm_msgs/hook/cmake_prefix_path.dsv'
[3.975s] INFO:colcon.colcon_core.shell:Creating environment hook '/home/kevo/ros_ws/src/ai_based_sorting_robot_arm/install/robotic_arm_msgs/share/robotic_arm_msgs/hook/cmake_prefix_path.sh'
[3.976s] Level 1:colcon.colcon_core.environment:checking '/home/kevo/ros_ws/src/ai_based_sorting_robot_arm/install/robotic_arm_msgs/lib'
[3.976s] Level 1:colcon.colcon_core.shell:create_environment_hook('robotic_arm_msgs', 'ld_library_path_lib')
[4.001s] INFO:colcon.colcon_core.shell:Creating environment hook '/home/kevo/ros_ws/src/ai_based_sorting_robot_arm/install/robotic_arm_msgs/share/robotic_arm_msgs/hook/ld_library_path_lib.ps1'
[4.002s] INFO:colcon.colcon_core.shell:Creating environment descriptor '/home/kevo/ros_ws/src/ai_based_sorting_robot_arm/install/robotic_arm_msgs/share/robotic_arm_msgs/hook/ld_library_path_lib.dsv'
[4.002s] INFO:colcon.colcon_core.shell:Creating environment hook '/home/kevo/ros_ws/src/ai_based_sorting_robot_arm/install/robotic_arm_msgs/share/robotic_arm_msgs/hook/ld_library_path_lib.sh'
[4.003s] Level 1:colcon.colcon_core.environment:checking '/home/kevo/ros_ws/src/ai_based_sorting_robot_arm/install/robotic_arm_msgs/bin'
[4.003s] Level 1:colcon.colcon_core.environment:checking '/home/kevo/ros_ws/src/ai_based_sorting_robot_arm/install/robotic_arm_msgs/lib/pkgconfig/robotic_arm_msgs.pc'
[4.003s] Level 1:colcon.colcon_core.environment:checking '/home/kevo/ros_ws/src/ai_based_sorting_robot_arm/install/robotic_arm_msgs/lib/python3.10/site-packages'
[4.004s] Level 1:colcon.colcon_core.environment:checking '/home/kevo/ros_ws/src/ai_based_sorting_robot_arm/install/robotic_arm_msgs/bin'
[4.026s] INFO:colcon.colcon_core.shell:Creating package script '/home/kevo/ros_ws/src/ai_based_sorting_robot_arm/install/robotic_arm_msgs/share/robotic_arm_msgs/package.ps1'
[4.027s] INFO:colcon.colcon_core.shell:Creating package descriptor '/home/kevo/ros_ws/src/ai_based_sorting_robot_arm/install/robotic_arm_msgs/share/robotic_arm_msgs/package.dsv'
[4.027s] INFO:colcon.colcon_core.shell:Creating package script '/home/kevo/ros_ws/src/ai_based_sorting_robot_arm/install/robotic_arm_msgs/share/robotic_arm_msgs/package.sh'
[4.028s] INFO:colcon.colcon_core.shell:Creating package script '/home/kevo/ros_ws/src/ai_based_sorting_robot_arm/install/robotic_arm_msgs/share/robotic_arm_msgs/package.bash'
[4.028s] INFO:colcon.colcon_core.shell:Creating package script '/home/kevo/ros_ws/src/ai_based_sorting_robot_arm/install/robotic_arm_msgs/share/robotic_arm_msgs/package.zsh'
[4.029s] Level 1:colcon.colcon_core.environment:create_file_with_runtime_dependencies(/home/kevo/ros_ws/src/ai_based_sorting_robot_arm/install/robotic_arm_msgs/share/colcon-core/packages/robotic_arm_msgs)
[8.566s] DEBUG:colcon.colcon_core.event_handler.log_command:Invoked command in '/home/kevo/ros_ws/src/ai_based_sorting_robot_arm/build/robotic_arm_kinematics' returned '0': CMAKE_PREFIX_PATH=${CMAKE_PREFIX_PATH}:/home/kevo/ros_ws/src/ai_based_sorting_robot_arm/install/robotic_arm_custom_nodes:/home/kevo/ws_moveit/install/moveit_configs_utils:/opt/ros/humble /usr/bin/cmake --build /home/kevo/ros_ws/src/ai_based_sorting_robot_arm/build/robotic_arm_kinematics -- -j8 -l8
[8.600s] DEBUG:colcon.colcon_core.event_handler.log_command:Invoking command in '/home/kevo/ros_ws/src/ai_based_sorting_robot_arm/build/robotic_arm_kinematics': CMAKE_PREFIX_PATH=${CMAKE_PREFIX_PATH}:/home/kevo/ros_ws/src/ai_based_sorting_robot_arm/install/robotic_arm_custom_nodes:/home/kevo/ws_moveit/install/moveit_configs_utils:/opt/ros/humble /usr/bin/cmake --install /home/kevo/ros_ws/src/ai_based_sorting_robot_arm/build/robotic_arm_kinematics
[8.612s] Level 1:colcon.colcon_core.environment:create_environment_scripts_only(robotic_arm_kinematics)
[8.613s] DEBUG:colcon.colcon_core.event_handler.log_command:Invoked command in '/home/kevo/ros_ws/src/ai_based_sorting_robot_arm/build/robotic_arm_kinematics' returned '0': CMAKE_PREFIX_PATH=${CMAKE_PREFIX_PATH}:/home/kevo/ros_ws/src/ai_based_sorting_robot_arm/install/robotic_arm_custom_nodes:/home/kevo/ws_moveit/install/moveit_configs_utils:/opt/ros/humble /usr/bin/cmake --install /home/kevo/ros_ws/src/ai_based_sorting_robot_arm/build/robotic_arm_kinematics
[8.628s] Level 1:colcon.colcon_core.environment:checking '/home/kevo/ros_ws/src/ai_based_sorting_robot_arm/install/robotic_arm_kinematics' for CMake module files
[8.629s] Level 1:colcon.colcon_core.environment:checking '/home/kevo/ros_ws/src/ai_based_sorting_robot_arm/install/robotic_arm_kinematics' for CMake config files
[8.629s] Level 1:colcon.colcon_core.shell:create_environment_hook('robotic_arm_kinematics', 'cmake_prefix_path')
[8.646s] INFO:colcon.colcon_core.shell:Creating environment hook '/home/kevo/ros_ws/src/ai_based_sorting_robot_arm/install/robotic_arm_kinematics/share/robotic_arm_kinematics/hook/cmake_prefix_path.ps1'
[8.647s] INFO:colcon.colcon_core.shell:Creating environment descriptor '/home/kevo/ros_ws/src/ai_based_sorting_robot_arm/install/robotic_arm_kinematics/share/robotic_arm_kinematics/hook/cmake_prefix_path.dsv'
[8.648s] INFO:colcon.colcon_core.shell:Creating environment hook '/home/kevo/ros_ws/src/ai_based_sorting_robot_arm/install/robotic_arm_kinematics/share/robotic_arm_kinematics/hook/cmake_prefix_path.sh'
[8.648s] Level 1:colcon.colcon_core.environment:checking '/home/kevo/ros_ws/src/ai_based_sorting_robot_arm/install/robotic_arm_kinematics/lib'
[8.648s] Level 1:colcon.colcon_core.environment:checking '/home/kevo/ros_ws/src/ai_based_sorting_robot_arm/install/robotic_arm_kinematics/bin'
[8.649s] Level 1:colcon.colcon_core.environment:checking '/home/kevo/ros_ws/src/ai_based_sorting_robot_arm/install/robotic_arm_kinematics/lib/pkgconfig/robotic_arm_kinematics.pc'
[8.649s] Level 1:colcon.colcon_core.environment:checking '/home/kevo/ros_ws/src/ai_based_sorting_robot_arm/install/robotic_arm_kinematics/lib/python3.10/site-packages'
[8.649s] Level 1:colcon.colcon_core.environment:checking '/home/kevo/ros_ws/src/ai_based_sorting_robot_arm/install/robotic_arm_kinematics/bin'
[8.670s] INFO:colcon.colcon_core.shell:Creating package script '/home/kevo/ros_ws/src/ai_based_sorting_robot_arm/install/robotic_arm_kinematics/share/robotic_arm_kinematics/package.ps1'
[8.670s] INFO:colcon.colcon_core.shell:Creating package descriptor '/home/kevo/ros_ws/src/ai_based_sorting_robot_arm/install/robotic_arm_kinematics/share/robotic_arm_kinematics/package.dsv'
[8.670s] INFO:colcon.colcon_core.shell:Creating package script '/home/kevo/ros_ws/src/ai_based_sorting_robot_arm/install/robotic_arm_kinematics/share/robotic_arm_kinematics/package.sh'
[8.671s] INFO:colcon.colcon_core.shell:Creating package script '/home/kevo/ros_ws/src/ai_based_sorting_robot_arm/install/robotic_arm_kinematics/share/robotic_arm_kinematics/package.bash'
[8.671s] INFO:colcon.colcon_core.shell:Creating package script '/home/kevo/ros_ws/src/ai_based_sorting_robot_arm/install/robotic_arm_kinematics/share/robotic_arm_kinematics/package.zsh'
[8.671s] Level 1:colcon.colcon_core.environment:create_file_with_runtime_dependencies(/home/kevo/ros_ws/src/ai_based_sorting_robot_arm/install/robotic_arm_kinematics/share/colcon-core/packages/robotic_arm_kinematics)
[8.722s] Level 1:colcon.colcon_core.environment:create_environment_scripts_only(robotic_arm_kinematics)
[8.738s] Level 1:colcon.colcon_core.environment:checking '/home/kevo/ros_ws/src/ai_based_sorting_robot_arm/install/robotic_arm_kinematics' for CMake module files
[8.739s] Level 1:colcon.colcon_core.environment:checking '/home/kevo/ros_ws/src/ai_based_sorting_robot_arm/install/robotic_arm_kinematics' for CMake config files
[8.739s] Level 1:colcon.colcon_core.shell:create_environment_hook('robotic_arm_kinematics', 'cmake_prefix_path')
[8.756s] INFO:colcon.colcon_core.shell:Creating environment hook '/home/kevo/ros_ws/src/ai_based_sorting_robot_arm/install/robotic_arm_kinematics/share/robotic_arm_kinematics/hook/cmake_prefix_path.ps1'
[8.757s] INFO:colcon.colcon_core.shell:Creating environment descriptor '/home/kevo/ros_ws/src/ai_based_sorting_robot_arm/install/robotic_arm_kinematics/share/robotic_arm_kinematics/hook/cmake_prefix_path.dsv'
[8.757s] INFO:colcon.colcon_core.shell:Creating environment hook '/home/kevo/ros_ws/src/ai_based_sorting_robot_arm/install/robotic_arm_kinematics/share/robotic_arm_kinematics/hook/cmake_prefix_path.sh'
[8.757s] Level 1:colcon.colcon_core.environment:checking '/home/kevo/ros_ws/src/ai_based_sorting_robot_arm/install/robotic_arm_kinematics/lib'
[8.758s] Level 1:colcon.colcon_core.environment:checking '/home/kevo/ros_ws/src/ai_based_sorting_robot_arm/install/robotic_arm_kinematics/bin'
[8.758s] Level 1:colcon.colcon_core.environment:checking '/home/kevo/ros_ws/src/ai_based_sorting_robot_arm/install/robotic_arm_kinematics/lib/pkgconfig/robotic_arm_kinematics.pc'
[8.758s] Level 1:colcon.colcon_core.environment:checking '/home/kevo/ros_ws/src/ai_based_sorting_robot_arm/install/robotic_arm_kinematics/lib/python3.10/site-packages'
[8.758s] Level 1:colcon.colcon_core.environment:checking '/home/kevo/ros_ws/src/ai_based_sorting_robot_arm/install/robotic_arm_kinematics/bin'
[8.775s] INFO:colcon.colcon_core.shell:Creating package script '/home/kevo/ros_ws/src/ai_based_sorting_robot_arm/install/robotic_arm_kinematics/share/robotic_arm_kinematics/package.ps1'
[8.775s] INFO:colcon.colcon_core.shell:Creating package descriptor '/home/kevo/ros_ws/src/ai_based_sorting_robot_arm/install/robotic_arm_kinematics/share/robotic_arm_kinematics/package.dsv'
[8.776s] INFO:colcon.colcon_core.shell:Creating package script '/home/kevo/ros_ws/src/ai_based_sorting_robot_arm/install/robotic_arm_kinematics/share/robotic_arm_kinematics/package.sh'
[8.776s] INFO:colcon.colcon_core.shell:Creating package script '/home/kevo/ros_ws/src/ai_based_sorting_robot_arm/install/robotic_arm_kinematics/share/robotic_arm_kinematics/package.bash'
[8.776s] INFO:colcon.colcon_core.shell:Creating package script '/home/kevo/ros_ws/src/ai_based_sorting_robot_arm/install/robotic_arm_kinematics/share/robotic_arm_kinematics/package.zsh'
[8.777s] Level 1:colcon.colcon_core.environment:create_file_with_runtime_dependencies(/home/kevo/ros_ws/src/ai_based_sorting_robot_arm/install/robotic_arm_kinematics/share/colcon-core/packages/robotic_arm_kinematics)
[8.777s] DEBUG:colcon.colcon_parallel_executor.executor.parallel:closing loop
[8.778s] DEBUG:colcon.colcon_parallel_executor.executor.parallel:loop closed
[8.778s] DEBUG:colcon.colcon_parallel_executor.executor.parallel:run_until_complete finished with '0'
[8.778s] DEBUG:colcon.colcon_core.event_reactor:joining thread
[8.871s] INFO:colcon.colcon_core.plugin_system:Skipping extension 'colcon_notification.desktop_notification.notify_send': Could not find 'notify-send'
[8.871s] INFO:colcon.colcon_core.plugin_system:Skipping extension 'colcon_notification.desktop_notification.terminal_notifier': Not used on non-Darwin systems
[8.871s] INFO:colcon.colcon_core.plugin_system:Skipping extension 'colcon_notification.desktop_notification.win32': Not used on non-Windows systems
[8.871s] INFO:colcon.colcon_notification.desktop_notification:Sending desktop notification using 'notify2'
[8.871s] DEBUG:colcon.colcon_notification.desktop_notification.notify2:Failed to initialize notify2: org.freedesktop.DBus.Error.FileNotFound: Failed to connect to socket /run/user/1000/bus: No such file or directory
[8.872s] DEBUG:colcon.colcon_core.event_reactor:joined thread
[8.889s] INFO:colcon.colcon_core.shell:Creating prefix script '/home/kevo/ros_ws/src/ai_based_sorting_robot_arm/install/local_setup.ps1'
[8.890s] INFO:colcon.colcon_core.shell:Creating prefix util module '/home/kevo/ros_ws/src/ai_based_sorting_robot_arm/install/_local_setup_util_ps1.py'
[8.891s] INFO:colcon.colcon_core.shell:Creating prefix chain script '/home/kevo/ros_ws/src/ai_based_sorting_robot_arm/install/setup.ps1'
[8.909s] INFO:colcon.colcon_core.shell:Creating prefix script '/home/kevo/ros_ws/src/ai_based_sorting_robot_arm/install/local_setup.sh'
[8.910s] INFO:colcon.colcon_core.shell:Creating prefix util module '/home/kevo/ros_ws/src/ai_based_sorting_robot_arm/install/_local_setup_util_sh.py'
[8.911s] INFO:colcon.colcon_core.shell:Creating prefix chain script '/home/kevo/ros_ws/src/ai_based_sorting_robot_arm/install/setup.sh'
[8.928s] INFO:colcon.colcon_core.shell:Creating prefix script '/home/kevo/ros_ws/src/ai_based_sorting_robot_arm/install/local_setup.bash'
[8.928s] INFO:colcon.colcon_core.shell:Creating prefix chain script '/home/kevo/ros_ws/src/ai_based_sorting_robot_arm/install/setup.bash'
[8.944s] INFO:colcon.colcon_core.shell:Creating prefix script '/home/kevo/ros_ws/src/ai_based_sorting_robot_arm/install/local_setup.zsh'
[8.945s] INFO:colcon.colcon_core.shell:Creating prefix chain script '/home/kevo/ros_ws/src/ai_based_sorting_robot_arm/install/setup.zsh'
