Built target ament_cmake_python_copy_robotic_arm_firmware
running egg_info
writing robotic_arm_firmware.egg-info/PKG-INFO
writing dependency_links to robotic_arm_firmware.egg-info/dependency_links.txt
writing top-level names to robotic_arm_firmware.egg-info/top_level.txt
reading manifest file 'robotic_arm_firmware.egg-info/SOURCES.txt'
writing manifest file 'robotic_arm_firmware.egg-info/SOURCES.txt'
Built target ament_cmake_python_build_robotic_arm_firmware_egg
-- Install configuration: ""
-- Up-to-date: /home/kevo/ros_ws/src/ai_based_sorting_robot_arm/install/robotic_arm_firmware/share/robotic_arm_firmware/environment/pythonpath.sh
-- Up-to-date: /home/kevo/ros_ws/src/ai_based_sorting_robot_arm/install/robotic_arm_firmware/share/robotic_arm_firmware/environment/pythonpath.dsv
-- Up-to-date: /home/kevo/ros_ws/src/ai_based_sorting_robot_arm/install/robotic_arm_firmware/local/lib/python3.10/dist-packages/robotic_arm_firmware-0.0.0-py3.10.egg-info
-- Installing: /home/kevo/ros_ws/src/ai_based_sorting_robot_arm/install/robotic_arm_firmware/local/lib/python3.10/dist-packages/robotic_arm_firmware-0.0.0-py3.10.egg-info/top_level.txt
-- Installing: /home/kevo/ros_ws/src/ai_based_sorting_robot_arm/install/robotic_arm_firmware/local/lib/python3.10/dist-packages/robotic_arm_firmware-0.0.0-py3.10.egg-info/dependency_links.txt
-- Installing: /home/kevo/ros_ws/src/ai_based_sorting_robot_arm/install/robotic_arm_firmware/local/lib/python3.10/dist-packages/robotic_arm_firmware-0.0.0-py3.10.egg-info/SOURCES.txt
-- Installing: /home/kevo/ros_ws/src/ai_based_sorting_robot_arm/install/robotic_arm_firmware/local/lib/python3.10/dist-packages/robotic_arm_firmware-0.0.0-py3.10.egg-info/PKG-INFO
-- Up-to-date: /home/kevo/ros_ws/src/ai_based_sorting_robot_arm/install/robotic_arm_firmware/local/lib/python3.10/dist-packages/robotic_arm_firmware
-- Up-to-date: /home/kevo/ros_ws/src/ai_based_sorting_robot_arm/install/robotic_arm_firmware/local/lib/python3.10/dist-packages/robotic_arm_firmware/serial_transmitter.py
-- Up-to-date: /home/kevo/ros_ws/src/ai_based_sorting_robot_arm/install/robotic_arm_firmware/local/lib/python3.10/dist-packages/robotic_arm_firmware/serial_receiver.py
-- Up-to-date: /home/kevo/ros_ws/src/ai_based_sorting_robot_arm/install/robotic_arm_firmware/local/lib/python3.10/dist-packages/robotic_arm_firmware/__init__.py
Listing '/home/kevo/ros_ws/src/ai_based_sorting_robot_arm/install/robotic_arm_firmware/local/lib/python3.10/dist-packages/robotic_arm_firmware'...
-- Up-to-date: /home/kevo/ros_ws/src/ai_based_sorting_robot_arm/install/robotic_arm_firmware/lib/robotic_arm_firmware/serial_transmitter.py
-- Up-to-date: /home/kevo/ros_ws/src/ai_based_sorting_robot_arm/install/robotic_arm_firmware/lib/robotic_arm_firmware/serial_receiver.py
-- Up-to-date: /home/kevo/ros_ws/src/ai_based_sorting_robot_arm/install/robotic_arm_firmware/share/ament_index/resource_index/package_run_dependencies/robotic_arm_firmware
-- Up-to-date: /home/kevo/ros_ws/src/ai_based_sorting_robot_arm/install/robotic_arm_firmware/share/ament_index/resource_index/parent_prefix_path/robotic_arm_firmware
-- Up-to-date: /home/kevo/ros_ws/src/ai_based_sorting_robot_arm/install/robotic_arm_firmware/share/robotic_arm_firmware/environment/ament_prefix_path.sh
-- Up-to-date: /home/kevo/ros_ws/src/ai_based_sorting_robot_arm/install/robotic_arm_firmware/share/robotic_arm_firmware/environment/ament_prefix_path.dsv
-- Up-to-date: /home/kevo/ros_ws/src/ai_based_sorting_robot_arm/install/robotic_arm_firmware/share/robotic_arm_firmware/environment/path.sh
-- Up-to-date: /home/kevo/ros_ws/src/ai_based_sorting_robot_arm/install/robotic_arm_firmware/share/robotic_arm_firmware/environment/path.dsv
-- Up-to-date: /home/kevo/ros_ws/src/ai_based_sorting_robot_arm/install/robotic_arm_firmware/share/robotic_arm_firmware/local_setup.bash
-- Up-to-date: /home/kevo/ros_ws/src/ai_based_sorting_robot_arm/install/robotic_arm_firmware/share/robotic_arm_firmware/local_setup.sh
-- Up-to-date: /home/kevo/ros_ws/src/ai_based_sorting_robot_arm/install/robotic_arm_firmware/share/robotic_arm_firmware/local_setup.zsh
-- Up-to-date: /home/kevo/ros_ws/src/ai_based_sorting_robot_arm/install/robotic_arm_firmware/share/robotic_arm_firmware/local_setup.dsv
-- Installing: /home/kevo/ros_ws/src/ai_based_sorting_robot_arm/install/robotic_arm_firmware/share/robotic_arm_firmware/package.dsv
-- Up-to-date: /home/kevo/ros_ws/src/ai_based_sorting_robot_arm/install/robotic_arm_firmware/share/ament_index/resource_index/packages/robotic_arm_firmware
-- Up-to-date: /home/kevo/ros_ws/src/ai_based_sorting_robot_arm/install/robotic_arm_firmware/share/robotic_arm_firmware/cmake/robotic_arm_firmwareConfig.cmake
-- Up-to-date: /home/kevo/ros_ws/src/ai_based_sorting_robot_arm/install/robotic_arm_firmware/share/robotic_arm_firmware/cmake/robotic_arm_firmwareConfig-version.cmake
-- Up-to-date: /home/kevo/ros_ws/src/ai_based_sorting_robot_arm/install/robotic_arm_firmware/share/robotic_arm_firmware/package.xml
