[0.575s] Invoking command in '/home/kevo/ros_ws/src/ai_based_sorting_robot_arm/build/robotic_arm_firmware': CMAKE_PREFIX_PATH=${CMAKE_PREFIX_PATH}:/home/kevo/ws_moveit2/install/moveit_configs_utils:/home/kevo/ws_moveit2/install/launch_param_builder:/opt/ros/humble /usr/bin/cmake /home/kevo/ros_ws/src/ai_based_sorting_robot_arm/src/robotic_arm_firmware -DCMAKE_INSTALL_PREFIX=/home/kevo/ros_ws/src/ai_based_sorting_robot_arm/install/robotic_arm_firmware
[0.764s] -- The C compiler identification is GNU 11.4.0
[1.262s] -- The CXX compiler identification is GNU 11.4.0
[1.685s] -- Detecting C compiler ABI info
[1.898s] -- Detecting C compiler ABI info - done
[1.911s] -- Check for working C compiler: /usr/bin/cc - skipped
[1.911s] -- Detecting C compile features
[1.912s] -- Detecting C compile features - done
[1.916s] -- Detecting CXX compiler ABI info
[2.144s] -- Detecting CXX compiler ABI info - done
[2.154s] -- Check for working CXX compiler: /usr/bin/c++ - skipped
[2.155s] -- Detecting CXX compile features
[2.155s] -- Detecting CXX compile features - done
[2.160s] -- Found ament_cmake: 1.3.5 (/opt/ros/humble/share/ament_cmake/cmake)
[2.405s] -- Found Python3: /usr/bin/python3.10 (found version "3.10.12") found components: Interpreter 
[2.608s] -- Found rclcpp: 16.0.6 (/opt/ros/humble/share/rclcpp/cmake)
[2.811s] -- Found rosidl_generator_c: 3.1.5 (/opt/ros/humble/share/rosidl_generator_c/cmake)
[2.823s] -- Found rosidl_adapter: 3.1.5 (/opt/ros/humble/share/rosidl_adapter/cmake)
[2.840s] -- Found rosidl_generator_cpp: 3.1.5 (/opt/ros/humble/share/rosidl_generator_cpp/cmake)
[2.865s] -- Using all available rosidl_typesupport_c: rosidl_typesupport_fastrtps_c;rosidl_typesupport_introspection_c
[2.897s] -- Using all available rosidl_typesupport_cpp: rosidl_typesupport_fastrtps_cpp;rosidl_typesupport_introspection_cpp
[3.011s] -- Found rmw_implementation_cmake: 6.1.1 (/opt/ros/humble/share/rmw_implementation_cmake/cmake)
[3.020s] -- Found rmw_cyclonedds_cpp: 1.3.4 (/opt/ros/humble/share/rmw_cyclonedds_cpp/cmake)
[3.083s] -- Using RMW implementation 'rmw_cyclonedds_cpp' as default
[3.107s] -- Looking for pthread.h
[3.243s] -- Looking for pthread.h - found
[3.243s] -- Performing Test CMAKE_HAVE_LIBC_PTHREAD
[3.374s] -- Performing Test CMAKE_HAVE_LIBC_PTHREAD - Success
[3.375s] -- Found Threads: TRUE  
[3.567s] -- Found rclpy: 3.3.10 (/opt/ros/humble/share/rclpy/cmake)
[3.676s] -- Found ament_lint_auto: 0.12.8 (/opt/ros/humble/share/ament_lint_auto/cmake)
[3.814s] -- Added test 'flake8' to check Python code syntax and style conventions
[3.816s] -- Added test 'lint_cmake' to check CMake code style
[3.818s] -- Added test 'pep257' to check Python code against some of the docstring style conventions in PEP 257
[3.820s] -- Added test 'xmllint' to check XML markup files
[3.823s] -- Configuring done
[3.830s] -- Generating done
[3.832s] -- Build files have been written to: /home/kevo/ros_ws/src/ai_based_sorting_robot_arm/build/robotic_arm_firmware
[3.856s] Invoked command in '/home/kevo/ros_ws/src/ai_based_sorting_robot_arm/build/robotic_arm_firmware' returned '0': CMAKE_PREFIX_PATH=${CMAKE_PREFIX_PATH}:/home/kevo/ws_moveit2/install/moveit_configs_utils:/home/kevo/ws_moveit2/install/launch_param_builder:/opt/ros/humble /usr/bin/cmake /home/kevo/ros_ws/src/ai_based_sorting_robot_arm/src/robotic_arm_firmware -DCMAKE_INSTALL_PREFIX=/home/kevo/ros_ws/src/ai_based_sorting_robot_arm/install/robotic_arm_firmware
[3.861s] Invoking command in '/home/kevo/ros_ws/src/ai_based_sorting_robot_arm/build/robotic_arm_firmware': CMAKE_PREFIX_PATH=${CMAKE_PREFIX_PATH}:/home/kevo/ws_moveit2/install/moveit_configs_utils:/home/kevo/ws_moveit2/install/launch_param_builder:/opt/ros/humble /usr/bin/cmake --build /home/kevo/ros_ws/src/ai_based_sorting_robot_arm/build/robotic_arm_firmware -- -j8 -l8
[3.966s] Built target ament_cmake_python_copy_robotic_arm_firmware
[4.356s] running egg_info
[4.359s] creating robotic_arm_firmware.egg-info
[4.361s] writing robotic_arm_firmware.egg-info/PKG-INFO
[4.362s] writing dependency_links to robotic_arm_firmware.egg-info/dependency_links.txt
[4.362s] writing top-level names to robotic_arm_firmware.egg-info/top_level.txt
[4.362s] writing manifest file 'robotic_arm_firmware.egg-info/SOURCES.txt'
[4.367s] reading manifest file 'robotic_arm_firmware.egg-info/SOURCES.txt'
[4.368s] writing manifest file 'robotic_arm_firmware.egg-info/SOURCES.txt'
[4.428s] Built target ament_cmake_python_build_robotic_arm_firmware_egg
[4.449s] Invoked command in '/home/kevo/ros_ws/src/ai_based_sorting_robot_arm/build/robotic_arm_firmware' returned '0': CMAKE_PREFIX_PATH=${CMAKE_PREFIX_PATH}:/home/kevo/ws_moveit2/install/moveit_configs_utils:/home/kevo/ws_moveit2/install/launch_param_builder:/opt/ros/humble /usr/bin/cmake --build /home/kevo/ros_ws/src/ai_based_sorting_robot_arm/build/robotic_arm_firmware -- -j8 -l8
[4.489s] Invoking command in '/home/kevo/ros_ws/src/ai_based_sorting_robot_arm/build/robotic_arm_firmware': CMAKE_PREFIX_PATH=${CMAKE_PREFIX_PATH}:/home/kevo/ws_moveit2/install/moveit_configs_utils:/home/kevo/ws_moveit2/install/launch_param_builder:/opt/ros/humble /usr/bin/cmake --install /home/kevo/ros_ws/src/ai_based_sorting_robot_arm/build/robotic_arm_firmware
[4.501s] -- Install configuration: ""
[4.501s] -- Installing: /home/kevo/ros_ws/src/ai_based_sorting_robot_arm/install/robotic_arm_firmware/share/robotic_arm_firmware/environment/pythonpath.sh
[4.501s] -- Installing: /home/kevo/ros_ws/src/ai_based_sorting_robot_arm/install/robotic_arm_firmware/share/robotic_arm_firmware/environment/pythonpath.dsv
[4.501s] -- Installing: /home/kevo/ros_ws/src/ai_based_sorting_robot_arm/install/robotic_arm_firmware/local/lib/python3.10/dist-packages/robotic_arm_firmware-0.0.0-py3.10.egg-info
[4.502s] -- Installing: /home/kevo/ros_ws/src/ai_based_sorting_robot_arm/install/robotic_arm_firmware/local/lib/python3.10/dist-packages/robotic_arm_firmware-0.0.0-py3.10.egg-info/top_level.txt
[4.502s] -- Installing: /home/kevo/ros_ws/src/ai_based_sorting_robot_arm/install/robotic_arm_firmware/local/lib/python3.10/dist-packages/robotic_arm_firmware-0.0.0-py3.10.egg-info/dependency_links.txt
[4.502s] -- Installing: /home/kevo/ros_ws/src/ai_based_sorting_robot_arm/install/robotic_arm_firmware/local/lib/python3.10/dist-packages/robotic_arm_firmware-0.0.0-py3.10.egg-info/SOURCES.txt
[4.503s] -- Installing: /home/kevo/ros_ws/src/ai_based_sorting_robot_arm/install/robotic_arm_firmware/local/lib/python3.10/dist-packages/robotic_arm_firmware-0.0.0-py3.10.egg-info/PKG-INFO
[4.503s] -- Installing: /home/kevo/ros_ws/src/ai_based_sorting_robot_arm/install/robotic_arm_firmware/local/lib/python3.10/dist-packages/robotic_arm_firmware
[4.503s] -- Installing: /home/kevo/ros_ws/src/ai_based_sorting_robot_arm/install/robotic_arm_firmware/local/lib/python3.10/dist-packages/robotic_arm_firmware/serial_transmitter.py
[4.503s] -- Installing: /home/kevo/ros_ws/src/ai_based_sorting_robot_arm/install/robotic_arm_firmware/local/lib/python3.10/dist-packages/robotic_arm_firmware/serial_receiver.py
[4.503s] -- Installing: /home/kevo/ros_ws/src/ai_based_sorting_robot_arm/install/robotic_arm_firmware/local/lib/python3.10/dist-packages/robotic_arm_firmware/__init__.py
[4.552s] Listing '/home/kevo/ros_ws/src/ai_based_sorting_robot_arm/install/robotic_arm_firmware/local/lib/python3.10/dist-packages/robotic_arm_firmware'...
[4.553s] Compiling '/home/kevo/ros_ws/src/ai_based_sorting_robot_arm/install/robotic_arm_firmware/local/lib/python3.10/dist-packages/robotic_arm_firmware/__init__.py'...
[4.553s] Compiling '/home/kevo/ros_ws/src/ai_based_sorting_robot_arm/install/robotic_arm_firmware/local/lib/python3.10/dist-packages/robotic_arm_firmware/serial_receiver.py'...
[4.553s] Compiling '/home/kevo/ros_ws/src/ai_based_sorting_robot_arm/install/robotic_arm_firmware/local/lib/python3.10/dist-packages/robotic_arm_firmware/serial_transmitter.py'...
[4.562s] -- Installing: /home/kevo/ros_ws/src/ai_based_sorting_robot_arm/install/robotic_arm_firmware/lib/robotic_arm_firmware/serial_transmitter.py
[4.563s] -- Installing: /home/kevo/ros_ws/src/ai_based_sorting_robot_arm/install/robotic_arm_firmware/lib/robotic_arm_firmware/serial_receiver.py
[4.563s] -- Installing: /home/kevo/ros_ws/src/ai_based_sorting_robot_arm/install/robotic_arm_firmware/share/ament_index/resource_index/package_run_dependencies/robotic_arm_firmware
[4.563s] -- Installing: /home/kevo/ros_ws/src/ai_based_sorting_robot_arm/install/robotic_arm_firmware/share/ament_index/resource_index/parent_prefix_path/robotic_arm_firmware
[4.564s] -- Installing: /home/kevo/ros_ws/src/ai_based_sorting_robot_arm/install/robotic_arm_firmware/share/robotic_arm_firmware/environment/ament_prefix_path.sh
[4.564s] -- Installing: /home/kevo/ros_ws/src/ai_based_sorting_robot_arm/install/robotic_arm_firmware/share/robotic_arm_firmware/environment/ament_prefix_path.dsv
[4.564s] -- Installing: /home/kevo/ros_ws/src/ai_based_sorting_robot_arm/install/robotic_arm_firmware/share/robotic_arm_firmware/environment/path.sh
[4.565s] -- Installing: /home/kevo/ros_ws/src/ai_based_sorting_robot_arm/install/robotic_arm_firmware/share/robotic_arm_firmware/environment/path.dsv
[4.565s] -- Installing: /home/kevo/ros_ws/src/ai_based_sorting_robot_arm/install/robotic_arm_firmware/share/robotic_arm_firmware/local_setup.bash
[4.566s] -- Installing: /home/kevo/ros_ws/src/ai_based_sorting_robot_arm/install/robotic_arm_firmware/share/robotic_arm_firmware/local_setup.sh
[4.566s] -- Installing: /home/kevo/ros_ws/src/ai_based_sorting_robot_arm/install/robotic_arm_firmware/share/robotic_arm_firmware/local_setup.zsh
[4.567s] -- Installing: /home/kevo/ros_ws/src/ai_based_sorting_robot_arm/install/robotic_arm_firmware/share/robotic_arm_firmware/local_setup.dsv
[4.567s] -- Installing: /home/kevo/ros_ws/src/ai_based_sorting_robot_arm/install/robotic_arm_firmware/share/robotic_arm_firmware/package.dsv
[4.567s] -- Installing: /home/kevo/ros_ws/src/ai_based_sorting_robot_arm/install/robotic_arm_firmware/share/ament_index/resource_index/packages/robotic_arm_firmware
[4.568s] -- Installing: /home/kevo/ros_ws/src/ai_based_sorting_robot_arm/install/robotic_arm_firmware/share/robotic_arm_firmware/cmake/robotic_arm_firmwareConfig.cmake
[4.568s] -- Installing: /home/kevo/ros_ws/src/ai_based_sorting_robot_arm/install/robotic_arm_firmware/share/robotic_arm_firmware/cmake/robotic_arm_firmwareConfig-version.cmake
[4.569s] -- Installing: /home/kevo/ros_ws/src/ai_based_sorting_robot_arm/install/robotic_arm_firmware/share/robotic_arm_firmware/package.xml
[4.574s] Invoked command in '/home/kevo/ros_ws/src/ai_based_sorting_robot_arm/build/robotic_arm_firmware' returned '0': CMAKE_PREFIX_PATH=${CMAKE_PREFIX_PATH}:/home/kevo/ws_moveit2/install/moveit_configs_utils:/home/kevo/ws_moveit2/install/launch_param_builder:/opt/ros/humble /usr/bin/cmake --install /home/kevo/ros_ws/src/ai_based_sorting_robot_arm/build/robotic_arm_firmware
