[1.497s] Invoking command in '/home/kevo/ros_ws/src/ai_based_sorting_robot_arm/src/robotic_arm_custom_nodes': PYTHONPATH=/home/kevo/ros_ws/src/ai_based_sorting_robot_arm/build/robotic_arm_custom_nodes/prefix_override:/home/kevo/ros_ws/src/ai_based_sorting_robot_arm/install/robotic_arm_custom_nodes/lib/python3.10/site-packages:${PYTHONPATH} /usr/bin/python3 setup.py egg_info --egg-base ../../build/robotic_arm_custom_nodes build --build-base /home/kevo/ros_ws/src/ai_based_sorting_robot_arm/build/robotic_arm_custom_nodes/build install --record /home/kevo/ros_ws/src/ai_based_sorting_robot_arm/build/robotic_arm_custom_nodes/install.log --single-version-externally-managed
[1.931s] running egg_info
[1.932s] writing ../../build/robotic_arm_custom_nodes/robotic_arm_custom_nodes.egg-info/PKG-INFO
[1.933s] writing dependency_links to ../../build/robotic_arm_custom_nodes/robotic_arm_custom_nodes.egg-info/dependency_links.txt
[1.933s] writing entry points to ../../build/robotic_arm_custom_nodes/robotic_arm_custom_nodes.egg-info/entry_points.txt
[1.933s] writing requirements to ../../build/robotic_arm_custom_nodes/robotic_arm_custom_nodes.egg-info/requires.txt
[1.933s] writing top-level names to ../../build/robotic_arm_custom_nodes/robotic_arm_custom_nodes.egg-info/top_level.txt
[1.936s] reading manifest file '../../build/robotic_arm_custom_nodes/robotic_arm_custom_nodes.egg-info/SOURCES.txt'
[1.936s] writing manifest file '../../build/robotic_arm_custom_nodes/robotic_arm_custom_nodes.egg-info/SOURCES.txt'
[1.936s] running build
[1.937s] running build_py
[1.938s] /usr/lib/python3/dist-packages/setuptools/command/install.py:34: SetuptoolsDeprecationWarning: setup.py install is deprecated. Use build and pip and other standards-based tools.
[1.939s]   warnings.warn(
[1.939s] running install
[1.939s] running install_lib
[1.941s] running install_data
[1.943s] running install_egg_info
[1.943s] removing '/home/kevo/ros_ws/src/ai_based_sorting_robot_arm/install/robotic_arm_custom_nodes/lib/python3.10/site-packages/robotic_arm_custom_nodes-0.0.0-py3.10.egg-info' (and everything under it)
[1.944s] Copying ../../build/robotic_arm_custom_nodes/robotic_arm_custom_nodes.egg-info to /home/kevo/ros_ws/src/ai_based_sorting_robot_arm/install/robotic_arm_custom_nodes/lib/python3.10/site-packages/robotic_arm_custom_nodes-0.0.0-py3.10.egg-info
[1.944s] running install_scripts
[1.982s] Installing fk_test_node script to /home/kevo/ros_ws/src/ai_based_sorting_robot_arm/install/robotic_arm_custom_nodes/lib/robotic_arm_custom_nodes
[1.984s] Installing ik_node script to /home/kevo/ros_ws/src/ai_based_sorting_robot_arm/install/robotic_arm_custom_nodes/lib/robotic_arm_custom_nodes
[1.985s] writing list of installed files to '/home/kevo/ros_ws/src/ai_based_sorting_robot_arm/build/robotic_arm_custom_nodes/install.log'
[2.079s] Invoked command in '/home/kevo/ros_ws/src/ai_based_sorting_robot_arm/src/robotic_arm_custom_nodes' returned '0': PYTHONPATH=/home/kevo/ros_ws/src/ai_based_sorting_robot_arm/build/robotic_arm_custom_nodes/prefix_override:/home/kevo/ros_ws/src/ai_based_sorting_robot_arm/install/robotic_arm_custom_nodes/lib/python3.10/site-packages:${PYTHONPATH} /usr/bin/python3 setup.py egg_info --egg-base ../../build/robotic_arm_custom_nodes build --build-base /home/kevo/ros_ws/src/ai_based_sorting_robot_arm/build/robotic_arm_custom_nodes/build install --record /home/kevo/ros_ws/src/ai_based_sorting_robot_arm/build/robotic_arm_custom_nodes/install.log --single-version-externally-managed
