[1.545s] DEBUG:colcon:Command line arguments: ['/usr/bin/colcon', 'build', '--packages-select', 'robotic_arm_kinematics']
[1.545s] DEBUG:colcon:Parsed command line arguments: Namespace(log_base=None, log_level=None, verb_name='build', build_base='build', install_base='install', merge_install=False, symlink_install=False, test_result_base=None, continue_on_error=False, executor='parallel', parallel_workers=8, event_handlers=None, ignore_user_meta=False, metas=['./colcon.meta'], base_paths=['.'], packages_ignore=None, packages_ignore_regex=None, paths=None, packages_up_to=None, packages_up_to_regex=None, packages_above=None, packages_above_and_dependencies=None, packages_above_depth=None, packages_select_by_dep=None, packages_skip_by_dep=None, packages_skip_up_to=None, packages_select_build_failed=False, packages_skip_build_finished=False, packages_select_test_failures=False, packages_skip_test_passed=False, packages_select=['robotic_arm_kinematics'], packages_skip=None, packages_select_regex=None, packages_skip_regex=None, packages_start=None, packages_end=None, allow_overriding=[], cmake_args=None, cmake_target=None, cmake_target_skip_unavailable=False, cmake_clean_cache=False, cmake_clean_first=False, cmake_force_configure=False, ament_cmake_args=None, catkin_cmake_args=None, catkin_skip_building_tests=False, mixin_files=None, mixin=None, verb_parser=<colcon_mixin.mixin.mixin_argument.MixinArgumentDecorator object at 0x7ff8b248fb20>, verb_extension=<colcon_core.verb.build.BuildVerb object at 0x7ff8b26f0ee0>, main=<bound method BuildVerb.main of <colcon_core.verb.build.BuildVerb object at 0x7ff8b26f0ee0>>, mixin_verb=('build',))
[1.610s] Level 1:colcon.colcon_core.package_discovery:discover_packages(colcon_meta) check parameters
[1.611s] Level 1:colcon.colcon_core.package_discovery:discover_packages(recursive) check parameters
[1.611s] Level 1:colcon.colcon_core.package_discovery:discover_packages(ignore) check parameters
[1.611s] Level 1:colcon.colcon_core.package_discovery:discover_packages(path) check parameters
[1.611s] Level 1:colcon.colcon_core.package_discovery:discover_packages(colcon_meta) discover
[1.611s] Level 1:colcon.colcon_core.package_discovery:discover_packages(recursive) discover
[1.611s] INFO:colcon.colcon_core.package_discovery:Crawling recursively for packages in '/home/kevo/ros_ws/src/ai_based_sorting_robot_arm'
[1.611s] Level 1:colcon.colcon_core.package_identification:_identify(.) by extensions ['ignore', 'ignore_ament_install']
[1.611s] Level 1:colcon.colcon_core.package_identification:_identify(.) by extension 'ignore'
[1.611s] Level 1:colcon.colcon_core.package_identification:_identify(.) by extension 'ignore_ament_install'
[1.611s] Level 1:colcon.colcon_core.package_identification:_identify(.) by extensions ['colcon_pkg']
[1.611s] Level 1:colcon.colcon_core.package_identification:_identify(.) by extension 'colcon_pkg'
[1.611s] Level 1:colcon.colcon_core.package_identification:_identify(.) by extensions ['colcon_meta']
[1.611s] Level 1:colcon.colcon_core.package_identification:_identify(.) by extension 'colcon_meta'
[1.611s] Level 1:colcon.colcon_core.package_identification:_identify(.) by extensions ['ros']
[1.611s] Level 1:colcon.colcon_core.package_identification:_identify(.) by extension 'ros'
[1.624s] Level 1:colcon.colcon_core.package_identification:_identify(.) by extensions ['cmake', 'python']
[1.625s] Level 1:colcon.colcon_core.package_identification:_identify(.) by extension 'cmake'
[1.625s] Level 1:colcon.colcon_core.package_identification:_identify(.) by extension 'python'
[1.625s] Level 1:colcon.colcon_core.package_identification:_identify(.) by extensions ['python_setup_py']
[1.625s] Level 1:colcon.colcon_core.package_identification:_identify(.) by extension 'python_setup_py'
[1.625s] Level 1:colcon.colcon_core.package_identification:_identify(build) by extensions ['ignore', 'ignore_ament_install']
[1.625s] Level 1:colcon.colcon_core.package_identification:_identify(build) by extension 'ignore'
[1.625s] Level 1:colcon.colcon_core.package_identification:_identify(build) ignored
[1.625s] Level 1:colcon.colcon_core.package_identification:_identify(install) by extensions ['ignore', 'ignore_ament_install']
[1.625s] Level 1:colcon.colcon_core.package_identification:_identify(install) by extension 'ignore'
[1.625s] Level 1:colcon.colcon_core.package_identification:_identify(install) ignored
[1.625s] Level 1:colcon.colcon_core.package_identification:_identify(log) by extensions ['ignore', 'ignore_ament_install']
[1.625s] Level 1:colcon.colcon_core.package_identification:_identify(log) by extension 'ignore'
[1.626s] Level 1:colcon.colcon_core.package_identification:_identify(log) ignored
[1.626s] Level 1:colcon.colcon_core.package_identification:_identify(src) by extensions ['ignore', 'ignore_ament_install']
[1.626s] Level 1:colcon.colcon_core.package_identification:_identify(src) by extension 'ignore'
[1.626s] Level 1:colcon.colcon_core.package_identification:_identify(src) by extension 'ignore_ament_install'
[1.626s] Level 1:colcon.colcon_core.package_identification:_identify(src) by extensions ['colcon_pkg']
[1.626s] Level 1:colcon.colcon_core.package_identification:_identify(src) by extension 'colcon_pkg'
[1.626s] Level 1:colcon.colcon_core.package_identification:_identify(src) by extensions ['colcon_meta']
[1.626s] Level 1:colcon.colcon_core.package_identification:_identify(src) by extension 'colcon_meta'
[1.626s] Level 1:colcon.colcon_core.package_identification:_identify(src) by extensions ['ros']
[1.626s] Level 1:colcon.colcon_core.package_identification:_identify(src) by extension 'ros'
[1.626s] Level 1:colcon.colcon_core.package_identification:_identify(src) by extensions ['cmake', 'python']
[1.626s] Level 1:colcon.colcon_core.package_identification:_identify(src) by extension 'cmake'
[1.626s] Level 1:colcon.colcon_core.package_identification:_identify(src) by extension 'python'
[1.626s] Level 1:colcon.colcon_core.package_identification:_identify(src) by extensions ['python_setup_py']
[1.626s] Level 1:colcon.colcon_core.package_identification:_identify(src) by extension 'python_setup_py'
[1.626s] Level 1:colcon.colcon_core.package_identification:_identify(src/robotic_arm_controllers) by extensions ['ignore', 'ignore_ament_install']
[1.626s] Level 1:colcon.colcon_core.package_identification:_identify(src/robotic_arm_controllers) by extension 'ignore'
[1.626s] Level 1:colcon.colcon_core.package_identification:_identify(src/robotic_arm_controllers) by extension 'ignore_ament_install'
[1.626s] Level 1:colcon.colcon_core.package_identification:_identify(src/robotic_arm_controllers) by extensions ['colcon_pkg']
[1.626s] Level 1:colcon.colcon_core.package_identification:_identify(src/robotic_arm_controllers) by extension 'colcon_pkg'
[1.626s] Level 1:colcon.colcon_core.package_identification:_identify(src/robotic_arm_controllers) by extensions ['colcon_meta']
[1.626s] Level 1:colcon.colcon_core.package_identification:_identify(src/robotic_arm_controllers) by extension 'colcon_meta'
[1.626s] Level 1:colcon.colcon_core.package_identification:_identify(src/robotic_arm_controllers) by extensions ['ros']
[1.626s] Level 1:colcon.colcon_core.package_identification:_identify(src/robotic_arm_controllers) by extension 'ros'
[1.629s] DEBUG:colcon.colcon_core.package_identification:Package 'src/robotic_arm_controllers' with type 'ros.ament_cmake' and name 'robotic_arm_controllers'
[1.629s] Level 1:colcon.colcon_core.package_identification:_identify(src/robotic_arm_custom_nodes) by extensions ['ignore', 'ignore_ament_install']
[1.629s] Level 1:colcon.colcon_core.package_identification:_identify(src/robotic_arm_custom_nodes) by extension 'ignore'
[1.629s] Level 1:colcon.colcon_core.package_identification:_identify(src/robotic_arm_custom_nodes) by extension 'ignore_ament_install'
[1.629s] Level 1:colcon.colcon_core.package_identification:_identify(src/robotic_arm_custom_nodes) by extensions ['colcon_pkg']
[1.629s] Level 1:colcon.colcon_core.package_identification:_identify(src/robotic_arm_custom_nodes) by extension 'colcon_pkg'
[1.629s] Level 1:colcon.colcon_core.package_identification:_identify(src/robotic_arm_custom_nodes) by extensions ['colcon_meta']
[1.629s] Level 1:colcon.colcon_core.package_identification:_identify(src/robotic_arm_custom_nodes) by extension 'colcon_meta'
[1.630s] Level 1:colcon.colcon_core.package_identification:_identify(src/robotic_arm_custom_nodes) by extensions ['ros']
[1.630s] Level 1:colcon.colcon_core.package_identification:_identify(src/robotic_arm_custom_nodes) by extension 'ros'
[1.630s] DEBUG:colcon.colcon_core.package_identification:Package 'src/robotic_arm_custom_nodes' with type 'ros.ament_python' and name 'robotic_arm_custom_nodes'
[1.630s] Level 1:colcon.colcon_core.package_identification:_identify(src/robotic_arm_description) by extensions ['ignore', 'ignore_ament_install']
[1.630s] Level 1:colcon.colcon_core.package_identification:_identify(src/robotic_arm_description) by extension 'ignore'
[1.630s] Level 1:colcon.colcon_core.package_identification:_identify(src/robotic_arm_description) by extension 'ignore_ament_install'
[1.630s] Level 1:colcon.colcon_core.package_identification:_identify(src/robotic_arm_description) by extensions ['colcon_pkg']
[1.630s] Level 1:colcon.colcon_core.package_identification:_identify(src/robotic_arm_description) by extension 'colcon_pkg'
[1.630s] Level 1:colcon.colcon_core.package_identification:_identify(src/robotic_arm_description) by extensions ['colcon_meta']
[1.630s] Level 1:colcon.colcon_core.package_identification:_identify(src/robotic_arm_description) by extension 'colcon_meta'
[1.630s] Level 1:colcon.colcon_core.package_identification:_identify(src/robotic_arm_description) by extensions ['ros']
[1.630s] Level 1:colcon.colcon_core.package_identification:_identify(src/robotic_arm_description) by extension 'ros'
[1.631s] DEBUG:colcon.colcon_core.package_identification:Package 'src/robotic_arm_description' with type 'ros.ament_cmake' and name 'robotic_arm_description'
[1.631s] Level 1:colcon.colcon_core.package_identification:_identify(src/robotic_arm_firmware) by extensions ['ignore', 'ignore_ament_install']
[1.631s] Level 1:colcon.colcon_core.package_identification:_identify(src/robotic_arm_firmware) by extension 'ignore'
[1.631s] Level 1:colcon.colcon_core.package_identification:_identify(src/robotic_arm_firmware) by extension 'ignore_ament_install'
[1.631s] Level 1:colcon.colcon_core.package_identification:_identify(src/robotic_arm_firmware) by extensions ['colcon_pkg']
[1.631s] Level 1:colcon.colcon_core.package_identification:_identify(src/robotic_arm_firmware) by extension 'colcon_pkg'
[1.631s] Level 1:colcon.colcon_core.package_identification:_identify(src/robotic_arm_firmware) by extensions ['colcon_meta']
[1.631s] Level 1:colcon.colcon_core.package_identification:_identify(src/robotic_arm_firmware) by extension 'colcon_meta'
[1.631s] Level 1:colcon.colcon_core.package_identification:_identify(src/robotic_arm_firmware) by extensions ['ros']
[1.631s] Level 1:colcon.colcon_core.package_identification:_identify(src/robotic_arm_firmware) by extension 'ros'
[1.632s] DEBUG:colcon.colcon_core.package_identification:Package 'src/robotic_arm_firmware' with type 'ros.ament_cmake' and name 'robotic_arm_firmware'
[1.632s] Level 1:colcon.colcon_core.package_identification:_identify(src/robotic_arm_kinematics) by extensions ['ignore', 'ignore_ament_install']
[1.632s] Level 1:colcon.colcon_core.package_identification:_identify(src/robotic_arm_kinematics) by extension 'ignore'
[1.632s] Level 1:colcon.colcon_core.package_identification:_identify(src/robotic_arm_kinematics) by extension 'ignore_ament_install'
[1.632s] Level 1:colcon.colcon_core.package_identification:_identify(src/robotic_arm_kinematics) by extensions ['colcon_pkg']
[1.632s] Level 1:colcon.colcon_core.package_identification:_identify(src/robotic_arm_kinematics) by extension 'colcon_pkg'
[1.632s] Level 1:colcon.colcon_core.package_identification:_identify(src/robotic_arm_kinematics) by extensions ['colcon_meta']
[1.632s] Level 1:colcon.colcon_core.package_identification:_identify(src/robotic_arm_kinematics) by extension 'colcon_meta'
[1.632s] Level 1:colcon.colcon_core.package_identification:_identify(src/robotic_arm_kinematics) by extensions ['ros']
[1.633s] Level 1:colcon.colcon_core.package_identification:_identify(src/robotic_arm_kinematics) by extension 'ros'
[1.633s] DEBUG:colcon.colcon_core.package_identification:Package 'src/robotic_arm_kinematics' with type 'ros.ament_cmake' and name 'robotic_arm_kinematics'
[1.634s] Level 1:colcon.colcon_core.package_identification:_identify(src/robotic_arm_moveit_config) by extensions ['ignore', 'ignore_ament_install']
[1.634s] Level 1:colcon.colcon_core.package_identification:_identify(src/robotic_arm_moveit_config) by extension 'ignore'
[1.634s] Level 1:colcon.colcon_core.package_identification:_identify(src/robotic_arm_moveit_config) by extension 'ignore_ament_install'
[1.634s] Level 1:colcon.colcon_core.package_identification:_identify(src/robotic_arm_moveit_config) by extensions ['colcon_pkg']
[1.634s] Level 1:colcon.colcon_core.package_identification:_identify(src/robotic_arm_moveit_config) by extension 'colcon_pkg'
[1.634s] Level 1:colcon.colcon_core.package_identification:_identify(src/robotic_arm_moveit_config) by extensions ['colcon_meta']
[1.634s] Level 1:colcon.colcon_core.package_identification:_identify(src/robotic_arm_moveit_config) by extension 'colcon_meta'
[1.634s] Level 1:colcon.colcon_core.package_identification:_identify(src/robotic_arm_moveit_config) by extensions ['ros']
[1.634s] Level 1:colcon.colcon_core.package_identification:_identify(src/robotic_arm_moveit_config) by extension 'ros'
[1.634s] DEBUG:colcon.colcon_core.package_identification:Package 'src/robotic_arm_moveit_config' with type 'ros.ament_cmake' and name 'robotic_arm_moveit_config'
[1.635s] Level 1:colcon.colcon_core.package_identification:_identify(src/robotic_arm_msgs) by extensions ['ignore', 'ignore_ament_install']
[1.635s] Level 1:colcon.colcon_core.package_identification:_identify(src/robotic_arm_msgs) by extension 'ignore'
[1.635s] Level 1:colcon.colcon_core.package_identification:_identify(src/robotic_arm_msgs) by extension 'ignore_ament_install'
[1.635s] Level 1:colcon.colcon_core.package_identification:_identify(src/robotic_arm_msgs) by extensions ['colcon_pkg']
[1.635s] Level 1:colcon.colcon_core.package_identification:_identify(src/robotic_arm_msgs) by extension 'colcon_pkg'
[1.635s] Level 1:colcon.colcon_core.package_identification:_identify(src/robotic_arm_msgs) by extensions ['colcon_meta']
[1.635s] Level 1:colcon.colcon_core.package_identification:_identify(src/robotic_arm_msgs) by extension 'colcon_meta'
[1.635s] Level 1:colcon.colcon_core.package_identification:_identify(src/robotic_arm_msgs) by extensions ['ros']
[1.635s] Level 1:colcon.colcon_core.package_identification:_identify(src/robotic_arm_msgs) by extension 'ros'
[1.635s] DEBUG:colcon.colcon_core.package_identification:Package 'src/robotic_arm_msgs' with type 'ros.ament_cmake' and name 'robotic_arm_msgs'
[1.635s] Level 1:colcon.colcon_core.package_discovery:discover_packages(recursive) using defaults
[1.635s] Level 1:colcon.colcon_core.package_discovery:discover_packages(ignore) discover
[1.635s] Level 1:colcon.colcon_core.package_discovery:discover_packages(ignore) using defaults
[1.635s] Level 1:colcon.colcon_core.package_discovery:discover_packages(path) discover
[1.635s] Level 1:colcon.colcon_core.package_discovery:discover_packages(path) using defaults
[1.709s] INFO:colcon.colcon_core.package_selection:Skipping not selected package 'robotic_arm_controllers' in 'src/robotic_arm_controllers'
[1.710s] INFO:colcon.colcon_core.package_selection:Skipping not selected package 'robotic_arm_custom_nodes' in 'src/robotic_arm_custom_nodes'
[1.710s] INFO:colcon.colcon_core.package_selection:Skipping not selected package 'robotic_arm_description' in 'src/robotic_arm_description'
[1.710s] INFO:colcon.colcon_core.package_selection:Skipping not selected package 'robotic_arm_firmware' in 'src/robotic_arm_firmware'
[1.710s] INFO:colcon.colcon_core.package_selection:Skipping not selected package 'robotic_arm_msgs' in 'src/robotic_arm_msgs'
[1.710s] INFO:colcon.colcon_core.package_selection:Skipping not selected package 'robotic_arm_moveit_config' in 'src/robotic_arm_moveit_config'
[1.746s] Level 1:colcon.colcon_core.package_discovery:discover_packages(prefix_path) check parameters
[1.746s] Level 1:colcon.colcon_core.package_discovery:discover_packages(prefix_path) discover
[1.784s] DEBUG:colcon.colcon_installed_package_information.package_discovery:Found 7 installed packages in /home/kevo/ros_ws/src/ai_based_sorting_robot_arm/install
[1.800s] DEBUG:colcon.colcon_installed_package_information.package_discovery:Found 9 installed packages in /home/kevo/ros_ws/src/ros_arm/install
[1.819s] DEBUG:colcon.colcon_installed_package_information.package_discovery:Found 48 installed packages in /home/kevo/ros2_ws/install
[1.845s] DEBUG:colcon.colcon_installed_package_information.package_discovery:Found 57 installed packages in /home/kevo/ws_moveit2/install
[1.861s] DEBUG:colcon.colcon_installed_package_information.package_discovery:Found 2 installed packages in /home/kevo/ros_ws/src/rrbot_KDL_ws/install
[1.881s] DEBUG:colcon.colcon_installed_package_information.package_discovery:Found 376 installed packages in /opt/ros/humble
[1.885s] Level 1:colcon.colcon_core.package_discovery:discover_packages(prefix_path) using defaults
[2.010s] Level 5:colcon.colcon_core.verb:set package 'robotic_arm_kinematics' build argument 'cmake_args' from command line to 'None'
[2.010s] Level 5:colcon.colcon_core.verb:set package 'robotic_arm_kinematics' build argument 'cmake_target' from command line to 'None'
[2.010s] Level 5:colcon.colcon_core.verb:set package 'robotic_arm_kinematics' build argument 'cmake_target_skip_unavailable' from command line to 'False'
[2.010s] Level 5:colcon.colcon_core.verb:set package 'robotic_arm_kinematics' build argument 'cmake_clean_cache' from command line to 'False'
[2.010s] Level 5:colcon.colcon_core.verb:set package 'robotic_arm_kinematics' build argument 'cmake_clean_first' from command line to 'False'
[2.010s] Level 5:colcon.colcon_core.verb:set package 'robotic_arm_kinematics' build argument 'cmake_force_configure' from command line to 'False'
[2.010s] Level 5:colcon.colcon_core.verb:set package 'robotic_arm_kinematics' build argument 'ament_cmake_args' from command line to 'None'
[2.010s] Level 5:colcon.colcon_core.verb:set package 'robotic_arm_kinematics' build argument 'catkin_cmake_args' from command line to 'None'
[2.010s] Level 5:colcon.colcon_core.verb:set package 'robotic_arm_kinematics' build argument 'catkin_skip_building_tests' from command line to 'False'
[2.010s] DEBUG:colcon.colcon_core.verb:Building package 'robotic_arm_kinematics' with the following arguments: {'ament_cmake_args': None, 'build_base': '/home/kevo/ros_ws/src/ai_based_sorting_robot_arm/build/robotic_arm_kinematics', 'catkin_cmake_args': None, 'catkin_skip_building_tests': False, 'cmake_args': None, 'cmake_clean_cache': False, 'cmake_clean_first': False, 'cmake_force_configure': False, 'cmake_target': None, 'cmake_target_skip_unavailable': False, 'install_base': '/home/kevo/ros_ws/src/ai_based_sorting_robot_arm/install/robotic_arm_kinematics', 'merge_install': False, 'path': '/home/kevo/ros_ws/src/ai_based_sorting_robot_arm/src/robotic_arm_kinematics', 'symlink_install': False, 'test_result_base': None}
[2.025s] INFO:colcon.colcon_core.executor:Executing jobs using 'parallel' executor
[2.045s] DEBUG:colcon.colcon_parallel_executor.executor.parallel:run_until_complete
[2.045s] INFO:colcon.colcon_ros.task.ament_cmake.build:Building ROS package in '/home/kevo/ros_ws/src/ai_based_sorting_robot_arm/src/robotic_arm_kinematics' with build type 'ament_cmake'
[2.045s] INFO:colcon.colcon_cmake.task.cmake.build:Building CMake package in '/home/kevo/ros_ws/src/ai_based_sorting_robot_arm/src/robotic_arm_kinematics'
[2.065s] INFO:colcon.colcon_core.plugin_system:Skipping extension 'colcon_core.shell.bat': Not used on non-Windows systems
[2.066s] INFO:colcon.colcon_core.shell:Skip shell extension 'powershell' for command environment: Not usable outside of PowerShell
[2.066s] DEBUG:colcon.colcon_core.shell:Skip shell extension 'dsv' for command environment
[2.265s] DEBUG:colcon.colcon_core.event_handler.log_command:Invoking command in '/home/kevo/ros_ws/src/ai_based_sorting_robot_arm/build/robotic_arm_kinematics': CMAKE_PREFIX_PATH=/home/kevo/ros_ws/src/ai_based_sorting_robot_arm/install/robotic_arm_description:/home/kevo/ros_ws/src/ai_based_sorting_robot_arm/install/robotic_arm_msgs:/home/kevo/ros_ws/src/ai_based_sorting_robot_arm/install/robotic_arm_moveit_config:/home/kevo/ros_ws/src/ai_based_sorting_robot_arm/install/robotic_arm_kinematics:/home/kevo/ros_ws/src/ai_based_sorting_robot_arm/install/robotic_arm_firmware:/home/kevo/ros_ws/src/ai_based_sorting_robot_arm/install/robotic_arm_controllers:/home/kevo/ros_ws/src/ros_arm/install/ros_arm_moveit:/home/kevo/ros_ws/src/ros_arm/install/ros_arm_kdl:/home/kevo/ros_ws/src/ros_arm/install/ros_arm_bringup:/home/kevo/ros_ws/src/ros_arm/install/ros_arm_description:/home/kevo/ros_ws/src/ros_arm/install/new_bot:/home/kevo/ros_ws/src/ros_arm/install/my_bot:/home/kevo/ros_ws/src/ros_arm/install/hello_moveit:/home/kevo/ros_ws/src/ros_arm/install/diff_bot:/home/kevo/ros_ws/src/ros_arm/install/cpp_pubsub:/home/kevo/ros2_ws/install/gazebo_ros2_control_demos:/home/kevo/ros2_ws/install/ros2_controllers:/home/kevo/ros2_ws/install/velocity_controllers:/home/kevo/ros2_ws/install/tricycle_steering_controller:/home/kevo/ros2_ws/install/tricycle_controller:/home/kevo/ros2_ws/install/ros2_control_demos:/home/kevo/ros2_ws/install/ros2_control_demo_example_8:/home/kevo/ros2_ws/install/ros2_control:/home/kevo/ros2_ws/install/transmission_interface:/home/kevo/ros2_ws/install/bicycle_steering_controller:/home/kevo/ros2_ws/install/ackermann_steering_controller:/home/kevo/ros2_ws/install/steering_controllers_library:/home/kevo/ros2_ws/install/ros2_control_demo_example_9:/home/kevo/ros2_ws/install/ros2_control_demo_example_7:/home/kevo/ros2_ws/install/ros2_control_demo_example_6:/home/kevo/ros2_ws/install/ros2_control_demo_example_5:/home/kevo/ros2_ws/install/ros2_control_demo_example_4:/home/kevo/ros2_ws/install/ros2_control_demo_example_3:/home/kevo/ros2_ws/install/ros2_control_demo_example_2:/home/kevo/ros2_ws/install/ros2_control_demo_example_14:/home/kevo/ros2_ws/install/ros2_control_demo_example_10:/home/kevo/ros2_ws/install/ros2_control_demo_example_1:/home/kevo/ros2_ws/install/gazebo_ros2_control:/home/kevo/ros2_ws/install/controller_manager:/home/kevo/ros2_ws/install/ros2_control_test_assets:/home/kevo/ros2_ws/install/ros2_control_demo_description:/home/kevo/ros2_ws/install/range_sensor_broadcaster:/home/kevo/ros2_ws/install/position_controllers:/home/kevo/ros2_ws/install/admittance_controller:/home/kevo/ros2_ws/install/joint_trajectory_controller:/home/kevo/ros2_ws/install/joint_state_broadcaster:/home/kevo/ros2_ws/install/imu_sensor_broadcaster:/home/kevo/ros2_ws/install/gripper_controllers:/home/kevo/ros2_ws/install/effort_controllers:/home/kevo/ros2_ws/install/forward_command_controller:/home/kevo/ros2_ws/install/force_torque_sensor_broadcaster:/home/kevo/ros2_ws/install/diff_drive_controller:/home/kevo/ros2_ws/install/realtime_tools:/home/kevo/ros2_ws/install/joint_limits:/home/kevo/ros2_ws/install/controller_interface:/home/kevo/ros2_ws/install/hardware_interface:/home/kevo/ros2_ws/install/controller_manager_msgs:/home/kevo/ros2_ws/install/control_msgs:/home/kevo/ros_ws/src/rrbot_KDL_ws/install/rrbot_kdl:/home/kevo/ros_ws/src/rrbot_KDL_ws/install/kdl_control:/home/kevo/ws_moveit2/install/pilz_industrial_motion_planner_testutils:/home/kevo/ws_moveit2/install/panda_moveit_config:/home/kevo/ws_moveit2/install/moveit_runtime:/home/kevo/ws_moveit2/install/moveit2_tutorials:/home/kevo/ws_moveit2/install/moveit:/home/kevo/ws_moveit2/install/moveit_planners:/home/kevo/ws_moveit2/install/pilz_industrial_motion_planner:/home/kevo/ws_moveit2/install/mtc_tutorial:/home/kevo/ws_moveit2/install/moveit_visual_tools:/home/kevo/ws_moveit2/install/moveit_task_constructor_visualization:/home/kevo/ws_moveit2/install/moveit_task_constructor_demo:/home/kevo/ws_moveit2/install/moveit_task_constructor_capabilities:/home/kevo/ws_moveit2/install/moveit_task_constructor_core:/home/kevo/ws_moveit2/install/moveit_ros_control_interface:/home/kevo/ws_moveit2/install/moveit_plugins:/home/kevo/ws_moveit2/install/moveit_simple_controller_manager:/home/kevo/ws_moveit2/install/moveit_setup_assistant:/home/kevo/ws_moveit2/install/moveit_setup_srdf_plugins:/home/kevo/ws_moveit2/install/moveit_setup_core_plugins:/home/kevo/ws_moveit2/install/moveit_setup_controllers:/home/kevo/ws_moveit2/install/moveit_setup_app_plugins:/home/kevo/ws_moveit2/install/moveit_setup_framework:/home/kevo/ws_moveit2/install/moveit_servo:/home/kevo/ws_moveit2/install/moveit_ros:/home/kevo/ws_moveit2/install/moveit_ros_visualization:/home/kevo/ws_moveit2/install/moveit_hybrid_planning:/home/kevo/ws_moveit2/install/moveit_ros_planning_interface:/home/kevo/ws_moveit2/install/moveit_ros_benchmarks:/home/kevo/ws_moveit2/install/moveit_ros_warehouse:/home/kevo/ws_moveit2/install/moveit_ros_robot_interaction:/home/kevo/ws_moveit2/install/moveit_ros_perception:/home/kevo/ws_moveit2/install/moveit_resources_prbt_pg70_support:/home/kevo/ws_moveit2/install/moveit_resources_prbt_moveit_config:/home/kevo/ws_moveit2/install/moveit_ros_move_group:/home/kevo/ws_moveit2/install/moveit_planners_ompl:/home/kevo/ws_moveit2/install/moveit_ros_planning:/home/kevo/ws_moveit2/install/moveit_ros_occupancy_map_monitor:/home/kevo/ws_moveit2/install/moveit_resources_prbt_ikfast_manipulator_plugin:/home/kevo/ws_moveit2/install/moveit_planners_chomp:/home/kevo/ws_moveit2/install/moveit_kinematics:/home/kevo/ws_moveit2/install/moveit_chomp_optimizer_adapter:/home/kevo/ws_moveit2/install/chomp_motion_planner:/home/kevo/ws_moveit2/install/moveit_core:/home/kevo/ws_moveit2/install/srdfdom:/home/kevo/ws_moveit2/install/rviz_marker_tools:/home/kevo/ws_moveit2/install/rosparam_shortcuts:/home/kevo/ws_moveit2/install/moveit_task_constructor_msgs:/home/kevo/ws_moveit2/install/moveit_resources_prbt_support:/home/kevo/ws_moveit2/install/moveit_resources:/home/kevo/ws_moveit2/install/moveit_resources_pr2_description:/home/kevo/ws_moveit2/install/moveit_resources_panda_moveit_config:/home/kevo/ws_moveit2/install/moveit_resources_panda_description:/home/kevo/ws_moveit2/install/moveit_resources_fanuc_moveit_config:/home/kevo/ws_moveit2/install/moveit_resources_fanuc_description:/home/kevo/ws_moveit2/install/moveit_common:/home/kevo/ros_ws/src/ai_based_sorting_robot_arm/install/robotic_arm_custom_nodes:/home/kevo/ros2_ws/install/rqt_joint_trajectory_controller:/home/kevo/ros2_ws/install/rqt_controller_manager:/home/kevo/ros2_ws/install/ros2controlcli:/home/kevo/ros2_ws/install/ros2_controllers_test_nodes:/home/kevo/ws_moveit2/install/moveit_configs_utils:/home/kevo/ws_moveit2/install/launch_param_builder:/opt/ros/humble /usr/bin/cmake --build /home/kevo/ros_ws/src/ai_based_sorting_robot_arm/build/robotic_arm_kinematics -- -j8 -l8
[9.474s] DEBUG:colcon.colcon_core.event_handler.log_command:Invoked command in '/home/kevo/ros_ws/src/ai_based_sorting_robot_arm/build/robotic_arm_kinematics' returned '0': CMAKE_PREFIX_PATH=/home/kevo/ros_ws/src/ai_based_sorting_robot_arm/install/robotic_arm_description:/home/kevo/ros_ws/src/ai_based_sorting_robot_arm/install/robotic_arm_msgs:/home/kevo/ros_ws/src/ai_based_sorting_robot_arm/install/robotic_arm_moveit_config:/home/kevo/ros_ws/src/ai_based_sorting_robot_arm/install/robotic_arm_kinematics:/home/kevo/ros_ws/src/ai_based_sorting_robot_arm/install/robotic_arm_firmware:/home/kevo/ros_ws/src/ai_based_sorting_robot_arm/install/robotic_arm_controllers:/home/kevo/ros_ws/src/ros_arm/install/ros_arm_moveit:/home/kevo/ros_ws/src/ros_arm/install/ros_arm_kdl:/home/kevo/ros_ws/src/ros_arm/install/ros_arm_bringup:/home/kevo/ros_ws/src/ros_arm/install/ros_arm_description:/home/kevo/ros_ws/src/ros_arm/install/new_bot:/home/kevo/ros_ws/src/ros_arm/install/my_bot:/home/kevo/ros_ws/src/ros_arm/install/hello_moveit:/home/kevo/ros_ws/src/ros_arm/install/diff_bot:/home/kevo/ros_ws/src/ros_arm/install/cpp_pubsub:/home/kevo/ros2_ws/install/gazebo_ros2_control_demos:/home/kevo/ros2_ws/install/ros2_controllers:/home/kevo/ros2_ws/install/velocity_controllers:/home/kevo/ros2_ws/install/tricycle_steering_controller:/home/kevo/ros2_ws/install/tricycle_controller:/home/kevo/ros2_ws/install/ros2_control_demos:/home/kevo/ros2_ws/install/ros2_control_demo_example_8:/home/kevo/ros2_ws/install/ros2_control:/home/kevo/ros2_ws/install/transmission_interface:/home/kevo/ros2_ws/install/bicycle_steering_controller:/home/kevo/ros2_ws/install/ackermann_steering_controller:/home/kevo/ros2_ws/install/steering_controllers_library:/home/kevo/ros2_ws/install/ros2_control_demo_example_9:/home/kevo/ros2_ws/install/ros2_control_demo_example_7:/home/kevo/ros2_ws/install/ros2_control_demo_example_6:/home/kevo/ros2_ws/install/ros2_control_demo_example_5:/home/kevo/ros2_ws/install/ros2_control_demo_example_4:/home/kevo/ros2_ws/install/ros2_control_demo_example_3:/home/kevo/ros2_ws/install/ros2_control_demo_example_2:/home/kevo/ros2_ws/install/ros2_control_demo_example_14:/home/kevo/ros2_ws/install/ros2_control_demo_example_10:/home/kevo/ros2_ws/install/ros2_control_demo_example_1:/home/kevo/ros2_ws/install/gazebo_ros2_control:/home/kevo/ros2_ws/install/controller_manager:/home/kevo/ros2_ws/install/ros2_control_test_assets:/home/kevo/ros2_ws/install/ros2_control_demo_description:/home/kevo/ros2_ws/install/range_sensor_broadcaster:/home/kevo/ros2_ws/install/position_controllers:/home/kevo/ros2_ws/install/admittance_controller:/home/kevo/ros2_ws/install/joint_trajectory_controller:/home/kevo/ros2_ws/install/joint_state_broadcaster:/home/kevo/ros2_ws/install/imu_sensor_broadcaster:/home/kevo/ros2_ws/install/gripper_controllers:/home/kevo/ros2_ws/install/effort_controllers:/home/kevo/ros2_ws/install/forward_command_controller:/home/kevo/ros2_ws/install/force_torque_sensor_broadcaster:/home/kevo/ros2_ws/install/diff_drive_controller:/home/kevo/ros2_ws/install/realtime_tools:/home/kevo/ros2_ws/install/joint_limits:/home/kevo/ros2_ws/install/controller_interface:/home/kevo/ros2_ws/install/hardware_interface:/home/kevo/ros2_ws/install/controller_manager_msgs:/home/kevo/ros2_ws/install/control_msgs:/home/kevo/ros_ws/src/rrbot_KDL_ws/install/rrbot_kdl:/home/kevo/ros_ws/src/rrbot_KDL_ws/install/kdl_control:/home/kevo/ws_moveit2/install/pilz_industrial_motion_planner_testutils:/home/kevo/ws_moveit2/install/panda_moveit_config:/home/kevo/ws_moveit2/install/moveit_runtime:/home/kevo/ws_moveit2/install/moveit2_tutorials:/home/kevo/ws_moveit2/install/moveit:/home/kevo/ws_moveit2/install/moveit_planners:/home/kevo/ws_moveit2/install/pilz_industrial_motion_planner:/home/kevo/ws_moveit2/install/mtc_tutorial:/home/kevo/ws_moveit2/install/moveit_visual_tools:/home/kevo/ws_moveit2/install/moveit_task_constructor_visualization:/home/kevo/ws_moveit2/install/moveit_task_constructor_demo:/home/kevo/ws_moveit2/install/moveit_task_constructor_capabilities:/home/kevo/ws_moveit2/install/moveit_task_constructor_core:/home/kevo/ws_moveit2/install/moveit_ros_control_interface:/home/kevo/ws_moveit2/install/moveit_plugins:/home/kevo/ws_moveit2/install/moveit_simple_controller_manager:/home/kevo/ws_moveit2/install/moveit_setup_assistant:/home/kevo/ws_moveit2/install/moveit_setup_srdf_plugins:/home/kevo/ws_moveit2/install/moveit_setup_core_plugins:/home/kevo/ws_moveit2/install/moveit_setup_controllers:/home/kevo/ws_moveit2/install/moveit_setup_app_plugins:/home/kevo/ws_moveit2/install/moveit_setup_framework:/home/kevo/ws_moveit2/install/moveit_servo:/home/kevo/ws_moveit2/install/moveit_ros:/home/kevo/ws_moveit2/install/moveit_ros_visualization:/home/kevo/ws_moveit2/install/moveit_hybrid_planning:/home/kevo/ws_moveit2/install/moveit_ros_planning_interface:/home/kevo/ws_moveit2/install/moveit_ros_benchmarks:/home/kevo/ws_moveit2/install/moveit_ros_warehouse:/home/kevo/ws_moveit2/install/moveit_ros_robot_interaction:/home/kevo/ws_moveit2/install/moveit_ros_perception:/home/kevo/ws_moveit2/install/moveit_resources_prbt_pg70_support:/home/kevo/ws_moveit2/install/moveit_resources_prbt_moveit_config:/home/kevo/ws_moveit2/install/moveit_ros_move_group:/home/kevo/ws_moveit2/install/moveit_planners_ompl:/home/kevo/ws_moveit2/install/moveit_ros_planning:/home/kevo/ws_moveit2/install/moveit_ros_occupancy_map_monitor:/home/kevo/ws_moveit2/install/moveit_resources_prbt_ikfast_manipulator_plugin:/home/kevo/ws_moveit2/install/moveit_planners_chomp:/home/kevo/ws_moveit2/install/moveit_kinematics:/home/kevo/ws_moveit2/install/moveit_chomp_optimizer_adapter:/home/kevo/ws_moveit2/install/chomp_motion_planner:/home/kevo/ws_moveit2/install/moveit_core:/home/kevo/ws_moveit2/install/srdfdom:/home/kevo/ws_moveit2/install/rviz_marker_tools:/home/kevo/ws_moveit2/install/rosparam_shortcuts:/home/kevo/ws_moveit2/install/moveit_task_constructor_msgs:/home/kevo/ws_moveit2/install/moveit_resources_prbt_support:/home/kevo/ws_moveit2/install/moveit_resources:/home/kevo/ws_moveit2/install/moveit_resources_pr2_description:/home/kevo/ws_moveit2/install/moveit_resources_panda_moveit_config:/home/kevo/ws_moveit2/install/moveit_resources_panda_description:/home/kevo/ws_moveit2/install/moveit_resources_fanuc_moveit_config:/home/kevo/ws_moveit2/install/moveit_resources_fanuc_description:/home/kevo/ws_moveit2/install/moveit_common:/home/kevo/ros_ws/src/ai_based_sorting_robot_arm/install/robotic_arm_custom_nodes:/home/kevo/ros2_ws/install/rqt_joint_trajectory_controller:/home/kevo/ros2_ws/install/rqt_controller_manager:/home/kevo/ros2_ws/install/ros2controlcli:/home/kevo/ros2_ws/install/ros2_controllers_test_nodes:/home/kevo/ws_moveit2/install/moveit_configs_utils:/home/kevo/ws_moveit2/install/launch_param_builder:/opt/ros/humble /usr/bin/cmake --build /home/kevo/ros_ws/src/ai_based_sorting_robot_arm/build/robotic_arm_kinematics -- -j8 -l8
[9.539s] DEBUG:colcon.colcon_core.event_handler.log_command:Invoking command in '/home/kevo/ros_ws/src/ai_based_sorting_robot_arm/build/robotic_arm_kinematics': CMAKE_PREFIX_PATH=/home/kevo/ros_ws/src/ai_based_sorting_robot_arm/install/robotic_arm_description:/home/kevo/ros_ws/src/ai_based_sorting_robot_arm/install/robotic_arm_msgs:/home/kevo/ros_ws/src/ai_based_sorting_robot_arm/install/robotic_arm_moveit_config:/home/kevo/ros_ws/src/ai_based_sorting_robot_arm/install/robotic_arm_kinematics:/home/kevo/ros_ws/src/ai_based_sorting_robot_arm/install/robotic_arm_firmware:/home/kevo/ros_ws/src/ai_based_sorting_robot_arm/install/robotic_arm_controllers:/home/kevo/ros_ws/src/ros_arm/install/ros_arm_moveit:/home/kevo/ros_ws/src/ros_arm/install/ros_arm_kdl:/home/kevo/ros_ws/src/ros_arm/install/ros_arm_bringup:/home/kevo/ros_ws/src/ros_arm/install/ros_arm_description:/home/kevo/ros_ws/src/ros_arm/install/new_bot:/home/kevo/ros_ws/src/ros_arm/install/my_bot:/home/kevo/ros_ws/src/ros_arm/install/hello_moveit:/home/kevo/ros_ws/src/ros_arm/install/diff_bot:/home/kevo/ros_ws/src/ros_arm/install/cpp_pubsub:/home/kevo/ros2_ws/install/gazebo_ros2_control_demos:/home/kevo/ros2_ws/install/ros2_controllers:/home/kevo/ros2_ws/install/velocity_controllers:/home/kevo/ros2_ws/install/tricycle_steering_controller:/home/kevo/ros2_ws/install/tricycle_controller:/home/kevo/ros2_ws/install/ros2_control_demos:/home/kevo/ros2_ws/install/ros2_control_demo_example_8:/home/kevo/ros2_ws/install/ros2_control:/home/kevo/ros2_ws/install/transmission_interface:/home/kevo/ros2_ws/install/bicycle_steering_controller:/home/kevo/ros2_ws/install/ackermann_steering_controller:/home/kevo/ros2_ws/install/steering_controllers_library:/home/kevo/ros2_ws/install/ros2_control_demo_example_9:/home/kevo/ros2_ws/install/ros2_control_demo_example_7:/home/kevo/ros2_ws/install/ros2_control_demo_example_6:/home/kevo/ros2_ws/install/ros2_control_demo_example_5:/home/kevo/ros2_ws/install/ros2_control_demo_example_4:/home/kevo/ros2_ws/install/ros2_control_demo_example_3:/home/kevo/ros2_ws/install/ros2_control_demo_example_2:/home/kevo/ros2_ws/install/ros2_control_demo_example_14:/home/kevo/ros2_ws/install/ros2_control_demo_example_10:/home/kevo/ros2_ws/install/ros2_control_demo_example_1:/home/kevo/ros2_ws/install/gazebo_ros2_control:/home/kevo/ros2_ws/install/controller_manager:/home/kevo/ros2_ws/install/ros2_control_test_assets:/home/kevo/ros2_ws/install/ros2_control_demo_description:/home/kevo/ros2_ws/install/range_sensor_broadcaster:/home/kevo/ros2_ws/install/position_controllers:/home/kevo/ros2_ws/install/admittance_controller:/home/kevo/ros2_ws/install/joint_trajectory_controller:/home/kevo/ros2_ws/install/joint_state_broadcaster:/home/kevo/ros2_ws/install/imu_sensor_broadcaster:/home/kevo/ros2_ws/install/gripper_controllers:/home/kevo/ros2_ws/install/effort_controllers:/home/kevo/ros2_ws/install/forward_command_controller:/home/kevo/ros2_ws/install/force_torque_sensor_broadcaster:/home/kevo/ros2_ws/install/diff_drive_controller:/home/kevo/ros2_ws/install/realtime_tools:/home/kevo/ros2_ws/install/joint_limits:/home/kevo/ros2_ws/install/controller_interface:/home/kevo/ros2_ws/install/hardware_interface:/home/kevo/ros2_ws/install/controller_manager_msgs:/home/kevo/ros2_ws/install/control_msgs:/home/kevo/ros_ws/src/rrbot_KDL_ws/install/rrbot_kdl:/home/kevo/ros_ws/src/rrbot_KDL_ws/install/kdl_control:/home/kevo/ws_moveit2/install/pilz_industrial_motion_planner_testutils:/home/kevo/ws_moveit2/install/panda_moveit_config:/home/kevo/ws_moveit2/install/moveit_runtime:/home/kevo/ws_moveit2/install/moveit2_tutorials:/home/kevo/ws_moveit2/install/moveit:/home/kevo/ws_moveit2/install/moveit_planners:/home/kevo/ws_moveit2/install/pilz_industrial_motion_planner:/home/kevo/ws_moveit2/install/mtc_tutorial:/home/kevo/ws_moveit2/install/moveit_visual_tools:/home/kevo/ws_moveit2/install/moveit_task_constructor_visualization:/home/kevo/ws_moveit2/install/moveit_task_constructor_demo:/home/kevo/ws_moveit2/install/moveit_task_constructor_capabilities:/home/kevo/ws_moveit2/install/moveit_task_constructor_core:/home/kevo/ws_moveit2/install/moveit_ros_control_interface:/home/kevo/ws_moveit2/install/moveit_plugins:/home/kevo/ws_moveit2/install/moveit_simple_controller_manager:/home/kevo/ws_moveit2/install/moveit_setup_assistant:/home/kevo/ws_moveit2/install/moveit_setup_srdf_plugins:/home/kevo/ws_moveit2/install/moveit_setup_core_plugins:/home/kevo/ws_moveit2/install/moveit_setup_controllers:/home/kevo/ws_moveit2/install/moveit_setup_app_plugins:/home/kevo/ws_moveit2/install/moveit_setup_framework:/home/kevo/ws_moveit2/install/moveit_servo:/home/kevo/ws_moveit2/install/moveit_ros:/home/kevo/ws_moveit2/install/moveit_ros_visualization:/home/kevo/ws_moveit2/install/moveit_hybrid_planning:/home/kevo/ws_moveit2/install/moveit_ros_planning_interface:/home/kevo/ws_moveit2/install/moveit_ros_benchmarks:/home/kevo/ws_moveit2/install/moveit_ros_warehouse:/home/kevo/ws_moveit2/install/moveit_ros_robot_interaction:/home/kevo/ws_moveit2/install/moveit_ros_perception:/home/kevo/ws_moveit2/install/moveit_resources_prbt_pg70_support:/home/kevo/ws_moveit2/install/moveit_resources_prbt_moveit_config:/home/kevo/ws_moveit2/install/moveit_ros_move_group:/home/kevo/ws_moveit2/install/moveit_planners_ompl:/home/kevo/ws_moveit2/install/moveit_ros_planning:/home/kevo/ws_moveit2/install/moveit_ros_occupancy_map_monitor:/home/kevo/ws_moveit2/install/moveit_resources_prbt_ikfast_manipulator_plugin:/home/kevo/ws_moveit2/install/moveit_planners_chomp:/home/kevo/ws_moveit2/install/moveit_kinematics:/home/kevo/ws_moveit2/install/moveit_chomp_optimizer_adapter:/home/kevo/ws_moveit2/install/chomp_motion_planner:/home/kevo/ws_moveit2/install/moveit_core:/home/kevo/ws_moveit2/install/srdfdom:/home/kevo/ws_moveit2/install/rviz_marker_tools:/home/kevo/ws_moveit2/install/rosparam_shortcuts:/home/kevo/ws_moveit2/install/moveit_task_constructor_msgs:/home/kevo/ws_moveit2/install/moveit_resources_prbt_support:/home/kevo/ws_moveit2/install/moveit_resources:/home/kevo/ws_moveit2/install/moveit_resources_pr2_description:/home/kevo/ws_moveit2/install/moveit_resources_panda_moveit_config:/home/kevo/ws_moveit2/install/moveit_resources_panda_description:/home/kevo/ws_moveit2/install/moveit_resources_fanuc_moveit_config:/home/kevo/ws_moveit2/install/moveit_resources_fanuc_description:/home/kevo/ws_moveit2/install/moveit_common:/home/kevo/ros_ws/src/ai_based_sorting_robot_arm/install/robotic_arm_custom_nodes:/home/kevo/ros2_ws/install/rqt_joint_trajectory_controller:/home/kevo/ros2_ws/install/rqt_controller_manager:/home/kevo/ros2_ws/install/ros2controlcli:/home/kevo/ros2_ws/install/ros2_controllers_test_nodes:/home/kevo/ws_moveit2/install/moveit_configs_utils:/home/kevo/ws_moveit2/install/launch_param_builder:/opt/ros/humble /usr/bin/cmake --install /home/kevo/ros_ws/src/ai_based_sorting_robot_arm/build/robotic_arm_kinematics
[9.555s] Level 1:colcon.colcon_core.environment:create_environment_scripts_only(robotic_arm_kinematics)
[9.556s] DEBUG:colcon.colcon_core.event_handler.log_command:Invoked command in '/home/kevo/ros_ws/src/ai_based_sorting_robot_arm/build/robotic_arm_kinematics' returned '0': CMAKE_PREFIX_PATH=/home/kevo/ros_ws/src/ai_based_sorting_robot_arm/install/robotic_arm_description:/home/kevo/ros_ws/src/ai_based_sorting_robot_arm/install/robotic_arm_msgs:/home/kevo/ros_ws/src/ai_based_sorting_robot_arm/install/robotic_arm_moveit_config:/home/kevo/ros_ws/src/ai_based_sorting_robot_arm/install/robotic_arm_kinematics:/home/kevo/ros_ws/src/ai_based_sorting_robot_arm/install/robotic_arm_firmware:/home/kevo/ros_ws/src/ai_based_sorting_robot_arm/install/robotic_arm_controllers:/home/kevo/ros_ws/src/ros_arm/install/ros_arm_moveit:/home/kevo/ros_ws/src/ros_arm/install/ros_arm_kdl:/home/kevo/ros_ws/src/ros_arm/install/ros_arm_bringup:/home/kevo/ros_ws/src/ros_arm/install/ros_arm_description:/home/kevo/ros_ws/src/ros_arm/install/new_bot:/home/kevo/ros_ws/src/ros_arm/install/my_bot:/home/kevo/ros_ws/src/ros_arm/install/hello_moveit:/home/kevo/ros_ws/src/ros_arm/install/diff_bot:/home/kevo/ros_ws/src/ros_arm/install/cpp_pubsub:/home/kevo/ros2_ws/install/gazebo_ros2_control_demos:/home/kevo/ros2_ws/install/ros2_controllers:/home/kevo/ros2_ws/install/velocity_controllers:/home/kevo/ros2_ws/install/tricycle_steering_controller:/home/kevo/ros2_ws/install/tricycle_controller:/home/kevo/ros2_ws/install/ros2_control_demos:/home/kevo/ros2_ws/install/ros2_control_demo_example_8:/home/kevo/ros2_ws/install/ros2_control:/home/kevo/ros2_ws/install/transmission_interface:/home/kevo/ros2_ws/install/bicycle_steering_controller:/home/kevo/ros2_ws/install/ackermann_steering_controller:/home/kevo/ros2_ws/install/steering_controllers_library:/home/kevo/ros2_ws/install/ros2_control_demo_example_9:/home/kevo/ros2_ws/install/ros2_control_demo_example_7:/home/kevo/ros2_ws/install/ros2_control_demo_example_6:/home/kevo/ros2_ws/install/ros2_control_demo_example_5:/home/kevo/ros2_ws/install/ros2_control_demo_example_4:/home/kevo/ros2_ws/install/ros2_control_demo_example_3:/home/kevo/ros2_ws/install/ros2_control_demo_example_2:/home/kevo/ros2_ws/install/ros2_control_demo_example_14:/home/kevo/ros2_ws/install/ros2_control_demo_example_10:/home/kevo/ros2_ws/install/ros2_control_demo_example_1:/home/kevo/ros2_ws/install/gazebo_ros2_control:/home/kevo/ros2_ws/install/controller_manager:/home/kevo/ros2_ws/install/ros2_control_test_assets:/home/kevo/ros2_ws/install/ros2_control_demo_description:/home/kevo/ros2_ws/install/range_sensor_broadcaster:/home/kevo/ros2_ws/install/position_controllers:/home/kevo/ros2_ws/install/admittance_controller:/home/kevo/ros2_ws/install/joint_trajectory_controller:/home/kevo/ros2_ws/install/joint_state_broadcaster:/home/kevo/ros2_ws/install/imu_sensor_broadcaster:/home/kevo/ros2_ws/install/gripper_controllers:/home/kevo/ros2_ws/install/effort_controllers:/home/kevo/ros2_ws/install/forward_command_controller:/home/kevo/ros2_ws/install/force_torque_sensor_broadcaster:/home/kevo/ros2_ws/install/diff_drive_controller:/home/kevo/ros2_ws/install/realtime_tools:/home/kevo/ros2_ws/install/joint_limits:/home/kevo/ros2_ws/install/controller_interface:/home/kevo/ros2_ws/install/hardware_interface:/home/kevo/ros2_ws/install/controller_manager_msgs:/home/kevo/ros2_ws/install/control_msgs:/home/kevo/ros_ws/src/rrbot_KDL_ws/install/rrbot_kdl:/home/kevo/ros_ws/src/rrbot_KDL_ws/install/kdl_control:/home/kevo/ws_moveit2/install/pilz_industrial_motion_planner_testutils:/home/kevo/ws_moveit2/install/panda_moveit_config:/home/kevo/ws_moveit2/install/moveit_runtime:/home/kevo/ws_moveit2/install/moveit2_tutorials:/home/kevo/ws_moveit2/install/moveit:/home/kevo/ws_moveit2/install/moveit_planners:/home/kevo/ws_moveit2/install/pilz_industrial_motion_planner:/home/kevo/ws_moveit2/install/mtc_tutorial:/home/kevo/ws_moveit2/install/moveit_visual_tools:/home/kevo/ws_moveit2/install/moveit_task_constructor_visualization:/home/kevo/ws_moveit2/install/moveit_task_constructor_demo:/home/kevo/ws_moveit2/install/moveit_task_constructor_capabilities:/home/kevo/ws_moveit2/install/moveit_task_constructor_core:/home/kevo/ws_moveit2/install/moveit_ros_control_interface:/home/kevo/ws_moveit2/install/moveit_plugins:/home/kevo/ws_moveit2/install/moveit_simple_controller_manager:/home/kevo/ws_moveit2/install/moveit_setup_assistant:/home/kevo/ws_moveit2/install/moveit_setup_srdf_plugins:/home/kevo/ws_moveit2/install/moveit_setup_core_plugins:/home/kevo/ws_moveit2/install/moveit_setup_controllers:/home/kevo/ws_moveit2/install/moveit_setup_app_plugins:/home/kevo/ws_moveit2/install/moveit_setup_framework:/home/kevo/ws_moveit2/install/moveit_servo:/home/kevo/ws_moveit2/install/moveit_ros:/home/kevo/ws_moveit2/install/moveit_ros_visualization:/home/kevo/ws_moveit2/install/moveit_hybrid_planning:/home/kevo/ws_moveit2/install/moveit_ros_planning_interface:/home/kevo/ws_moveit2/install/moveit_ros_benchmarks:/home/kevo/ws_moveit2/install/moveit_ros_warehouse:/home/kevo/ws_moveit2/install/moveit_ros_robot_interaction:/home/kevo/ws_moveit2/install/moveit_ros_perception:/home/kevo/ws_moveit2/install/moveit_resources_prbt_pg70_support:/home/kevo/ws_moveit2/install/moveit_resources_prbt_moveit_config:/home/kevo/ws_moveit2/install/moveit_ros_move_group:/home/kevo/ws_moveit2/install/moveit_planners_ompl:/home/kevo/ws_moveit2/install/moveit_ros_planning:/home/kevo/ws_moveit2/install/moveit_ros_occupancy_map_monitor:/home/kevo/ws_moveit2/install/moveit_resources_prbt_ikfast_manipulator_plugin:/home/kevo/ws_moveit2/install/moveit_planners_chomp:/home/kevo/ws_moveit2/install/moveit_kinematics:/home/kevo/ws_moveit2/install/moveit_chomp_optimizer_adapter:/home/kevo/ws_moveit2/install/chomp_motion_planner:/home/kevo/ws_moveit2/install/moveit_core:/home/kevo/ws_moveit2/install/srdfdom:/home/kevo/ws_moveit2/install/rviz_marker_tools:/home/kevo/ws_moveit2/install/rosparam_shortcuts:/home/kevo/ws_moveit2/install/moveit_task_constructor_msgs:/home/kevo/ws_moveit2/install/moveit_resources_prbt_support:/home/kevo/ws_moveit2/install/moveit_resources:/home/kevo/ws_moveit2/install/moveit_resources_pr2_description:/home/kevo/ws_moveit2/install/moveit_resources_panda_moveit_config:/home/kevo/ws_moveit2/install/moveit_resources_panda_description:/home/kevo/ws_moveit2/install/moveit_resources_fanuc_moveit_config:/home/kevo/ws_moveit2/install/moveit_resources_fanuc_description:/home/kevo/ws_moveit2/install/moveit_common:/home/kevo/ros_ws/src/ai_based_sorting_robot_arm/install/robotic_arm_custom_nodes:/home/kevo/ros2_ws/install/rqt_joint_trajectory_controller:/home/kevo/ros2_ws/install/rqt_controller_manager:/home/kevo/ros2_ws/install/ros2controlcli:/home/kevo/ros2_ws/install/ros2_controllers_test_nodes:/home/kevo/ws_moveit2/install/moveit_configs_utils:/home/kevo/ws_moveit2/install/launch_param_builder:/opt/ros/humble /usr/bin/cmake --install /home/kevo/ros_ws/src/ai_based_sorting_robot_arm/build/robotic_arm_kinematics
[9.575s] Level 1:colcon.colcon_core.environment:checking '/home/kevo/ros_ws/src/ai_based_sorting_robot_arm/install/robotic_arm_kinematics' for CMake module files
[9.575s] Level 1:colcon.colcon_core.environment:checking '/home/kevo/ros_ws/src/ai_based_sorting_robot_arm/install/robotic_arm_kinematics' for CMake config files
[9.576s] Level 1:colcon.colcon_core.shell:create_environment_hook('robotic_arm_kinematics', 'cmake_prefix_path')
[9.601s] INFO:colcon.colcon_core.shell:Creating environment hook '/home/kevo/ros_ws/src/ai_based_sorting_robot_arm/install/robotic_arm_kinematics/share/robotic_arm_kinematics/hook/cmake_prefix_path.ps1'
[9.604s] INFO:colcon.colcon_core.shell:Creating environment descriptor '/home/kevo/ros_ws/src/ai_based_sorting_robot_arm/install/robotic_arm_kinematics/share/robotic_arm_kinematics/hook/cmake_prefix_path.dsv'
[9.606s] INFO:colcon.colcon_core.shell:Creating environment hook '/home/kevo/ros_ws/src/ai_based_sorting_robot_arm/install/robotic_arm_kinematics/share/robotic_arm_kinematics/hook/cmake_prefix_path.sh'
[9.609s] Level 1:colcon.colcon_core.environment:checking '/home/kevo/ros_ws/src/ai_based_sorting_robot_arm/install/robotic_arm_kinematics/lib'
[9.609s] Level 1:colcon.colcon_core.environment:checking '/home/kevo/ros_ws/src/ai_based_sorting_robot_arm/install/robotic_arm_kinematics/bin'
[9.609s] Level 1:colcon.colcon_core.environment:checking '/home/kevo/ros_ws/src/ai_based_sorting_robot_arm/install/robotic_arm_kinematics/lib/pkgconfig/robotic_arm_kinematics.pc'
[9.610s] Level 1:colcon.colcon_core.environment:checking '/home/kevo/ros_ws/src/ai_based_sorting_robot_arm/install/robotic_arm_kinematics/lib/python3.10/site-packages'
[9.610s] Level 1:colcon.colcon_core.environment:checking '/home/kevo/ros_ws/src/ai_based_sorting_robot_arm/install/robotic_arm_kinematics/bin'
[9.627s] INFO:colcon.colcon_core.shell:Creating package script '/home/kevo/ros_ws/src/ai_based_sorting_robot_arm/install/robotic_arm_kinematics/share/robotic_arm_kinematics/package.ps1'
[9.628s] INFO:colcon.colcon_core.shell:Creating package descriptor '/home/kevo/ros_ws/src/ai_based_sorting_robot_arm/install/robotic_arm_kinematics/share/robotic_arm_kinematics/package.dsv'
[9.629s] INFO:colcon.colcon_core.shell:Creating package script '/home/kevo/ros_ws/src/ai_based_sorting_robot_arm/install/robotic_arm_kinematics/share/robotic_arm_kinematics/package.sh'
[9.630s] INFO:colcon.colcon_core.shell:Creating package script '/home/kevo/ros_ws/src/ai_based_sorting_robot_arm/install/robotic_arm_kinematics/share/robotic_arm_kinematics/package.bash'
[9.630s] INFO:colcon.colcon_core.shell:Creating package script '/home/kevo/ros_ws/src/ai_based_sorting_robot_arm/install/robotic_arm_kinematics/share/robotic_arm_kinematics/package.zsh'
[9.631s] Level 1:colcon.colcon_core.environment:create_file_with_runtime_dependencies(/home/kevo/ros_ws/src/ai_based_sorting_robot_arm/install/robotic_arm_kinematics/share/colcon-core/packages/robotic_arm_kinematics)
[9.702s] Level 1:colcon.colcon_core.environment:create_environment_scripts_only(robotic_arm_kinematics)
[9.721s] Level 1:colcon.colcon_core.environment:checking '/home/kevo/ros_ws/src/ai_based_sorting_robot_arm/install/robotic_arm_kinematics' for CMake module files
[9.721s] Level 1:colcon.colcon_core.environment:checking '/home/kevo/ros_ws/src/ai_based_sorting_robot_arm/install/robotic_arm_kinematics' for CMake config files
[9.721s] Level 1:colcon.colcon_core.shell:create_environment_hook('robotic_arm_kinematics', 'cmake_prefix_path')
[9.738s] INFO:colcon.colcon_core.shell:Creating environment hook '/home/kevo/ros_ws/src/ai_based_sorting_robot_arm/install/robotic_arm_kinematics/share/robotic_arm_kinematics/hook/cmake_prefix_path.ps1'
[9.738s] INFO:colcon.colcon_core.shell:Creating environment descriptor '/home/kevo/ros_ws/src/ai_based_sorting_robot_arm/install/robotic_arm_kinematics/share/robotic_arm_kinematics/hook/cmake_prefix_path.dsv'
[9.738s] INFO:colcon.colcon_core.shell:Creating environment hook '/home/kevo/ros_ws/src/ai_based_sorting_robot_arm/install/robotic_arm_kinematics/share/robotic_arm_kinematics/hook/cmake_prefix_path.sh'
[9.739s] Level 1:colcon.colcon_core.environment:checking '/home/kevo/ros_ws/src/ai_based_sorting_robot_arm/install/robotic_arm_kinematics/lib'
[9.739s] Level 1:colcon.colcon_core.environment:checking '/home/kevo/ros_ws/src/ai_based_sorting_robot_arm/install/robotic_arm_kinematics/bin'
[9.739s] Level 1:colcon.colcon_core.environment:checking '/home/kevo/ros_ws/src/ai_based_sorting_robot_arm/install/robotic_arm_kinematics/lib/pkgconfig/robotic_arm_kinematics.pc'
[9.739s] Level 1:colcon.colcon_core.environment:checking '/home/kevo/ros_ws/src/ai_based_sorting_robot_arm/install/robotic_arm_kinematics/lib/python3.10/site-packages'
[9.740s] Level 1:colcon.colcon_core.environment:checking '/home/kevo/ros_ws/src/ai_based_sorting_robot_arm/install/robotic_arm_kinematics/bin'
[9.758s] INFO:colcon.colcon_core.shell:Creating package script '/home/kevo/ros_ws/src/ai_based_sorting_robot_arm/install/robotic_arm_kinematics/share/robotic_arm_kinematics/package.ps1'
[9.758s] INFO:colcon.colcon_core.shell:Creating package descriptor '/home/kevo/ros_ws/src/ai_based_sorting_robot_arm/install/robotic_arm_kinematics/share/robotic_arm_kinematics/package.dsv'
[9.759s] INFO:colcon.colcon_core.shell:Creating package script '/home/kevo/ros_ws/src/ai_based_sorting_robot_arm/install/robotic_arm_kinematics/share/robotic_arm_kinematics/package.sh'
[9.759s] INFO:colcon.colcon_core.shell:Creating package script '/home/kevo/ros_ws/src/ai_based_sorting_robot_arm/install/robotic_arm_kinematics/share/robotic_arm_kinematics/package.bash'
[9.760s] INFO:colcon.colcon_core.shell:Creating package script '/home/kevo/ros_ws/src/ai_based_sorting_robot_arm/install/robotic_arm_kinematics/share/robotic_arm_kinematics/package.zsh'
[9.760s] Level 1:colcon.colcon_core.environment:create_file_with_runtime_dependencies(/home/kevo/ros_ws/src/ai_based_sorting_robot_arm/install/robotic_arm_kinematics/share/colcon-core/packages/robotic_arm_kinematics)
[9.761s] DEBUG:colcon.colcon_parallel_executor.executor.parallel:closing loop
[9.761s] DEBUG:colcon.colcon_parallel_executor.executor.parallel:loop closed
[9.761s] DEBUG:colcon.colcon_parallel_executor.executor.parallel:run_until_complete finished with '0'
[9.762s] DEBUG:colcon.colcon_core.event_reactor:joining thread
[9.853s] INFO:colcon.colcon_core.plugin_system:Skipping extension 'colcon_notification.desktop_notification.notify_send': Could not find 'notify-send'
[9.853s] INFO:colcon.colcon_core.plugin_system:Skipping extension 'colcon_notification.desktop_notification.terminal_notifier': Not used on non-Darwin systems
[9.853s] INFO:colcon.colcon_core.plugin_system:Skipping extension 'colcon_notification.desktop_notification.win32': Not used on non-Windows systems
[9.853s] INFO:colcon.colcon_notification.desktop_notification:Sending desktop notification using 'notify2'
[9.854s] DEBUG:colcon.colcon_notification.desktop_notification.notify2:Failed to initialize notify2: org.freedesktop.DBus.Error.ServiceUnknown: The name org.freedesktop.Notifications was not provided by any .service files
[9.854s] DEBUG:colcon.colcon_core.event_reactor:joined thread
[9.871s] INFO:colcon.colcon_core.shell:Creating prefix script '/home/kevo/ros_ws/src/ai_based_sorting_robot_arm/install/local_setup.ps1'
[9.873s] INFO:colcon.colcon_core.shell:Creating prefix util module '/home/kevo/ros_ws/src/ai_based_sorting_robot_arm/install/_local_setup_util_ps1.py'
[9.874s] INFO:colcon.colcon_core.shell:Creating prefix chain script '/home/kevo/ros_ws/src/ai_based_sorting_robot_arm/install/setup.ps1'
[9.894s] INFO:colcon.colcon_core.shell:Creating prefix script '/home/kevo/ros_ws/src/ai_based_sorting_robot_arm/install/local_setup.sh'
[9.895s] INFO:colcon.colcon_core.shell:Creating prefix util module '/home/kevo/ros_ws/src/ai_based_sorting_robot_arm/install/_local_setup_util_sh.py'
[9.895s] INFO:colcon.colcon_core.shell:Creating prefix chain script '/home/kevo/ros_ws/src/ai_based_sorting_robot_arm/install/setup.sh'
[9.920s] INFO:colcon.colcon_core.shell:Creating prefix script '/home/kevo/ros_ws/src/ai_based_sorting_robot_arm/install/local_setup.bash'
[9.920s] INFO:colcon.colcon_core.shell:Creating prefix chain script '/home/kevo/ros_ws/src/ai_based_sorting_robot_arm/install/setup.bash'
[9.956s] INFO:colcon.colcon_core.shell:Creating prefix script '/home/kevo/ros_ws/src/ai_based_sorting_robot_arm/install/local_setup.zsh'
[9.957s] INFO:colcon.colcon_core.shell:Creating prefix chain script '/home/kevo/ros_ws/src/ai_based_sorting_robot_arm/install/setup.zsh'
