[1.782s] DEBUG:colcon:Command line arguments: ['/usr/bin/colcon', 'build']
[1.783s] DEBUG:colcon:Parsed command line arguments: Namespace(log_base=None, log_level=None, verb_name='build', build_base='build', install_base='install', merge_install=False, symlink_install=False, test_result_base=None, continue_on_error=False, executor='parallel', parallel_workers=8, event_handlers=None, ignore_user_meta=False, metas=['./colcon.meta'], base_paths=['.'], packages_ignore=None, packages_ignore_regex=None, paths=None, packages_up_to=None, packages_up_to_regex=None, packages_above=None, packages_above_and_dependencies=None, packages_above_depth=None, packages_select_by_dep=None, packages_skip_by_dep=None, packages_skip_up_to=None, packages_select_build_failed=False, packages_skip_build_finished=False, packages_select_test_failures=False, packages_skip_test_passed=False, packages_select=None, packages_skip=None, packages_select_regex=None, packages_skip_regex=None, packages_start=None, packages_end=None, allow_overriding=[], cmake_args=None, cmake_target=None, cmake_target_skip_unavailable=False, cmake_clean_cache=False, cmake_clean_first=False, cmake_force_configure=False, ament_cmake_args=None, catkin_cmake_args=None, catkin_skip_building_tests=False, mixin_files=None, mixin=None, verb_parser=<colcon_mixin.mixin.mixin_argument.MixinArgumentDecorator object at 0x7f0821d58730>, verb_extension=<colcon_core.verb.build.BuildVerb object at 0x7f08221c1ed0>, main=<bound method BuildVerb.main of <colcon_core.verb.build.BuildVerb object at 0x7f08221c1ed0>>, mixin_verb=('build',))
[1.866s] Level 1:colcon.colcon_core.package_discovery:discover_packages(colcon_meta) check parameters
[1.866s] Level 1:colcon.colcon_core.package_discovery:discover_packages(recursive) check parameters
[1.866s] Level 1:colcon.colcon_core.package_discovery:discover_packages(ignore) check parameters
[1.866s] Level 1:colcon.colcon_core.package_discovery:discover_packages(path) check parameters
[1.866s] Level 1:colcon.colcon_core.package_discovery:discover_packages(colcon_meta) discover
[1.866s] Level 1:colcon.colcon_core.package_discovery:discover_packages(recursive) discover
[1.866s] INFO:colcon.colcon_core.package_discovery:Crawling recursively for packages in '/home/kevo/ros_ws/src/ai_based_sorting_robot_arm'
[1.866s] Level 1:colcon.colcon_core.package_identification:_identify(.) by extensions ['ignore', 'ignore_ament_install']
[1.866s] Level 1:colcon.colcon_core.package_identification:_identify(.) by extension 'ignore'
[1.867s] Level 1:colcon.colcon_core.package_identification:_identify(.) by extension 'ignore_ament_install'
[1.867s] Level 1:colcon.colcon_core.package_identification:_identify(.) by extensions ['colcon_pkg']
[1.867s] Level 1:colcon.colcon_core.package_identification:_identify(.) by extension 'colcon_pkg'
[1.867s] Level 1:colcon.colcon_core.package_identification:_identify(.) by extensions ['colcon_meta']
[1.867s] Level 1:colcon.colcon_core.package_identification:_identify(.) by extension 'colcon_meta'
[1.867s] Level 1:colcon.colcon_core.package_identification:_identify(.) by extensions ['ros']
[1.867s] Level 1:colcon.colcon_core.package_identification:_identify(.) by extension 'ros'
[1.884s] Level 1:colcon.colcon_core.package_identification:_identify(.) by extensions ['cmake', 'python']
[1.885s] Level 1:colcon.colcon_core.package_identification:_identify(.) by extension 'cmake'
[1.885s] Level 1:colcon.colcon_core.package_identification:_identify(.) by extension 'python'
[1.885s] Level 1:colcon.colcon_core.package_identification:_identify(.) by extensions ['python_setup_py']
[1.885s] Level 1:colcon.colcon_core.package_identification:_identify(.) by extension 'python_setup_py'
[1.885s] Level 1:colcon.colcon_core.package_identification:_identify(build) by extensions ['ignore', 'ignore_ament_install']
[1.886s] Level 1:colcon.colcon_core.package_identification:_identify(build) by extension 'ignore'
[1.886s] Level 1:colcon.colcon_core.package_identification:_identify(build) ignored
[1.886s] Level 1:colcon.colcon_core.package_identification:_identify(install) by extensions ['ignore', 'ignore_ament_install']
[1.886s] Level 1:colcon.colcon_core.package_identification:_identify(install) by extension 'ignore'
[1.886s] Level 1:colcon.colcon_core.package_identification:_identify(install) ignored
[1.887s] Level 1:colcon.colcon_core.package_identification:_identify(log) by extensions ['ignore', 'ignore_ament_install']
[1.887s] Level 1:colcon.colcon_core.package_identification:_identify(log) by extension 'ignore'
[1.887s] Level 1:colcon.colcon_core.package_identification:_identify(log) ignored
[1.887s] Level 1:colcon.colcon_core.package_identification:_identify(src) by extensions ['ignore', 'ignore_ament_install']
[1.887s] Level 1:colcon.colcon_core.package_identification:_identify(src) by extension 'ignore'
[1.887s] Level 1:colcon.colcon_core.package_identification:_identify(src) by extension 'ignore_ament_install'
[1.888s] Level 1:colcon.colcon_core.package_identification:_identify(src) by extensions ['colcon_pkg']
[1.888s] Level 1:colcon.colcon_core.package_identification:_identify(src) by extension 'colcon_pkg'
[1.888s] Level 1:colcon.colcon_core.package_identification:_identify(src) by extensions ['colcon_meta']
[1.888s] Level 1:colcon.colcon_core.package_identification:_identify(src) by extension 'colcon_meta'
[1.888s] Level 1:colcon.colcon_core.package_identification:_identify(src) by extensions ['ros']
[1.888s] Level 1:colcon.colcon_core.package_identification:_identify(src) by extension 'ros'
[1.888s] Level 1:colcon.colcon_core.package_identification:_identify(src) by extensions ['cmake', 'python']
[1.888s] Level 1:colcon.colcon_core.package_identification:_identify(src) by extension 'cmake'
[1.888s] Level 1:colcon.colcon_core.package_identification:_identify(src) by extension 'python'
[1.888s] Level 1:colcon.colcon_core.package_identification:_identify(src) by extensions ['python_setup_py']
[1.888s] Level 1:colcon.colcon_core.package_identification:_identify(src) by extension 'python_setup_py'
[1.889s] Level 1:colcon.colcon_core.package_identification:_identify(src/robotic_arm_controllers) by extensions ['ignore', 'ignore_ament_install']
[1.889s] Level 1:colcon.colcon_core.package_identification:_identify(src/robotic_arm_controllers) by extension 'ignore'
[1.889s] Level 1:colcon.colcon_core.package_identification:_identify(src/robotic_arm_controllers) by extension 'ignore_ament_install'
[1.889s] Level 1:colcon.colcon_core.package_identification:_identify(src/robotic_arm_controllers) by extensions ['colcon_pkg']
[1.889s] Level 1:colcon.colcon_core.package_identification:_identify(src/robotic_arm_controllers) by extension 'colcon_pkg'
[1.889s] Level 1:colcon.colcon_core.package_identification:_identify(src/robotic_arm_controllers) by extensions ['colcon_meta']
[1.889s] Level 1:colcon.colcon_core.package_identification:_identify(src/robotic_arm_controllers) by extension 'colcon_meta'
[1.889s] Level 1:colcon.colcon_core.package_identification:_identify(src/robotic_arm_controllers) by extensions ['ros']
[1.890s] Level 1:colcon.colcon_core.package_identification:_identify(src/robotic_arm_controllers) by extension 'ros'
[1.894s] DEBUG:colcon.colcon_core.package_identification:Package 'src/robotic_arm_controllers' with type 'ros.ament_cmake' and name 'robotic_arm_controllers'
[1.894s] Level 1:colcon.colcon_core.package_identification:_identify(src/robotic_arm_custom_nodes) by extensions ['ignore', 'ignore_ament_install']
[1.895s] Level 1:colcon.colcon_core.package_identification:_identify(src/robotic_arm_custom_nodes) by extension 'ignore'
[1.895s] Level 1:colcon.colcon_core.package_identification:_identify(src/robotic_arm_custom_nodes) by extension 'ignore_ament_install'
[1.895s] Level 1:colcon.colcon_core.package_identification:_identify(src/robotic_arm_custom_nodes) by extensions ['colcon_pkg']
[1.895s] Level 1:colcon.colcon_core.package_identification:_identify(src/robotic_arm_custom_nodes) by extension 'colcon_pkg'
[1.895s] Level 1:colcon.colcon_core.package_identification:_identify(src/robotic_arm_custom_nodes) by extensions ['colcon_meta']
[1.895s] Level 1:colcon.colcon_core.package_identification:_identify(src/robotic_arm_custom_nodes) by extension 'colcon_meta'
[1.895s] Level 1:colcon.colcon_core.package_identification:_identify(src/robotic_arm_custom_nodes) by extensions ['ros']
[1.895s] Level 1:colcon.colcon_core.package_identification:_identify(src/robotic_arm_custom_nodes) by extension 'ros'
[1.896s] DEBUG:colcon.colcon_core.package_identification:Package 'src/robotic_arm_custom_nodes' with type 'ros.ament_python' and name 'robotic_arm_custom_nodes'
[1.897s] Level 1:colcon.colcon_core.package_identification:_identify(src/robotic_arm_description) by extensions ['ignore', 'ignore_ament_install']
[1.897s] Level 1:colcon.colcon_core.package_identification:_identify(src/robotic_arm_description) by extension 'ignore'
[1.897s] Level 1:colcon.colcon_core.package_identification:_identify(src/robotic_arm_description) by extension 'ignore_ament_install'
[1.897s] Level 1:colcon.colcon_core.package_identification:_identify(src/robotic_arm_description) by extensions ['colcon_pkg']
[1.897s] Level 1:colcon.colcon_core.package_identification:_identify(src/robotic_arm_description) by extension 'colcon_pkg'
[1.898s] Level 1:colcon.colcon_core.package_identification:_identify(src/robotic_arm_description) by extensions ['colcon_meta']
[1.898s] Level 1:colcon.colcon_core.package_identification:_identify(src/robotic_arm_description) by extension 'colcon_meta'
[1.898s] Level 1:colcon.colcon_core.package_identification:_identify(src/robotic_arm_description) by extensions ['ros']
[1.898s] Level 1:colcon.colcon_core.package_identification:_identify(src/robotic_arm_description) by extension 'ros'
[1.899s] DEBUG:colcon.colcon_core.package_identification:Package 'src/robotic_arm_description' with type 'ros.ament_cmake' and name 'robotic_arm_description'
[1.899s] Level 1:colcon.colcon_core.package_identification:_identify(src/robotic_arm_kinematics) by extensions ['ignore', 'ignore_ament_install']
[1.899s] Level 1:colcon.colcon_core.package_identification:_identify(src/robotic_arm_kinematics) by extension 'ignore'
[1.899s] Level 1:colcon.colcon_core.package_identification:_identify(src/robotic_arm_kinematics) by extension 'ignore_ament_install'
[1.899s] Level 1:colcon.colcon_core.package_identification:_identify(src/robotic_arm_kinematics) by extensions ['colcon_pkg']
[1.899s] Level 1:colcon.colcon_core.package_identification:_identify(src/robotic_arm_kinematics) by extension 'colcon_pkg'
[1.900s] Level 1:colcon.colcon_core.package_identification:_identify(src/robotic_arm_kinematics) by extensions ['colcon_meta']
[1.900s] Level 1:colcon.colcon_core.package_identification:_identify(src/robotic_arm_kinematics) by extension 'colcon_meta'
[1.900s] Level 1:colcon.colcon_core.package_identification:_identify(src/robotic_arm_kinematics) by extensions ['ros']
[1.900s] Level 1:colcon.colcon_core.package_identification:_identify(src/robotic_arm_kinematics) by extension 'ros'
[1.902s] DEBUG:colcon.colcon_core.package_identification:Package 'src/robotic_arm_kinematics' with type 'ros.ament_cmake' and name 'robotic_arm_kinematics'
[1.902s] Level 1:colcon.colcon_core.package_discovery:discover_packages(recursive) using defaults
[1.902s] Level 1:colcon.colcon_core.package_discovery:discover_packages(ignore) discover
[1.903s] Level 1:colcon.colcon_core.package_discovery:discover_packages(ignore) using defaults
[1.903s] Level 1:colcon.colcon_core.package_discovery:discover_packages(path) discover
[1.903s] Level 1:colcon.colcon_core.package_discovery:discover_packages(path) using defaults
[2.034s] Level 1:colcon.colcon_core.package_discovery:discover_packages(prefix_path) check parameters
[2.034s] Level 1:colcon.colcon_core.package_discovery:discover_packages(prefix_path) discover
[2.085s] DEBUG:colcon.colcon_installed_package_information.package_discovery:Found 7 installed packages in /home/kevo/ros_ws/src/ai_based_sorting_robot_arm/install
[2.105s] DEBUG:colcon.colcon_installed_package_information.package_discovery:Found 57 installed packages in /home/kevo/ws_moveit2/install
[2.123s] DEBUG:colcon.colcon_installed_package_information.package_discovery:Found 376 installed packages in /opt/ros/humble
[2.126s] Level 1:colcon.colcon_core.package_discovery:discover_packages(prefix_path) using defaults
[2.424s] WARNING:colcon.colcon_core.package_selection:Some selected packages are already built in one or more underlay workspaces:
	'robotic_arm_description' is in: /home/kevo/ros_ws/src/ai_based_sorting_robot_arm/install/robotic_arm_description
If a package in a merged underlay workspace is overridden and it installs headers, then all packages in the overlay must sort their include directories by workspace order. Failure to do so may result in build failures or undefined behavior at run time.
If the overridden package is used by another package in any underlay, then the overriding package in the overlay must be API and ABI compatible or undefined behavior at run time may occur.

If you understand the risks and want to override a package anyways, add the following to the command line:
	--allow-overriding robotic_arm_description

This may be promoted to an error in a future release of colcon-override-check.
[2.447s] Level 5:colcon.colcon_core.verb:set package 'robotic_arm_controllers' build argument 'cmake_args' from command line to 'None'
[2.447s] Level 5:colcon.colcon_core.verb:set package 'robotic_arm_controllers' build argument 'cmake_target' from command line to 'None'
[2.447s] Level 5:colcon.colcon_core.verb:set package 'robotic_arm_controllers' build argument 'cmake_target_skip_unavailable' from command line to 'False'
[2.447s] Level 5:colcon.colcon_core.verb:set package 'robotic_arm_controllers' build argument 'cmake_clean_cache' from command line to 'False'
[2.447s] Level 5:colcon.colcon_core.verb:set package 'robotic_arm_controllers' build argument 'cmake_clean_first' from command line to 'False'
[2.447s] Level 5:colcon.colcon_core.verb:set package 'robotic_arm_controllers' build argument 'cmake_force_configure' from command line to 'False'
[2.447s] Level 5:colcon.colcon_core.verb:set package 'robotic_arm_controllers' build argument 'ament_cmake_args' from command line to 'None'
[2.447s] Level 5:colcon.colcon_core.verb:set package 'robotic_arm_controllers' build argument 'catkin_cmake_args' from command line to 'None'
[2.447s] Level 5:colcon.colcon_core.verb:set package 'robotic_arm_controllers' build argument 'catkin_skip_building_tests' from command line to 'False'
[2.447s] DEBUG:colcon.colcon_core.verb:Building package 'robotic_arm_controllers' with the following arguments: {'ament_cmake_args': None, 'build_base': '/home/kevo/ros_ws/src/ai_based_sorting_robot_arm/build/robotic_arm_controllers', 'catkin_cmake_args': None, 'catkin_skip_building_tests': False, 'cmake_args': None, 'cmake_clean_cache': False, 'cmake_clean_first': False, 'cmake_force_configure': False, 'cmake_target': None, 'cmake_target_skip_unavailable': False, 'install_base': '/home/kevo/ros_ws/src/ai_based_sorting_robot_arm/install/robotic_arm_controllers', 'merge_install': False, 'path': '/home/kevo/ros_ws/src/ai_based_sorting_robot_arm/src/robotic_arm_controllers', 'symlink_install': False, 'test_result_base': None}
[2.476s] Level 5:colcon.colcon_core.verb:set package 'robotic_arm_custom_nodes' build argument 'cmake_args' from command line to 'None'
[2.476s] Level 5:colcon.colcon_core.verb:set package 'robotic_arm_custom_nodes' build argument 'cmake_target' from command line to 'None'
[2.476s] Level 5:colcon.colcon_core.verb:set package 'robotic_arm_custom_nodes' build argument 'cmake_target_skip_unavailable' from command line to 'False'
[2.476s] Level 5:colcon.colcon_core.verb:set package 'robotic_arm_custom_nodes' build argument 'cmake_clean_cache' from command line to 'False'
[2.476s] Level 5:colcon.colcon_core.verb:set package 'robotic_arm_custom_nodes' build argument 'cmake_clean_first' from command line to 'False'
[2.476s] Level 5:colcon.colcon_core.verb:set package 'robotic_arm_custom_nodes' build argument 'cmake_force_configure' from command line to 'False'
[2.477s] Level 5:colcon.colcon_core.verb:set package 'robotic_arm_custom_nodes' build argument 'ament_cmake_args' from command line to 'None'
[2.477s] Level 5:colcon.colcon_core.verb:set package 'robotic_arm_custom_nodes' build argument 'catkin_cmake_args' from command line to 'None'
[2.477s] Level 5:colcon.colcon_core.verb:set package 'robotic_arm_custom_nodes' build argument 'catkin_skip_building_tests' from command line to 'False'
[2.477s] DEBUG:colcon.colcon_core.verb:Building package 'robotic_arm_custom_nodes' with the following arguments: {'ament_cmake_args': None, 'build_base': '/home/kevo/ros_ws/src/ai_based_sorting_robot_arm/build/robotic_arm_custom_nodes', 'catkin_cmake_args': None, 'catkin_skip_building_tests': False, 'cmake_args': None, 'cmake_clean_cache': False, 'cmake_clean_first': False, 'cmake_force_configure': False, 'cmake_target': None, 'cmake_target_skip_unavailable': False, 'install_base': '/home/kevo/ros_ws/src/ai_based_sorting_robot_arm/install/robotic_arm_custom_nodes', 'merge_install': False, 'path': '/home/kevo/ros_ws/src/ai_based_sorting_robot_arm/src/robotic_arm_custom_nodes', 'symlink_install': False, 'test_result_base': None}
[2.502s] Level 5:colcon.colcon_core.verb:set package 'robotic_arm_description' build argument 'cmake_args' from command line to 'None'
[2.502s] Level 5:colcon.colcon_core.verb:set package 'robotic_arm_description' build argument 'cmake_target' from command line to 'None'
[2.502s] Level 5:colcon.colcon_core.verb:set package 'robotic_arm_description' build argument 'cmake_target_skip_unavailable' from command line to 'False'
[2.502s] Level 5:colcon.colcon_core.verb:set package 'robotic_arm_description' build argument 'cmake_clean_cache' from command line to 'False'
[2.502s] Level 5:colcon.colcon_core.verb:set package 'robotic_arm_description' build argument 'cmake_clean_first' from command line to 'False'
[2.502s] Level 5:colcon.colcon_core.verb:set package 'robotic_arm_description' build argument 'cmake_force_configure' from command line to 'False'
[2.502s] Level 5:colcon.colcon_core.verb:set package 'robotic_arm_description' build argument 'ament_cmake_args' from command line to 'None'
[2.502s] Level 5:colcon.colcon_core.verb:set package 'robotic_arm_description' build argument 'catkin_cmake_args' from command line to 'None'
[2.502s] Level 5:colcon.colcon_core.verb:set package 'robotic_arm_description' build argument 'catkin_skip_building_tests' from command line to 'False'
[2.502s] DEBUG:colcon.colcon_core.verb:Building package 'robotic_arm_description' with the following arguments: {'ament_cmake_args': None, 'build_base': '/home/kevo/ros_ws/src/ai_based_sorting_robot_arm/build/robotic_arm_description', 'catkin_cmake_args': None, 'catkin_skip_building_tests': False, 'cmake_args': None, 'cmake_clean_cache': False, 'cmake_clean_first': False, 'cmake_force_configure': False, 'cmake_target': None, 'cmake_target_skip_unavailable': False, 'install_base': '/home/kevo/ros_ws/src/ai_based_sorting_robot_arm/install/robotic_arm_description', 'merge_install': False, 'path': '/home/kevo/ros_ws/src/ai_based_sorting_robot_arm/src/robotic_arm_description', 'symlink_install': False, 'test_result_base': None}
[2.525s] Level 5:colcon.colcon_core.verb:set package 'robotic_arm_kinematics' build argument 'cmake_args' from command line to 'None'
[2.525s] Level 5:colcon.colcon_core.verb:set package 'robotic_arm_kinematics' build argument 'cmake_target' from command line to 'None'
[2.525s] Level 5:colcon.colcon_core.verb:set package 'robotic_arm_kinematics' build argument 'cmake_target_skip_unavailable' from command line to 'False'
[2.525s] Level 5:colcon.colcon_core.verb:set package 'robotic_arm_kinematics' build argument 'cmake_clean_cache' from command line to 'False'
[2.525s] Level 5:colcon.colcon_core.verb:set package 'robotic_arm_kinematics' build argument 'cmake_clean_first' from command line to 'False'
[2.526s] Level 5:colcon.colcon_core.verb:set package 'robotic_arm_kinematics' build argument 'cmake_force_configure' from command line to 'False'
[2.526s] Level 5:colcon.colcon_core.verb:set package 'robotic_arm_kinematics' build argument 'ament_cmake_args' from command line to 'None'
[2.526s] Level 5:colcon.colcon_core.verb:set package 'robotic_arm_kinematics' build argument 'catkin_cmake_args' from command line to 'None'
[2.526s] Level 5:colcon.colcon_core.verb:set package 'robotic_arm_kinematics' build argument 'catkin_skip_building_tests' from command line to 'False'
[2.526s] DEBUG:colcon.colcon_core.verb:Building package 'robotic_arm_kinematics' with the following arguments: {'ament_cmake_args': None, 'build_base': '/home/kevo/ros_ws/src/ai_based_sorting_robot_arm/build/robotic_arm_kinematics', 'catkin_cmake_args': None, 'catkin_skip_building_tests': False, 'cmake_args': None, 'cmake_clean_cache': False, 'cmake_clean_first': False, 'cmake_force_configure': False, 'cmake_target': None, 'cmake_target_skip_unavailable': False, 'install_base': '/home/kevo/ros_ws/src/ai_based_sorting_robot_arm/install/robotic_arm_kinematics', 'merge_install': False, 'path': '/home/kevo/ros_ws/src/ai_based_sorting_robot_arm/src/robotic_arm_kinematics', 'symlink_install': False, 'test_result_base': None}
[2.550s] INFO:colcon.colcon_core.executor:Executing jobs using 'parallel' executor
[2.583s] DEBUG:colcon.colcon_parallel_executor.executor.parallel:run_until_complete
[2.583s] INFO:colcon.colcon_ros.task.ament_cmake.build:Building ROS package in '/home/kevo/ros_ws/src/ai_based_sorting_robot_arm/src/robotic_arm_description' with build type 'ament_cmake'
[2.584s] INFO:colcon.colcon_cmake.task.cmake.build:Building CMake package in '/home/kevo/ros_ws/src/ai_based_sorting_robot_arm/src/robotic_arm_description'
[2.636s] INFO:colcon.colcon_core.plugin_system:Skipping extension 'colcon_core.shell.bat': Not used on non-Windows systems
[2.636s] INFO:colcon.colcon_core.shell:Skip shell extension 'powershell' for command environment: Not usable outside of PowerShell
[2.636s] DEBUG:colcon.colcon_core.shell:Skip shell extension 'dsv' for command environment
[2.727s] INFO:colcon.colcon_ros.task.ament_cmake.build:Building ROS package in '/home/kevo/ros_ws/src/ai_based_sorting_robot_arm/src/robotic_arm_controllers' with build type 'ament_cmake'
[2.728s] INFO:colcon.colcon_cmake.task.cmake.build:Building CMake package in '/home/kevo/ros_ws/src/ai_based_sorting_robot_arm/src/robotic_arm_controllers'
[2.752s] INFO:colcon.colcon_core.shell:Skip shell extension 'powershell' for command environment: Not usable outside of PowerShell
[2.752s] DEBUG:colcon.colcon_core.shell:Skip shell extension 'dsv' for command environment
[2.853s] INFO:colcon.colcon_ros.task.ament_python.build:Building ROS package in '/home/kevo/ros_ws/src/ai_based_sorting_robot_arm/src/robotic_arm_custom_nodes' with build type 'ament_python'
[2.853s] Level 1:colcon.colcon_core.shell:create_environment_hook('robotic_arm_custom_nodes', 'ament_prefix_path')
[2.877s] INFO:colcon.colcon_core.shell:Creating environment hook '/home/kevo/ros_ws/src/ai_based_sorting_robot_arm/install/robotic_arm_custom_nodes/share/robotic_arm_custom_nodes/hook/ament_prefix_path.ps1'
[2.879s] INFO:colcon.colcon_core.shell:Creating environment descriptor '/home/kevo/ros_ws/src/ai_based_sorting_robot_arm/install/robotic_arm_custom_nodes/share/robotic_arm_custom_nodes/hook/ament_prefix_path.dsv'
[2.880s] INFO:colcon.colcon_core.shell:Creating environment hook '/home/kevo/ros_ws/src/ai_based_sorting_robot_arm/install/robotic_arm_custom_nodes/share/robotic_arm_custom_nodes/hook/ament_prefix_path.sh'
[2.904s] INFO:colcon.colcon_core.shell:Skip shell extension 'powershell' for command environment: Not usable outside of PowerShell
[2.904s] DEBUG:colcon.colcon_core.shell:Skip shell extension 'dsv' for command environment
[3.022s] DEBUG:colcon.colcon_core.event_handler.log_command:Invoking command in '/home/kevo/ros_ws/src/ai_based_sorting_robot_arm/build/robotic_arm_description': CMAKE_PREFIX_PATH=${CMAKE_PREFIX_PATH}:/home/kevo/ros_ws/src/ai_based_sorting_robot_arm/install/robotic_arm_custom_nodes:/home/kevo/ws_moveit2/install/moveit_configs_utils:/home/kevo/ws_moveit2/install/launch_param_builder:/opt/ros/humble /usr/bin/cmake --build /home/kevo/ros_ws/src/ai_based_sorting_robot_arm/build/robotic_arm_description -- -j8 -l8
[3.037s] DEBUG:colcon.colcon_core.event_handler.log_command:Invoking command in '/home/kevo/ros_ws/src/ai_based_sorting_robot_arm/build/robotic_arm_controllers': CMAKE_PREFIX_PATH=${CMAKE_PREFIX_PATH}:/home/kevo/ros_ws/src/ai_based_sorting_robot_arm/install/robotic_arm_custom_nodes:/home/kevo/ws_moveit2/install/moveit_configs_utils:/home/kevo/ws_moveit2/install/launch_param_builder:/opt/ros/humble /usr/bin/cmake --build /home/kevo/ros_ws/src/ai_based_sorting_robot_arm/build/robotic_arm_controllers -- -j8 -l8
[3.411s] INFO:colcon.colcon_core.task.python.build:Building Python package in '/home/kevo/ros_ws/src/ai_based_sorting_robot_arm/src/robotic_arm_custom_nodes'
[3.437s] INFO:colcon.colcon_core.shell:Skip shell extension 'powershell' for command environment: Not usable outside of PowerShell
[3.437s] DEBUG:colcon.colcon_core.shell:Skip shell extension 'dsv' for command environment
[3.532s] DEBUG:colcon.colcon_core.event_handler.log_command:Invoked command in '/home/kevo/ros_ws/src/ai_based_sorting_robot_arm/build/robotic_arm_description' returned '0': CMAKE_PREFIX_PATH=${CMAKE_PREFIX_PATH}:/home/kevo/ros_ws/src/ai_based_sorting_robot_arm/install/robotic_arm_custom_nodes:/home/kevo/ws_moveit2/install/moveit_configs_utils:/home/kevo/ws_moveit2/install/launch_param_builder:/opt/ros/humble /usr/bin/cmake --build /home/kevo/ros_ws/src/ai_based_sorting_robot_arm/build/robotic_arm_description -- -j8 -l8
[3.539s] DEBUG:colcon.colcon_core.event_handler.log_command:Invoked command in '/home/kevo/ros_ws/src/ai_based_sorting_robot_arm/build/robotic_arm_controllers' returned '0': CMAKE_PREFIX_PATH=${CMAKE_PREFIX_PATH}:/home/kevo/ros_ws/src/ai_based_sorting_robot_arm/install/robotic_arm_custom_nodes:/home/kevo/ws_moveit2/install/moveit_configs_utils:/home/kevo/ws_moveit2/install/launch_param_builder:/opt/ros/humble /usr/bin/cmake --build /home/kevo/ros_ws/src/ai_based_sorting_robot_arm/build/robotic_arm_controllers -- -j8 -l8
[3.592s] DEBUG:colcon.colcon_core.event_handler.log_command:Invoking command in '/home/kevo/ros_ws/src/ai_based_sorting_robot_arm/build/robotic_arm_description': CMAKE_PREFIX_PATH=${CMAKE_PREFIX_PATH}:/home/kevo/ros_ws/src/ai_based_sorting_robot_arm/install/robotic_arm_custom_nodes:/home/kevo/ws_moveit2/install/moveit_configs_utils:/home/kevo/ws_moveit2/install/launch_param_builder:/opt/ros/humble /usr/bin/cmake --install /home/kevo/ros_ws/src/ai_based_sorting_robot_arm/build/robotic_arm_description
[3.596s] DEBUG:colcon.colcon_core.event_handler.log_command:Invoking command in '/home/kevo/ros_ws/src/ai_based_sorting_robot_arm/build/robotic_arm_controllers': CMAKE_PREFIX_PATH=${CMAKE_PREFIX_PATH}:/home/kevo/ros_ws/src/ai_based_sorting_robot_arm/install/robotic_arm_custom_nodes:/home/kevo/ws_moveit2/install/moveit_configs_utils:/home/kevo/ws_moveit2/install/launch_param_builder:/opt/ros/humble /usr/bin/cmake --install /home/kevo/ros_ws/src/ai_based_sorting_robot_arm/build/robotic_arm_controllers
[3.620s] Level 1:colcon.colcon_core.environment:create_environment_scripts_only(robotic_arm_description)
[3.641s] DEBUG:colcon.colcon_core.event_handler.log_command:Invoked command in '/home/kevo/ros_ws/src/ai_based_sorting_robot_arm/build/robotic_arm_description' returned '0': CMAKE_PREFIX_PATH=${CMAKE_PREFIX_PATH}:/home/kevo/ros_ws/src/ai_based_sorting_robot_arm/install/robotic_arm_custom_nodes:/home/kevo/ws_moveit2/install/moveit_configs_utils:/home/kevo/ws_moveit2/install/launch_param_builder:/opt/ros/humble /usr/bin/cmake --install /home/kevo/ros_ws/src/ai_based_sorting_robot_arm/build/robotic_arm_description
[3.684s] Level 1:colcon.colcon_core.environment:checking '/home/kevo/ros_ws/src/ai_based_sorting_robot_arm/install/robotic_arm_description' for CMake module files
[3.685s] Level 1:colcon.colcon_core.environment:checking '/home/kevo/ros_ws/src/ai_based_sorting_robot_arm/install/robotic_arm_description' for CMake config files
[3.686s] Level 1:colcon.colcon_core.shell:create_environment_hook('robotic_arm_description', 'cmake_prefix_path')
[3.708s] INFO:colcon.colcon_core.shell:Creating environment hook '/home/kevo/ros_ws/src/ai_based_sorting_robot_arm/install/robotic_arm_description/share/robotic_arm_description/hook/cmake_prefix_path.ps1'
[3.708s] INFO:colcon.colcon_core.shell:Creating environment descriptor '/home/kevo/ros_ws/src/ai_based_sorting_robot_arm/install/robotic_arm_description/share/robotic_arm_description/hook/cmake_prefix_path.dsv'
[3.709s] INFO:colcon.colcon_core.shell:Creating environment hook '/home/kevo/ros_ws/src/ai_based_sorting_robot_arm/install/robotic_arm_description/share/robotic_arm_description/hook/cmake_prefix_path.sh'
[3.710s] Level 1:colcon.colcon_core.environment:checking '/home/kevo/ros_ws/src/ai_based_sorting_robot_arm/install/robotic_arm_description/bin'
[3.710s] Level 1:colcon.colcon_core.environment:checking '/home/kevo/ros_ws/src/ai_based_sorting_robot_arm/install/robotic_arm_description/lib/pkgconfig/robotic_arm_description.pc'
[3.711s] Level 1:colcon.colcon_core.environment:checking '/home/kevo/ros_ws/src/ai_based_sorting_robot_arm/install/robotic_arm_description/lib/python3.10/site-packages'
[3.711s] Level 1:colcon.colcon_core.environment:checking '/home/kevo/ros_ws/src/ai_based_sorting_robot_arm/install/robotic_arm_description/bin'
[3.734s] INFO:colcon.colcon_core.shell:Creating package script '/home/kevo/ros_ws/src/ai_based_sorting_robot_arm/install/robotic_arm_description/share/robotic_arm_description/package.ps1'
[3.736s] INFO:colcon.colcon_core.shell:Creating package descriptor '/home/kevo/ros_ws/src/ai_based_sorting_robot_arm/install/robotic_arm_description/share/robotic_arm_description/package.dsv'
[3.737s] INFO:colcon.colcon_core.shell:Creating package script '/home/kevo/ros_ws/src/ai_based_sorting_robot_arm/install/robotic_arm_description/share/robotic_arm_description/package.sh'
[3.739s] INFO:colcon.colcon_core.shell:Creating package script '/home/kevo/ros_ws/src/ai_based_sorting_robot_arm/install/robotic_arm_description/share/robotic_arm_description/package.bash'
[3.741s] INFO:colcon.colcon_core.shell:Creating package script '/home/kevo/ros_ws/src/ai_based_sorting_robot_arm/install/robotic_arm_description/share/robotic_arm_description/package.zsh'
[3.742s] Level 1:colcon.colcon_core.environment:create_file_with_runtime_dependencies(/home/kevo/ros_ws/src/ai_based_sorting_robot_arm/install/robotic_arm_description/share/colcon-core/packages/robotic_arm_description)
[3.744s] Level 1:colcon.colcon_core.environment:create_environment_scripts_only(robotic_arm_controllers)
[3.746s] DEBUG:colcon.colcon_core.event_handler.log_command:Invoked command in '/home/kevo/ros_ws/src/ai_based_sorting_robot_arm/build/robotic_arm_controllers' returned '0': CMAKE_PREFIX_PATH=${CMAKE_PREFIX_PATH}:/home/kevo/ros_ws/src/ai_based_sorting_robot_arm/install/robotic_arm_custom_nodes:/home/kevo/ws_moveit2/install/moveit_configs_utils:/home/kevo/ws_moveit2/install/launch_param_builder:/opt/ros/humble /usr/bin/cmake --install /home/kevo/ros_ws/src/ai_based_sorting_robot_arm/build/robotic_arm_controllers
[3.771s] Level 1:colcon.colcon_core.environment:checking '/home/kevo/ros_ws/src/ai_based_sorting_robot_arm/install/robotic_arm_controllers' for CMake module files
[3.772s] Level 1:colcon.colcon_core.environment:checking '/home/kevo/ros_ws/src/ai_based_sorting_robot_arm/install/robotic_arm_controllers' for CMake config files
[3.772s] Level 1:colcon.colcon_core.shell:create_environment_hook('robotic_arm_controllers', 'cmake_prefix_path')
[3.796s] INFO:colcon.colcon_core.shell:Creating environment hook '/home/kevo/ros_ws/src/ai_based_sorting_robot_arm/install/robotic_arm_controllers/share/robotic_arm_controllers/hook/cmake_prefix_path.ps1'
[3.796s] INFO:colcon.colcon_core.shell:Creating environment descriptor '/home/kevo/ros_ws/src/ai_based_sorting_robot_arm/install/robotic_arm_controllers/share/robotic_arm_controllers/hook/cmake_prefix_path.dsv'
[3.797s] INFO:colcon.colcon_core.shell:Creating environment hook '/home/kevo/ros_ws/src/ai_based_sorting_robot_arm/install/robotic_arm_controllers/share/robotic_arm_controllers/hook/cmake_prefix_path.sh'
[3.798s] Level 1:colcon.colcon_core.environment:checking '/home/kevo/ros_ws/src/ai_based_sorting_robot_arm/install/robotic_arm_controllers/bin'
[3.798s] Level 1:colcon.colcon_core.environment:checking '/home/kevo/ros_ws/src/ai_based_sorting_robot_arm/install/robotic_arm_controllers/lib/pkgconfig/robotic_arm_controllers.pc'
[3.799s] Level 1:colcon.colcon_core.environment:checking '/home/kevo/ros_ws/src/ai_based_sorting_robot_arm/install/robotic_arm_controllers/lib/python3.10/site-packages'
[3.799s] Level 1:colcon.colcon_core.environment:checking '/home/kevo/ros_ws/src/ai_based_sorting_robot_arm/install/robotic_arm_controllers/bin'
[3.821s] INFO:colcon.colcon_core.shell:Creating package script '/home/kevo/ros_ws/src/ai_based_sorting_robot_arm/install/robotic_arm_controllers/share/robotic_arm_controllers/package.ps1'
[3.822s] INFO:colcon.colcon_core.shell:Creating package descriptor '/home/kevo/ros_ws/src/ai_based_sorting_robot_arm/install/robotic_arm_controllers/share/robotic_arm_controllers/package.dsv'
[3.823s] INFO:colcon.colcon_core.shell:Creating package script '/home/kevo/ros_ws/src/ai_based_sorting_robot_arm/install/robotic_arm_controllers/share/robotic_arm_controllers/package.sh'
[3.823s] INFO:colcon.colcon_core.shell:Creating package script '/home/kevo/ros_ws/src/ai_based_sorting_robot_arm/install/robotic_arm_controllers/share/robotic_arm_controllers/package.bash'
[3.824s] INFO:colcon.colcon_core.shell:Creating package script '/home/kevo/ros_ws/src/ai_based_sorting_robot_arm/install/robotic_arm_controllers/share/robotic_arm_controllers/package.zsh'
[3.824s] Level 1:colcon.colcon_core.environment:create_file_with_runtime_dependencies(/home/kevo/ros_ws/src/ai_based_sorting_robot_arm/install/robotic_arm_controllers/share/colcon-core/packages/robotic_arm_controllers)
[3.859s] Level 1:colcon.colcon_core.environment:create_environment_scripts_only(robotic_arm_description)
[3.883s] Level 1:colcon.colcon_core.environment:checking '/home/kevo/ros_ws/src/ai_based_sorting_robot_arm/install/robotic_arm_description' for CMake module files
[3.883s] Level 1:colcon.colcon_core.environment:checking '/home/kevo/ros_ws/src/ai_based_sorting_robot_arm/install/robotic_arm_description' for CMake config files
[3.884s] Level 1:colcon.colcon_core.shell:create_environment_hook('robotic_arm_description', 'cmake_prefix_path')
[3.905s] INFO:colcon.colcon_core.shell:Creating environment hook '/home/kevo/ros_ws/src/ai_based_sorting_robot_arm/install/robotic_arm_description/share/robotic_arm_description/hook/cmake_prefix_path.ps1'
[3.906s] INFO:colcon.colcon_core.shell:Creating environment descriptor '/home/kevo/ros_ws/src/ai_based_sorting_robot_arm/install/robotic_arm_description/share/robotic_arm_description/hook/cmake_prefix_path.dsv'
[3.907s] INFO:colcon.colcon_core.shell:Creating environment hook '/home/kevo/ros_ws/src/ai_based_sorting_robot_arm/install/robotic_arm_description/share/robotic_arm_description/hook/cmake_prefix_path.sh'
[3.908s] Level 1:colcon.colcon_core.environment:checking '/home/kevo/ros_ws/src/ai_based_sorting_robot_arm/install/robotic_arm_description/bin'
[3.908s] Level 1:colcon.colcon_core.environment:checking '/home/kevo/ros_ws/src/ai_based_sorting_robot_arm/install/robotic_arm_description/lib/pkgconfig/robotic_arm_description.pc'
[3.908s] Level 1:colcon.colcon_core.environment:checking '/home/kevo/ros_ws/src/ai_based_sorting_robot_arm/install/robotic_arm_description/lib/python3.10/site-packages'
[3.909s] Level 1:colcon.colcon_core.environment:checking '/home/kevo/ros_ws/src/ai_based_sorting_robot_arm/install/robotic_arm_description/bin'
[3.933s] INFO:colcon.colcon_core.shell:Creating package script '/home/kevo/ros_ws/src/ai_based_sorting_robot_arm/install/robotic_arm_description/share/robotic_arm_description/package.ps1'
[3.934s] INFO:colcon.colcon_core.shell:Creating package descriptor '/home/kevo/ros_ws/src/ai_based_sorting_robot_arm/install/robotic_arm_description/share/robotic_arm_description/package.dsv'
[3.935s] INFO:colcon.colcon_core.shell:Creating package script '/home/kevo/ros_ws/src/ai_based_sorting_robot_arm/install/robotic_arm_description/share/robotic_arm_description/package.sh'
[3.936s] INFO:colcon.colcon_core.shell:Creating package script '/home/kevo/ros_ws/src/ai_based_sorting_robot_arm/install/robotic_arm_description/share/robotic_arm_description/package.bash'
[3.936s] INFO:colcon.colcon_core.shell:Creating package script '/home/kevo/ros_ws/src/ai_based_sorting_robot_arm/install/robotic_arm_description/share/robotic_arm_description/package.zsh'
[3.937s] Level 1:colcon.colcon_core.environment:create_file_with_runtime_dependencies(/home/kevo/ros_ws/src/ai_based_sorting_robot_arm/install/robotic_arm_description/share/colcon-core/packages/robotic_arm_description)
[3.938s] INFO:colcon.colcon_ros.task.ament_cmake.build:Building ROS package in '/home/kevo/ros_ws/src/ai_based_sorting_robot_arm/src/robotic_arm_kinematics' with build type 'ament_cmake'
[3.938s] INFO:colcon.colcon_cmake.task.cmake.build:Building CMake package in '/home/kevo/ros_ws/src/ai_based_sorting_robot_arm/src/robotic_arm_kinematics'
[3.968s] INFO:colcon.colcon_core.shell:Skip shell extension 'powershell' for command environment: Not usable outside of PowerShell
[3.968s] DEBUG:colcon.colcon_core.shell:Skip shell extension 'dsv' for command environment
[4.145s] Level 1:colcon.colcon_core.environment:create_environment_scripts_only(robotic_arm_controllers)
[4.176s] Level 1:colcon.colcon_core.environment:checking '/home/kevo/ros_ws/src/ai_based_sorting_robot_arm/install/robotic_arm_controllers' for CMake module files
[4.177s] Level 1:colcon.colcon_core.environment:checking '/home/kevo/ros_ws/src/ai_based_sorting_robot_arm/install/robotic_arm_controllers' for CMake config files
[4.177s] Level 1:colcon.colcon_core.shell:create_environment_hook('robotic_arm_controllers', 'cmake_prefix_path')
[4.203s] INFO:colcon.colcon_core.shell:Creating environment hook '/home/kevo/ros_ws/src/ai_based_sorting_robot_arm/install/robotic_arm_controllers/share/robotic_arm_controllers/hook/cmake_prefix_path.ps1'
[4.204s] INFO:colcon.colcon_core.shell:Creating environment descriptor '/home/kevo/ros_ws/src/ai_based_sorting_robot_arm/install/robotic_arm_controllers/share/robotic_arm_controllers/hook/cmake_prefix_path.dsv'
[4.204s] INFO:colcon.colcon_core.shell:Creating environment hook '/home/kevo/ros_ws/src/ai_based_sorting_robot_arm/install/robotic_arm_controllers/share/robotic_arm_controllers/hook/cmake_prefix_path.sh'
[4.206s] Level 1:colcon.colcon_core.environment:checking '/home/kevo/ros_ws/src/ai_based_sorting_robot_arm/install/robotic_arm_controllers/bin'
[4.206s] Level 1:colcon.colcon_core.environment:checking '/home/kevo/ros_ws/src/ai_based_sorting_robot_arm/install/robotic_arm_controllers/lib/pkgconfig/robotic_arm_controllers.pc'
[4.206s] Level 1:colcon.colcon_core.environment:checking '/home/kevo/ros_ws/src/ai_based_sorting_robot_arm/install/robotic_arm_controllers/lib/python3.10/site-packages'
[4.207s] Level 1:colcon.colcon_core.environment:checking '/home/kevo/ros_ws/src/ai_based_sorting_robot_arm/install/robotic_arm_controllers/bin'
[4.233s] INFO:colcon.colcon_core.shell:Creating package script '/home/kevo/ros_ws/src/ai_based_sorting_robot_arm/install/robotic_arm_controllers/share/robotic_arm_controllers/package.ps1'
[4.234s] INFO:colcon.colcon_core.shell:Creating package descriptor '/home/kevo/ros_ws/src/ai_based_sorting_robot_arm/install/robotic_arm_controllers/share/robotic_arm_controllers/package.dsv'
[4.236s] INFO:colcon.colcon_core.shell:Creating package script '/home/kevo/ros_ws/src/ai_based_sorting_robot_arm/install/robotic_arm_controllers/share/robotic_arm_controllers/package.sh'
[4.237s] INFO:colcon.colcon_core.shell:Creating package script '/home/kevo/ros_ws/src/ai_based_sorting_robot_arm/install/robotic_arm_controllers/share/robotic_arm_controllers/package.bash'
[4.238s] INFO:colcon.colcon_core.shell:Creating package script '/home/kevo/ros_ws/src/ai_based_sorting_robot_arm/install/robotic_arm_controllers/share/robotic_arm_controllers/package.zsh'
[4.239s] Level 1:colcon.colcon_core.environment:create_file_with_runtime_dependencies(/home/kevo/ros_ws/src/ai_based_sorting_robot_arm/install/robotic_arm_controllers/share/colcon-core/packages/robotic_arm_controllers)
[4.250s] DEBUG:colcon.colcon_core.event_handler.log_command:Invoking command in '/home/kevo/ros_ws/src/ai_based_sorting_robot_arm/build/robotic_arm_kinematics': CMAKE_PREFIX_PATH=/home/kevo/ros_ws/src/ai_based_sorting_robot_arm/install/robotic_arm_description:/home/kevo/ros_ws/src/ai_based_sorting_robot_arm/install/robotic_arm_msgs:/home/kevo/ros_ws/src/ai_based_sorting_robot_arm/install/robotic_arm_moveit_config:/home/kevo/ros_ws/src/ai_based_sorting_robot_arm/install/robotic_arm_kinematics:/home/kevo/ros_ws/src/ai_based_sorting_robot_arm/install/robotic_arm_firmware:/home/kevo/ros_ws/src/ai_based_sorting_robot_arm/install/robotic_arm_controllers:/home/kevo/ws_moveit2/install/pilz_industrial_motion_planner_testutils:/home/kevo/ws_moveit2/install/panda_moveit_config:/home/kevo/ws_moveit2/install/moveit_runtime:/home/kevo/ws_moveit2/install/moveit2_tutorials:/home/kevo/ws_moveit2/install/moveit:/home/kevo/ws_moveit2/install/moveit_planners:/home/kevo/ws_moveit2/install/pilz_industrial_motion_planner:/home/kevo/ws_moveit2/install/mtc_tutorial:/home/kevo/ws_moveit2/install/moveit_visual_tools:/home/kevo/ws_moveit2/install/moveit_task_constructor_visualization:/home/kevo/ws_moveit2/install/moveit_task_constructor_demo:/home/kevo/ws_moveit2/install/moveit_task_constructor_capabilities:/home/kevo/ws_moveit2/install/moveit_task_constructor_core:/home/kevo/ws_moveit2/install/moveit_ros_control_interface:/home/kevo/ws_moveit2/install/moveit_plugins:/home/kevo/ws_moveit2/install/moveit_simple_controller_manager:/home/kevo/ws_moveit2/install/moveit_setup_assistant:/home/kevo/ws_moveit2/install/moveit_setup_srdf_plugins:/home/kevo/ws_moveit2/install/moveit_setup_core_plugins:/home/kevo/ws_moveit2/install/moveit_setup_controllers:/home/kevo/ws_moveit2/install/moveit_setup_app_plugins:/home/kevo/ws_moveit2/install/moveit_setup_framework:/home/kevo/ws_moveit2/install/moveit_servo:/home/kevo/ws_moveit2/install/moveit_ros:/home/kevo/ws_moveit2/install/moveit_ros_visualization:/home/kevo/ws_moveit2/install/moveit_hybrid_planning:/home/kevo/ws_moveit2/install/moveit_ros_planning_interface:/home/kevo/ws_moveit2/install/moveit_ros_benchmarks:/home/kevo/ws_moveit2/install/moveit_ros_warehouse:/home/kevo/ws_moveit2/install/moveit_ros_robot_interaction:/home/kevo/ws_moveit2/install/moveit_ros_perception:/home/kevo/ws_moveit2/install/moveit_resources_prbt_pg70_support:/home/kevo/ws_moveit2/install/moveit_resources_prbt_moveit_config:/home/kevo/ws_moveit2/install/moveit_ros_move_group:/home/kevo/ws_moveit2/install/moveit_planners_ompl:/home/kevo/ws_moveit2/install/moveit_ros_planning:/home/kevo/ws_moveit2/install/moveit_ros_occupancy_map_monitor:/home/kevo/ws_moveit2/install/moveit_resources_prbt_ikfast_manipulator_plugin:/home/kevo/ws_moveit2/install/moveit_planners_chomp:/home/kevo/ws_moveit2/install/moveit_kinematics:/home/kevo/ws_moveit2/install/moveit_chomp_optimizer_adapter:/home/kevo/ws_moveit2/install/chomp_motion_planner:/home/kevo/ws_moveit2/install/moveit_core:/home/kevo/ws_moveit2/install/srdfdom:/home/kevo/ws_moveit2/install/rviz_marker_tools:/home/kevo/ws_moveit2/install/rosparam_shortcuts:/home/kevo/ws_moveit2/install/moveit_task_constructor_msgs:/home/kevo/ws_moveit2/install/moveit_resources_prbt_support:/home/kevo/ws_moveit2/install/moveit_resources:/home/kevo/ws_moveit2/install/moveit_resources_pr2_description:/home/kevo/ws_moveit2/install/moveit_resources_panda_moveit_config:/home/kevo/ws_moveit2/install/moveit_resources_panda_description:/home/kevo/ws_moveit2/install/moveit_resources_fanuc_moveit_config:/home/kevo/ws_moveit2/install/moveit_resources_fanuc_description:/home/kevo/ws_moveit2/install/moveit_common:/home/kevo/ros_ws/src/ai_based_sorting_robot_arm/install/robotic_arm_custom_nodes:/home/kevo/ws_moveit2/install/moveit_configs_utils:/home/kevo/ws_moveit2/install/launch_param_builder:/opt/ros/humble /usr/bin/cmake --build /home/kevo/ros_ws/src/ai_based_sorting_robot_arm/build/robotic_arm_kinematics -- -j8 -l8
[4.422s] DEBUG:colcon.colcon_core.event_handler.log_command:Invoking command in '/home/kevo/ros_ws/src/ai_based_sorting_robot_arm/src/robotic_arm_custom_nodes': PYTHONPATH=/home/kevo/ros_ws/src/ai_based_sorting_robot_arm/build/robotic_arm_custom_nodes/prefix_override:/home/kevo/ros_ws/src/ai_based_sorting_robot_arm/install/robotic_arm_custom_nodes/lib/python3.10/site-packages:${PYTHONPATH} /usr/bin/python3 setup.py egg_info --egg-base ../../build/robotic_arm_custom_nodes build --build-base /home/kevo/ros_ws/src/ai_based_sorting_robot_arm/build/robotic_arm_custom_nodes/build install --record /home/kevo/ros_ws/src/ai_based_sorting_robot_arm/build/robotic_arm_custom_nodes/install.log --single-version-externally-managed
[4.896s] DEBUG:colcon.colcon_core.event_handler.log_command:Invoked command in '/home/kevo/ros_ws/src/ai_based_sorting_robot_arm/src/robotic_arm_custom_nodes' returned '0': PYTHONPATH=/home/kevo/ros_ws/src/ai_based_sorting_robot_arm/build/robotic_arm_custom_nodes/prefix_override:/home/kevo/ros_ws/src/ai_based_sorting_robot_arm/install/robotic_arm_custom_nodes/lib/python3.10/site-packages:${PYTHONPATH} /usr/bin/python3 setup.py egg_info --egg-base ../../build/robotic_arm_custom_nodes build --build-base /home/kevo/ros_ws/src/ai_based_sorting_robot_arm/build/robotic_arm_custom_nodes/build install --record /home/kevo/ros_ws/src/ai_based_sorting_robot_arm/build/robotic_arm_custom_nodes/install.log --single-version-externally-managed
[4.920s] Level 1:colcon.colcon_core.environment:checking '/home/kevo/ros_ws/src/ai_based_sorting_robot_arm/install/robotic_arm_custom_nodes' for CMake module files
[4.920s] Level 1:colcon.colcon_core.environment:checking '/home/kevo/ros_ws/src/ai_based_sorting_robot_arm/install/robotic_arm_custom_nodes' for CMake config files
[4.921s] Level 1:colcon.colcon_core.environment:checking '/home/kevo/ros_ws/src/ai_based_sorting_robot_arm/install/robotic_arm_custom_nodes/lib'
[4.921s] Level 1:colcon.colcon_core.environment:checking '/home/kevo/ros_ws/src/ai_based_sorting_robot_arm/install/robotic_arm_custom_nodes/bin'
[4.922s] Level 1:colcon.colcon_core.environment:checking '/home/kevo/ros_ws/src/ai_based_sorting_robot_arm/install/robotic_arm_custom_nodes/lib/pkgconfig/robotic_arm_custom_nodes.pc'
[4.922s] Level 1:colcon.colcon_core.environment:checking '/home/kevo/ros_ws/src/ai_based_sorting_robot_arm/install/robotic_arm_custom_nodes/lib/python3.10/site-packages'
[4.922s] Level 1:colcon.colcon_core.shell:create_environment_hook('robotic_arm_custom_nodes', 'pythonpath')
[4.950s] INFO:colcon.colcon_core.shell:Creating environment hook '/home/kevo/ros_ws/src/ai_based_sorting_robot_arm/install/robotic_arm_custom_nodes/share/robotic_arm_custom_nodes/hook/pythonpath.ps1'
[4.951s] INFO:colcon.colcon_core.shell:Creating environment descriptor '/home/kevo/ros_ws/src/ai_based_sorting_robot_arm/install/robotic_arm_custom_nodes/share/robotic_arm_custom_nodes/hook/pythonpath.dsv'
[4.951s] INFO:colcon.colcon_core.shell:Creating environment hook '/home/kevo/ros_ws/src/ai_based_sorting_robot_arm/install/robotic_arm_custom_nodes/share/robotic_arm_custom_nodes/hook/pythonpath.sh'
[4.952s] Level 1:colcon.colcon_core.environment:checking '/home/kevo/ros_ws/src/ai_based_sorting_robot_arm/install/robotic_arm_custom_nodes/bin'
[4.953s] Level 1:colcon.colcon_core.environment:create_environment_scripts_only(robotic_arm_custom_nodes)
[4.976s] INFO:colcon.colcon_core.shell:Creating package script '/home/kevo/ros_ws/src/ai_based_sorting_robot_arm/install/robotic_arm_custom_nodes/share/robotic_arm_custom_nodes/package.ps1'
[4.977s] INFO:colcon.colcon_core.shell:Creating package descriptor '/home/kevo/ros_ws/src/ai_based_sorting_robot_arm/install/robotic_arm_custom_nodes/share/robotic_arm_custom_nodes/package.dsv'
[4.978s] INFO:colcon.colcon_core.shell:Creating package script '/home/kevo/ros_ws/src/ai_based_sorting_robot_arm/install/robotic_arm_custom_nodes/share/robotic_arm_custom_nodes/package.sh'
[4.978s] INFO:colcon.colcon_core.shell:Creating package script '/home/kevo/ros_ws/src/ai_based_sorting_robot_arm/install/robotic_arm_custom_nodes/share/robotic_arm_custom_nodes/package.bash'
[4.979s] INFO:colcon.colcon_core.shell:Creating package script '/home/kevo/ros_ws/src/ai_based_sorting_robot_arm/install/robotic_arm_custom_nodes/share/robotic_arm_custom_nodes/package.zsh'
[4.979s] Level 1:colcon.colcon_core.environment:create_file_with_runtime_dependencies(/home/kevo/ros_ws/src/ai_based_sorting_robot_arm/install/robotic_arm_custom_nodes/share/colcon-core/packages/robotic_arm_custom_nodes)
[10.453s] DEBUG:colcon.colcon_core.event_handler.log_command:Invoked command in '/home/kevo/ros_ws/src/ai_based_sorting_robot_arm/build/robotic_arm_kinematics' returned '0': CMAKE_PREFIX_PATH=/home/kevo/ros_ws/src/ai_based_sorting_robot_arm/install/robotic_arm_description:/home/kevo/ros_ws/src/ai_based_sorting_robot_arm/install/robotic_arm_msgs:/home/kevo/ros_ws/src/ai_based_sorting_robot_arm/install/robotic_arm_moveit_config:/home/kevo/ros_ws/src/ai_based_sorting_robot_arm/install/robotic_arm_kinematics:/home/kevo/ros_ws/src/ai_based_sorting_robot_arm/install/robotic_arm_firmware:/home/kevo/ros_ws/src/ai_based_sorting_robot_arm/install/robotic_arm_controllers:/home/kevo/ws_moveit2/install/pilz_industrial_motion_planner_testutils:/home/kevo/ws_moveit2/install/panda_moveit_config:/home/kevo/ws_moveit2/install/moveit_runtime:/home/kevo/ws_moveit2/install/moveit2_tutorials:/home/kevo/ws_moveit2/install/moveit:/home/kevo/ws_moveit2/install/moveit_planners:/home/kevo/ws_moveit2/install/pilz_industrial_motion_planner:/home/kevo/ws_moveit2/install/mtc_tutorial:/home/kevo/ws_moveit2/install/moveit_visual_tools:/home/kevo/ws_moveit2/install/moveit_task_constructor_visualization:/home/kevo/ws_moveit2/install/moveit_task_constructor_demo:/home/kevo/ws_moveit2/install/moveit_task_constructor_capabilities:/home/kevo/ws_moveit2/install/moveit_task_constructor_core:/home/kevo/ws_moveit2/install/moveit_ros_control_interface:/home/kevo/ws_moveit2/install/moveit_plugins:/home/kevo/ws_moveit2/install/moveit_simple_controller_manager:/home/kevo/ws_moveit2/install/moveit_setup_assistant:/home/kevo/ws_moveit2/install/moveit_setup_srdf_plugins:/home/kevo/ws_moveit2/install/moveit_setup_core_plugins:/home/kevo/ws_moveit2/install/moveit_setup_controllers:/home/kevo/ws_moveit2/install/moveit_setup_app_plugins:/home/kevo/ws_moveit2/install/moveit_setup_framework:/home/kevo/ws_moveit2/install/moveit_servo:/home/kevo/ws_moveit2/install/moveit_ros:/home/kevo/ws_moveit2/install/moveit_ros_visualization:/home/kevo/ws_moveit2/install/moveit_hybrid_planning:/home/kevo/ws_moveit2/install/moveit_ros_planning_interface:/home/kevo/ws_moveit2/install/moveit_ros_benchmarks:/home/kevo/ws_moveit2/install/moveit_ros_warehouse:/home/kevo/ws_moveit2/install/moveit_ros_robot_interaction:/home/kevo/ws_moveit2/install/moveit_ros_perception:/home/kevo/ws_moveit2/install/moveit_resources_prbt_pg70_support:/home/kevo/ws_moveit2/install/moveit_resources_prbt_moveit_config:/home/kevo/ws_moveit2/install/moveit_ros_move_group:/home/kevo/ws_moveit2/install/moveit_planners_ompl:/home/kevo/ws_moveit2/install/moveit_ros_planning:/home/kevo/ws_moveit2/install/moveit_ros_occupancy_map_monitor:/home/kevo/ws_moveit2/install/moveit_resources_prbt_ikfast_manipulator_plugin:/home/kevo/ws_moveit2/install/moveit_planners_chomp:/home/kevo/ws_moveit2/install/moveit_kinematics:/home/kevo/ws_moveit2/install/moveit_chomp_optimizer_adapter:/home/kevo/ws_moveit2/install/chomp_motion_planner:/home/kevo/ws_moveit2/install/moveit_core:/home/kevo/ws_moveit2/install/srdfdom:/home/kevo/ws_moveit2/install/rviz_marker_tools:/home/kevo/ws_moveit2/install/rosparam_shortcuts:/home/kevo/ws_moveit2/install/moveit_task_constructor_msgs:/home/kevo/ws_moveit2/install/moveit_resources_prbt_support:/home/kevo/ws_moveit2/install/moveit_resources:/home/kevo/ws_moveit2/install/moveit_resources_pr2_description:/home/kevo/ws_moveit2/install/moveit_resources_panda_moveit_config:/home/kevo/ws_moveit2/install/moveit_resources_panda_description:/home/kevo/ws_moveit2/install/moveit_resources_fanuc_moveit_config:/home/kevo/ws_moveit2/install/moveit_resources_fanuc_description:/home/kevo/ws_moveit2/install/moveit_common:/home/kevo/ros_ws/src/ai_based_sorting_robot_arm/install/robotic_arm_custom_nodes:/home/kevo/ws_moveit2/install/moveit_configs_utils:/home/kevo/ws_moveit2/install/launch_param_builder:/opt/ros/humble /usr/bin/cmake --build /home/kevo/ros_ws/src/ai_based_sorting_robot_arm/build/robotic_arm_kinematics -- -j8 -l8
[10.518s] DEBUG:colcon.colcon_core.event_handler.log_command:Invoking command in '/home/kevo/ros_ws/src/ai_based_sorting_robot_arm/build/robotic_arm_kinematics': CMAKE_PREFIX_PATH=/home/kevo/ros_ws/src/ai_based_sorting_robot_arm/install/robotic_arm_description:/home/kevo/ros_ws/src/ai_based_sorting_robot_arm/install/robotic_arm_msgs:/home/kevo/ros_ws/src/ai_based_sorting_robot_arm/install/robotic_arm_moveit_config:/home/kevo/ros_ws/src/ai_based_sorting_robot_arm/install/robotic_arm_kinematics:/home/kevo/ros_ws/src/ai_based_sorting_robot_arm/install/robotic_arm_firmware:/home/kevo/ros_ws/src/ai_based_sorting_robot_arm/install/robotic_arm_controllers:/home/kevo/ws_moveit2/install/pilz_industrial_motion_planner_testutils:/home/kevo/ws_moveit2/install/panda_moveit_config:/home/kevo/ws_moveit2/install/moveit_runtime:/home/kevo/ws_moveit2/install/moveit2_tutorials:/home/kevo/ws_moveit2/install/moveit:/home/kevo/ws_moveit2/install/moveit_planners:/home/kevo/ws_moveit2/install/pilz_industrial_motion_planner:/home/kevo/ws_moveit2/install/mtc_tutorial:/home/kevo/ws_moveit2/install/moveit_visual_tools:/home/kevo/ws_moveit2/install/moveit_task_constructor_visualization:/home/kevo/ws_moveit2/install/moveit_task_constructor_demo:/home/kevo/ws_moveit2/install/moveit_task_constructor_capabilities:/home/kevo/ws_moveit2/install/moveit_task_constructor_core:/home/kevo/ws_moveit2/install/moveit_ros_control_interface:/home/kevo/ws_moveit2/install/moveit_plugins:/home/kevo/ws_moveit2/install/moveit_simple_controller_manager:/home/kevo/ws_moveit2/install/moveit_setup_assistant:/home/kevo/ws_moveit2/install/moveit_setup_srdf_plugins:/home/kevo/ws_moveit2/install/moveit_setup_core_plugins:/home/kevo/ws_moveit2/install/moveit_setup_controllers:/home/kevo/ws_moveit2/install/moveit_setup_app_plugins:/home/kevo/ws_moveit2/install/moveit_setup_framework:/home/kevo/ws_moveit2/install/moveit_servo:/home/kevo/ws_moveit2/install/moveit_ros:/home/kevo/ws_moveit2/install/moveit_ros_visualization:/home/kevo/ws_moveit2/install/moveit_hybrid_planning:/home/kevo/ws_moveit2/install/moveit_ros_planning_interface:/home/kevo/ws_moveit2/install/moveit_ros_benchmarks:/home/kevo/ws_moveit2/install/moveit_ros_warehouse:/home/kevo/ws_moveit2/install/moveit_ros_robot_interaction:/home/kevo/ws_moveit2/install/moveit_ros_perception:/home/kevo/ws_moveit2/install/moveit_resources_prbt_pg70_support:/home/kevo/ws_moveit2/install/moveit_resources_prbt_moveit_config:/home/kevo/ws_moveit2/install/moveit_ros_move_group:/home/kevo/ws_moveit2/install/moveit_planners_ompl:/home/kevo/ws_moveit2/install/moveit_ros_planning:/home/kevo/ws_moveit2/install/moveit_ros_occupancy_map_monitor:/home/kevo/ws_moveit2/install/moveit_resources_prbt_ikfast_manipulator_plugin:/home/kevo/ws_moveit2/install/moveit_planners_chomp:/home/kevo/ws_moveit2/install/moveit_kinematics:/home/kevo/ws_moveit2/install/moveit_chomp_optimizer_adapter:/home/kevo/ws_moveit2/install/chomp_motion_planner:/home/kevo/ws_moveit2/install/moveit_core:/home/kevo/ws_moveit2/install/srdfdom:/home/kevo/ws_moveit2/install/rviz_marker_tools:/home/kevo/ws_moveit2/install/rosparam_shortcuts:/home/kevo/ws_moveit2/install/moveit_task_constructor_msgs:/home/kevo/ws_moveit2/install/moveit_resources_prbt_support:/home/kevo/ws_moveit2/install/moveit_resources:/home/kevo/ws_moveit2/install/moveit_resources_pr2_description:/home/kevo/ws_moveit2/install/moveit_resources_panda_moveit_config:/home/kevo/ws_moveit2/install/moveit_resources_panda_description:/home/kevo/ws_moveit2/install/moveit_resources_fanuc_moveit_config:/home/kevo/ws_moveit2/install/moveit_resources_fanuc_description:/home/kevo/ws_moveit2/install/moveit_common:/home/kevo/ros_ws/src/ai_based_sorting_robot_arm/install/robotic_arm_custom_nodes:/home/kevo/ws_moveit2/install/moveit_configs_utils:/home/kevo/ws_moveit2/install/launch_param_builder:/opt/ros/humble /usr/bin/cmake --install /home/kevo/ros_ws/src/ai_based_sorting_robot_arm/build/robotic_arm_kinematics
[10.536s] Level 1:colcon.colcon_core.environment:create_environment_scripts_only(robotic_arm_kinematics)
[10.540s] DEBUG:colcon.colcon_core.event_handler.log_command:Invoked command in '/home/kevo/ros_ws/src/ai_based_sorting_robot_arm/build/robotic_arm_kinematics' returned '0': CMAKE_PREFIX_PATH=/home/kevo/ros_ws/src/ai_based_sorting_robot_arm/install/robotic_arm_description:/home/kevo/ros_ws/src/ai_based_sorting_robot_arm/install/robotic_arm_msgs:/home/kevo/ros_ws/src/ai_based_sorting_robot_arm/install/robotic_arm_moveit_config:/home/kevo/ros_ws/src/ai_based_sorting_robot_arm/install/robotic_arm_kinematics:/home/kevo/ros_ws/src/ai_based_sorting_robot_arm/install/robotic_arm_firmware:/home/kevo/ros_ws/src/ai_based_sorting_robot_arm/install/robotic_arm_controllers:/home/kevo/ws_moveit2/install/pilz_industrial_motion_planner_testutils:/home/kevo/ws_moveit2/install/panda_moveit_config:/home/kevo/ws_moveit2/install/moveit_runtime:/home/kevo/ws_moveit2/install/moveit2_tutorials:/home/kevo/ws_moveit2/install/moveit:/home/kevo/ws_moveit2/install/moveit_planners:/home/kevo/ws_moveit2/install/pilz_industrial_motion_planner:/home/kevo/ws_moveit2/install/mtc_tutorial:/home/kevo/ws_moveit2/install/moveit_visual_tools:/home/kevo/ws_moveit2/install/moveit_task_constructor_visualization:/home/kevo/ws_moveit2/install/moveit_task_constructor_demo:/home/kevo/ws_moveit2/install/moveit_task_constructor_capabilities:/home/kevo/ws_moveit2/install/moveit_task_constructor_core:/home/kevo/ws_moveit2/install/moveit_ros_control_interface:/home/kevo/ws_moveit2/install/moveit_plugins:/home/kevo/ws_moveit2/install/moveit_simple_controller_manager:/home/kevo/ws_moveit2/install/moveit_setup_assistant:/home/kevo/ws_moveit2/install/moveit_setup_srdf_plugins:/home/kevo/ws_moveit2/install/moveit_setup_core_plugins:/home/kevo/ws_moveit2/install/moveit_setup_controllers:/home/kevo/ws_moveit2/install/moveit_setup_app_plugins:/home/kevo/ws_moveit2/install/moveit_setup_framework:/home/kevo/ws_moveit2/install/moveit_servo:/home/kevo/ws_moveit2/install/moveit_ros:/home/kevo/ws_moveit2/install/moveit_ros_visualization:/home/kevo/ws_moveit2/install/moveit_hybrid_planning:/home/kevo/ws_moveit2/install/moveit_ros_planning_interface:/home/kevo/ws_moveit2/install/moveit_ros_benchmarks:/home/kevo/ws_moveit2/install/moveit_ros_warehouse:/home/kevo/ws_moveit2/install/moveit_ros_robot_interaction:/home/kevo/ws_moveit2/install/moveit_ros_perception:/home/kevo/ws_moveit2/install/moveit_resources_prbt_pg70_support:/home/kevo/ws_moveit2/install/moveit_resources_prbt_moveit_config:/home/kevo/ws_moveit2/install/moveit_ros_move_group:/home/kevo/ws_moveit2/install/moveit_planners_ompl:/home/kevo/ws_moveit2/install/moveit_ros_planning:/home/kevo/ws_moveit2/install/moveit_ros_occupancy_map_monitor:/home/kevo/ws_moveit2/install/moveit_resources_prbt_ikfast_manipulator_plugin:/home/kevo/ws_moveit2/install/moveit_planners_chomp:/home/kevo/ws_moveit2/install/moveit_kinematics:/home/kevo/ws_moveit2/install/moveit_chomp_optimizer_adapter:/home/kevo/ws_moveit2/install/chomp_motion_planner:/home/kevo/ws_moveit2/install/moveit_core:/home/kevo/ws_moveit2/install/srdfdom:/home/kevo/ws_moveit2/install/rviz_marker_tools:/home/kevo/ws_moveit2/install/rosparam_shortcuts:/home/kevo/ws_moveit2/install/moveit_task_constructor_msgs:/home/kevo/ws_moveit2/install/moveit_resources_prbt_support:/home/kevo/ws_moveit2/install/moveit_resources:/home/kevo/ws_moveit2/install/moveit_resources_pr2_description:/home/kevo/ws_moveit2/install/moveit_resources_panda_moveit_config:/home/kevo/ws_moveit2/install/moveit_resources_panda_description:/home/kevo/ws_moveit2/install/moveit_resources_fanuc_moveit_config:/home/kevo/ws_moveit2/install/moveit_resources_fanuc_description:/home/kevo/ws_moveit2/install/moveit_common:/home/kevo/ros_ws/src/ai_based_sorting_robot_arm/install/robotic_arm_custom_nodes:/home/kevo/ws_moveit2/install/moveit_configs_utils:/home/kevo/ws_moveit2/install/launch_param_builder:/opt/ros/humble /usr/bin/cmake --install /home/kevo/ros_ws/src/ai_based_sorting_robot_arm/build/robotic_arm_kinematics
[10.558s] Level 1:colcon.colcon_core.environment:checking '/home/kevo/ros_ws/src/ai_based_sorting_robot_arm/install/robotic_arm_kinematics' for CMake module files
[10.559s] Level 1:colcon.colcon_core.environment:checking '/home/kevo/ros_ws/src/ai_based_sorting_robot_arm/install/robotic_arm_kinematics' for CMake config files
[10.559s] Level 1:colcon.colcon_core.shell:create_environment_hook('robotic_arm_kinematics', 'cmake_prefix_path')
[10.581s] INFO:colcon.colcon_core.shell:Creating environment hook '/home/kevo/ros_ws/src/ai_based_sorting_robot_arm/install/robotic_arm_kinematics/share/robotic_arm_kinematics/hook/cmake_prefix_path.ps1'
[10.583s] INFO:colcon.colcon_core.shell:Creating environment descriptor '/home/kevo/ros_ws/src/ai_based_sorting_robot_arm/install/robotic_arm_kinematics/share/robotic_arm_kinematics/hook/cmake_prefix_path.dsv'
[10.583s] INFO:colcon.colcon_core.shell:Creating environment hook '/home/kevo/ros_ws/src/ai_based_sorting_robot_arm/install/robotic_arm_kinematics/share/robotic_arm_kinematics/hook/cmake_prefix_path.sh'
[10.584s] Level 1:colcon.colcon_core.environment:checking '/home/kevo/ros_ws/src/ai_based_sorting_robot_arm/install/robotic_arm_kinematics/lib'
[10.584s] Level 1:colcon.colcon_core.environment:checking '/home/kevo/ros_ws/src/ai_based_sorting_robot_arm/install/robotic_arm_kinematics/bin'
[10.585s] Level 1:colcon.colcon_core.environment:checking '/home/kevo/ros_ws/src/ai_based_sorting_robot_arm/install/robotic_arm_kinematics/lib/pkgconfig/robotic_arm_kinematics.pc'
[10.585s] Level 1:colcon.colcon_core.environment:checking '/home/kevo/ros_ws/src/ai_based_sorting_robot_arm/install/robotic_arm_kinematics/lib/python3.10/site-packages'
[10.586s] Level 1:colcon.colcon_core.environment:checking '/home/kevo/ros_ws/src/ai_based_sorting_robot_arm/install/robotic_arm_kinematics/bin'
[10.605s] INFO:colcon.colcon_core.shell:Creating package script '/home/kevo/ros_ws/src/ai_based_sorting_robot_arm/install/robotic_arm_kinematics/share/robotic_arm_kinematics/package.ps1'
[10.606s] INFO:colcon.colcon_core.shell:Creating package descriptor '/home/kevo/ros_ws/src/ai_based_sorting_robot_arm/install/robotic_arm_kinematics/share/robotic_arm_kinematics/package.dsv'
[10.606s] INFO:colcon.colcon_core.shell:Creating package script '/home/kevo/ros_ws/src/ai_based_sorting_robot_arm/install/robotic_arm_kinematics/share/robotic_arm_kinematics/package.sh'
[10.607s] INFO:colcon.colcon_core.shell:Creating package script '/home/kevo/ros_ws/src/ai_based_sorting_robot_arm/install/robotic_arm_kinematics/share/robotic_arm_kinematics/package.bash'
[10.608s] INFO:colcon.colcon_core.shell:Creating package script '/home/kevo/ros_ws/src/ai_based_sorting_robot_arm/install/robotic_arm_kinematics/share/robotic_arm_kinematics/package.zsh'
[10.608s] Level 1:colcon.colcon_core.environment:create_file_with_runtime_dependencies(/home/kevo/ros_ws/src/ai_based_sorting_robot_arm/install/robotic_arm_kinematics/share/colcon-core/packages/robotic_arm_kinematics)
[10.677s] Level 1:colcon.colcon_core.environment:create_environment_scripts_only(robotic_arm_kinematics)
[10.693s] Level 1:colcon.colcon_core.environment:checking '/home/kevo/ros_ws/src/ai_based_sorting_robot_arm/install/robotic_arm_kinematics' for CMake module files
[10.694s] Level 1:colcon.colcon_core.environment:checking '/home/kevo/ros_ws/src/ai_based_sorting_robot_arm/install/robotic_arm_kinematics' for CMake config files
[10.694s] Level 1:colcon.colcon_core.shell:create_environment_hook('robotic_arm_kinematics', 'cmake_prefix_path')
[10.715s] INFO:colcon.colcon_core.shell:Creating environment hook '/home/kevo/ros_ws/src/ai_based_sorting_robot_arm/install/robotic_arm_kinematics/share/robotic_arm_kinematics/hook/cmake_prefix_path.ps1'
[10.715s] INFO:colcon.colcon_core.shell:Creating environment descriptor '/home/kevo/ros_ws/src/ai_based_sorting_robot_arm/install/robotic_arm_kinematics/share/robotic_arm_kinematics/hook/cmake_prefix_path.dsv'
[10.716s] INFO:colcon.colcon_core.shell:Creating environment hook '/home/kevo/ros_ws/src/ai_based_sorting_robot_arm/install/robotic_arm_kinematics/share/robotic_arm_kinematics/hook/cmake_prefix_path.sh'
[10.717s] Level 1:colcon.colcon_core.environment:checking '/home/kevo/ros_ws/src/ai_based_sorting_robot_arm/install/robotic_arm_kinematics/lib'
[10.717s] Level 1:colcon.colcon_core.environment:checking '/home/kevo/ros_ws/src/ai_based_sorting_robot_arm/install/robotic_arm_kinematics/bin'
[10.717s] Level 1:colcon.colcon_core.environment:checking '/home/kevo/ros_ws/src/ai_based_sorting_robot_arm/install/robotic_arm_kinematics/lib/pkgconfig/robotic_arm_kinematics.pc'
[10.718s] Level 1:colcon.colcon_core.environment:checking '/home/kevo/ros_ws/src/ai_based_sorting_robot_arm/install/robotic_arm_kinematics/lib/python3.10/site-packages'
[10.718s] Level 1:colcon.colcon_core.environment:checking '/home/kevo/ros_ws/src/ai_based_sorting_robot_arm/install/robotic_arm_kinematics/bin'
[10.735s] INFO:colcon.colcon_core.shell:Creating package script '/home/kevo/ros_ws/src/ai_based_sorting_robot_arm/install/robotic_arm_kinematics/share/robotic_arm_kinematics/package.ps1'
[10.736s] INFO:colcon.colcon_core.shell:Creating package descriptor '/home/kevo/ros_ws/src/ai_based_sorting_robot_arm/install/robotic_arm_kinematics/share/robotic_arm_kinematics/package.dsv'
[10.737s] INFO:colcon.colcon_core.shell:Creating package script '/home/kevo/ros_ws/src/ai_based_sorting_robot_arm/install/robotic_arm_kinematics/share/robotic_arm_kinematics/package.sh'
[10.738s] INFO:colcon.colcon_core.shell:Creating package script '/home/kevo/ros_ws/src/ai_based_sorting_robot_arm/install/robotic_arm_kinematics/share/robotic_arm_kinematics/package.bash'
[10.738s] INFO:colcon.colcon_core.shell:Creating package script '/home/kevo/ros_ws/src/ai_based_sorting_robot_arm/install/robotic_arm_kinematics/share/robotic_arm_kinematics/package.zsh'
[10.739s] Level 1:colcon.colcon_core.environment:create_file_with_runtime_dependencies(/home/kevo/ros_ws/src/ai_based_sorting_robot_arm/install/robotic_arm_kinematics/share/colcon-core/packages/robotic_arm_kinematics)
[10.739s] DEBUG:colcon.colcon_parallel_executor.executor.parallel:closing loop
[10.740s] DEBUG:colcon.colcon_parallel_executor.executor.parallel:loop closed
[10.741s] DEBUG:colcon.colcon_parallel_executor.executor.parallel:run_until_complete finished with '0'
[10.741s] DEBUG:colcon.colcon_core.event_reactor:joining thread
[10.848s] INFO:colcon.colcon_core.plugin_system:Skipping extension 'colcon_notification.desktop_notification.notify_send': Could not find 'notify-send'
[10.848s] INFO:colcon.colcon_core.plugin_system:Skipping extension 'colcon_notification.desktop_notification.terminal_notifier': Not used on non-Darwin systems
[10.848s] INFO:colcon.colcon_core.plugin_system:Skipping extension 'colcon_notification.desktop_notification.win32': Not used on non-Windows systems
[10.848s] INFO:colcon.colcon_notification.desktop_notification:Sending desktop notification using 'notify2'
[10.851s] DEBUG:colcon.colcon_notification.desktop_notification.notify2:Failed to initialize notify2: org.freedesktop.DBus.Error.ServiceUnknown: The name org.freedesktop.Notifications was not provided by any .service files
[10.851s] DEBUG:colcon.colcon_core.event_reactor:joined thread
[10.877s] INFO:colcon.colcon_core.shell:Creating prefix script '/home/kevo/ros_ws/src/ai_based_sorting_robot_arm/install/local_setup.ps1'
[10.894s] INFO:colcon.colcon_core.shell:Creating prefix util module '/home/kevo/ros_ws/src/ai_based_sorting_robot_arm/install/_local_setup_util_ps1.py'
[10.896s] INFO:colcon.colcon_core.shell:Creating prefix chain script '/home/kevo/ros_ws/src/ai_based_sorting_robot_arm/install/setup.ps1'
[10.920s] INFO:colcon.colcon_core.shell:Creating prefix script '/home/kevo/ros_ws/src/ai_based_sorting_robot_arm/install/local_setup.sh'
[10.921s] INFO:colcon.colcon_core.shell:Creating prefix util module '/home/kevo/ros_ws/src/ai_based_sorting_robot_arm/install/_local_setup_util_sh.py'
[10.922s] INFO:colcon.colcon_core.shell:Creating prefix chain script '/home/kevo/ros_ws/src/ai_based_sorting_robot_arm/install/setup.sh'
[10.946s] INFO:colcon.colcon_core.shell:Creating prefix script '/home/kevo/ros_ws/src/ai_based_sorting_robot_arm/install/local_setup.bash'
[10.947s] INFO:colcon.colcon_core.shell:Creating prefix chain script '/home/kevo/ros_ws/src/ai_based_sorting_robot_arm/install/setup.bash'
[10.969s] INFO:colcon.colcon_core.shell:Creating prefix script '/home/kevo/ros_ws/src/ai_based_sorting_robot_arm/install/local_setup.zsh'
[10.971s] INFO:colcon.colcon_core.shell:Creating prefix chain script '/home/kevo/ros_ws/src/ai_based_sorting_robot_arm/install/setup.zsh'
