[1.409s] DEBUG:colcon:Command line arguments: ['/usr/bin/colcon', 'build', '--packages-select', 'robotic_arm_kinematics']
[1.409s] DEBUG:colcon:Parsed command line arguments: Namespace(log_base=None, log_level=None, verb_name='build', build_base='build', install_base='install', merge_install=False, symlink_install=False, test_result_base=None, continue_on_error=False, executor='parallel', parallel_workers=8, event_handlers=None, ignore_user_meta=False, metas=['./colcon.meta'], base_paths=['.'], packages_ignore=None, packages_ignore_regex=None, paths=None, packages_up_to=None, packages_up_to_regex=None, packages_above=None, packages_above_and_dependencies=None, packages_above_depth=None, packages_select_by_dep=None, packages_skip_by_dep=None, packages_skip_up_to=None, packages_select_build_failed=False, packages_skip_build_finished=False, packages_select_test_failures=False, packages_skip_test_passed=False, packages_select=['robotic_arm_kinematics'], packages_skip=None, packages_select_regex=None, packages_skip_regex=None, packages_start=None, packages_end=None, allow_overriding=[], cmake_args=None, cmake_target=None, cmake_target_skip_unavailable=False, cmake_clean_cache=False, cmake_clean_first=False, cmake_force_configure=False, ament_cmake_args=None, catkin_cmake_args=None, catkin_skip_building_tests=False, mixin_files=None, mixin=None, verb_parser=<colcon_mixin.mixin.mixin_argument.MixinArgumentDecorator object at 0x7f4667ed80a0>, verb_extension=<colcon_core.verb.build.BuildVerb object at 0x7f46683257b0>, main=<bound method BuildVerb.main of <colcon_core.verb.build.BuildVerb object at 0x7f46683257b0>>, mixin_verb=('build',))
[1.482s] Level 1:colcon.colcon_core.package_discovery:discover_packages(colcon_meta) check parameters
[1.482s] Level 1:colcon.colcon_core.package_discovery:discover_packages(recursive) check parameters
[1.482s] Level 1:colcon.colcon_core.package_discovery:discover_packages(ignore) check parameters
[1.482s] Level 1:colcon.colcon_core.package_discovery:discover_packages(path) check parameters
[1.482s] Level 1:colcon.colcon_core.package_discovery:discover_packages(colcon_meta) discover
[1.482s] Level 1:colcon.colcon_core.package_discovery:discover_packages(recursive) discover
[1.482s] INFO:colcon.colcon_core.package_discovery:Crawling recursively for packages in '/home/kevo/ros_ws/src/ai_based_sorting_robot_arm'
[1.482s] Level 1:colcon.colcon_core.package_identification:_identify(.) by extensions ['ignore', 'ignore_ament_install']
[1.482s] Level 1:colcon.colcon_core.package_identification:_identify(.) by extension 'ignore'
[1.482s] Level 1:colcon.colcon_core.package_identification:_identify(.) by extension 'ignore_ament_install'
[1.483s] Level 1:colcon.colcon_core.package_identification:_identify(.) by extensions ['colcon_pkg']
[1.483s] Level 1:colcon.colcon_core.package_identification:_identify(.) by extension 'colcon_pkg'
[1.483s] Level 1:colcon.colcon_core.package_identification:_identify(.) by extensions ['colcon_meta']
[1.483s] Level 1:colcon.colcon_core.package_identification:_identify(.) by extension 'colcon_meta'
[1.483s] Level 1:colcon.colcon_core.package_identification:_identify(.) by extensions ['ros']
[1.483s] Level 1:colcon.colcon_core.package_identification:_identify(.) by extension 'ros'
[1.493s] Level 1:colcon.colcon_core.package_identification:_identify(.) by extensions ['cmake', 'python']
[1.493s] Level 1:colcon.colcon_core.package_identification:_identify(.) by extension 'cmake'
[1.493s] Level 1:colcon.colcon_core.package_identification:_identify(.) by extension 'python'
[1.493s] Level 1:colcon.colcon_core.package_identification:_identify(.) by extensions ['python_setup_py']
[1.493s] Level 1:colcon.colcon_core.package_identification:_identify(.) by extension 'python_setup_py'
[1.493s] Level 1:colcon.colcon_core.package_identification:_identify(build) by extensions ['ignore', 'ignore_ament_install']
[1.493s] Level 1:colcon.colcon_core.package_identification:_identify(build) by extension 'ignore'
[1.493s] Level 1:colcon.colcon_core.package_identification:_identify(build) ignored
[1.493s] Level 1:colcon.colcon_core.package_identification:_identify(install) by extensions ['ignore', 'ignore_ament_install']
[1.493s] Level 1:colcon.colcon_core.package_identification:_identify(install) by extension 'ignore'
[1.493s] Level 1:colcon.colcon_core.package_identification:_identify(install) ignored
[1.493s] Level 1:colcon.colcon_core.package_identification:_identify(log) by extensions ['ignore', 'ignore_ament_install']
[1.493s] Level 1:colcon.colcon_core.package_identification:_identify(log) by extension 'ignore'
[1.493s] Level 1:colcon.colcon_core.package_identification:_identify(log) ignored
[1.493s] Level 1:colcon.colcon_core.package_identification:_identify(src) by extensions ['ignore', 'ignore_ament_install']
[1.494s] Level 1:colcon.colcon_core.package_identification:_identify(src) by extension 'ignore'
[1.494s] Level 1:colcon.colcon_core.package_identification:_identify(src) by extension 'ignore_ament_install'
[1.494s] Level 1:colcon.colcon_core.package_identification:_identify(src) by extensions ['colcon_pkg']
[1.494s] Level 1:colcon.colcon_core.package_identification:_identify(src) by extension 'colcon_pkg'
[1.494s] Level 1:colcon.colcon_core.package_identification:_identify(src) by extensions ['colcon_meta']
[1.494s] Level 1:colcon.colcon_core.package_identification:_identify(src) by extension 'colcon_meta'
[1.494s] Level 1:colcon.colcon_core.package_identification:_identify(src) by extensions ['ros']
[1.494s] Level 1:colcon.colcon_core.package_identification:_identify(src) by extension 'ros'
[1.494s] Level 1:colcon.colcon_core.package_identification:_identify(src) by extensions ['cmake', 'python']
[1.494s] Level 1:colcon.colcon_core.package_identification:_identify(src) by extension 'cmake'
[1.494s] Level 1:colcon.colcon_core.package_identification:_identify(src) by extension 'python'
[1.494s] Level 1:colcon.colcon_core.package_identification:_identify(src) by extensions ['python_setup_py']
[1.494s] Level 1:colcon.colcon_core.package_identification:_identify(src) by extension 'python_setup_py'
[1.494s] Level 1:colcon.colcon_core.package_identification:_identify(src/robotic_arm_controllers) by extensions ['ignore', 'ignore_ament_install']
[1.494s] Level 1:colcon.colcon_core.package_identification:_identify(src/robotic_arm_controllers) by extension 'ignore'
[1.494s] Level 1:colcon.colcon_core.package_identification:_identify(src/robotic_arm_controllers) by extension 'ignore_ament_install'
[1.494s] Level 1:colcon.colcon_core.package_identification:_identify(src/robotic_arm_controllers) by extensions ['colcon_pkg']
[1.494s] Level 1:colcon.colcon_core.package_identification:_identify(src/robotic_arm_controllers) by extension 'colcon_pkg'
[1.494s] Level 1:colcon.colcon_core.package_identification:_identify(src/robotic_arm_controllers) by extensions ['colcon_meta']
[1.494s] Level 1:colcon.colcon_core.package_identification:_identify(src/robotic_arm_controllers) by extension 'colcon_meta'
[1.494s] Level 1:colcon.colcon_core.package_identification:_identify(src/robotic_arm_controllers) by extensions ['ros']
[1.494s] Level 1:colcon.colcon_core.package_identification:_identify(src/robotic_arm_controllers) by extension 'ros'
[1.498s] DEBUG:colcon.colcon_core.package_identification:Package 'src/robotic_arm_controllers' with type 'ros.ament_cmake' and name 'robotic_arm_controllers'
[1.498s] Level 1:colcon.colcon_core.package_identification:_identify(src/robotic_arm_custom_nodes) by extensions ['ignore', 'ignore_ament_install']
[1.498s] Level 1:colcon.colcon_core.package_identification:_identify(src/robotic_arm_custom_nodes) by extension 'ignore'
[1.498s] Level 1:colcon.colcon_core.package_identification:_identify(src/robotic_arm_custom_nodes) by extension 'ignore_ament_install'
[1.498s] Level 1:colcon.colcon_core.package_identification:_identify(src/robotic_arm_custom_nodes) by extensions ['colcon_pkg']
[1.498s] Level 1:colcon.colcon_core.package_identification:_identify(src/robotic_arm_custom_nodes) by extension 'colcon_pkg'
[1.498s] Level 1:colcon.colcon_core.package_identification:_identify(src/robotic_arm_custom_nodes) by extensions ['colcon_meta']
[1.498s] Level 1:colcon.colcon_core.package_identification:_identify(src/robotic_arm_custom_nodes) by extension 'colcon_meta'
[1.498s] Level 1:colcon.colcon_core.package_identification:_identify(src/robotic_arm_custom_nodes) by extensions ['ros']
[1.498s] Level 1:colcon.colcon_core.package_identification:_identify(src/robotic_arm_custom_nodes) by extension 'ros'
[1.499s] DEBUG:colcon.colcon_core.package_identification:Package 'src/robotic_arm_custom_nodes' with type 'ros.ament_python' and name 'robotic_arm_custom_nodes'
[1.499s] Level 1:colcon.colcon_core.package_identification:_identify(src/robotic_arm_description) by extensions ['ignore', 'ignore_ament_install']
[1.499s] Level 1:colcon.colcon_core.package_identification:_identify(src/robotic_arm_description) by extension 'ignore'
[1.499s] Level 1:colcon.colcon_core.package_identification:_identify(src/robotic_arm_description) by extension 'ignore_ament_install'
[1.499s] Level 1:colcon.colcon_core.package_identification:_identify(src/robotic_arm_description) by extensions ['colcon_pkg']
[1.499s] Level 1:colcon.colcon_core.package_identification:_identify(src/robotic_arm_description) by extension 'colcon_pkg'
[1.499s] Level 1:colcon.colcon_core.package_identification:_identify(src/robotic_arm_description) by extensions ['colcon_meta']
[1.499s] Level 1:colcon.colcon_core.package_identification:_identify(src/robotic_arm_description) by extension 'colcon_meta'
[1.499s] Level 1:colcon.colcon_core.package_identification:_identify(src/robotic_arm_description) by extensions ['ros']
[1.499s] Level 1:colcon.colcon_core.package_identification:_identify(src/robotic_arm_description) by extension 'ros'
[1.499s] DEBUG:colcon.colcon_core.package_identification:Package 'src/robotic_arm_description' with type 'ros.ament_cmake' and name 'robotic_arm_description'
[1.499s] Level 1:colcon.colcon_core.package_identification:_identify(src/robotic_arm_firmware) by extensions ['ignore', 'ignore_ament_install']
[1.500s] Level 1:colcon.colcon_core.package_identification:_identify(src/robotic_arm_firmware) by extension 'ignore'
[1.500s] Level 1:colcon.colcon_core.package_identification:_identify(src/robotic_arm_firmware) by extension 'ignore_ament_install'
[1.500s] Level 1:colcon.colcon_core.package_identification:_identify(src/robotic_arm_firmware) by extensions ['colcon_pkg']
[1.500s] Level 1:colcon.colcon_core.package_identification:_identify(src/robotic_arm_firmware) by extension 'colcon_pkg'
[1.500s] Level 1:colcon.colcon_core.package_identification:_identify(src/robotic_arm_firmware) by extensions ['colcon_meta']
[1.500s] Level 1:colcon.colcon_core.package_identification:_identify(src/robotic_arm_firmware) by extension 'colcon_meta'
[1.500s] Level 1:colcon.colcon_core.package_identification:_identify(src/robotic_arm_firmware) by extensions ['ros']
[1.500s] Level 1:colcon.colcon_core.package_identification:_identify(src/robotic_arm_firmware) by extension 'ros'
[1.500s] DEBUG:colcon.colcon_core.package_identification:Package 'src/robotic_arm_firmware' with type 'ros.ament_cmake' and name 'robotic_arm_firmware'
[1.500s] Level 1:colcon.colcon_core.package_identification:_identify(src/robotic_arm_kinematics) by extensions ['ignore', 'ignore_ament_install']
[1.500s] Level 1:colcon.colcon_core.package_identification:_identify(src/robotic_arm_kinematics) by extension 'ignore'
[1.500s] Level 1:colcon.colcon_core.package_identification:_identify(src/robotic_arm_kinematics) by extension 'ignore_ament_install'
[1.501s] Level 1:colcon.colcon_core.package_identification:_identify(src/robotic_arm_kinematics) by extensions ['colcon_pkg']
[1.501s] Level 1:colcon.colcon_core.package_identification:_identify(src/robotic_arm_kinematics) by extension 'colcon_pkg'
[1.501s] Level 1:colcon.colcon_core.package_identification:_identify(src/robotic_arm_kinematics) by extensions ['colcon_meta']
[1.501s] Level 1:colcon.colcon_core.package_identification:_identify(src/robotic_arm_kinematics) by extension 'colcon_meta'
[1.501s] Level 1:colcon.colcon_core.package_identification:_identify(src/robotic_arm_kinematics) by extensions ['ros']
[1.501s] Level 1:colcon.colcon_core.package_identification:_identify(src/robotic_arm_kinematics) by extension 'ros'
[1.502s] DEBUG:colcon.colcon_core.package_identification:Package 'src/robotic_arm_kinematics' with type 'ros.ament_cmake' and name 'robotic_arm_kinematics'
[1.502s] Level 1:colcon.colcon_core.package_identification:_identify(src/robotic_arm_moveit_config) by extensions ['ignore', 'ignore_ament_install']
[1.502s] Level 1:colcon.colcon_core.package_identification:_identify(src/robotic_arm_moveit_config) by extension 'ignore'
[1.502s] Level 1:colcon.colcon_core.package_identification:_identify(src/robotic_arm_moveit_config) by extension 'ignore_ament_install'
[1.502s] Level 1:colcon.colcon_core.package_identification:_identify(src/robotic_arm_moveit_config) by extensions ['colcon_pkg']
[1.502s] Level 1:colcon.colcon_core.package_identification:_identify(src/robotic_arm_moveit_config) by extension 'colcon_pkg'
[1.502s] Level 1:colcon.colcon_core.package_identification:_identify(src/robotic_arm_moveit_config) by extensions ['colcon_meta']
[1.502s] Level 1:colcon.colcon_core.package_identification:_identify(src/robotic_arm_moveit_config) by extension 'colcon_meta'
[1.502s] Level 1:colcon.colcon_core.package_identification:_identify(src/robotic_arm_moveit_config) by extensions ['ros']
[1.502s] Level 1:colcon.colcon_core.package_identification:_identify(src/robotic_arm_moveit_config) by extension 'ros'
[1.503s] DEBUG:colcon.colcon_core.package_identification:Package 'src/robotic_arm_moveit_config' with type 'ros.ament_cmake' and name 'robotic_arm_moveit_config'
[1.503s] Level 1:colcon.colcon_core.package_identification:_identify(src/robotic_arm_msgs) by extensions ['ignore', 'ignore_ament_install']
[1.503s] Level 1:colcon.colcon_core.package_identification:_identify(src/robotic_arm_msgs) by extension 'ignore'
[1.503s] Level 1:colcon.colcon_core.package_identification:_identify(src/robotic_arm_msgs) by extension 'ignore_ament_install'
[1.503s] Level 1:colcon.colcon_core.package_identification:_identify(src/robotic_arm_msgs) by extensions ['colcon_pkg']
[1.503s] Level 1:colcon.colcon_core.package_identification:_identify(src/robotic_arm_msgs) by extension 'colcon_pkg'
[1.503s] Level 1:colcon.colcon_core.package_identification:_identify(src/robotic_arm_msgs) by extensions ['colcon_meta']
[1.503s] Level 1:colcon.colcon_core.package_identification:_identify(src/robotic_arm_msgs) by extension 'colcon_meta'
[1.503s] Level 1:colcon.colcon_core.package_identification:_identify(src/robotic_arm_msgs) by extensions ['ros']
[1.503s] Level 1:colcon.colcon_core.package_identification:_identify(src/robotic_arm_msgs) by extension 'ros'
[1.503s] DEBUG:colcon.colcon_core.package_identification:Package 'src/robotic_arm_msgs' with type 'ros.ament_cmake' and name 'robotic_arm_msgs'
[1.504s] Level 1:colcon.colcon_core.package_discovery:discover_packages(recursive) using defaults
[1.504s] Level 1:colcon.colcon_core.package_discovery:discover_packages(ignore) discover
[1.504s] Level 1:colcon.colcon_core.package_discovery:discover_packages(ignore) using defaults
[1.504s] Level 1:colcon.colcon_core.package_discovery:discover_packages(path) discover
[1.504s] Level 1:colcon.colcon_core.package_discovery:discover_packages(path) using defaults
[1.573s] INFO:colcon.colcon_core.package_selection:Skipping not selected package 'robotic_arm_controllers' in 'src/robotic_arm_controllers'
[1.573s] INFO:colcon.colcon_core.package_selection:Skipping not selected package 'robotic_arm_custom_nodes' in 'src/robotic_arm_custom_nodes'
[1.573s] INFO:colcon.colcon_core.package_selection:Skipping not selected package 'robotic_arm_description' in 'src/robotic_arm_description'
[1.573s] INFO:colcon.colcon_core.package_selection:Skipping not selected package 'robotic_arm_firmware' in 'src/robotic_arm_firmware'
[1.573s] INFO:colcon.colcon_core.package_selection:Skipping not selected package 'robotic_arm_msgs' in 'src/robotic_arm_msgs'
[1.573s] INFO:colcon.colcon_core.package_selection:Skipping not selected package 'robotic_arm_moveit_config' in 'src/robotic_arm_moveit_config'
[1.606s] Level 1:colcon.colcon_core.package_discovery:discover_packages(prefix_path) check parameters
[1.606s] Level 1:colcon.colcon_core.package_discovery:discover_packages(prefix_path) discover
[1.648s] DEBUG:colcon.colcon_installed_package_information.package_discovery:Found 57 installed packages in /home/kevo/ws_moveit2/install
[1.666s] DEBUG:colcon.colcon_installed_package_information.package_discovery:Found 376 installed packages in /opt/ros/humble
[1.669s] Level 1:colcon.colcon_core.package_discovery:discover_packages(prefix_path) using defaults
[1.826s] Level 5:colcon.colcon_core.verb:set package 'robotic_arm_kinematics' build argument 'cmake_args' from command line to 'None'
[1.826s] Level 5:colcon.colcon_core.verb:set package 'robotic_arm_kinematics' build argument 'cmake_target' from command line to 'None'
[1.826s] Level 5:colcon.colcon_core.verb:set package 'robotic_arm_kinematics' build argument 'cmake_target_skip_unavailable' from command line to 'False'
[1.826s] Level 5:colcon.colcon_core.verb:set package 'robotic_arm_kinematics' build argument 'cmake_clean_cache' from command line to 'False'
[1.826s] Level 5:colcon.colcon_core.verb:set package 'robotic_arm_kinematics' build argument 'cmake_clean_first' from command line to 'False'
[1.826s] Level 5:colcon.colcon_core.verb:set package 'robotic_arm_kinematics' build argument 'cmake_force_configure' from command line to 'False'
[1.826s] Level 5:colcon.colcon_core.verb:set package 'robotic_arm_kinematics' build argument 'ament_cmake_args' from command line to 'None'
[1.826s] Level 5:colcon.colcon_core.verb:set package 'robotic_arm_kinematics' build argument 'catkin_cmake_args' from command line to 'None'
[1.826s] Level 5:colcon.colcon_core.verb:set package 'robotic_arm_kinematics' build argument 'catkin_skip_building_tests' from command line to 'False'
[1.826s] DEBUG:colcon.colcon_core.verb:Building package 'robotic_arm_kinematics' with the following arguments: {'ament_cmake_args': None, 'build_base': '/home/kevo/ros_ws/src/ai_based_sorting_robot_arm/build/robotic_arm_kinematics', 'catkin_cmake_args': None, 'catkin_skip_building_tests': False, 'cmake_args': None, 'cmake_clean_cache': False, 'cmake_clean_first': False, 'cmake_force_configure': False, 'cmake_target': None, 'cmake_target_skip_unavailable': False, 'install_base': '/home/kevo/ros_ws/src/ai_based_sorting_robot_arm/install/robotic_arm_kinematics', 'merge_install': False, 'path': '/home/kevo/ros_ws/src/ai_based_sorting_robot_arm/src/robotic_arm_kinematics', 'symlink_install': False, 'test_result_base': None}
[1.842s] INFO:colcon.colcon_core.executor:Executing jobs using 'parallel' executor
[1.857s] DEBUG:colcon.colcon_parallel_executor.executor.parallel:run_until_complete
[1.857s] INFO:colcon.colcon_ros.task.ament_cmake.build:Building ROS package in '/home/kevo/ros_ws/src/ai_based_sorting_robot_arm/src/robotic_arm_kinematics' with build type 'ament_cmake'
[1.857s] INFO:colcon.colcon_cmake.task.cmake.build:Building CMake package in '/home/kevo/ros_ws/src/ai_based_sorting_robot_arm/src/robotic_arm_kinematics'
[1.878s] INFO:colcon.colcon_core.plugin_system:Skipping extension 'colcon_core.shell.bat': Not used on non-Windows systems
[1.879s] INFO:colcon.colcon_core.shell:Skip shell extension 'powershell' for command environment: Not usable outside of PowerShell
[1.879s] DEBUG:colcon.colcon_core.shell:Skip shell extension 'dsv' for command environment
[1.980s] DEBUG:colcon.colcon_core.event_handler.log_command:Invoking command in '/home/kevo/ros_ws/src/ai_based_sorting_robot_arm/build/robotic_arm_kinematics': AMENT_PREFIX_PATH=/home/kevo/ros_ws/src/ai_based_sorting_robot_arm/install/robotic_arm_description:${AMENT_PREFIX_PATH} CMAKE_PREFIX_PATH=/home/kevo/ros_ws/src/ai_based_sorting_robot_arm/install/robotic_arm_description:/home/kevo/ws_moveit2/install/pilz_industrial_motion_planner_testutils:/home/kevo/ws_moveit2/install/panda_moveit_config:/home/kevo/ws_moveit2/install/moveit_runtime:/home/kevo/ws_moveit2/install/moveit2_tutorials:/home/kevo/ws_moveit2/install/moveit:/home/kevo/ws_moveit2/install/moveit_planners:/home/kevo/ws_moveit2/install/pilz_industrial_motion_planner:/home/kevo/ws_moveit2/install/mtc_tutorial:/home/kevo/ws_moveit2/install/moveit_visual_tools:/home/kevo/ws_moveit2/install/moveit_task_constructor_visualization:/home/kevo/ws_moveit2/install/moveit_task_constructor_demo:/home/kevo/ws_moveit2/install/moveit_task_constructor_capabilities:/home/kevo/ws_moveit2/install/moveit_task_constructor_core:/home/kevo/ws_moveit2/install/moveit_ros_control_interface:/home/kevo/ws_moveit2/install/moveit_plugins:/home/kevo/ws_moveit2/install/moveit_simple_controller_manager:/home/kevo/ws_moveit2/install/moveit_setup_assistant:/home/kevo/ws_moveit2/install/moveit_setup_srdf_plugins:/home/kevo/ws_moveit2/install/moveit_setup_core_plugins:/home/kevo/ws_moveit2/install/moveit_setup_controllers:/home/kevo/ws_moveit2/install/moveit_setup_app_plugins:/home/kevo/ws_moveit2/install/moveit_setup_framework:/home/kevo/ws_moveit2/install/moveit_servo:/home/kevo/ws_moveit2/install/moveit_ros:/home/kevo/ws_moveit2/install/moveit_ros_visualization:/home/kevo/ws_moveit2/install/moveit_hybrid_planning:/home/kevo/ws_moveit2/install/moveit_ros_planning_interface:/home/kevo/ws_moveit2/install/moveit_ros_benchmarks:/home/kevo/ws_moveit2/install/moveit_ros_warehouse:/home/kevo/ws_moveit2/install/moveit_ros_robot_interaction:/home/kevo/ws_moveit2/install/moveit_ros_perception:/home/kevo/ws_moveit2/install/moveit_resources_prbt_pg70_support:/home/kevo/ws_moveit2/install/moveit_resources_prbt_moveit_config:/home/kevo/ws_moveit2/install/moveit_ros_move_group:/home/kevo/ws_moveit2/install/moveit_planners_ompl:/home/kevo/ws_moveit2/install/moveit_ros_planning:/home/kevo/ws_moveit2/install/moveit_ros_occupancy_map_monitor:/home/kevo/ws_moveit2/install/moveit_resources_prbt_ikfast_manipulator_plugin:/home/kevo/ws_moveit2/install/moveit_planners_chomp:/home/kevo/ws_moveit2/install/moveit_kinematics:/home/kevo/ws_moveit2/install/moveit_chomp_optimizer_adapter:/home/kevo/ws_moveit2/install/chomp_motion_planner:/home/kevo/ws_moveit2/install/moveit_core:/home/kevo/ws_moveit2/install/srdfdom:/home/kevo/ws_moveit2/install/rviz_marker_tools:/home/kevo/ws_moveit2/install/rosparam_shortcuts:/home/kevo/ws_moveit2/install/moveit_task_constructor_msgs:/home/kevo/ws_moveit2/install/moveit_resources_prbt_support:/home/kevo/ws_moveit2/install/moveit_resources:/home/kevo/ws_moveit2/install/moveit_resources_pr2_description:/home/kevo/ws_moveit2/install/moveit_resources_panda_moveit_config:/home/kevo/ws_moveit2/install/moveit_resources_panda_description:/home/kevo/ws_moveit2/install/moveit_resources_fanuc_moveit_config:/home/kevo/ws_moveit2/install/moveit_resources_fanuc_description:/home/kevo/ws_moveit2/install/moveit_common:/home/kevo/ws_moveit2/install/moveit_configs_utils:/home/kevo/ws_moveit2/install/launch_param_builder:/opt/ros/humble /usr/bin/cmake --build /home/kevo/ros_ws/src/ai_based_sorting_robot_arm/build/robotic_arm_kinematics -- -j8 -l8
[9.202s] DEBUG:colcon.colcon_core.event_handler.log_command:Invoked command in '/home/kevo/ros_ws/src/ai_based_sorting_robot_arm/build/robotic_arm_kinematics' returned '0': AMENT_PREFIX_PATH=/home/kevo/ros_ws/src/ai_based_sorting_robot_arm/install/robotic_arm_description:${AMENT_PREFIX_PATH} CMAKE_PREFIX_PATH=/home/kevo/ros_ws/src/ai_based_sorting_robot_arm/install/robotic_arm_description:/home/kevo/ws_moveit2/install/pilz_industrial_motion_planner_testutils:/home/kevo/ws_moveit2/install/panda_moveit_config:/home/kevo/ws_moveit2/install/moveit_runtime:/home/kevo/ws_moveit2/install/moveit2_tutorials:/home/kevo/ws_moveit2/install/moveit:/home/kevo/ws_moveit2/install/moveit_planners:/home/kevo/ws_moveit2/install/pilz_industrial_motion_planner:/home/kevo/ws_moveit2/install/mtc_tutorial:/home/kevo/ws_moveit2/install/moveit_visual_tools:/home/kevo/ws_moveit2/install/moveit_task_constructor_visualization:/home/kevo/ws_moveit2/install/moveit_task_constructor_demo:/home/kevo/ws_moveit2/install/moveit_task_constructor_capabilities:/home/kevo/ws_moveit2/install/moveit_task_constructor_core:/home/kevo/ws_moveit2/install/moveit_ros_control_interface:/home/kevo/ws_moveit2/install/moveit_plugins:/home/kevo/ws_moveit2/install/moveit_simple_controller_manager:/home/kevo/ws_moveit2/install/moveit_setup_assistant:/home/kevo/ws_moveit2/install/moveit_setup_srdf_plugins:/home/kevo/ws_moveit2/install/moveit_setup_core_plugins:/home/kevo/ws_moveit2/install/moveit_setup_controllers:/home/kevo/ws_moveit2/install/moveit_setup_app_plugins:/home/kevo/ws_moveit2/install/moveit_setup_framework:/home/kevo/ws_moveit2/install/moveit_servo:/home/kevo/ws_moveit2/install/moveit_ros:/home/kevo/ws_moveit2/install/moveit_ros_visualization:/home/kevo/ws_moveit2/install/moveit_hybrid_planning:/home/kevo/ws_moveit2/install/moveit_ros_planning_interface:/home/kevo/ws_moveit2/install/moveit_ros_benchmarks:/home/kevo/ws_moveit2/install/moveit_ros_warehouse:/home/kevo/ws_moveit2/install/moveit_ros_robot_interaction:/home/kevo/ws_moveit2/install/moveit_ros_perception:/home/kevo/ws_moveit2/install/moveit_resources_prbt_pg70_support:/home/kevo/ws_moveit2/install/moveit_resources_prbt_moveit_config:/home/kevo/ws_moveit2/install/moveit_ros_move_group:/home/kevo/ws_moveit2/install/moveit_planners_ompl:/home/kevo/ws_moveit2/install/moveit_ros_planning:/home/kevo/ws_moveit2/install/moveit_ros_occupancy_map_monitor:/home/kevo/ws_moveit2/install/moveit_resources_prbt_ikfast_manipulator_plugin:/home/kevo/ws_moveit2/install/moveit_planners_chomp:/home/kevo/ws_moveit2/install/moveit_kinematics:/home/kevo/ws_moveit2/install/moveit_chomp_optimizer_adapter:/home/kevo/ws_moveit2/install/chomp_motion_planner:/home/kevo/ws_moveit2/install/moveit_core:/home/kevo/ws_moveit2/install/srdfdom:/home/kevo/ws_moveit2/install/rviz_marker_tools:/home/kevo/ws_moveit2/install/rosparam_shortcuts:/home/kevo/ws_moveit2/install/moveit_task_constructor_msgs:/home/kevo/ws_moveit2/install/moveit_resources_prbt_support:/home/kevo/ws_moveit2/install/moveit_resources:/home/kevo/ws_moveit2/install/moveit_resources_pr2_description:/home/kevo/ws_moveit2/install/moveit_resources_panda_moveit_config:/home/kevo/ws_moveit2/install/moveit_resources_panda_description:/home/kevo/ws_moveit2/install/moveit_resources_fanuc_moveit_config:/home/kevo/ws_moveit2/install/moveit_resources_fanuc_description:/home/kevo/ws_moveit2/install/moveit_common:/home/kevo/ws_moveit2/install/moveit_configs_utils:/home/kevo/ws_moveit2/install/launch_param_builder:/opt/ros/humble /usr/bin/cmake --build /home/kevo/ros_ws/src/ai_based_sorting_robot_arm/build/robotic_arm_kinematics -- -j8 -l8
[9.250s] DEBUG:colcon.colcon_core.event_handler.log_command:Invoking command in '/home/kevo/ros_ws/src/ai_based_sorting_robot_arm/build/robotic_arm_kinematics': AMENT_PREFIX_PATH=/home/kevo/ros_ws/src/ai_based_sorting_robot_arm/install/robotic_arm_description:${AMENT_PREFIX_PATH} CMAKE_PREFIX_PATH=/home/kevo/ros_ws/src/ai_based_sorting_robot_arm/install/robotic_arm_description:/home/kevo/ws_moveit2/install/pilz_industrial_motion_planner_testutils:/home/kevo/ws_moveit2/install/panda_moveit_config:/home/kevo/ws_moveit2/install/moveit_runtime:/home/kevo/ws_moveit2/install/moveit2_tutorials:/home/kevo/ws_moveit2/install/moveit:/home/kevo/ws_moveit2/install/moveit_planners:/home/kevo/ws_moveit2/install/pilz_industrial_motion_planner:/home/kevo/ws_moveit2/install/mtc_tutorial:/home/kevo/ws_moveit2/install/moveit_visual_tools:/home/kevo/ws_moveit2/install/moveit_task_constructor_visualization:/home/kevo/ws_moveit2/install/moveit_task_constructor_demo:/home/kevo/ws_moveit2/install/moveit_task_constructor_capabilities:/home/kevo/ws_moveit2/install/moveit_task_constructor_core:/home/kevo/ws_moveit2/install/moveit_ros_control_interface:/home/kevo/ws_moveit2/install/moveit_plugins:/home/kevo/ws_moveit2/install/moveit_simple_controller_manager:/home/kevo/ws_moveit2/install/moveit_setup_assistant:/home/kevo/ws_moveit2/install/moveit_setup_srdf_plugins:/home/kevo/ws_moveit2/install/moveit_setup_core_plugins:/home/kevo/ws_moveit2/install/moveit_setup_controllers:/home/kevo/ws_moveit2/install/moveit_setup_app_plugins:/home/kevo/ws_moveit2/install/moveit_setup_framework:/home/kevo/ws_moveit2/install/moveit_servo:/home/kevo/ws_moveit2/install/moveit_ros:/home/kevo/ws_moveit2/install/moveit_ros_visualization:/home/kevo/ws_moveit2/install/moveit_hybrid_planning:/home/kevo/ws_moveit2/install/moveit_ros_planning_interface:/home/kevo/ws_moveit2/install/moveit_ros_benchmarks:/home/kevo/ws_moveit2/install/moveit_ros_warehouse:/home/kevo/ws_moveit2/install/moveit_ros_robot_interaction:/home/kevo/ws_moveit2/install/moveit_ros_perception:/home/kevo/ws_moveit2/install/moveit_resources_prbt_pg70_support:/home/kevo/ws_moveit2/install/moveit_resources_prbt_moveit_config:/home/kevo/ws_moveit2/install/moveit_ros_move_group:/home/kevo/ws_moveit2/install/moveit_planners_ompl:/home/kevo/ws_moveit2/install/moveit_ros_planning:/home/kevo/ws_moveit2/install/moveit_ros_occupancy_map_monitor:/home/kevo/ws_moveit2/install/moveit_resources_prbt_ikfast_manipulator_plugin:/home/kevo/ws_moveit2/install/moveit_planners_chomp:/home/kevo/ws_moveit2/install/moveit_kinematics:/home/kevo/ws_moveit2/install/moveit_chomp_optimizer_adapter:/home/kevo/ws_moveit2/install/chomp_motion_planner:/home/kevo/ws_moveit2/install/moveit_core:/home/kevo/ws_moveit2/install/srdfdom:/home/kevo/ws_moveit2/install/rviz_marker_tools:/home/kevo/ws_moveit2/install/rosparam_shortcuts:/home/kevo/ws_moveit2/install/moveit_task_constructor_msgs:/home/kevo/ws_moveit2/install/moveit_resources_prbt_support:/home/kevo/ws_moveit2/install/moveit_resources:/home/kevo/ws_moveit2/install/moveit_resources_pr2_description:/home/kevo/ws_moveit2/install/moveit_resources_panda_moveit_config:/home/kevo/ws_moveit2/install/moveit_resources_panda_description:/home/kevo/ws_moveit2/install/moveit_resources_fanuc_moveit_config:/home/kevo/ws_moveit2/install/moveit_resources_fanuc_description:/home/kevo/ws_moveit2/install/moveit_common:/home/kevo/ws_moveit2/install/moveit_configs_utils:/home/kevo/ws_moveit2/install/launch_param_builder:/opt/ros/humble /usr/bin/cmake --install /home/kevo/ros_ws/src/ai_based_sorting_robot_arm/build/robotic_arm_kinematics
[9.270s] Level 1:colcon.colcon_core.environment:create_environment_scripts_only(robotic_arm_kinematics)
[9.271s] DEBUG:colcon.colcon_core.event_handler.log_command:Invoked command in '/home/kevo/ros_ws/src/ai_based_sorting_robot_arm/build/robotic_arm_kinematics' returned '0': AMENT_PREFIX_PATH=/home/kevo/ros_ws/src/ai_based_sorting_robot_arm/install/robotic_arm_description:${AMENT_PREFIX_PATH} CMAKE_PREFIX_PATH=/home/kevo/ros_ws/src/ai_based_sorting_robot_arm/install/robotic_arm_description:/home/kevo/ws_moveit2/install/pilz_industrial_motion_planner_testutils:/home/kevo/ws_moveit2/install/panda_moveit_config:/home/kevo/ws_moveit2/install/moveit_runtime:/home/kevo/ws_moveit2/install/moveit2_tutorials:/home/kevo/ws_moveit2/install/moveit:/home/kevo/ws_moveit2/install/moveit_planners:/home/kevo/ws_moveit2/install/pilz_industrial_motion_planner:/home/kevo/ws_moveit2/install/mtc_tutorial:/home/kevo/ws_moveit2/install/moveit_visual_tools:/home/kevo/ws_moveit2/install/moveit_task_constructor_visualization:/home/kevo/ws_moveit2/install/moveit_task_constructor_demo:/home/kevo/ws_moveit2/install/moveit_task_constructor_capabilities:/home/kevo/ws_moveit2/install/moveit_task_constructor_core:/home/kevo/ws_moveit2/install/moveit_ros_control_interface:/home/kevo/ws_moveit2/install/moveit_plugins:/home/kevo/ws_moveit2/install/moveit_simple_controller_manager:/home/kevo/ws_moveit2/install/moveit_setup_assistant:/home/kevo/ws_moveit2/install/moveit_setup_srdf_plugins:/home/kevo/ws_moveit2/install/moveit_setup_core_plugins:/home/kevo/ws_moveit2/install/moveit_setup_controllers:/home/kevo/ws_moveit2/install/moveit_setup_app_plugins:/home/kevo/ws_moveit2/install/moveit_setup_framework:/home/kevo/ws_moveit2/install/moveit_servo:/home/kevo/ws_moveit2/install/moveit_ros:/home/kevo/ws_moveit2/install/moveit_ros_visualization:/home/kevo/ws_moveit2/install/moveit_hybrid_planning:/home/kevo/ws_moveit2/install/moveit_ros_planning_interface:/home/kevo/ws_moveit2/install/moveit_ros_benchmarks:/home/kevo/ws_moveit2/install/moveit_ros_warehouse:/home/kevo/ws_moveit2/install/moveit_ros_robot_interaction:/home/kevo/ws_moveit2/install/moveit_ros_perception:/home/kevo/ws_moveit2/install/moveit_resources_prbt_pg70_support:/home/kevo/ws_moveit2/install/moveit_resources_prbt_moveit_config:/home/kevo/ws_moveit2/install/moveit_ros_move_group:/home/kevo/ws_moveit2/install/moveit_planners_ompl:/home/kevo/ws_moveit2/install/moveit_ros_planning:/home/kevo/ws_moveit2/install/moveit_ros_occupancy_map_monitor:/home/kevo/ws_moveit2/install/moveit_resources_prbt_ikfast_manipulator_plugin:/home/kevo/ws_moveit2/install/moveit_planners_chomp:/home/kevo/ws_moveit2/install/moveit_kinematics:/home/kevo/ws_moveit2/install/moveit_chomp_optimizer_adapter:/home/kevo/ws_moveit2/install/chomp_motion_planner:/home/kevo/ws_moveit2/install/moveit_core:/home/kevo/ws_moveit2/install/srdfdom:/home/kevo/ws_moveit2/install/rviz_marker_tools:/home/kevo/ws_moveit2/install/rosparam_shortcuts:/home/kevo/ws_moveit2/install/moveit_task_constructor_msgs:/home/kevo/ws_moveit2/install/moveit_resources_prbt_support:/home/kevo/ws_moveit2/install/moveit_resources:/home/kevo/ws_moveit2/install/moveit_resources_pr2_description:/home/kevo/ws_moveit2/install/moveit_resources_panda_moveit_config:/home/kevo/ws_moveit2/install/moveit_resources_panda_description:/home/kevo/ws_moveit2/install/moveit_resources_fanuc_moveit_config:/home/kevo/ws_moveit2/install/moveit_resources_fanuc_description:/home/kevo/ws_moveit2/install/moveit_common:/home/kevo/ws_moveit2/install/moveit_configs_utils:/home/kevo/ws_moveit2/install/launch_param_builder:/opt/ros/humble /usr/bin/cmake --install /home/kevo/ros_ws/src/ai_based_sorting_robot_arm/build/robotic_arm_kinematics
[9.294s] Level 1:colcon.colcon_core.environment:checking '/home/kevo/ros_ws/src/ai_based_sorting_robot_arm/install/robotic_arm_kinematics' for CMake module files
[9.294s] Level 1:colcon.colcon_core.environment:checking '/home/kevo/ros_ws/src/ai_based_sorting_robot_arm/install/robotic_arm_kinematics' for CMake config files
[9.294s] Level 1:colcon.colcon_core.shell:create_environment_hook('robotic_arm_kinematics', 'cmake_prefix_path')
[9.310s] INFO:colcon.colcon_core.shell:Creating environment hook '/home/kevo/ros_ws/src/ai_based_sorting_robot_arm/install/robotic_arm_kinematics/share/robotic_arm_kinematics/hook/cmake_prefix_path.ps1'
[9.311s] INFO:colcon.colcon_core.shell:Creating environment descriptor '/home/kevo/ros_ws/src/ai_based_sorting_robot_arm/install/robotic_arm_kinematics/share/robotic_arm_kinematics/hook/cmake_prefix_path.dsv'
[9.312s] INFO:colcon.colcon_core.shell:Creating environment hook '/home/kevo/ros_ws/src/ai_based_sorting_robot_arm/install/robotic_arm_kinematics/share/robotic_arm_kinematics/hook/cmake_prefix_path.sh'
[9.314s] Level 1:colcon.colcon_core.environment:checking '/home/kevo/ros_ws/src/ai_based_sorting_robot_arm/install/robotic_arm_kinematics/lib'
[9.314s] Level 1:colcon.colcon_core.environment:checking '/home/kevo/ros_ws/src/ai_based_sorting_robot_arm/install/robotic_arm_kinematics/bin'
[9.314s] Level 1:colcon.colcon_core.environment:checking '/home/kevo/ros_ws/src/ai_based_sorting_robot_arm/install/robotic_arm_kinematics/lib/pkgconfig/robotic_arm_kinematics.pc'
[9.314s] Level 1:colcon.colcon_core.environment:checking '/home/kevo/ros_ws/src/ai_based_sorting_robot_arm/install/robotic_arm_kinematics/lib/python3.10/site-packages'
[9.314s] Level 1:colcon.colcon_core.environment:checking '/home/kevo/ros_ws/src/ai_based_sorting_robot_arm/install/robotic_arm_kinematics/bin'
[9.331s] INFO:colcon.colcon_core.shell:Creating package script '/home/kevo/ros_ws/src/ai_based_sorting_robot_arm/install/robotic_arm_kinematics/share/robotic_arm_kinematics/package.ps1'
[9.333s] INFO:colcon.colcon_core.shell:Creating package descriptor '/home/kevo/ros_ws/src/ai_based_sorting_robot_arm/install/robotic_arm_kinematics/share/robotic_arm_kinematics/package.dsv'
[9.334s] INFO:colcon.colcon_core.shell:Creating package script '/home/kevo/ros_ws/src/ai_based_sorting_robot_arm/install/robotic_arm_kinematics/share/robotic_arm_kinematics/package.sh'
[9.335s] INFO:colcon.colcon_core.shell:Creating package script '/home/kevo/ros_ws/src/ai_based_sorting_robot_arm/install/robotic_arm_kinematics/share/robotic_arm_kinematics/package.bash'
[9.336s] INFO:colcon.colcon_core.shell:Creating package script '/home/kevo/ros_ws/src/ai_based_sorting_robot_arm/install/robotic_arm_kinematics/share/robotic_arm_kinematics/package.zsh'
[9.337s] Level 1:colcon.colcon_core.environment:create_file_with_runtime_dependencies(/home/kevo/ros_ws/src/ai_based_sorting_robot_arm/install/robotic_arm_kinematics/share/colcon-core/packages/robotic_arm_kinematics)
[9.394s] Level 1:colcon.colcon_core.environment:create_environment_scripts_only(robotic_arm_kinematics)
[9.411s] Level 1:colcon.colcon_core.environment:checking '/home/kevo/ros_ws/src/ai_based_sorting_robot_arm/install/robotic_arm_kinematics' for CMake module files
[9.411s] Level 1:colcon.colcon_core.environment:checking '/home/kevo/ros_ws/src/ai_based_sorting_robot_arm/install/robotic_arm_kinematics' for CMake config files
[9.411s] Level 1:colcon.colcon_core.shell:create_environment_hook('robotic_arm_kinematics', 'cmake_prefix_path')
[9.433s] INFO:colcon.colcon_core.shell:Creating environment hook '/home/kevo/ros_ws/src/ai_based_sorting_robot_arm/install/robotic_arm_kinematics/share/robotic_arm_kinematics/hook/cmake_prefix_path.ps1'
[9.434s] INFO:colcon.colcon_core.shell:Creating environment descriptor '/home/kevo/ros_ws/src/ai_based_sorting_robot_arm/install/robotic_arm_kinematics/share/robotic_arm_kinematics/hook/cmake_prefix_path.dsv'
[9.434s] INFO:colcon.colcon_core.shell:Creating environment hook '/home/kevo/ros_ws/src/ai_based_sorting_robot_arm/install/robotic_arm_kinematics/share/robotic_arm_kinematics/hook/cmake_prefix_path.sh'
[9.434s] Level 1:colcon.colcon_core.environment:checking '/home/kevo/ros_ws/src/ai_based_sorting_robot_arm/install/robotic_arm_kinematics/lib'
[9.434s] Level 1:colcon.colcon_core.environment:checking '/home/kevo/ros_ws/src/ai_based_sorting_robot_arm/install/robotic_arm_kinematics/bin'
[9.435s] Level 1:colcon.colcon_core.environment:checking '/home/kevo/ros_ws/src/ai_based_sorting_robot_arm/install/robotic_arm_kinematics/lib/pkgconfig/robotic_arm_kinematics.pc'
[9.435s] Level 1:colcon.colcon_core.environment:checking '/home/kevo/ros_ws/src/ai_based_sorting_robot_arm/install/robotic_arm_kinematics/lib/python3.10/site-packages'
[9.435s] Level 1:colcon.colcon_core.environment:checking '/home/kevo/ros_ws/src/ai_based_sorting_robot_arm/install/robotic_arm_kinematics/bin'
[9.452s] INFO:colcon.colcon_core.shell:Creating package script '/home/kevo/ros_ws/src/ai_based_sorting_robot_arm/install/robotic_arm_kinematics/share/robotic_arm_kinematics/package.ps1'
[9.453s] INFO:colcon.colcon_core.shell:Creating package descriptor '/home/kevo/ros_ws/src/ai_based_sorting_robot_arm/install/robotic_arm_kinematics/share/robotic_arm_kinematics/package.dsv'
[9.453s] INFO:colcon.colcon_core.shell:Creating package script '/home/kevo/ros_ws/src/ai_based_sorting_robot_arm/install/robotic_arm_kinematics/share/robotic_arm_kinematics/package.sh'
[9.453s] INFO:colcon.colcon_core.shell:Creating package script '/home/kevo/ros_ws/src/ai_based_sorting_robot_arm/install/robotic_arm_kinematics/share/robotic_arm_kinematics/package.bash'
[9.454s] INFO:colcon.colcon_core.shell:Creating package script '/home/kevo/ros_ws/src/ai_based_sorting_robot_arm/install/robotic_arm_kinematics/share/robotic_arm_kinematics/package.zsh'
[9.454s] Level 1:colcon.colcon_core.environment:create_file_with_runtime_dependencies(/home/kevo/ros_ws/src/ai_based_sorting_robot_arm/install/robotic_arm_kinematics/share/colcon-core/packages/robotic_arm_kinematics)
[9.454s] DEBUG:colcon.colcon_parallel_executor.executor.parallel:closing loop
[9.455s] DEBUG:colcon.colcon_parallel_executor.executor.parallel:loop closed
[9.455s] DEBUG:colcon.colcon_parallel_executor.executor.parallel:run_until_complete finished with '0'
[9.455s] DEBUG:colcon.colcon_core.event_reactor:joining thread
[9.531s] INFO:colcon.colcon_core.plugin_system:Skipping extension 'colcon_notification.desktop_notification.notify_send': Could not find 'notify-send'
[9.531s] INFO:colcon.colcon_core.plugin_system:Skipping extension 'colcon_notification.desktop_notification.terminal_notifier': Not used on non-Darwin systems
[9.531s] INFO:colcon.colcon_core.plugin_system:Skipping extension 'colcon_notification.desktop_notification.win32': Not used on non-Windows systems
[9.531s] INFO:colcon.colcon_notification.desktop_notification:Sending desktop notification using 'notify2'
[9.532s] DEBUG:colcon.colcon_notification.desktop_notification.notify2:Failed to initialize notify2: org.freedesktop.DBus.Error.ServiceUnknown: The name org.freedesktop.Notifications was not provided by any .service files
[9.532s] DEBUG:colcon.colcon_core.event_reactor:joined thread
[9.551s] INFO:colcon.colcon_core.shell:Creating prefix script '/home/kevo/ros_ws/src/ai_based_sorting_robot_arm/install/local_setup.ps1'
[9.553s] INFO:colcon.colcon_core.shell:Creating prefix util module '/home/kevo/ros_ws/src/ai_based_sorting_robot_arm/install/_local_setup_util_ps1.py'
[9.555s] INFO:colcon.colcon_core.shell:Creating prefix chain script '/home/kevo/ros_ws/src/ai_based_sorting_robot_arm/install/setup.ps1'
[9.574s] INFO:colcon.colcon_core.shell:Creating prefix script '/home/kevo/ros_ws/src/ai_based_sorting_robot_arm/install/local_setup.sh'
[9.575s] INFO:colcon.colcon_core.shell:Creating prefix util module '/home/kevo/ros_ws/src/ai_based_sorting_robot_arm/install/_local_setup_util_sh.py'
[9.576s] INFO:colcon.colcon_core.shell:Creating prefix chain script '/home/kevo/ros_ws/src/ai_based_sorting_robot_arm/install/setup.sh'
[9.594s] INFO:colcon.colcon_core.shell:Creating prefix script '/home/kevo/ros_ws/src/ai_based_sorting_robot_arm/install/local_setup.bash'
[9.595s] INFO:colcon.colcon_core.shell:Creating prefix chain script '/home/kevo/ros_ws/src/ai_based_sorting_robot_arm/install/setup.bash'
[9.615s] INFO:colcon.colcon_core.shell:Creating prefix script '/home/kevo/ros_ws/src/ai_based_sorting_robot_arm/install/local_setup.zsh'
[9.617s] INFO:colcon.colcon_core.shell:Creating prefix chain script '/home/kevo/ros_ws/src/ai_based_sorting_robot_arm/install/setup.zsh'
