running egg_info
creating ../../build/robotic_arm_custom_nodes/robotic_arm_custom_nodes.egg-info
writing ../../build/robotic_arm_custom_nodes/robotic_arm_custom_nodes.egg-info/PKG-INFO
writing dependency_links to ../../build/robotic_arm_custom_nodes/robotic_arm_custom_nodes.egg-info/dependency_links.txt
writing entry points to ../../build/robotic_arm_custom_nodes/robotic_arm_custom_nodes.egg-info/entry_points.txt
writing requirements to ../../build/robotic_arm_custom_nodes/robotic_arm_custom_nodes.egg-info/requires.txt
writing top-level names to ../../build/robotic_arm_custom_nodes/robotic_arm_custom_nodes.egg-info/top_level.txt
writing manifest file '../../build/robotic_arm_custom_nodes/robotic_arm_custom_nodes.egg-info/SOURCES.txt'
reading manifest file '../../build/robotic_arm_custom_nodes/robotic_arm_custom_nodes.egg-info/SOURCES.txt'
writing manifest file '../../build/robotic_arm_custom_nodes/robotic_arm_custom_nodes.egg-info/SOURCES.txt'
running build
running build_py
creating /home/kevo/ros_ws/src/ai_based_sorting_robot_arm/build/robotic_arm_custom_nodes/build
creating /home/kevo/ros_ws/src/ai_based_sorting_robot_arm/build/robotic_arm_custom_nodes/build/lib
creating /home/kevo/ros_ws/src/ai_based_sorting_robot_arm/build/robotic_arm_custom_nodes/build/lib/robotic_arm_custom_nodes
copying robotic_arm_custom_nodes/fk_test_node.py -> /home/kevo/ros_ws/src/ai_based_sorting_robot_arm/build/robotic_arm_custom_nodes/build/lib/robotic_arm_custom_nodes
copying robotic_arm_custom_nodes/inverse_kinematics_node.py -> /home/kevo/ros_ws/src/ai_based_sorting_robot_arm/build/robotic_arm_custom_nodes/build/lib/robotic_arm_custom_nodes
copying robotic_arm_custom_nodes/kinematics_solver.py -> /home/kevo/ros_ws/src/ai_based_sorting_robot_arm/build/robotic_arm_custom_nodes/build/lib/robotic_arm_custom_nodes
copying robotic_arm_custom_nodes/__init__.py -> /home/kevo/ros_ws/src/ai_based_sorting_robot_arm/build/robotic_arm_custom_nodes/build/lib/robotic_arm_custom_nodes
running install
/usr/lib/python3/dist-packages/setuptools/command/install.py:34: SetuptoolsDeprecationWarning: setup.py install is deprecated. Use build and pip and other standards-based tools.
  warnings.warn(
running install_lib
creating /home/kevo/ros_ws/src/ai_based_sorting_robot_arm/install/robotic_arm_custom_nodes/lib/python3.10/site-packages/robotic_arm_custom_nodes
copying /home/kevo/ros_ws/src/ai_based_sorting_robot_arm/build/robotic_arm_custom_nodes/build/lib/robotic_arm_custom_nodes/fk_test_node.py -> /home/kevo/ros_ws/src/ai_based_sorting_robot_arm/install/robotic_arm_custom_nodes/lib/python3.10/site-packages/robotic_arm_custom_nodes
copying /home/kevo/ros_ws/src/ai_based_sorting_robot_arm/build/robotic_arm_custom_nodes/build/lib/robotic_arm_custom_nodes/inverse_kinematics_node.py -> /home/kevo/ros_ws/src/ai_based_sorting_robot_arm/install/robotic_arm_custom_nodes/lib/python3.10/site-packages/robotic_arm_custom_nodes
copying /home/kevo/ros_ws/src/ai_based_sorting_robot_arm/build/robotic_arm_custom_nodes/build/lib/robotic_arm_custom_nodes/kinematics_solver.py -> /home/kevo/ros_ws/src/ai_based_sorting_robot_arm/install/robotic_arm_custom_nodes/lib/python3.10/site-packages/robotic_arm_custom_nodes
copying /home/kevo/ros_ws/src/ai_based_sorting_robot_arm/build/robotic_arm_custom_nodes/build/lib/robotic_arm_custom_nodes/__init__.py -> /home/kevo/ros_ws/src/ai_based_sorting_robot_arm/install/robotic_arm_custom_nodes/lib/python3.10/site-packages/robotic_arm_custom_nodes
byte-compiling /home/kevo/ros_ws/src/ai_based_sorting_robot_arm/install/robotic_arm_custom_nodes/lib/python3.10/site-packages/robotic_arm_custom_nodes/fk_test_node.py to fk_test_node.cpython-310.pyc
byte-compiling /home/kevo/ros_ws/src/ai_based_sorting_robot_arm/install/robotic_arm_custom_nodes/lib/python3.10/site-packages/robotic_arm_custom_nodes/inverse_kinematics_node.py to inverse_kinematics_node.cpython-310.pyc
byte-compiling /home/kevo/ros_ws/src/ai_based_sorting_robot_arm/install/robotic_arm_custom_nodes/lib/python3.10/site-packages/robotic_arm_custom_nodes/kinematics_solver.py to kinematics_solver.cpython-310.pyc
byte-compiling /home/kevo/ros_ws/src/ai_based_sorting_robot_arm/install/robotic_arm_custom_nodes/lib/python3.10/site-packages/robotic_arm_custom_nodes/__init__.py to __init__.cpython-310.pyc
running install_data
creating /home/kevo/ros_ws/src/ai_based_sorting_robot_arm/install/robotic_arm_custom_nodes/share/ament_index
creating /home/kevo/ros_ws/src/ai_based_sorting_robot_arm/install/robotic_arm_custom_nodes/share/ament_index/resource_index
creating /home/kevo/ros_ws/src/ai_based_sorting_robot_arm/install/robotic_arm_custom_nodes/share/ament_index/resource_index/packages
copying resource/robotic_arm_custom_nodes -> /home/kevo/ros_ws/src/ai_based_sorting_robot_arm/install/robotic_arm_custom_nodes/share/ament_index/resource_index/packages
copying package.xml -> /home/kevo/ros_ws/src/ai_based_sorting_robot_arm/install/robotic_arm_custom_nodes/share/robotic_arm_custom_nodes
running install_egg_info
Copying ../../build/robotic_arm_custom_nodes/robotic_arm_custom_nodes.egg-info to /home/kevo/ros_ws/src/ai_based_sorting_robot_arm/install/robotic_arm_custom_nodes/lib/python3.10/site-packages/robotic_arm_custom_nodes-0.0.0-py3.10.egg-info
running install_scripts
Installing fk_test_node script to /home/kevo/ros_ws/src/ai_based_sorting_robot_arm/install/robotic_arm_custom_nodes/lib/robotic_arm_custom_nodes
Installing ik_node script to /home/kevo/ros_ws/src/ai_based_sorting_robot_arm/install/robotic_arm_custom_nodes/lib/robotic_arm_custom_nodes
writing list of installed files to '/home/kevo/ros_ws/src/ai_based_sorting_robot_arm/build/robotic_arm_custom_nodes/install.log'
