[0.664s] Invoking command in '/home/kevo/ros_ws/src/ai_based_sorting_robot_arm/build/robotic_arm_description': CMAKE_PREFIX_PATH=${CMAKE_PREFIX_PATH}:/home/kevo/ros_ws/src/ai_based_sorting_robot_arm/install/robotic_arm_custom_nodes:/home/kevo/ros2_ws/install/rqt_joint_trajectory_controller:/home/kevo/ros2_ws/install/rqt_controller_manager:/home/kevo/ros2_ws/install/ros2controlcli:/home/kevo/ros2_ws/install/ros2_controllers_test_nodes:/home/kevo/ws_moveit2/install/moveit_configs_utils:/home/kevo/ws_moveit2/install/launch_param_builder:/opt/ros/humble /usr/bin/cmake /home/kevo/ros_ws/src/ai_based_sorting_robot_arm/src/robotic_arm_description -DCMAKE_INSTALL_PREFIX=/home/kevo/ros_ws/src/ai_based_sorting_robot_arm/install/robotic_arm_description
[1.329s] -- The C compiler identification is GNU 11.4.0
[1.330s] -- The CXX compiler identification is GNU 11.4.0
[1.568s] -- Detecting C compiler ABI info
[1.850s] -- Detecting C compiler ABI info - done
[1.866s] -- Check for working C compiler: /usr/bin/cc - skipped
[1.873s] -- Detecting C compile features
[1.876s] -- Detecting C compile features - done
[1.881s] -- Detecting CXX compiler ABI info
[2.154s] -- Detecting CXX compiler ABI info - done
[2.163s] -- Check for working CXX compiler: /usr/bin/c++ - skipped
[2.164s] -- Detecting CXX compile features
[2.164s] -- Detecting CXX compile features - done
[2.178s] -- Found ament_cmake: 1.3.5 (/opt/ros/humble/share/ament_cmake/cmake)
[2.575s] -- Found Python3: /usr/bin/python3.10 (found version "3.10.12") found components: Interpreter 
[2.875s] -- Found urdf: 2.6.0 (/opt/ros/humble/share/urdf/cmake)
[4.873s] -- Configuring done
[4.877s] -- Generating done
[4.878s] -- Build files have been written to: /home/kevo/ros_ws/src/ai_based_sorting_robot_arm/build/robotic_arm_description
[4.889s] Invoked command in '/home/kevo/ros_ws/src/ai_based_sorting_robot_arm/build/robotic_arm_description' returned '0': CMAKE_PREFIX_PATH=${CMAKE_PREFIX_PATH}:/home/kevo/ros_ws/src/ai_based_sorting_robot_arm/install/robotic_arm_custom_nodes:/home/kevo/ros2_ws/install/rqt_joint_trajectory_controller:/home/kevo/ros2_ws/install/rqt_controller_manager:/home/kevo/ros2_ws/install/ros2controlcli:/home/kevo/ros2_ws/install/ros2_controllers_test_nodes:/home/kevo/ws_moveit2/install/moveit_configs_utils:/home/kevo/ws_moveit2/install/launch_param_builder:/opt/ros/humble /usr/bin/cmake /home/kevo/ros_ws/src/ai_based_sorting_robot_arm/src/robotic_arm_description -DCMAKE_INSTALL_PREFIX=/home/kevo/ros_ws/src/ai_based_sorting_robot_arm/install/robotic_arm_description
[4.893s] Invoking command in '/home/kevo/ros_ws/src/ai_based_sorting_robot_arm/build/robotic_arm_description': CMAKE_PREFIX_PATH=${CMAKE_PREFIX_PATH}:/home/kevo/ros_ws/src/ai_based_sorting_robot_arm/install/robotic_arm_custom_nodes:/home/kevo/ros2_ws/install/rqt_joint_trajectory_controller:/home/kevo/ros2_ws/install/rqt_controller_manager:/home/kevo/ros2_ws/install/ros2controlcli:/home/kevo/ros2_ws/install/ros2_controllers_test_nodes:/home/kevo/ws_moveit2/install/moveit_configs_utils:/home/kevo/ws_moveit2/install/launch_param_builder:/opt/ros/humble /usr/bin/cmake --build /home/kevo/ros_ws/src/ai_based_sorting_robot_arm/build/robotic_arm_description -- -j8 -l8
[4.962s] Invoked command in '/home/kevo/ros_ws/src/ai_based_sorting_robot_arm/build/robotic_arm_description' returned '0': CMAKE_PREFIX_PATH=${CMAKE_PREFIX_PATH}:/home/kevo/ros_ws/src/ai_based_sorting_robot_arm/install/robotic_arm_custom_nodes:/home/kevo/ros2_ws/install/rqt_joint_trajectory_controller:/home/kevo/ros2_ws/install/rqt_controller_manager:/home/kevo/ros2_ws/install/ros2controlcli:/home/kevo/ros2_ws/install/ros2_controllers_test_nodes:/home/kevo/ws_moveit2/install/moveit_configs_utils:/home/kevo/ws_moveit2/install/launch_param_builder:/opt/ros/humble /usr/bin/cmake --build /home/kevo/ros_ws/src/ai_based_sorting_robot_arm/build/robotic_arm_description -- -j8 -l8
[5.072s] Invoking command in '/home/kevo/ros_ws/src/ai_based_sorting_robot_arm/build/robotic_arm_description': CMAKE_PREFIX_PATH=${CMAKE_PREFIX_PATH}:/home/kevo/ros_ws/src/ai_based_sorting_robot_arm/install/robotic_arm_custom_nodes:/home/kevo/ros2_ws/install/rqt_joint_trajectory_controller:/home/kevo/ros2_ws/install/rqt_controller_manager:/home/kevo/ros2_ws/install/ros2controlcli:/home/kevo/ros2_ws/install/ros2_controllers_test_nodes:/home/kevo/ws_moveit2/install/moveit_configs_utils:/home/kevo/ws_moveit2/install/launch_param_builder:/opt/ros/humble /usr/bin/cmake --install /home/kevo/ros_ws/src/ai_based_sorting_robot_arm/build/robotic_arm_description
[5.102s] -- Install configuration: ""
[5.103s] -- Installing: /home/kevo/ros_ws/src/ai_based_sorting_robot_arm/install/robotic_arm_description/share/robotic_arm_description/meshes
[5.103s] -- Installing: /home/kevo/ros_ws/src/ai_based_sorting_robot_arm/install/robotic_arm_description/share/robotic_arm_description/meshes/link_1.stl
[5.112s] -- Installing: /home/kevo/ros_ws/src/ai_based_sorting_robot_arm/install/robotic_arm_description/share/robotic_arm_description/meshes/base_link.stl
[5.113s] -- Installing: /home/kevo/ros_ws/src/ai_based_sorting_robot_arm/install/robotic_arm_description/share/robotic_arm_description/meshes/gripper_finger_1.stl
[5.116s] -- Installing: /home/kevo/ros_ws/src/ai_based_sorting_robot_arm/install/robotic_arm_description/share/robotic_arm_description/meshes/waist.stl
[5.120s] -- Installing: /home/kevo/ros_ws/src/ai_based_sorting_robot_arm/install/robotic_arm_description/share/robotic_arm_description/meshes/gripper_finger_2.stl
[5.123s] -- Installing: /home/kevo/ros_ws/src/ai_based_sorting_robot_arm/install/robotic_arm_description/share/robotic_arm_description/meshes/base.stl
[5.125s] -- Installing: /home/kevo/ros_ws/src/ai_based_sorting_robot_arm/install/robotic_arm_description/share/robotic_arm_description/meshes/gripper_base.stl
[5.129s] -- Installing: /home/kevo/ros_ws/src/ai_based_sorting_robot_arm/install/robotic_arm_description/share/robotic_arm_description/meshes/link_2.stl
[5.133s] -- Installing: /home/kevo/ros_ws/src/ai_based_sorting_robot_arm/install/robotic_arm_description/share/robotic_arm_description/urdf
[5.133s] -- Installing: /home/kevo/ros_ws/src/ai_based_sorting_robot_arm/install/robotic_arm_description/share/robotic_arm_description/urdf/robotic_arm.trans
[5.134s] -- Installing: /home/kevo/ros_ws/src/ai_based_sorting_robot_arm/install/robotic_arm_description/share/robotic_arm_description/urdf/robotic_arm.xacro
[5.135s] -- Installing: /home/kevo/ros_ws/src/ai_based_sorting_robot_arm/install/robotic_arm_description/share/robotic_arm_description/urdf/robotic_arm_kdl.xacro
[5.135s] -- Installing: /home/kevo/ros_ws/src/ai_based_sorting_robot_arm/install/robotic_arm_description/share/robotic_arm_description/urdf/robotic_arm.gazebo
[5.135s] -- Installing: /home/kevo/ros_ws/src/ai_based_sorting_robot_arm/install/robotic_arm_description/share/robotic_arm_description/urdf/materials.xacro
[5.137s] -- Installing: /home/kevo/ros_ws/src/ai_based_sorting_robot_arm/install/robotic_arm_description/share/robotic_arm_description/urdf/robotic_arm_gazebo.xacro
[5.138s] -- Installing: /home/kevo/ros_ws/src/ai_based_sorting_robot_arm/install/robotic_arm_description/share/robotic_arm_description/urdf/robotic_arm_urdf.urdf
[5.140s] -- Installing: /home/kevo/ros_ws/src/ai_based_sorting_robot_arm/install/robotic_arm_description/share/robotic_arm_description/urdf/robotic_arm_controllers.xacro
[5.141s] -- Installing: /home/kevo/ros_ws/src/ai_based_sorting_robot_arm/install/robotic_arm_description/share/robotic_arm_description/urdf/robotic_arm_kdl_.urdf
[5.141s] -- Installing: /home/kevo/ros_ws/src/ai_based_sorting_robot_arm/install/robotic_arm_description/share/robotic_arm_description/launch
[5.141s] -- Installing: /home/kevo/ros_ws/src/ai_based_sorting_robot_arm/install/robotic_arm_description/share/robotic_arm_description/launch/robot_arm_gazebo.launch.py
[5.141s] -- Installing: /home/kevo/ros_ws/src/ai_based_sorting_robot_arm/install/robotic_arm_description/share/robotic_arm_description/launch/robot_arm_kdl_display.launch.xml
[5.142s] -- Installing: /home/kevo/ros_ws/src/ai_based_sorting_robot_arm/install/robotic_arm_description/share/robotic_arm_description/launch/robot_arm_display.launch.py
[5.142s] -- Installing: /home/kevo/ros_ws/src/ai_based_sorting_robot_arm/install/robotic_arm_description/share/robotic_arm_description/rviz
[5.143s] -- Installing: /home/kevo/ros_ws/src/ai_based_sorting_robot_arm/install/robotic_arm_description/share/robotic_arm_description/rviz/my_rviz.rviz
[5.144s] -- Installing: /home/kevo/ros_ws/src/ai_based_sorting_robot_arm/install/robotic_arm_description/share/ament_index/resource_index/package_run_dependencies/robotic_arm_description
[5.145s] -- Installing: /home/kevo/ros_ws/src/ai_based_sorting_robot_arm/install/robotic_arm_description/share/ament_index/resource_index/parent_prefix_path/robotic_arm_description
[5.145s] -- Installing: /home/kevo/ros_ws/src/ai_based_sorting_robot_arm/install/robotic_arm_description/share/robotic_arm_description/environment/ament_prefix_path.sh
[5.145s] -- Installing: /home/kevo/ros_ws/src/ai_based_sorting_robot_arm/install/robotic_arm_description/share/robotic_arm_description/environment/ament_prefix_path.dsv
[5.145s] -- Installing: /home/kevo/ros_ws/src/ai_based_sorting_robot_arm/install/robotic_arm_description/share/robotic_arm_description/environment/path.sh
[5.146s] -- Installing: /home/kevo/ros_ws/src/ai_based_sorting_robot_arm/install/robotic_arm_description/share/robotic_arm_description/environment/path.dsv
[5.146s] -- Installing: /home/kevo/ros_ws/src/ai_based_sorting_robot_arm/install/robotic_arm_description/share/robotic_arm_description/local_setup.bash
[5.146s] -- Installing: /home/kevo/ros_ws/src/ai_based_sorting_robot_arm/install/robotic_arm_description/share/robotic_arm_description/local_setup.sh
[5.147s] -- Installing: /home/kevo/ros_ws/src/ai_based_sorting_robot_arm/install/robotic_arm_description/share/robotic_arm_description/local_setup.zsh
[5.147s] -- Installing: /home/kevo/ros_ws/src/ai_based_sorting_robot_arm/install/robotic_arm_description/share/robotic_arm_description/local_setup.dsv
[5.148s] -- Installing: /home/kevo/ros_ws/src/ai_based_sorting_robot_arm/install/robotic_arm_description/share/robotic_arm_description/package.dsv
[5.148s] -- Installing: /home/kevo/ros_ws/src/ai_based_sorting_robot_arm/install/robotic_arm_description/share/ament_index/resource_index/packages/robotic_arm_description
[5.150s] -- Installing: /home/kevo/ros_ws/src/ai_based_sorting_robot_arm/install/robotic_arm_description/share/robotic_arm_description/cmake/robotic_arm_descriptionConfig.cmake
[5.151s] -- Installing: /home/kevo/ros_ws/src/ai_based_sorting_robot_arm/install/robotic_arm_description/share/robotic_arm_description/cmake/robotic_arm_descriptionConfig-version.cmake
[5.152s] -- Installing: /home/kevo/ros_ws/src/ai_based_sorting_robot_arm/install/robotic_arm_description/share/robotic_arm_description/package.xml
[5.153s] Invoked command in '/home/kevo/ros_ws/src/ai_based_sorting_robot_arm/build/robotic_arm_description' returned '0': CMAKE_PREFIX_PATH=${CMAKE_PREFIX_PATH}:/home/kevo/ros_ws/src/ai_based_sorting_robot_arm/install/robotic_arm_custom_nodes:/home/kevo/ros2_ws/install/rqt_joint_trajectory_controller:/home/kevo/ros2_ws/install/rqt_controller_manager:/home/kevo/ros2_ws/install/ros2controlcli:/home/kevo/ros2_ws/install/ros2_controllers_test_nodes:/home/kevo/ws_moveit2/install/moveit_configs_utils:/home/kevo/ws_moveit2/install/launch_param_builder:/opt/ros/humble /usr/bin/cmake --install /home/kevo/ros_ws/src/ai_based_sorting_robot_arm/build/robotic_arm_description
