[1.280s] DEBUG:colcon:Command line arguments: ['/usr/bin/colcon', 'build']
[1.280s] DEBUG:colcon:Parsed command line arguments: Namespace(log_base=None, log_level=None, verb_name='build', build_base='build', install_base='install', merge_install=False, symlink_install=False, test_result_base=None, continue_on_error=False, executor='parallel', parallel_workers=8, event_handlers=None, ignore_user_meta=False, metas=['./colcon.meta'], base_paths=['.'], packages_ignore=None, packages_ignore_regex=None, paths=None, packages_up_to=None, packages_up_to_regex=None, packages_above=None, packages_above_and_dependencies=None, packages_above_depth=None, packages_select_by_dep=None, packages_skip_by_dep=None, packages_skip_up_to=None, packages_select_build_failed=False, packages_skip_build_finished=False, packages_select_test_failures=False, packages_skip_test_passed=False, packages_select=None, packages_skip=None, packages_select_regex=None, packages_skip_regex=None, packages_start=None, packages_end=None, allow_overriding=[], cmake_args=None, cmake_target=None, cmake_target_skip_unavailable=False, cmake_clean_cache=False, cmake_clean_first=False, cmake_force_configure=False, ament_cmake_args=None, catkin_cmake_args=None, catkin_skip_building_tests=False, mixin_files=None, mixin=None, verb_parser=<colcon_mixin.mixin.mixin_argument.MixinArgumentDecorator object at 0x7f31f4bc7b20>, verb_extension=<colcon_core.verb.build.BuildVerb object at 0x7f31f4ff9ff0>, main=<bound method BuildVerb.main of <colcon_core.verb.build.BuildVerb object at 0x7f31f4ff9ff0>>, mixin_verb=('build',))
[1.331s] Level 1:colcon.colcon_core.package_discovery:discover_packages(colcon_meta) check parameters
[1.331s] Level 1:colcon.colcon_core.package_discovery:discover_packages(recursive) check parameters
[1.331s] Level 1:colcon.colcon_core.package_discovery:discover_packages(ignore) check parameters
[1.331s] Level 1:colcon.colcon_core.package_discovery:discover_packages(path) check parameters
[1.331s] Level 1:colcon.colcon_core.package_discovery:discover_packages(colcon_meta) discover
[1.331s] Level 1:colcon.colcon_core.package_discovery:discover_packages(recursive) discover
[1.331s] INFO:colcon.colcon_core.package_discovery:Crawling recursively for packages in '/home/kevo/ros_ws/src/ai_based_sorting_robot_arm'
[1.331s] Level 1:colcon.colcon_core.package_identification:_identify(.) by extensions ['ignore', 'ignore_ament_install']
[1.331s] Level 1:colcon.colcon_core.package_identification:_identify(.) by extension 'ignore'
[1.331s] Level 1:colcon.colcon_core.package_identification:_identify(.) by extension 'ignore_ament_install'
[1.332s] Level 1:colcon.colcon_core.package_identification:_identify(.) by extensions ['colcon_pkg']
[1.332s] Level 1:colcon.colcon_core.package_identification:_identify(.) by extension 'colcon_pkg'
[1.332s] Level 1:colcon.colcon_core.package_identification:_identify(.) by extensions ['colcon_meta']
[1.332s] Level 1:colcon.colcon_core.package_identification:_identify(.) by extension 'colcon_meta'
[1.332s] Level 1:colcon.colcon_core.package_identification:_identify(.) by extensions ['ros']
[1.332s] Level 1:colcon.colcon_core.package_identification:_identify(.) by extension 'ros'
[1.341s] Level 1:colcon.colcon_core.package_identification:_identify(.) by extensions ['cmake', 'python']
[1.341s] Level 1:colcon.colcon_core.package_identification:_identify(.) by extension 'cmake'
[1.342s] Level 1:colcon.colcon_core.package_identification:_identify(.) by extension 'python'
[1.342s] Level 1:colcon.colcon_core.package_identification:_identify(.) by extensions ['python_setup_py']
[1.342s] Level 1:colcon.colcon_core.package_identification:_identify(.) by extension 'python_setup_py'
[1.342s] Level 1:colcon.colcon_core.package_identification:_identify(Resorces) by extensions ['ignore', 'ignore_ament_install']
[1.342s] Level 1:colcon.colcon_core.package_identification:_identify(Resorces) by extension 'ignore'
[1.342s] Level 1:colcon.colcon_core.package_identification:_identify(Resorces) by extension 'ignore_ament_install'
[1.342s] Level 1:colcon.colcon_core.package_identification:_identify(Resorces) by extensions ['colcon_pkg']
[1.342s] Level 1:colcon.colcon_core.package_identification:_identify(Resorces) by extension 'colcon_pkg'
[1.342s] Level 1:colcon.colcon_core.package_identification:_identify(Resorces) by extensions ['colcon_meta']
[1.342s] Level 1:colcon.colcon_core.package_identification:_identify(Resorces) by extension 'colcon_meta'
[1.342s] Level 1:colcon.colcon_core.package_identification:_identify(Resorces) by extensions ['ros']
[1.342s] Level 1:colcon.colcon_core.package_identification:_identify(Resorces) by extension 'ros'
[1.342s] Level 1:colcon.colcon_core.package_identification:_identify(Resorces) by extensions ['cmake', 'python']
[1.342s] Level 1:colcon.colcon_core.package_identification:_identify(Resorces) by extension 'cmake'
[1.342s] Level 1:colcon.colcon_core.package_identification:_identify(Resorces) by extension 'python'
[1.342s] Level 1:colcon.colcon_core.package_identification:_identify(Resorces) by extensions ['python_setup_py']
[1.342s] Level 1:colcon.colcon_core.package_identification:_identify(Resorces) by extension 'python_setup_py'
[1.343s] Level 1:colcon.colcon_core.package_identification:_identify(build) by extensions ['ignore', 'ignore_ament_install']
[1.343s] Level 1:colcon.colcon_core.package_identification:_identify(build) by extension 'ignore'
[1.343s] Level 1:colcon.colcon_core.package_identification:_identify(build) ignored
[1.343s] Level 1:colcon.colcon_core.package_identification:_identify(install) by extensions ['ignore', 'ignore_ament_install']
[1.343s] Level 1:colcon.colcon_core.package_identification:_identify(install) by extension 'ignore'
[1.343s] Level 1:colcon.colcon_core.package_identification:_identify(install) ignored
[1.343s] Level 1:colcon.colcon_core.package_identification:_identify(log) by extensions ['ignore', 'ignore_ament_install']
[1.343s] Level 1:colcon.colcon_core.package_identification:_identify(log) by extension 'ignore'
[1.343s] Level 1:colcon.colcon_core.package_identification:_identify(log) ignored
[1.343s] Level 1:colcon.colcon_core.package_identification:_identify(src) by extensions ['ignore', 'ignore_ament_install']
[1.343s] Level 1:colcon.colcon_core.package_identification:_identify(src) by extension 'ignore'
[1.343s] Level 1:colcon.colcon_core.package_identification:_identify(src) by extension 'ignore_ament_install'
[1.343s] Level 1:colcon.colcon_core.package_identification:_identify(src) by extensions ['colcon_pkg']
[1.343s] Level 1:colcon.colcon_core.package_identification:_identify(src) by extension 'colcon_pkg'
[1.343s] Level 1:colcon.colcon_core.package_identification:_identify(src) by extensions ['colcon_meta']
[1.343s] Level 1:colcon.colcon_core.package_identification:_identify(src) by extension 'colcon_meta'
[1.343s] Level 1:colcon.colcon_core.package_identification:_identify(src) by extensions ['ros']
[1.343s] Level 1:colcon.colcon_core.package_identification:_identify(src) by extension 'ros'
[1.344s] Level 1:colcon.colcon_core.package_identification:_identify(src) by extensions ['cmake', 'python']
[1.344s] Level 1:colcon.colcon_core.package_identification:_identify(src) by extension 'cmake'
[1.344s] Level 1:colcon.colcon_core.package_identification:_identify(src) by extension 'python'
[1.344s] Level 1:colcon.colcon_core.package_identification:_identify(src) by extensions ['python_setup_py']
[1.344s] Level 1:colcon.colcon_core.package_identification:_identify(src) by extension 'python_setup_py'
[1.344s] Level 1:colcon.colcon_core.package_identification:_identify(src/robotic_arm_controllers) by extensions ['ignore', 'ignore_ament_install']
[1.344s] Level 1:colcon.colcon_core.package_identification:_identify(src/robotic_arm_controllers) by extension 'ignore'
[1.344s] Level 1:colcon.colcon_core.package_identification:_identify(src/robotic_arm_controllers) by extension 'ignore_ament_install'
[1.344s] Level 1:colcon.colcon_core.package_identification:_identify(src/robotic_arm_controllers) by extensions ['colcon_pkg']
[1.344s] Level 1:colcon.colcon_core.package_identification:_identify(src/robotic_arm_controllers) by extension 'colcon_pkg'
[1.344s] Level 1:colcon.colcon_core.package_identification:_identify(src/robotic_arm_controllers) by extensions ['colcon_meta']
[1.344s] Level 1:colcon.colcon_core.package_identification:_identify(src/robotic_arm_controllers) by extension 'colcon_meta'
[1.344s] Level 1:colcon.colcon_core.package_identification:_identify(src/robotic_arm_controllers) by extensions ['ros']
[1.344s] Level 1:colcon.colcon_core.package_identification:_identify(src/robotic_arm_controllers) by extension 'ros'
[1.346s] DEBUG:colcon.colcon_core.package_identification:Package 'src/robotic_arm_controllers' with type 'ros.ament_cmake' and name 'robotic_arm_controllers'
[1.346s] Level 1:colcon.colcon_core.package_identification:_identify(src/robotic_arm_custom_nodes) by extensions ['ignore', 'ignore_ament_install']
[1.346s] Level 1:colcon.colcon_core.package_identification:_identify(src/robotic_arm_custom_nodes) by extension 'ignore'
[1.346s] Level 1:colcon.colcon_core.package_identification:_identify(src/robotic_arm_custom_nodes) by extension 'ignore_ament_install'
[1.346s] Level 1:colcon.colcon_core.package_identification:_identify(src/robotic_arm_custom_nodes) by extensions ['colcon_pkg']
[1.346s] Level 1:colcon.colcon_core.package_identification:_identify(src/robotic_arm_custom_nodes) by extension 'colcon_pkg'
[1.346s] Level 1:colcon.colcon_core.package_identification:_identify(src/robotic_arm_custom_nodes) by extensions ['colcon_meta']
[1.346s] Level 1:colcon.colcon_core.package_identification:_identify(src/robotic_arm_custom_nodes) by extension 'colcon_meta'
[1.347s] Level 1:colcon.colcon_core.package_identification:_identify(src/robotic_arm_custom_nodes) by extensions ['ros']
[1.347s] Level 1:colcon.colcon_core.package_identification:_identify(src/robotic_arm_custom_nodes) by extension 'ros'
[1.347s] DEBUG:colcon.colcon_core.package_identification:Package 'src/robotic_arm_custom_nodes' with type 'ros.ament_python' and name 'robotic_arm_custom_nodes'
[1.347s] Level 1:colcon.colcon_core.package_identification:_identify(src/robotic_arm_description) by extensions ['ignore', 'ignore_ament_install']
[1.347s] Level 1:colcon.colcon_core.package_identification:_identify(src/robotic_arm_description) by extension 'ignore'
[1.347s] Level 1:colcon.colcon_core.package_identification:_identify(src/robotic_arm_description) by extension 'ignore_ament_install'
[1.347s] Level 1:colcon.colcon_core.package_identification:_identify(src/robotic_arm_description) by extensions ['colcon_pkg']
[1.347s] Level 1:colcon.colcon_core.package_identification:_identify(src/robotic_arm_description) by extension 'colcon_pkg'
[1.347s] Level 1:colcon.colcon_core.package_identification:_identify(src/robotic_arm_description) by extensions ['colcon_meta']
[1.347s] Level 1:colcon.colcon_core.package_identification:_identify(src/robotic_arm_description) by extension 'colcon_meta'
[1.347s] Level 1:colcon.colcon_core.package_identification:_identify(src/robotic_arm_description) by extensions ['ros']
[1.347s] Level 1:colcon.colcon_core.package_identification:_identify(src/robotic_arm_description) by extension 'ros'
[1.348s] DEBUG:colcon.colcon_core.package_identification:Package 'src/robotic_arm_description' with type 'ros.ament_cmake' and name 'robotic_arm_description'
[1.348s] Level 1:colcon.colcon_core.package_identification:_identify(src/robotic_arm_firmware) by extensions ['ignore', 'ignore_ament_install']
[1.348s] Level 1:colcon.colcon_core.package_identification:_identify(src/robotic_arm_firmware) by extension 'ignore'
[1.348s] Level 1:colcon.colcon_core.package_identification:_identify(src/robotic_arm_firmware) by extension 'ignore_ament_install'
[1.348s] Level 1:colcon.colcon_core.package_identification:_identify(src/robotic_arm_firmware) by extensions ['colcon_pkg']
[1.348s] Level 1:colcon.colcon_core.package_identification:_identify(src/robotic_arm_firmware) by extension 'colcon_pkg'
[1.348s] Level 1:colcon.colcon_core.package_identification:_identify(src/robotic_arm_firmware) by extensions ['colcon_meta']
[1.348s] Level 1:colcon.colcon_core.package_identification:_identify(src/robotic_arm_firmware) by extension 'colcon_meta'
[1.348s] Level 1:colcon.colcon_core.package_identification:_identify(src/robotic_arm_firmware) by extensions ['ros']
[1.348s] Level 1:colcon.colcon_core.package_identification:_identify(src/robotic_arm_firmware) by extension 'ros'
[1.349s] DEBUG:colcon.colcon_core.package_identification:Package 'src/robotic_arm_firmware' with type 'ros.ament_cmake' and name 'robotic_arm_firmware'
[1.349s] Level 1:colcon.colcon_core.package_identification:_identify(src/robotic_arm_kinematics) by extensions ['ignore', 'ignore_ament_install']
[1.349s] Level 1:colcon.colcon_core.package_identification:_identify(src/robotic_arm_kinematics) by extension 'ignore'
[1.349s] Level 1:colcon.colcon_core.package_identification:_identify(src/robotic_arm_kinematics) by extension 'ignore_ament_install'
[1.349s] Level 1:colcon.colcon_core.package_identification:_identify(src/robotic_arm_kinematics) by extensions ['colcon_pkg']
[1.349s] Level 1:colcon.colcon_core.package_identification:_identify(src/robotic_arm_kinematics) by extension 'colcon_pkg'
[1.349s] Level 1:colcon.colcon_core.package_identification:_identify(src/robotic_arm_kinematics) by extensions ['colcon_meta']
[1.349s] Level 1:colcon.colcon_core.package_identification:_identify(src/robotic_arm_kinematics) by extension 'colcon_meta'
[1.349s] Level 1:colcon.colcon_core.package_identification:_identify(src/robotic_arm_kinematics) by extensions ['ros']
[1.349s] Level 1:colcon.colcon_core.package_identification:_identify(src/robotic_arm_kinematics) by extension 'ros'
[1.350s] DEBUG:colcon.colcon_core.package_identification:Package 'src/robotic_arm_kinematics' with type 'ros.ament_cmake' and name 'robotic_arm_kinematics'
[1.350s] Level 1:colcon.colcon_core.package_identification:_identify(src/robotic_arm_msgs) by extensions ['ignore', 'ignore_ament_install']
[1.350s] Level 1:colcon.colcon_core.package_identification:_identify(src/robotic_arm_msgs) by extension 'ignore'
[1.350s] Level 1:colcon.colcon_core.package_identification:_identify(src/robotic_arm_msgs) by extension 'ignore_ament_install'
[1.350s] Level 1:colcon.colcon_core.package_identification:_identify(src/robotic_arm_msgs) by extensions ['colcon_pkg']
[1.350s] Level 1:colcon.colcon_core.package_identification:_identify(src/robotic_arm_msgs) by extension 'colcon_pkg'
[1.350s] Level 1:colcon.colcon_core.package_identification:_identify(src/robotic_arm_msgs) by extensions ['colcon_meta']
[1.350s] Level 1:colcon.colcon_core.package_identification:_identify(src/robotic_arm_msgs) by extension 'colcon_meta'
[1.350s] Level 1:colcon.colcon_core.package_identification:_identify(src/robotic_arm_msgs) by extensions ['ros']
[1.350s] Level 1:colcon.colcon_core.package_identification:_identify(src/robotic_arm_msgs) by extension 'ros'
[1.351s] DEBUG:colcon.colcon_core.package_identification:Package 'src/robotic_arm_msgs' with type 'ros.ament_cmake' and name 'robotic_arm_msgs'
[1.351s] Level 1:colcon.colcon_core.package_discovery:discover_packages(recursive) using defaults
[1.351s] Level 1:colcon.colcon_core.package_discovery:discover_packages(ignore) discover
[1.351s] Level 1:colcon.colcon_core.package_discovery:discover_packages(ignore) using defaults
[1.351s] Level 1:colcon.colcon_core.package_discovery:discover_packages(path) discover
[1.351s] Level 1:colcon.colcon_core.package_discovery:discover_packages(path) using defaults
[1.448s] Level 1:colcon.colcon_core.package_discovery:discover_packages(prefix_path) check parameters
[1.448s] Level 1:colcon.colcon_core.package_discovery:discover_packages(prefix_path) discover
[1.477s] DEBUG:colcon.colcon_installed_package_information.package_discovery:Found 6 installed packages in /home/kevo/ros_ws/src/ai_based_sorting_robot_arm/install
[1.493s] DEBUG:colcon.colcon_installed_package_information.package_discovery:Found 65 installed packages in /home/kevo/ws_moveit/install
[1.507s] DEBUG:colcon.colcon_installed_package_information.package_discovery:Found 346 installed packages in /opt/ros/humble
[1.508s] Level 1:colcon.colcon_core.package_discovery:discover_packages(prefix_path) using defaults
[1.603s] Level 5:colcon.colcon_core.verb:set package 'robotic_arm_controllers' build argument 'cmake_args' from command line to 'None'
[1.604s] Level 5:colcon.colcon_core.verb:set package 'robotic_arm_controllers' build argument 'cmake_target' from command line to 'None'
[1.604s] Level 5:colcon.colcon_core.verb:set package 'robotic_arm_controllers' build argument 'cmake_target_skip_unavailable' from command line to 'False'
[1.604s] Level 5:colcon.colcon_core.verb:set package 'robotic_arm_controllers' build argument 'cmake_clean_cache' from command line to 'False'
[1.604s] Level 5:colcon.colcon_core.verb:set package 'robotic_arm_controllers' build argument 'cmake_clean_first' from command line to 'False'
[1.604s] Level 5:colcon.colcon_core.verb:set package 'robotic_arm_controllers' build argument 'cmake_force_configure' from command line to 'False'
[1.604s] Level 5:colcon.colcon_core.verb:set package 'robotic_arm_controllers' build argument 'ament_cmake_args' from command line to 'None'
[1.604s] Level 5:colcon.colcon_core.verb:set package 'robotic_arm_controllers' build argument 'catkin_cmake_args' from command line to 'None'
[1.604s] Level 5:colcon.colcon_core.verb:set package 'robotic_arm_controllers' build argument 'catkin_skip_building_tests' from command line to 'False'
[1.604s] DEBUG:colcon.colcon_core.verb:Building package 'robotic_arm_controllers' with the following arguments: {'ament_cmake_args': None, 'build_base': '/home/kevo/ros_ws/src/ai_based_sorting_robot_arm/build/robotic_arm_controllers', 'catkin_cmake_args': None, 'catkin_skip_building_tests': False, 'cmake_args': None, 'cmake_clean_cache': False, 'cmake_clean_first': False, 'cmake_force_configure': False, 'cmake_target': None, 'cmake_target_skip_unavailable': False, 'install_base': '/home/kevo/ros_ws/src/ai_based_sorting_robot_arm/install/robotic_arm_controllers', 'merge_install': False, 'path': '/home/kevo/ros_ws/src/ai_based_sorting_robot_arm/src/robotic_arm_controllers', 'symlink_install': False, 'test_result_base': None}
[1.617s] Level 5:colcon.colcon_core.verb:set package 'robotic_arm_custom_nodes' build argument 'cmake_args' from command line to 'None'
[1.618s] Level 5:colcon.colcon_core.verb:set package 'robotic_arm_custom_nodes' build argument 'cmake_target' from command line to 'None'
[1.618s] Level 5:colcon.colcon_core.verb:set package 'robotic_arm_custom_nodes' build argument 'cmake_target_skip_unavailable' from command line to 'False'
[1.618s] Level 5:colcon.colcon_core.verb:set package 'robotic_arm_custom_nodes' build argument 'cmake_clean_cache' from command line to 'False'
[1.618s] Level 5:colcon.colcon_core.verb:set package 'robotic_arm_custom_nodes' build argument 'cmake_clean_first' from command line to 'False'
[1.618s] Level 5:colcon.colcon_core.verb:set package 'robotic_arm_custom_nodes' build argument 'cmake_force_configure' from command line to 'False'
[1.618s] Level 5:colcon.colcon_core.verb:set package 'robotic_arm_custom_nodes' build argument 'ament_cmake_args' from command line to 'None'
[1.618s] Level 5:colcon.colcon_core.verb:set package 'robotic_arm_custom_nodes' build argument 'catkin_cmake_args' from command line to 'None'
[1.618s] Level 5:colcon.colcon_core.verb:set package 'robotic_arm_custom_nodes' build argument 'catkin_skip_building_tests' from command line to 'False'
[1.618s] DEBUG:colcon.colcon_core.verb:Building package 'robotic_arm_custom_nodes' with the following arguments: {'ament_cmake_args': None, 'build_base': '/home/kevo/ros_ws/src/ai_based_sorting_robot_arm/build/robotic_arm_custom_nodes', 'catkin_cmake_args': None, 'catkin_skip_building_tests': False, 'cmake_args': None, 'cmake_clean_cache': False, 'cmake_clean_first': False, 'cmake_force_configure': False, 'cmake_target': None, 'cmake_target_skip_unavailable': False, 'install_base': '/home/kevo/ros_ws/src/ai_based_sorting_robot_arm/install/robotic_arm_custom_nodes', 'merge_install': False, 'path': '/home/kevo/ros_ws/src/ai_based_sorting_robot_arm/src/robotic_arm_custom_nodes', 'symlink_install': False, 'test_result_base': None}
[1.631s] Level 5:colcon.colcon_core.verb:set package 'robotic_arm_description' build argument 'cmake_args' from command line to 'None'
[1.632s] Level 5:colcon.colcon_core.verb:set package 'robotic_arm_description' build argument 'cmake_target' from command line to 'None'
[1.632s] Level 5:colcon.colcon_core.verb:set package 'robotic_arm_description' build argument 'cmake_target_skip_unavailable' from command line to 'False'
[1.632s] Level 5:colcon.colcon_core.verb:set package 'robotic_arm_description' build argument 'cmake_clean_cache' from command line to 'False'
[1.632s] Level 5:colcon.colcon_core.verb:set package 'robotic_arm_description' build argument 'cmake_clean_first' from command line to 'False'
[1.632s] Level 5:colcon.colcon_core.verb:set package 'robotic_arm_description' build argument 'cmake_force_configure' from command line to 'False'
[1.632s] Level 5:colcon.colcon_core.verb:set package 'robotic_arm_description' build argument 'ament_cmake_args' from command line to 'None'
[1.632s] Level 5:colcon.colcon_core.verb:set package 'robotic_arm_description' build argument 'catkin_cmake_args' from command line to 'None'
[1.632s] Level 5:colcon.colcon_core.verb:set package 'robotic_arm_description' build argument 'catkin_skip_building_tests' from command line to 'False'
[1.632s] DEBUG:colcon.colcon_core.verb:Building package 'robotic_arm_description' with the following arguments: {'ament_cmake_args': None, 'build_base': '/home/kevo/ros_ws/src/ai_based_sorting_robot_arm/build/robotic_arm_description', 'catkin_cmake_args': None, 'catkin_skip_building_tests': False, 'cmake_args': None, 'cmake_clean_cache': False, 'cmake_clean_first': False, 'cmake_force_configure': False, 'cmake_target': None, 'cmake_target_skip_unavailable': False, 'install_base': '/home/kevo/ros_ws/src/ai_based_sorting_robot_arm/install/robotic_arm_description', 'merge_install': False, 'path': '/home/kevo/ros_ws/src/ai_based_sorting_robot_arm/src/robotic_arm_description', 'symlink_install': False, 'test_result_base': None}
[1.647s] Level 5:colcon.colcon_core.verb:set package 'robotic_arm_firmware' build argument 'cmake_args' from command line to 'None'
[1.647s] Level 5:colcon.colcon_core.verb:set package 'robotic_arm_firmware' build argument 'cmake_target' from command line to 'None'
[1.647s] Level 5:colcon.colcon_core.verb:set package 'robotic_arm_firmware' build argument 'cmake_target_skip_unavailable' from command line to 'False'
[1.647s] Level 5:colcon.colcon_core.verb:set package 'robotic_arm_firmware' build argument 'cmake_clean_cache' from command line to 'False'
[1.647s] Level 5:colcon.colcon_core.verb:set package 'robotic_arm_firmware' build argument 'cmake_clean_first' from command line to 'False'
[1.647s] Level 5:colcon.colcon_core.verb:set package 'robotic_arm_firmware' build argument 'cmake_force_configure' from command line to 'False'
[1.647s] Level 5:colcon.colcon_core.verb:set package 'robotic_arm_firmware' build argument 'ament_cmake_args' from command line to 'None'
[1.647s] Level 5:colcon.colcon_core.verb:set package 'robotic_arm_firmware' build argument 'catkin_cmake_args' from command line to 'None'
[1.647s] Level 5:colcon.colcon_core.verb:set package 'robotic_arm_firmware' build argument 'catkin_skip_building_tests' from command line to 'False'
[1.647s] DEBUG:colcon.colcon_core.verb:Building package 'robotic_arm_firmware' with the following arguments: {'ament_cmake_args': None, 'build_base': '/home/kevo/ros_ws/src/ai_based_sorting_robot_arm/build/robotic_arm_firmware', 'catkin_cmake_args': None, 'catkin_skip_building_tests': False, 'cmake_args': None, 'cmake_clean_cache': False, 'cmake_clean_first': False, 'cmake_force_configure': False, 'cmake_target': None, 'cmake_target_skip_unavailable': False, 'install_base': '/home/kevo/ros_ws/src/ai_based_sorting_robot_arm/install/robotic_arm_firmware', 'merge_install': False, 'path': '/home/kevo/ros_ws/src/ai_based_sorting_robot_arm/src/robotic_arm_firmware', 'symlink_install': False, 'test_result_base': None}
[1.661s] Level 5:colcon.colcon_core.verb:set package 'robotic_arm_kinematics' build argument 'cmake_args' from command line to 'None'
[1.662s] Level 5:colcon.colcon_core.verb:set package 'robotic_arm_kinematics' build argument 'cmake_target' from command line to 'None'
[1.662s] Level 5:colcon.colcon_core.verb:set package 'robotic_arm_kinematics' build argument 'cmake_target_skip_unavailable' from command line to 'False'
[1.662s] Level 5:colcon.colcon_core.verb:set package 'robotic_arm_kinematics' build argument 'cmake_clean_cache' from command line to 'False'
[1.662s] Level 5:colcon.colcon_core.verb:set package 'robotic_arm_kinematics' build argument 'cmake_clean_first' from command line to 'False'
[1.662s] Level 5:colcon.colcon_core.verb:set package 'robotic_arm_kinematics' build argument 'cmake_force_configure' from command line to 'False'
[1.662s] Level 5:colcon.colcon_core.verb:set package 'robotic_arm_kinematics' build argument 'ament_cmake_args' from command line to 'None'
[1.662s] Level 5:colcon.colcon_core.verb:set package 'robotic_arm_kinematics' build argument 'catkin_cmake_args' from command line to 'None'
[1.662s] Level 5:colcon.colcon_core.verb:set package 'robotic_arm_kinematics' build argument 'catkin_skip_building_tests' from command line to 'False'
[1.662s] DEBUG:colcon.colcon_core.verb:Building package 'robotic_arm_kinematics' with the following arguments: {'ament_cmake_args': None, 'build_base': '/home/kevo/ros_ws/src/ai_based_sorting_robot_arm/build/robotic_arm_kinematics', 'catkin_cmake_args': None, 'catkin_skip_building_tests': False, 'cmake_args': None, 'cmake_clean_cache': False, 'cmake_clean_first': False, 'cmake_force_configure': False, 'cmake_target': None, 'cmake_target_skip_unavailable': False, 'install_base': '/home/kevo/ros_ws/src/ai_based_sorting_robot_arm/install/robotic_arm_kinematics', 'merge_install': False, 'path': '/home/kevo/ros_ws/src/ai_based_sorting_robot_arm/src/robotic_arm_kinematics', 'symlink_install': False, 'test_result_base': None}
[1.676s] Level 5:colcon.colcon_core.verb:set package 'robotic_arm_msgs' build argument 'cmake_args' from command line to 'None'
[1.676s] Level 5:colcon.colcon_core.verb:set package 'robotic_arm_msgs' build argument 'cmake_target' from command line to 'None'
[1.676s] Level 5:colcon.colcon_core.verb:set package 'robotic_arm_msgs' build argument 'cmake_target_skip_unavailable' from command line to 'False'
[1.676s] Level 5:colcon.colcon_core.verb:set package 'robotic_arm_msgs' build argument 'cmake_clean_cache' from command line to 'False'
[1.676s] Level 5:colcon.colcon_core.verb:set package 'robotic_arm_msgs' build argument 'cmake_clean_first' from command line to 'False'
[1.676s] Level 5:colcon.colcon_core.verb:set package 'robotic_arm_msgs' build argument 'cmake_force_configure' from command line to 'False'
[1.676s] Level 5:colcon.colcon_core.verb:set package 'robotic_arm_msgs' build argument 'ament_cmake_args' from command line to 'None'
[1.676s] Level 5:colcon.colcon_core.verb:set package 'robotic_arm_msgs' build argument 'catkin_cmake_args' from command line to 'None'
[1.676s] Level 5:colcon.colcon_core.verb:set package 'robotic_arm_msgs' build argument 'catkin_skip_building_tests' from command line to 'False'
[1.676s] DEBUG:colcon.colcon_core.verb:Building package 'robotic_arm_msgs' with the following arguments: {'ament_cmake_args': None, 'build_base': '/home/kevo/ros_ws/src/ai_based_sorting_robot_arm/build/robotic_arm_msgs', 'catkin_cmake_args': None, 'catkin_skip_building_tests': False, 'cmake_args': None, 'cmake_clean_cache': False, 'cmake_clean_first': False, 'cmake_force_configure': False, 'cmake_target': None, 'cmake_target_skip_unavailable': False, 'install_base': '/home/kevo/ros_ws/src/ai_based_sorting_robot_arm/install/robotic_arm_msgs', 'merge_install': False, 'path': '/home/kevo/ros_ws/src/ai_based_sorting_robot_arm/src/robotic_arm_msgs', 'symlink_install': False, 'test_result_base': None}
[1.689s] INFO:colcon.colcon_core.executor:Executing jobs using 'parallel' executor
[1.704s] DEBUG:colcon.colcon_parallel_executor.executor.parallel:run_until_complete
[1.704s] INFO:colcon.colcon_ros.task.ament_cmake.build:Building ROS package in '/home/kevo/ros_ws/src/ai_based_sorting_robot_arm/src/robotic_arm_controllers' with build type 'ament_cmake'
[1.704s] INFO:colcon.colcon_cmake.task.cmake.build:Building CMake package in '/home/kevo/ros_ws/src/ai_based_sorting_robot_arm/src/robotic_arm_controllers'
[1.720s] INFO:colcon.colcon_core.plugin_system:Skipping extension 'colcon_core.shell.bat': Not used on non-Windows systems
[1.720s] INFO:colcon.colcon_core.shell:Skip shell extension 'powershell' for command environment: Not usable outside of PowerShell
[1.720s] DEBUG:colcon.colcon_core.shell:Skip shell extension 'dsv' for command environment
[1.784s] INFO:colcon.colcon_ros.task.ament_python.build:Building ROS package in '/home/kevo/ros_ws/src/ai_based_sorting_robot_arm/src/robotic_arm_custom_nodes' with build type 'ament_python'
[1.784s] Level 1:colcon.colcon_core.shell:create_environment_hook('robotic_arm_custom_nodes', 'ament_prefix_path')
[1.800s] INFO:colcon.colcon_core.shell:Creating environment hook '/home/kevo/ros_ws/src/ai_based_sorting_robot_arm/install/robotic_arm_custom_nodes/share/robotic_arm_custom_nodes/hook/ament_prefix_path.ps1'
[1.801s] INFO:colcon.colcon_core.shell:Creating environment descriptor '/home/kevo/ros_ws/src/ai_based_sorting_robot_arm/install/robotic_arm_custom_nodes/share/robotic_arm_custom_nodes/hook/ament_prefix_path.dsv'
[1.801s] INFO:colcon.colcon_core.shell:Creating environment hook '/home/kevo/ros_ws/src/ai_based_sorting_robot_arm/install/robotic_arm_custom_nodes/share/robotic_arm_custom_nodes/hook/ament_prefix_path.sh'
[1.818s] INFO:colcon.colcon_core.shell:Skip shell extension 'powershell' for command environment: Not usable outside of PowerShell
[1.818s] DEBUG:colcon.colcon_core.shell:Skip shell extension 'dsv' for command environment
[1.883s] INFO:colcon.colcon_ros.task.ament_cmake.build:Building ROS package in '/home/kevo/ros_ws/src/ai_based_sorting_robot_arm/src/robotic_arm_description' with build type 'ament_cmake'
[1.883s] INFO:colcon.colcon_cmake.task.cmake.build:Building CMake package in '/home/kevo/ros_ws/src/ai_based_sorting_robot_arm/src/robotic_arm_description'
[1.900s] INFO:colcon.colcon_core.shell:Skip shell extension 'powershell' for command environment: Not usable outside of PowerShell
[1.900s] DEBUG:colcon.colcon_core.shell:Skip shell extension 'dsv' for command environment
[1.973s] INFO:colcon.colcon_ros.task.ament_cmake.build:Building ROS package in '/home/kevo/ros_ws/src/ai_based_sorting_robot_arm/src/robotic_arm_firmware' with build type 'ament_cmake'
[1.973s] INFO:colcon.colcon_cmake.task.cmake.build:Building CMake package in '/home/kevo/ros_ws/src/ai_based_sorting_robot_arm/src/robotic_arm_firmware'
[1.990s] INFO:colcon.colcon_core.shell:Skip shell extension 'powershell' for command environment: Not usable outside of PowerShell
[1.991s] DEBUG:colcon.colcon_core.shell:Skip shell extension 'dsv' for command environment
[2.064s] INFO:colcon.colcon_ros.task.ament_cmake.build:Building ROS package in '/home/kevo/ros_ws/src/ai_based_sorting_robot_arm/src/robotic_arm_kinematics' with build type 'ament_cmake'
[2.064s] INFO:colcon.colcon_cmake.task.cmake.build:Building CMake package in '/home/kevo/ros_ws/src/ai_based_sorting_robot_arm/src/robotic_arm_kinematics'
[2.095s] INFO:colcon.colcon_core.shell:Skip shell extension 'powershell' for command environment: Not usable outside of PowerShell
[2.095s] DEBUG:colcon.colcon_core.shell:Skip shell extension 'dsv' for command environment
[2.179s] INFO:colcon.colcon_ros.task.ament_cmake.build:Building ROS package in '/home/kevo/ros_ws/src/ai_based_sorting_robot_arm/src/robotic_arm_msgs' with build type 'ament_cmake'
[2.180s] INFO:colcon.colcon_cmake.task.cmake.build:Building CMake package in '/home/kevo/ros_ws/src/ai_based_sorting_robot_arm/src/robotic_arm_msgs'
[2.197s] INFO:colcon.colcon_core.shell:Skip shell extension 'powershell' for command environment: Not usable outside of PowerShell
[2.197s] DEBUG:colcon.colcon_core.shell:Skip shell extension 'dsv' for command environment
[2.276s] DEBUG:colcon.colcon_core.event_handler.log_command:Invoking command in '/home/kevo/ros_ws/src/ai_based_sorting_robot_arm/build/robotic_arm_controllers': CMAKE_PREFIX_PATH=${CMAKE_PREFIX_PATH}:/home/kevo/ros_ws/src/ai_based_sorting_robot_arm/install/robotic_arm_custom_nodes:/home/kevo/ws_moveit/install/moveit_configs_utils:/opt/ros/humble /usr/bin/cmake --build /home/kevo/ros_ws/src/ai_based_sorting_robot_arm/build/robotic_arm_controllers -- -j8 -l8
[2.530s] INFO:colcon.colcon_core.task.python.build:Building Python package in '/home/kevo/ros_ws/src/ai_based_sorting_robot_arm/src/robotic_arm_custom_nodes'
[2.548s] INFO:colcon.colcon_core.shell:Skip shell extension 'powershell' for command environment: Not usable outside of PowerShell
[2.548s] DEBUG:colcon.colcon_core.shell:Skip shell extension 'dsv' for command environment
[2.622s] DEBUG:colcon.colcon_core.event_handler.log_command:Invoking command in '/home/kevo/ros_ws/src/ai_based_sorting_robot_arm/build/robotic_arm_description': CMAKE_PREFIX_PATH=${CMAKE_PREFIX_PATH}:/home/kevo/ros_ws/src/ai_based_sorting_robot_arm/install/robotic_arm_custom_nodes:/home/kevo/ws_moveit/install/moveit_configs_utils:/opt/ros/humble /usr/bin/cmake --build /home/kevo/ros_ws/src/ai_based_sorting_robot_arm/build/robotic_arm_description -- -j8 -l8
[2.626s] DEBUG:colcon.colcon_core.event_handler.log_command:Invoking command in '/home/kevo/ros_ws/src/ai_based_sorting_robot_arm/build/robotic_arm_firmware': CMAKE_PREFIX_PATH=${CMAKE_PREFIX_PATH}:/home/kevo/ros_ws/src/ai_based_sorting_robot_arm/install/robotic_arm_custom_nodes:/home/kevo/ws_moveit/install/moveit_configs_utils:/opt/ros/humble /usr/bin/cmake --build /home/kevo/ros_ws/src/ai_based_sorting_robot_arm/build/robotic_arm_firmware -- -j8 -l8
[2.632s] DEBUG:colcon.colcon_core.event_handler.log_command:Invoking command in '/home/kevo/ros_ws/src/ai_based_sorting_robot_arm/build/robotic_arm_kinematics': CMAKE_PREFIX_PATH=${CMAKE_PREFIX_PATH}:/home/kevo/ros_ws/src/ai_based_sorting_robot_arm/install/robotic_arm_custom_nodes:/home/kevo/ws_moveit/install/moveit_configs_utils:/opt/ros/humble /usr/bin/cmake --build /home/kevo/ros_ws/src/ai_based_sorting_robot_arm/build/robotic_arm_kinematics -- -j8 -l8
[2.640s] DEBUG:colcon.colcon_core.event_handler.log_command:Invoking command in '/home/kevo/ros_ws/src/ai_based_sorting_robot_arm/build/robotic_arm_msgs': CMAKE_PREFIX_PATH=${CMAKE_PREFIX_PATH}:/home/kevo/ros_ws/src/ai_based_sorting_robot_arm/install/robotic_arm_custom_nodes:/home/kevo/ws_moveit/install/moveit_configs_utils:/opt/ros/humble /usr/bin/cmake --build /home/kevo/ros_ws/src/ai_based_sorting_robot_arm/build/robotic_arm_msgs -- -j8 -l8
[2.644s] DEBUG:colcon.colcon_core.event_handler.log_command:Invoked command in '/home/kevo/ros_ws/src/ai_based_sorting_robot_arm/build/robotic_arm_controllers' returned '0': CMAKE_PREFIX_PATH=${CMAKE_PREFIX_PATH}:/home/kevo/ros_ws/src/ai_based_sorting_robot_arm/install/robotic_arm_custom_nodes:/home/kevo/ws_moveit/install/moveit_configs_utils:/opt/ros/humble /usr/bin/cmake --build /home/kevo/ros_ws/src/ai_based_sorting_robot_arm/build/robotic_arm_controllers -- -j8 -l8
[2.674s] DEBUG:colcon.colcon_core.event_handler.log_command:Invoked command in '/home/kevo/ros_ws/src/ai_based_sorting_robot_arm/build/robotic_arm_description' returned '0': CMAKE_PREFIX_PATH=${CMAKE_PREFIX_PATH}:/home/kevo/ros_ws/src/ai_based_sorting_robot_arm/install/robotic_arm_custom_nodes:/home/kevo/ws_moveit/install/moveit_configs_utils:/opt/ros/humble /usr/bin/cmake --build /home/kevo/ros_ws/src/ai_based_sorting_robot_arm/build/robotic_arm_description -- -j8 -l8
[2.698s] DEBUG:colcon.colcon_core.event_handler.log_command:Invoking command in '/home/kevo/ros_ws/src/ai_based_sorting_robot_arm/build/robotic_arm_controllers': CMAKE_PREFIX_PATH=${CMAKE_PREFIX_PATH}:/home/kevo/ros_ws/src/ai_based_sorting_robot_arm/install/robotic_arm_custom_nodes:/home/kevo/ws_moveit/install/moveit_configs_utils:/opt/ros/humble /usr/bin/cmake --install /home/kevo/ros_ws/src/ai_based_sorting_robot_arm/build/robotic_arm_controllers
[2.710s] Level 1:colcon.colcon_core.environment:create_environment_scripts_only(robotic_arm_controllers)
[2.715s] DEBUG:colcon.colcon_core.event_handler.log_command:Invoked command in '/home/kevo/ros_ws/src/ai_based_sorting_robot_arm/build/robotic_arm_controllers' returned '0': CMAKE_PREFIX_PATH=${CMAKE_PREFIX_PATH}:/home/kevo/ros_ws/src/ai_based_sorting_robot_arm/install/robotic_arm_custom_nodes:/home/kevo/ws_moveit/install/moveit_configs_utils:/opt/ros/humble /usr/bin/cmake --install /home/kevo/ros_ws/src/ai_based_sorting_robot_arm/build/robotic_arm_controllers
[2.747s] Level 1:colcon.colcon_core.environment:checking '/home/kevo/ros_ws/src/ai_based_sorting_robot_arm/install/robotic_arm_controllers' for CMake module files
[2.748s] Level 1:colcon.colcon_core.environment:checking '/home/kevo/ros_ws/src/ai_based_sorting_robot_arm/install/robotic_arm_controllers' for CMake config files
[2.748s] Level 1:colcon.colcon_core.shell:create_environment_hook('robotic_arm_controllers', 'cmake_prefix_path')
[2.781s] INFO:colcon.colcon_core.shell:Creating environment hook '/home/kevo/ros_ws/src/ai_based_sorting_robot_arm/install/robotic_arm_controllers/share/robotic_arm_controllers/hook/cmake_prefix_path.ps1'
[2.782s] INFO:colcon.colcon_core.shell:Creating environment descriptor '/home/kevo/ros_ws/src/ai_based_sorting_robot_arm/install/robotic_arm_controllers/share/robotic_arm_controllers/hook/cmake_prefix_path.dsv'
[2.782s] INFO:colcon.colcon_core.shell:Creating environment hook '/home/kevo/ros_ws/src/ai_based_sorting_robot_arm/install/robotic_arm_controllers/share/robotic_arm_controllers/hook/cmake_prefix_path.sh'
[2.784s] Level 1:colcon.colcon_core.environment:checking '/home/kevo/ros_ws/src/ai_based_sorting_robot_arm/install/robotic_arm_controllers/bin'
[2.784s] Level 1:colcon.colcon_core.environment:checking '/home/kevo/ros_ws/src/ai_based_sorting_robot_arm/install/robotic_arm_controllers/lib/pkgconfig/robotic_arm_controllers.pc'
[2.784s] Level 1:colcon.colcon_core.environment:checking '/home/kevo/ros_ws/src/ai_based_sorting_robot_arm/install/robotic_arm_controllers/lib/python3.10/site-packages'
[2.785s] Level 1:colcon.colcon_core.environment:checking '/home/kevo/ros_ws/src/ai_based_sorting_robot_arm/install/robotic_arm_controllers/bin'
[2.806s] INFO:colcon.colcon_core.shell:Creating package script '/home/kevo/ros_ws/src/ai_based_sorting_robot_arm/install/robotic_arm_controllers/share/robotic_arm_controllers/package.ps1'
[2.807s] INFO:colcon.colcon_core.shell:Creating package descriptor '/home/kevo/ros_ws/src/ai_based_sorting_robot_arm/install/robotic_arm_controllers/share/robotic_arm_controllers/package.dsv'
[2.808s] INFO:colcon.colcon_core.shell:Creating package script '/home/kevo/ros_ws/src/ai_based_sorting_robot_arm/install/robotic_arm_controllers/share/robotic_arm_controllers/package.sh'
[2.809s] INFO:colcon.colcon_core.shell:Creating package script '/home/kevo/ros_ws/src/ai_based_sorting_robot_arm/install/robotic_arm_controllers/share/robotic_arm_controllers/package.bash'
[2.809s] INFO:colcon.colcon_core.shell:Creating package script '/home/kevo/ros_ws/src/ai_based_sorting_robot_arm/install/robotic_arm_controllers/share/robotic_arm_controllers/package.zsh'
[2.810s] Level 1:colcon.colcon_core.environment:create_file_with_runtime_dependencies(/home/kevo/ros_ws/src/ai_based_sorting_robot_arm/install/robotic_arm_controllers/share/colcon-core/packages/robotic_arm_controllers)
[2.814s] DEBUG:colcon.colcon_core.event_handler.log_command:Invoking command in '/home/kevo/ros_ws/src/ai_based_sorting_robot_arm/build/robotic_arm_description': CMAKE_PREFIX_PATH=${CMAKE_PREFIX_PATH}:/home/kevo/ros_ws/src/ai_based_sorting_robot_arm/install/robotic_arm_custom_nodes:/home/kevo/ws_moveit/install/moveit_configs_utils:/opt/ros/humble /usr/bin/cmake --install /home/kevo/ros_ws/src/ai_based_sorting_robot_arm/build/robotic_arm_description
[2.816s] DEBUG:colcon.colcon_core.event_handler.log_command:Invoked command in '/home/kevo/ros_ws/src/ai_based_sorting_robot_arm/build/robotic_arm_kinematics' returned '0': CMAKE_PREFIX_PATH=${CMAKE_PREFIX_PATH}:/home/kevo/ros_ws/src/ai_based_sorting_robot_arm/install/robotic_arm_custom_nodes:/home/kevo/ws_moveit/install/moveit_configs_utils:/opt/ros/humble /usr/bin/cmake --build /home/kevo/ros_ws/src/ai_based_sorting_robot_arm/build/robotic_arm_kinematics -- -j8 -l8
[2.835s] Level 1:colcon.colcon_core.environment:create_environment_scripts_only(robotic_arm_description)
[2.848s] DEBUG:colcon.colcon_core.event_handler.log_command:Invoked command in '/home/kevo/ros_ws/src/ai_based_sorting_robot_arm/build/robotic_arm_description' returned '0': CMAKE_PREFIX_PATH=${CMAKE_PREFIX_PATH}:/home/kevo/ros_ws/src/ai_based_sorting_robot_arm/install/robotic_arm_custom_nodes:/home/kevo/ws_moveit/install/moveit_configs_utils:/opt/ros/humble /usr/bin/cmake --install /home/kevo/ros_ws/src/ai_based_sorting_robot_arm/build/robotic_arm_description
[2.869s] Level 1:colcon.colcon_core.environment:checking '/home/kevo/ros_ws/src/ai_based_sorting_robot_arm/install/robotic_arm_description' for CMake module files
[2.870s] Level 1:colcon.colcon_core.environment:checking '/home/kevo/ros_ws/src/ai_based_sorting_robot_arm/install/robotic_arm_description' for CMake config files
[2.870s] Level 1:colcon.colcon_core.shell:create_environment_hook('robotic_arm_description', 'cmake_prefix_path')
[2.897s] INFO:colcon.colcon_core.shell:Creating environment hook '/home/kevo/ros_ws/src/ai_based_sorting_robot_arm/install/robotic_arm_description/share/robotic_arm_description/hook/cmake_prefix_path.ps1'
[2.898s] INFO:colcon.colcon_core.shell:Creating environment descriptor '/home/kevo/ros_ws/src/ai_based_sorting_robot_arm/install/robotic_arm_description/share/robotic_arm_description/hook/cmake_prefix_path.dsv'
[2.899s] INFO:colcon.colcon_core.shell:Creating environment hook '/home/kevo/ros_ws/src/ai_based_sorting_robot_arm/install/robotic_arm_description/share/robotic_arm_description/hook/cmake_prefix_path.sh'
[2.903s] Level 1:colcon.colcon_core.environment:checking '/home/kevo/ros_ws/src/ai_based_sorting_robot_arm/install/robotic_arm_description/bin'
[2.903s] Level 1:colcon.colcon_core.environment:checking '/home/kevo/ros_ws/src/ai_based_sorting_robot_arm/install/robotic_arm_description/lib/pkgconfig/robotic_arm_description.pc'
[2.904s] Level 1:colcon.colcon_core.environment:checking '/home/kevo/ros_ws/src/ai_based_sorting_robot_arm/install/robotic_arm_description/lib/python3.10/site-packages'
[2.904s] Level 1:colcon.colcon_core.environment:checking '/home/kevo/ros_ws/src/ai_based_sorting_robot_arm/install/robotic_arm_description/bin'
[2.931s] INFO:colcon.colcon_core.shell:Creating package script '/home/kevo/ros_ws/src/ai_based_sorting_robot_arm/install/robotic_arm_description/share/robotic_arm_description/package.ps1'
[2.932s] INFO:colcon.colcon_core.shell:Creating package descriptor '/home/kevo/ros_ws/src/ai_based_sorting_robot_arm/install/robotic_arm_description/share/robotic_arm_description/package.dsv'
[2.933s] INFO:colcon.colcon_core.shell:Creating package script '/home/kevo/ros_ws/src/ai_based_sorting_robot_arm/install/robotic_arm_description/share/robotic_arm_description/package.sh'
[2.933s] INFO:colcon.colcon_core.shell:Creating package script '/home/kevo/ros_ws/src/ai_based_sorting_robot_arm/install/robotic_arm_description/share/robotic_arm_description/package.bash'
[2.934s] INFO:colcon.colcon_core.shell:Creating package script '/home/kevo/ros_ws/src/ai_based_sorting_robot_arm/install/robotic_arm_description/share/robotic_arm_description/package.zsh'
[2.935s] Level 1:colcon.colcon_core.environment:create_file_with_runtime_dependencies(/home/kevo/ros_ws/src/ai_based_sorting_robot_arm/install/robotic_arm_description/share/colcon-core/packages/robotic_arm_description)
[2.968s] Level 1:colcon.colcon_core.environment:create_environment_scripts_only(robotic_arm_controllers)
[2.995s] Level 1:colcon.colcon_core.environment:checking '/home/kevo/ros_ws/src/ai_based_sorting_robot_arm/install/robotic_arm_controllers' for CMake module files
[2.996s] Level 1:colcon.colcon_core.environment:checking '/home/kevo/ros_ws/src/ai_based_sorting_robot_arm/install/robotic_arm_controllers' for CMake config files
[2.996s] Level 1:colcon.colcon_core.shell:create_environment_hook('robotic_arm_controllers', 'cmake_prefix_path')
[3.018s] INFO:colcon.colcon_core.shell:Creating environment hook '/home/kevo/ros_ws/src/ai_based_sorting_robot_arm/install/robotic_arm_controllers/share/robotic_arm_controllers/hook/cmake_prefix_path.ps1'
[3.019s] INFO:colcon.colcon_core.shell:Creating environment descriptor '/home/kevo/ros_ws/src/ai_based_sorting_robot_arm/install/robotic_arm_controllers/share/robotic_arm_controllers/hook/cmake_prefix_path.dsv'
[3.020s] INFO:colcon.colcon_core.shell:Creating environment hook '/home/kevo/ros_ws/src/ai_based_sorting_robot_arm/install/robotic_arm_controllers/share/robotic_arm_controllers/hook/cmake_prefix_path.sh'
[3.020s] Level 1:colcon.colcon_core.environment:checking '/home/kevo/ros_ws/src/ai_based_sorting_robot_arm/install/robotic_arm_controllers/bin'
[3.020s] Level 1:colcon.colcon_core.environment:checking '/home/kevo/ros_ws/src/ai_based_sorting_robot_arm/install/robotic_arm_controllers/lib/pkgconfig/robotic_arm_controllers.pc'
[3.021s] Level 1:colcon.colcon_core.environment:checking '/home/kevo/ros_ws/src/ai_based_sorting_robot_arm/install/robotic_arm_controllers/lib/python3.10/site-packages'
[3.021s] Level 1:colcon.colcon_core.environment:checking '/home/kevo/ros_ws/src/ai_based_sorting_robot_arm/install/robotic_arm_controllers/bin'
[3.045s] INFO:colcon.colcon_core.shell:Creating package script '/home/kevo/ros_ws/src/ai_based_sorting_robot_arm/install/robotic_arm_controllers/share/robotic_arm_controllers/package.ps1'
[3.046s] INFO:colcon.colcon_core.shell:Creating package descriptor '/home/kevo/ros_ws/src/ai_based_sorting_robot_arm/install/robotic_arm_controllers/share/robotic_arm_controllers/package.dsv'
[3.047s] INFO:colcon.colcon_core.shell:Creating package script '/home/kevo/ros_ws/src/ai_based_sorting_robot_arm/install/robotic_arm_controllers/share/robotic_arm_controllers/package.sh'
[3.047s] INFO:colcon.colcon_core.shell:Creating package script '/home/kevo/ros_ws/src/ai_based_sorting_robot_arm/install/robotic_arm_controllers/share/robotic_arm_controllers/package.bash'
[3.048s] INFO:colcon.colcon_core.shell:Creating package script '/home/kevo/ros_ws/src/ai_based_sorting_robot_arm/install/robotic_arm_controllers/share/robotic_arm_controllers/package.zsh'
[3.048s] Level 1:colcon.colcon_core.environment:create_file_with_runtime_dependencies(/home/kevo/ros_ws/src/ai_based_sorting_robot_arm/install/robotic_arm_controllers/share/colcon-core/packages/robotic_arm_controllers)
[3.058s] DEBUG:colcon.colcon_core.event_handler.log_command:Invoking command in '/home/kevo/ros_ws/src/ai_based_sorting_robot_arm/build/robotic_arm_kinematics': CMAKE_PREFIX_PATH=${CMAKE_PREFIX_PATH}:/home/kevo/ros_ws/src/ai_based_sorting_robot_arm/install/robotic_arm_custom_nodes:/home/kevo/ws_moveit/install/moveit_configs_utils:/opt/ros/humble /usr/bin/cmake --install /home/kevo/ros_ws/src/ai_based_sorting_robot_arm/build/robotic_arm_kinematics
[3.083s] Level 1:colcon.colcon_core.environment:create_environment_scripts_only(robotic_arm_description)
[3.112s] Level 1:colcon.colcon_core.environment:checking '/home/kevo/ros_ws/src/ai_based_sorting_robot_arm/install/robotic_arm_description' for CMake module files
[3.113s] Level 1:colcon.colcon_core.environment:checking '/home/kevo/ros_ws/src/ai_based_sorting_robot_arm/install/robotic_arm_description' for CMake config files
[3.113s] Level 1:colcon.colcon_core.shell:create_environment_hook('robotic_arm_description', 'cmake_prefix_path')
[3.143s] INFO:colcon.colcon_core.shell:Creating environment hook '/home/kevo/ros_ws/src/ai_based_sorting_robot_arm/install/robotic_arm_description/share/robotic_arm_description/hook/cmake_prefix_path.ps1'
[3.145s] INFO:colcon.colcon_core.shell:Creating environment descriptor '/home/kevo/ros_ws/src/ai_based_sorting_robot_arm/install/robotic_arm_description/share/robotic_arm_description/hook/cmake_prefix_path.dsv'
[3.146s] INFO:colcon.colcon_core.shell:Creating environment hook '/home/kevo/ros_ws/src/ai_based_sorting_robot_arm/install/robotic_arm_description/share/robotic_arm_description/hook/cmake_prefix_path.sh'
[3.147s] Level 1:colcon.colcon_core.environment:checking '/home/kevo/ros_ws/src/ai_based_sorting_robot_arm/install/robotic_arm_description/bin'
[3.147s] Level 1:colcon.colcon_core.environment:checking '/home/kevo/ros_ws/src/ai_based_sorting_robot_arm/install/robotic_arm_description/lib/pkgconfig/robotic_arm_description.pc'
[3.147s] Level 1:colcon.colcon_core.environment:checking '/home/kevo/ros_ws/src/ai_based_sorting_robot_arm/install/robotic_arm_description/lib/python3.10/site-packages'
[3.148s] Level 1:colcon.colcon_core.environment:checking '/home/kevo/ros_ws/src/ai_based_sorting_robot_arm/install/robotic_arm_description/bin'
[3.184s] INFO:colcon.colcon_core.shell:Creating package script '/home/kevo/ros_ws/src/ai_based_sorting_robot_arm/install/robotic_arm_description/share/robotic_arm_description/package.ps1'
[3.186s] INFO:colcon.colcon_core.shell:Creating package descriptor '/home/kevo/ros_ws/src/ai_based_sorting_robot_arm/install/robotic_arm_description/share/robotic_arm_description/package.dsv'
[3.188s] INFO:colcon.colcon_core.shell:Creating package script '/home/kevo/ros_ws/src/ai_based_sorting_robot_arm/install/robotic_arm_description/share/robotic_arm_description/package.sh'
[3.189s] INFO:colcon.colcon_core.shell:Creating package script '/home/kevo/ros_ws/src/ai_based_sorting_robot_arm/install/robotic_arm_description/share/robotic_arm_description/package.bash'
[3.189s] INFO:colcon.colcon_core.shell:Creating package script '/home/kevo/ros_ws/src/ai_based_sorting_robot_arm/install/robotic_arm_description/share/robotic_arm_description/package.zsh'
[3.191s] Level 1:colcon.colcon_core.environment:create_file_with_runtime_dependencies(/home/kevo/ros_ws/src/ai_based_sorting_robot_arm/install/robotic_arm_description/share/colcon-core/packages/robotic_arm_description)
[3.196s] DEBUG:colcon.colcon_core.event_handler.log_command:Invoked command in '/home/kevo/ros_ws/src/ai_based_sorting_robot_arm/build/robotic_arm_firmware' returned '0': CMAKE_PREFIX_PATH=${CMAKE_PREFIX_PATH}:/home/kevo/ros_ws/src/ai_based_sorting_robot_arm/install/robotic_arm_custom_nodes:/home/kevo/ws_moveit/install/moveit_configs_utils:/opt/ros/humble /usr/bin/cmake --build /home/kevo/ros_ws/src/ai_based_sorting_robot_arm/build/robotic_arm_firmware -- -j8 -l8
[3.197s] Level 1:colcon.colcon_core.environment:create_environment_scripts_only(robotic_arm_kinematics)
[3.200s] DEBUG:colcon.colcon_core.event_handler.log_command:Invoked command in '/home/kevo/ros_ws/src/ai_based_sorting_robot_arm/build/robotic_arm_kinematics' returned '0': CMAKE_PREFIX_PATH=${CMAKE_PREFIX_PATH}:/home/kevo/ros_ws/src/ai_based_sorting_robot_arm/install/robotic_arm_custom_nodes:/home/kevo/ws_moveit/install/moveit_configs_utils:/opt/ros/humble /usr/bin/cmake --install /home/kevo/ros_ws/src/ai_based_sorting_robot_arm/build/robotic_arm_kinematics
[3.227s] Level 1:colcon.colcon_core.environment:checking '/home/kevo/ros_ws/src/ai_based_sorting_robot_arm/install/robotic_arm_kinematics' for CMake module files
[3.228s] Level 1:colcon.colcon_core.environment:checking '/home/kevo/ros_ws/src/ai_based_sorting_robot_arm/install/robotic_arm_kinematics' for CMake config files
[3.228s] Level 1:colcon.colcon_core.shell:create_environment_hook('robotic_arm_kinematics', 'cmake_prefix_path')
[3.253s] INFO:colcon.colcon_core.shell:Creating environment hook '/home/kevo/ros_ws/src/ai_based_sorting_robot_arm/install/robotic_arm_kinematics/share/robotic_arm_kinematics/hook/cmake_prefix_path.ps1'
[3.253s] INFO:colcon.colcon_core.shell:Creating environment descriptor '/home/kevo/ros_ws/src/ai_based_sorting_robot_arm/install/robotic_arm_kinematics/share/robotic_arm_kinematics/hook/cmake_prefix_path.dsv'
[3.254s] INFO:colcon.colcon_core.shell:Creating environment hook '/home/kevo/ros_ws/src/ai_based_sorting_robot_arm/install/robotic_arm_kinematics/share/robotic_arm_kinematics/hook/cmake_prefix_path.sh'
[3.255s] Level 1:colcon.colcon_core.environment:checking '/home/kevo/ros_ws/src/ai_based_sorting_robot_arm/install/robotic_arm_kinematics/lib'
[3.255s] Level 1:colcon.colcon_core.environment:checking '/home/kevo/ros_ws/src/ai_based_sorting_robot_arm/install/robotic_arm_kinematics/bin'
[3.255s] Level 1:colcon.colcon_core.environment:checking '/home/kevo/ros_ws/src/ai_based_sorting_robot_arm/install/robotic_arm_kinematics/lib/pkgconfig/robotic_arm_kinematics.pc'
[3.255s] Level 1:colcon.colcon_core.environment:checking '/home/kevo/ros_ws/src/ai_based_sorting_robot_arm/install/robotic_arm_kinematics/lib/python3.10/site-packages'
[3.255s] Level 1:colcon.colcon_core.environment:checking '/home/kevo/ros_ws/src/ai_based_sorting_robot_arm/install/robotic_arm_kinematics/bin'
[3.272s] INFO:colcon.colcon_core.shell:Creating package script '/home/kevo/ros_ws/src/ai_based_sorting_robot_arm/install/robotic_arm_kinematics/share/robotic_arm_kinematics/package.ps1'
[3.273s] INFO:colcon.colcon_core.shell:Creating package descriptor '/home/kevo/ros_ws/src/ai_based_sorting_robot_arm/install/robotic_arm_kinematics/share/robotic_arm_kinematics/package.dsv'
[3.273s] INFO:colcon.colcon_core.shell:Creating package script '/home/kevo/ros_ws/src/ai_based_sorting_robot_arm/install/robotic_arm_kinematics/share/robotic_arm_kinematics/package.sh'
[3.273s] INFO:colcon.colcon_core.shell:Creating package script '/home/kevo/ros_ws/src/ai_based_sorting_robot_arm/install/robotic_arm_kinematics/share/robotic_arm_kinematics/package.bash'
[3.274s] INFO:colcon.colcon_core.shell:Creating package script '/home/kevo/ros_ws/src/ai_based_sorting_robot_arm/install/robotic_arm_kinematics/share/robotic_arm_kinematics/package.zsh'
[3.274s] Level 1:colcon.colcon_core.environment:create_file_with_runtime_dependencies(/home/kevo/ros_ws/src/ai_based_sorting_robot_arm/install/robotic_arm_kinematics/share/colcon-core/packages/robotic_arm_kinematics)
[3.281s] DEBUG:colcon.colcon_core.event_handler.log_command:Invoking command in '/home/kevo/ros_ws/src/ai_based_sorting_robot_arm/src/robotic_arm_custom_nodes': PYTHONPATH=/home/kevo/ros_ws/src/ai_based_sorting_robot_arm/build/robotic_arm_custom_nodes/prefix_override:/home/kevo/ros_ws/src/ai_based_sorting_robot_arm/install/robotic_arm_custom_nodes/lib/python3.10/site-packages:${PYTHONPATH} /usr/bin/python3 setup.py egg_info --egg-base ../../build/robotic_arm_custom_nodes build --build-base /home/kevo/ros_ws/src/ai_based_sorting_robot_arm/build/robotic_arm_custom_nodes/build install --record /home/kevo/ros_ws/src/ai_based_sorting_robot_arm/build/robotic_arm_custom_nodes/install.log --single-version-externally-managed
[3.282s] DEBUG:colcon.colcon_core.event_handler.log_command:Invoking command in '/home/kevo/ros_ws/src/ai_based_sorting_robot_arm/build/robotic_arm_firmware': CMAKE_PREFIX_PATH=${CMAKE_PREFIX_PATH}:/home/kevo/ros_ws/src/ai_based_sorting_robot_arm/install/robotic_arm_custom_nodes:/home/kevo/ws_moveit/install/moveit_configs_utils:/opt/ros/humble /usr/bin/cmake --install /home/kevo/ros_ws/src/ai_based_sorting_robot_arm/build/robotic_arm_firmware
[3.283s] DEBUG:colcon.colcon_core.event_handler.log_command:Invoked command in '/home/kevo/ros_ws/src/ai_based_sorting_robot_arm/build/robotic_arm_msgs' returned '0': CMAKE_PREFIX_PATH=${CMAKE_PREFIX_PATH}:/home/kevo/ros_ws/src/ai_based_sorting_robot_arm/install/robotic_arm_custom_nodes:/home/kevo/ws_moveit/install/moveit_configs_utils:/opt/ros/humble /usr/bin/cmake --build /home/kevo/ros_ws/src/ai_based_sorting_robot_arm/build/robotic_arm_msgs -- -j8 -l8
[3.395s] Level 1:colcon.colcon_core.environment:create_environment_scripts_only(robotic_arm_kinematics)
[3.422s] Level 1:colcon.colcon_core.environment:checking '/home/kevo/ros_ws/src/ai_based_sorting_robot_arm/install/robotic_arm_kinematics' for CMake module files
[3.422s] Level 1:colcon.colcon_core.environment:checking '/home/kevo/ros_ws/src/ai_based_sorting_robot_arm/install/robotic_arm_kinematics' for CMake config files
[3.422s] Level 1:colcon.colcon_core.shell:create_environment_hook('robotic_arm_kinematics', 'cmake_prefix_path')
[3.439s] INFO:colcon.colcon_core.shell:Creating environment hook '/home/kevo/ros_ws/src/ai_based_sorting_robot_arm/install/robotic_arm_kinematics/share/robotic_arm_kinematics/hook/cmake_prefix_path.ps1'
[3.440s] INFO:colcon.colcon_core.shell:Creating environment descriptor '/home/kevo/ros_ws/src/ai_based_sorting_robot_arm/install/robotic_arm_kinematics/share/robotic_arm_kinematics/hook/cmake_prefix_path.dsv'
[3.441s] INFO:colcon.colcon_core.shell:Creating environment hook '/home/kevo/ros_ws/src/ai_based_sorting_robot_arm/install/robotic_arm_kinematics/share/robotic_arm_kinematics/hook/cmake_prefix_path.sh'
[3.442s] Level 1:colcon.colcon_core.environment:checking '/home/kevo/ros_ws/src/ai_based_sorting_robot_arm/install/robotic_arm_kinematics/lib'
[3.442s] Level 1:colcon.colcon_core.environment:checking '/home/kevo/ros_ws/src/ai_based_sorting_robot_arm/install/robotic_arm_kinematics/bin'
[3.442s] Level 1:colcon.colcon_core.environment:checking '/home/kevo/ros_ws/src/ai_based_sorting_robot_arm/install/robotic_arm_kinematics/lib/pkgconfig/robotic_arm_kinematics.pc'
[3.442s] Level 1:colcon.colcon_core.environment:checking '/home/kevo/ros_ws/src/ai_based_sorting_robot_arm/install/robotic_arm_kinematics/lib/python3.10/site-packages'
[3.443s] Level 1:colcon.colcon_core.environment:checking '/home/kevo/ros_ws/src/ai_based_sorting_robot_arm/install/robotic_arm_kinematics/bin'
[3.470s] INFO:colcon.colcon_core.shell:Creating package script '/home/kevo/ros_ws/src/ai_based_sorting_robot_arm/install/robotic_arm_kinematics/share/robotic_arm_kinematics/package.ps1'
[3.470s] INFO:colcon.colcon_core.shell:Creating package descriptor '/home/kevo/ros_ws/src/ai_based_sorting_robot_arm/install/robotic_arm_kinematics/share/robotic_arm_kinematics/package.dsv'
[3.471s] INFO:colcon.colcon_core.shell:Creating package script '/home/kevo/ros_ws/src/ai_based_sorting_robot_arm/install/robotic_arm_kinematics/share/robotic_arm_kinematics/package.sh'
[3.472s] INFO:colcon.colcon_core.shell:Creating package script '/home/kevo/ros_ws/src/ai_based_sorting_robot_arm/install/robotic_arm_kinematics/share/robotic_arm_kinematics/package.bash'
[3.472s] INFO:colcon.colcon_core.shell:Creating package script '/home/kevo/ros_ws/src/ai_based_sorting_robot_arm/install/robotic_arm_kinematics/share/robotic_arm_kinematics/package.zsh'
[3.473s] Level 1:colcon.colcon_core.environment:create_file_with_runtime_dependencies(/home/kevo/ros_ws/src/ai_based_sorting_robot_arm/install/robotic_arm_kinematics/share/colcon-core/packages/robotic_arm_kinematics)
[3.477s] Level 1:colcon.colcon_core.environment:create_environment_scripts_only(robotic_arm_firmware)
[3.479s] DEBUG:colcon.colcon_core.event_handler.log_command:Invoking command in '/home/kevo/ros_ws/src/ai_based_sorting_robot_arm/build/robotic_arm_msgs': CMAKE_PREFIX_PATH=${CMAKE_PREFIX_PATH}:/home/kevo/ros_ws/src/ai_based_sorting_robot_arm/install/robotic_arm_custom_nodes:/home/kevo/ws_moveit/install/moveit_configs_utils:/opt/ros/humble /usr/bin/cmake --install /home/kevo/ros_ws/src/ai_based_sorting_robot_arm/build/robotic_arm_msgs
[3.481s] DEBUG:colcon.colcon_core.event_handler.log_command:Invoked command in '/home/kevo/ros_ws/src/ai_based_sorting_robot_arm/build/robotic_arm_firmware' returned '0': CMAKE_PREFIX_PATH=${CMAKE_PREFIX_PATH}:/home/kevo/ros_ws/src/ai_based_sorting_robot_arm/install/robotic_arm_custom_nodes:/home/kevo/ws_moveit/install/moveit_configs_utils:/opt/ros/humble /usr/bin/cmake --install /home/kevo/ros_ws/src/ai_based_sorting_robot_arm/build/robotic_arm_firmware
[3.528s] Level 1:colcon.colcon_core.environment:checking '/home/kevo/ros_ws/src/ai_based_sorting_robot_arm/install/robotic_arm_firmware' for CMake module files
[3.529s] Level 1:colcon.colcon_core.environment:checking '/home/kevo/ros_ws/src/ai_based_sorting_robot_arm/install/robotic_arm_firmware' for CMake config files
[3.529s] Level 1:colcon.colcon_core.shell:create_environment_hook('robotic_arm_firmware', 'cmake_prefix_path')
[3.586s] INFO:colcon.colcon_core.shell:Creating environment hook '/home/kevo/ros_ws/src/ai_based_sorting_robot_arm/install/robotic_arm_firmware/share/robotic_arm_firmware/hook/cmake_prefix_path.ps1'
[3.587s] INFO:colcon.colcon_core.shell:Creating environment descriptor '/home/kevo/ros_ws/src/ai_based_sorting_robot_arm/install/robotic_arm_firmware/share/robotic_arm_firmware/hook/cmake_prefix_path.dsv'
[3.587s] INFO:colcon.colcon_core.shell:Creating environment hook '/home/kevo/ros_ws/src/ai_based_sorting_robot_arm/install/robotic_arm_firmware/share/robotic_arm_firmware/hook/cmake_prefix_path.sh'
[3.588s] Level 1:colcon.colcon_core.environment:checking '/home/kevo/ros_ws/src/ai_based_sorting_robot_arm/install/robotic_arm_firmware/lib'
[3.588s] Level 1:colcon.colcon_core.environment:checking '/home/kevo/ros_ws/src/ai_based_sorting_robot_arm/install/robotic_arm_firmware/bin'
[3.589s] Level 1:colcon.colcon_core.environment:checking '/home/kevo/ros_ws/src/ai_based_sorting_robot_arm/install/robotic_arm_firmware/lib/pkgconfig/robotic_arm_firmware.pc'
[3.590s] Level 1:colcon.colcon_core.environment:checking '/home/kevo/ros_ws/src/ai_based_sorting_robot_arm/install/robotic_arm_firmware/lib/python3.10/site-packages'
[3.590s] Level 1:colcon.colcon_core.environment:checking '/home/kevo/ros_ws/src/ai_based_sorting_robot_arm/install/robotic_arm_firmware/bin'
[3.617s] INFO:colcon.colcon_core.shell:Creating package script '/home/kevo/ros_ws/src/ai_based_sorting_robot_arm/install/robotic_arm_firmware/share/robotic_arm_firmware/package.ps1'
[3.617s] INFO:colcon.colcon_core.shell:Creating package descriptor '/home/kevo/ros_ws/src/ai_based_sorting_robot_arm/install/robotic_arm_firmware/share/robotic_arm_firmware/package.dsv'
[3.618s] INFO:colcon.colcon_core.shell:Creating package script '/home/kevo/ros_ws/src/ai_based_sorting_robot_arm/install/robotic_arm_firmware/share/robotic_arm_firmware/package.sh'
[3.619s] INFO:colcon.colcon_core.shell:Creating package script '/home/kevo/ros_ws/src/ai_based_sorting_robot_arm/install/robotic_arm_firmware/share/robotic_arm_firmware/package.bash'
[3.619s] INFO:colcon.colcon_core.shell:Creating package script '/home/kevo/ros_ws/src/ai_based_sorting_robot_arm/install/robotic_arm_firmware/share/robotic_arm_firmware/package.zsh'
[3.620s] Level 1:colcon.colcon_core.environment:create_file_with_runtime_dependencies(/home/kevo/ros_ws/src/ai_based_sorting_robot_arm/install/robotic_arm_firmware/share/colcon-core/packages/robotic_arm_firmware)
[3.622s] Level 1:colcon.colcon_core.environment:create_environment_scripts_only(robotic_arm_msgs)
[3.624s] DEBUG:colcon.colcon_core.event_handler.log_command:Invoked command in '/home/kevo/ros_ws/src/ai_based_sorting_robot_arm/build/robotic_arm_msgs' returned '0': CMAKE_PREFIX_PATH=${CMAKE_PREFIX_PATH}:/home/kevo/ros_ws/src/ai_based_sorting_robot_arm/install/robotic_arm_custom_nodes:/home/kevo/ws_moveit/install/moveit_configs_utils:/opt/ros/humble /usr/bin/cmake --install /home/kevo/ros_ws/src/ai_based_sorting_robot_arm/build/robotic_arm_msgs
[3.647s] Level 1:colcon.colcon_core.environment:checking '/home/kevo/ros_ws/src/ai_based_sorting_robot_arm/install/robotic_arm_msgs' for CMake module files
[3.648s] Level 1:colcon.colcon_core.environment:checking '/home/kevo/ros_ws/src/ai_based_sorting_robot_arm/install/robotic_arm_msgs' for CMake config files
[3.648s] Level 1:colcon.colcon_core.shell:create_environment_hook('robotic_arm_msgs', 'cmake_prefix_path')
[3.672s] INFO:colcon.colcon_core.shell:Creating environment hook '/home/kevo/ros_ws/src/ai_based_sorting_robot_arm/install/robotic_arm_msgs/share/robotic_arm_msgs/hook/cmake_prefix_path.ps1'
[3.673s] INFO:colcon.colcon_core.shell:Creating environment descriptor '/home/kevo/ros_ws/src/ai_based_sorting_robot_arm/install/robotic_arm_msgs/share/robotic_arm_msgs/hook/cmake_prefix_path.dsv'
[3.673s] INFO:colcon.colcon_core.shell:Creating environment hook '/home/kevo/ros_ws/src/ai_based_sorting_robot_arm/install/robotic_arm_msgs/share/robotic_arm_msgs/hook/cmake_prefix_path.sh'
[3.674s] Level 1:colcon.colcon_core.environment:checking '/home/kevo/ros_ws/src/ai_based_sorting_robot_arm/install/robotic_arm_msgs/lib'
[3.674s] Level 1:colcon.colcon_core.shell:create_environment_hook('robotic_arm_msgs', 'ld_library_path_lib')
[3.697s] INFO:colcon.colcon_core.shell:Creating environment hook '/home/kevo/ros_ws/src/ai_based_sorting_robot_arm/install/robotic_arm_msgs/share/robotic_arm_msgs/hook/ld_library_path_lib.ps1'
[3.698s] INFO:colcon.colcon_core.shell:Creating environment descriptor '/home/kevo/ros_ws/src/ai_based_sorting_robot_arm/install/robotic_arm_msgs/share/robotic_arm_msgs/hook/ld_library_path_lib.dsv'
[3.699s] INFO:colcon.colcon_core.shell:Creating environment hook '/home/kevo/ros_ws/src/ai_based_sorting_robot_arm/install/robotic_arm_msgs/share/robotic_arm_msgs/hook/ld_library_path_lib.sh'
[3.699s] Level 1:colcon.colcon_core.environment:checking '/home/kevo/ros_ws/src/ai_based_sorting_robot_arm/install/robotic_arm_msgs/bin'
[3.699s] Level 1:colcon.colcon_core.environment:checking '/home/kevo/ros_ws/src/ai_based_sorting_robot_arm/install/robotic_arm_msgs/lib/pkgconfig/robotic_arm_msgs.pc'
[3.699s] Level 1:colcon.colcon_core.environment:checking '/home/kevo/ros_ws/src/ai_based_sorting_robot_arm/install/robotic_arm_msgs/lib/python3.10/site-packages'
[3.700s] Level 1:colcon.colcon_core.environment:checking '/home/kevo/ros_ws/src/ai_based_sorting_robot_arm/install/robotic_arm_msgs/bin'
[3.738s] INFO:colcon.colcon_core.shell:Creating package script '/home/kevo/ros_ws/src/ai_based_sorting_robot_arm/install/robotic_arm_msgs/share/robotic_arm_msgs/package.ps1'
[3.738s] INFO:colcon.colcon_core.shell:Creating package descriptor '/home/kevo/ros_ws/src/ai_based_sorting_robot_arm/install/robotic_arm_msgs/share/robotic_arm_msgs/package.dsv'
[3.739s] INFO:colcon.colcon_core.shell:Creating package script '/home/kevo/ros_ws/src/ai_based_sorting_robot_arm/install/robotic_arm_msgs/share/robotic_arm_msgs/package.sh'
[3.740s] INFO:colcon.colcon_core.shell:Creating package script '/home/kevo/ros_ws/src/ai_based_sorting_robot_arm/install/robotic_arm_msgs/share/robotic_arm_msgs/package.bash'
[3.740s] INFO:colcon.colcon_core.shell:Creating package script '/home/kevo/ros_ws/src/ai_based_sorting_robot_arm/install/robotic_arm_msgs/share/robotic_arm_msgs/package.zsh'
[3.740s] Level 1:colcon.colcon_core.environment:create_file_with_runtime_dependencies(/home/kevo/ros_ws/src/ai_based_sorting_robot_arm/install/robotic_arm_msgs/share/colcon-core/packages/robotic_arm_msgs)
[3.784s] Level 1:colcon.colcon_core.environment:create_environment_scripts_only(robotic_arm_firmware)
[3.811s] Level 1:colcon.colcon_core.environment:checking '/home/kevo/ros_ws/src/ai_based_sorting_robot_arm/install/robotic_arm_firmware' for CMake module files
[3.811s] Level 1:colcon.colcon_core.environment:checking '/home/kevo/ros_ws/src/ai_based_sorting_robot_arm/install/robotic_arm_firmware' for CMake config files
[3.812s] Level 1:colcon.colcon_core.shell:create_environment_hook('robotic_arm_firmware', 'cmake_prefix_path')
[3.830s] INFO:colcon.colcon_core.shell:Creating environment hook '/home/kevo/ros_ws/src/ai_based_sorting_robot_arm/install/robotic_arm_firmware/share/robotic_arm_firmware/hook/cmake_prefix_path.ps1'
[3.831s] INFO:colcon.colcon_core.shell:Creating environment descriptor '/home/kevo/ros_ws/src/ai_based_sorting_robot_arm/install/robotic_arm_firmware/share/robotic_arm_firmware/hook/cmake_prefix_path.dsv'
[3.831s] INFO:colcon.colcon_core.shell:Creating environment hook '/home/kevo/ros_ws/src/ai_based_sorting_robot_arm/install/robotic_arm_firmware/share/robotic_arm_firmware/hook/cmake_prefix_path.sh'
[3.832s] Level 1:colcon.colcon_core.environment:checking '/home/kevo/ros_ws/src/ai_based_sorting_robot_arm/install/robotic_arm_firmware/lib'
[3.832s] Level 1:colcon.colcon_core.environment:checking '/home/kevo/ros_ws/src/ai_based_sorting_robot_arm/install/robotic_arm_firmware/bin'
[3.832s] Level 1:colcon.colcon_core.environment:checking '/home/kevo/ros_ws/src/ai_based_sorting_robot_arm/install/robotic_arm_firmware/lib/pkgconfig/robotic_arm_firmware.pc'
[3.832s] Level 1:colcon.colcon_core.environment:checking '/home/kevo/ros_ws/src/ai_based_sorting_robot_arm/install/robotic_arm_firmware/lib/python3.10/site-packages'
[3.833s] Level 1:colcon.colcon_core.environment:checking '/home/kevo/ros_ws/src/ai_based_sorting_robot_arm/install/robotic_arm_firmware/bin'
[3.854s] INFO:colcon.colcon_core.shell:Creating package script '/home/kevo/ros_ws/src/ai_based_sorting_robot_arm/install/robotic_arm_firmware/share/robotic_arm_firmware/package.ps1'
[3.855s] INFO:colcon.colcon_core.shell:Creating package descriptor '/home/kevo/ros_ws/src/ai_based_sorting_robot_arm/install/robotic_arm_firmware/share/robotic_arm_firmware/package.dsv'
[3.855s] INFO:colcon.colcon_core.shell:Creating package script '/home/kevo/ros_ws/src/ai_based_sorting_robot_arm/install/robotic_arm_firmware/share/robotic_arm_firmware/package.sh'
[3.856s] INFO:colcon.colcon_core.shell:Creating package script '/home/kevo/ros_ws/src/ai_based_sorting_robot_arm/install/robotic_arm_firmware/share/robotic_arm_firmware/package.bash'
[3.857s] INFO:colcon.colcon_core.shell:Creating package script '/home/kevo/ros_ws/src/ai_based_sorting_robot_arm/install/robotic_arm_firmware/share/robotic_arm_firmware/package.zsh'
[3.858s] Level 1:colcon.colcon_core.environment:create_file_with_runtime_dependencies(/home/kevo/ros_ws/src/ai_based_sorting_robot_arm/install/robotic_arm_firmware/share/colcon-core/packages/robotic_arm_firmware)
[3.864s] DEBUG:colcon.colcon_core.event_handler.log_command:Invoked command in '/home/kevo/ros_ws/src/ai_based_sorting_robot_arm/src/robotic_arm_custom_nodes' returned '0': PYTHONPATH=/home/kevo/ros_ws/src/ai_based_sorting_robot_arm/build/robotic_arm_custom_nodes/prefix_override:/home/kevo/ros_ws/src/ai_based_sorting_robot_arm/install/robotic_arm_custom_nodes/lib/python3.10/site-packages:${PYTHONPATH} /usr/bin/python3 setup.py egg_info --egg-base ../../build/robotic_arm_custom_nodes build --build-base /home/kevo/ros_ws/src/ai_based_sorting_robot_arm/build/robotic_arm_custom_nodes/build install --record /home/kevo/ros_ws/src/ai_based_sorting_robot_arm/build/robotic_arm_custom_nodes/install.log --single-version-externally-managed
[3.889s] Level 1:colcon.colcon_core.environment:checking '/home/kevo/ros_ws/src/ai_based_sorting_robot_arm/install/robotic_arm_custom_nodes' for CMake module files
[3.889s] Level 1:colcon.colcon_core.environment:checking '/home/kevo/ros_ws/src/ai_based_sorting_robot_arm/install/robotic_arm_custom_nodes' for CMake config files
[3.890s] Level 1:colcon.colcon_core.environment:checking '/home/kevo/ros_ws/src/ai_based_sorting_robot_arm/install/robotic_arm_custom_nodes/lib'
[3.890s] Level 1:colcon.colcon_core.environment:checking '/home/kevo/ros_ws/src/ai_based_sorting_robot_arm/install/robotic_arm_custom_nodes/bin'
[3.890s] Level 1:colcon.colcon_core.environment:checking '/home/kevo/ros_ws/src/ai_based_sorting_robot_arm/install/robotic_arm_custom_nodes/lib/pkgconfig/robotic_arm_custom_nodes.pc'
[3.890s] Level 1:colcon.colcon_core.environment:checking '/home/kevo/ros_ws/src/ai_based_sorting_robot_arm/install/robotic_arm_custom_nodes/lib/python3.10/site-packages'
[3.890s] Level 1:colcon.colcon_core.shell:create_environment_hook('robotic_arm_custom_nodes', 'pythonpath')
[3.913s] INFO:colcon.colcon_core.shell:Creating environment hook '/home/kevo/ros_ws/src/ai_based_sorting_robot_arm/install/robotic_arm_custom_nodes/share/robotic_arm_custom_nodes/hook/pythonpath.ps1'
[3.914s] INFO:colcon.colcon_core.shell:Creating environment descriptor '/home/kevo/ros_ws/src/ai_based_sorting_robot_arm/install/robotic_arm_custom_nodes/share/robotic_arm_custom_nodes/hook/pythonpath.dsv'
[3.915s] INFO:colcon.colcon_core.shell:Creating environment hook '/home/kevo/ros_ws/src/ai_based_sorting_robot_arm/install/robotic_arm_custom_nodes/share/robotic_arm_custom_nodes/hook/pythonpath.sh'
[3.916s] Level 1:colcon.colcon_core.environment:checking '/home/kevo/ros_ws/src/ai_based_sorting_robot_arm/install/robotic_arm_custom_nodes/bin'
[3.916s] Level 1:colcon.colcon_core.environment:create_environment_scripts_only(robotic_arm_custom_nodes)
[3.931s] INFO:colcon.colcon_core.shell:Creating package script '/home/kevo/ros_ws/src/ai_based_sorting_robot_arm/install/robotic_arm_custom_nodes/share/robotic_arm_custom_nodes/package.ps1'
[3.932s] INFO:colcon.colcon_core.shell:Creating package descriptor '/home/kevo/ros_ws/src/ai_based_sorting_robot_arm/install/robotic_arm_custom_nodes/share/robotic_arm_custom_nodes/package.dsv'
[3.933s] INFO:colcon.colcon_core.shell:Creating package script '/home/kevo/ros_ws/src/ai_based_sorting_robot_arm/install/robotic_arm_custom_nodes/share/robotic_arm_custom_nodes/package.sh'
[3.934s] INFO:colcon.colcon_core.shell:Creating package script '/home/kevo/ros_ws/src/ai_based_sorting_robot_arm/install/robotic_arm_custom_nodes/share/robotic_arm_custom_nodes/package.bash'
[3.935s] INFO:colcon.colcon_core.shell:Creating package script '/home/kevo/ros_ws/src/ai_based_sorting_robot_arm/install/robotic_arm_custom_nodes/share/robotic_arm_custom_nodes/package.zsh'
[3.935s] Level 1:colcon.colcon_core.environment:create_file_with_runtime_dependencies(/home/kevo/ros_ws/src/ai_based_sorting_robot_arm/install/robotic_arm_custom_nodes/share/colcon-core/packages/robotic_arm_custom_nodes)
[3.959s] Level 1:colcon.colcon_core.environment:create_environment_scripts_only(robotic_arm_msgs)
[3.987s] Level 1:colcon.colcon_core.environment:checking '/home/kevo/ros_ws/src/ai_based_sorting_robot_arm/install/robotic_arm_msgs' for CMake module files
[3.988s] Level 1:colcon.colcon_core.environment:checking '/home/kevo/ros_ws/src/ai_based_sorting_robot_arm/install/robotic_arm_msgs' for CMake config files
[3.989s] Level 1:colcon.colcon_core.shell:create_environment_hook('robotic_arm_msgs', 'cmake_prefix_path')
[4.004s] INFO:colcon.colcon_core.shell:Creating environment hook '/home/kevo/ros_ws/src/ai_based_sorting_robot_arm/install/robotic_arm_msgs/share/robotic_arm_msgs/hook/cmake_prefix_path.ps1'
[4.005s] INFO:colcon.colcon_core.shell:Creating environment descriptor '/home/kevo/ros_ws/src/ai_based_sorting_robot_arm/install/robotic_arm_msgs/share/robotic_arm_msgs/hook/cmake_prefix_path.dsv'
[4.005s] INFO:colcon.colcon_core.shell:Creating environment hook '/home/kevo/ros_ws/src/ai_based_sorting_robot_arm/install/robotic_arm_msgs/share/robotic_arm_msgs/hook/cmake_prefix_path.sh'
[4.006s] Level 1:colcon.colcon_core.environment:checking '/home/kevo/ros_ws/src/ai_based_sorting_robot_arm/install/robotic_arm_msgs/lib'
[4.006s] Level 1:colcon.colcon_core.shell:create_environment_hook('robotic_arm_msgs', 'ld_library_path_lib')
[4.028s] INFO:colcon.colcon_core.shell:Creating environment hook '/home/kevo/ros_ws/src/ai_based_sorting_robot_arm/install/robotic_arm_msgs/share/robotic_arm_msgs/hook/ld_library_path_lib.ps1'
[4.028s] INFO:colcon.colcon_core.shell:Creating environment descriptor '/home/kevo/ros_ws/src/ai_based_sorting_robot_arm/install/robotic_arm_msgs/share/robotic_arm_msgs/hook/ld_library_path_lib.dsv'
[4.029s] INFO:colcon.colcon_core.shell:Creating environment hook '/home/kevo/ros_ws/src/ai_based_sorting_robot_arm/install/robotic_arm_msgs/share/robotic_arm_msgs/hook/ld_library_path_lib.sh'
[4.029s] Level 1:colcon.colcon_core.environment:checking '/home/kevo/ros_ws/src/ai_based_sorting_robot_arm/install/robotic_arm_msgs/bin'
[4.029s] Level 1:colcon.colcon_core.environment:checking '/home/kevo/ros_ws/src/ai_based_sorting_robot_arm/install/robotic_arm_msgs/lib/pkgconfig/robotic_arm_msgs.pc'
[4.029s] Level 1:colcon.colcon_core.environment:checking '/home/kevo/ros_ws/src/ai_based_sorting_robot_arm/install/robotic_arm_msgs/lib/python3.10/site-packages'
[4.029s] Level 1:colcon.colcon_core.environment:checking '/home/kevo/ros_ws/src/ai_based_sorting_robot_arm/install/robotic_arm_msgs/bin'
[4.047s] INFO:colcon.colcon_core.shell:Creating package script '/home/kevo/ros_ws/src/ai_based_sorting_robot_arm/install/robotic_arm_msgs/share/robotic_arm_msgs/package.ps1'
[4.048s] INFO:colcon.colcon_core.shell:Creating package descriptor '/home/kevo/ros_ws/src/ai_based_sorting_robot_arm/install/robotic_arm_msgs/share/robotic_arm_msgs/package.dsv'
[4.048s] INFO:colcon.colcon_core.shell:Creating package script '/home/kevo/ros_ws/src/ai_based_sorting_robot_arm/install/robotic_arm_msgs/share/robotic_arm_msgs/package.sh'
[4.049s] INFO:colcon.colcon_core.shell:Creating package script '/home/kevo/ros_ws/src/ai_based_sorting_robot_arm/install/robotic_arm_msgs/share/robotic_arm_msgs/package.bash'
[4.050s] INFO:colcon.colcon_core.shell:Creating package script '/home/kevo/ros_ws/src/ai_based_sorting_robot_arm/install/robotic_arm_msgs/share/robotic_arm_msgs/package.zsh'
[4.050s] Level 1:colcon.colcon_core.environment:create_file_with_runtime_dependencies(/home/kevo/ros_ws/src/ai_based_sorting_robot_arm/install/robotic_arm_msgs/share/colcon-core/packages/robotic_arm_msgs)
[4.050s] DEBUG:colcon.colcon_parallel_executor.executor.parallel:closing loop
[4.051s] DEBUG:colcon.colcon_parallel_executor.executor.parallel:loop closed
[4.052s] DEBUG:colcon.colcon_parallel_executor.executor.parallel:run_until_complete finished with '0'
[4.052s] DEBUG:colcon.colcon_core.event_reactor:joining thread
[4.139s] INFO:colcon.colcon_core.plugin_system:Skipping extension 'colcon_notification.desktop_notification.notify_send': Could not find 'notify-send'
[4.139s] INFO:colcon.colcon_core.plugin_system:Skipping extension 'colcon_notification.desktop_notification.terminal_notifier': Not used on non-Darwin systems
[4.139s] INFO:colcon.colcon_core.plugin_system:Skipping extension 'colcon_notification.desktop_notification.win32': Not used on non-Windows systems
[4.139s] INFO:colcon.colcon_notification.desktop_notification:Sending desktop notification using 'notify2'
[4.139s] DEBUG:colcon.colcon_notification.desktop_notification.notify2:Failed to initialize notify2: org.freedesktop.DBus.Error.FileNotFound: Failed to connect to socket /run/user/1000/bus: No such file or directory
[4.139s] DEBUG:colcon.colcon_core.event_reactor:joined thread
[4.160s] INFO:colcon.colcon_core.shell:Creating prefix script '/home/kevo/ros_ws/src/ai_based_sorting_robot_arm/install/local_setup.ps1'
[4.162s] INFO:colcon.colcon_core.shell:Creating prefix util module '/home/kevo/ros_ws/src/ai_based_sorting_robot_arm/install/_local_setup_util_ps1.py'
[4.163s] INFO:colcon.colcon_core.shell:Creating prefix chain script '/home/kevo/ros_ws/src/ai_based_sorting_robot_arm/install/setup.ps1'
[4.190s] INFO:colcon.colcon_core.shell:Creating prefix script '/home/kevo/ros_ws/src/ai_based_sorting_robot_arm/install/local_setup.sh'
[4.191s] INFO:colcon.colcon_core.shell:Creating prefix util module '/home/kevo/ros_ws/src/ai_based_sorting_robot_arm/install/_local_setup_util_sh.py'
[4.191s] INFO:colcon.colcon_core.shell:Creating prefix chain script '/home/kevo/ros_ws/src/ai_based_sorting_robot_arm/install/setup.sh'
[4.210s] INFO:colcon.colcon_core.shell:Creating prefix script '/home/kevo/ros_ws/src/ai_based_sorting_robot_arm/install/local_setup.bash'
[4.210s] INFO:colcon.colcon_core.shell:Creating prefix chain script '/home/kevo/ros_ws/src/ai_based_sorting_robot_arm/install/setup.bash'
[4.227s] INFO:colcon.colcon_core.shell:Creating prefix script '/home/kevo/ros_ws/src/ai_based_sorting_robot_arm/install/local_setup.zsh'
[4.228s] INFO:colcon.colcon_core.shell:Creating prefix chain script '/home/kevo/ros_ws/src/ai_based_sorting_robot_arm/install/setup.zsh'
