[0.680s] Invoking command in '/home/kevo/ros_ws/src/ai_based_sorting_robot_arm/build/robotic_arm_firmware': CMAKE_PREFIX_PATH=${CMAKE_PREFIX_PATH}:/home/kevo/ros_ws/src/ai_based_sorting_robot_arm/install/robotic_arm_custom_nodes:/home/kevo/ws_moveit2/install/moveit_configs_utils:/home/kevo/ws_moveit2/install/launch_param_builder:/opt/ros/humble /usr/bin/cmake --build /home/kevo/ros_ws/src/ai_based_sorting_robot_arm/build/robotic_arm_firmware -- -j8 -l8
[0.784s] Built target ament_cmake_python_copy_robotic_arm_firmware
[1.111s] running egg_info
[1.114s] writing robotic_arm_firmware.egg-info/PKG-INFO
[1.114s] writing dependency_links to robotic_arm_firmware.egg-info/dependency_links.txt
[1.114s] writing top-level names to robotic_arm_firmware.egg-info/top_level.txt
[1.115s] reading manifest file 'robotic_arm_firmware.egg-info/SOURCES.txt'
[1.116s] writing manifest file 'robotic_arm_firmware.egg-info/SOURCES.txt'
[1.164s] Built target ament_cmake_python_build_robotic_arm_firmware_egg
[1.223s] Invoked command in '/home/kevo/ros_ws/src/ai_based_sorting_robot_arm/build/robotic_arm_firmware' returned '0': CMAKE_PREFIX_PATH=${CMAKE_PREFIX_PATH}:/home/kevo/ros_ws/src/ai_based_sorting_robot_arm/install/robotic_arm_custom_nodes:/home/kevo/ws_moveit2/install/moveit_configs_utils:/home/kevo/ws_moveit2/install/launch_param_builder:/opt/ros/humble /usr/bin/cmake --build /home/kevo/ros_ws/src/ai_based_sorting_robot_arm/build/robotic_arm_firmware -- -j8 -l8
[1.336s] Invoking command in '/home/kevo/ros_ws/src/ai_based_sorting_robot_arm/build/robotic_arm_firmware': CMAKE_PREFIX_PATH=${CMAKE_PREFIX_PATH}:/home/kevo/ros_ws/src/ai_based_sorting_robot_arm/install/robotic_arm_custom_nodes:/home/kevo/ws_moveit2/install/moveit_configs_utils:/home/kevo/ws_moveit2/install/launch_param_builder:/opt/ros/humble /usr/bin/cmake --install /home/kevo/ros_ws/src/ai_based_sorting_robot_arm/build/robotic_arm_firmware
[1.345s] -- Install configuration: ""
[1.345s] -- Up-to-date: /home/kevo/ros_ws/src/ai_based_sorting_robot_arm/install/robotic_arm_firmware/share/robotic_arm_firmware/environment/pythonpath.sh
[1.345s] -- Up-to-date: /home/kevo/ros_ws/src/ai_based_sorting_robot_arm/install/robotic_arm_firmware/share/robotic_arm_firmware/environment/pythonpath.dsv
[1.346s] -- Up-to-date: /home/kevo/ros_ws/src/ai_based_sorting_robot_arm/install/robotic_arm_firmware/local/lib/python3.10/dist-packages/robotic_arm_firmware-0.0.0-py3.10.egg-info
[1.346s] -- Installing: /home/kevo/ros_ws/src/ai_based_sorting_robot_arm/install/robotic_arm_firmware/local/lib/python3.10/dist-packages/robotic_arm_firmware-0.0.0-py3.10.egg-info/top_level.txt
[1.346s] -- Installing: /home/kevo/ros_ws/src/ai_based_sorting_robot_arm/install/robotic_arm_firmware/local/lib/python3.10/dist-packages/robotic_arm_firmware-0.0.0-py3.10.egg-info/dependency_links.txt
[1.346s] -- Installing: /home/kevo/ros_ws/src/ai_based_sorting_robot_arm/install/robotic_arm_firmware/local/lib/python3.10/dist-packages/robotic_arm_firmware-0.0.0-py3.10.egg-info/SOURCES.txt
[1.346s] -- Installing: /home/kevo/ros_ws/src/ai_based_sorting_robot_arm/install/robotic_arm_firmware/local/lib/python3.10/dist-packages/robotic_arm_firmware-0.0.0-py3.10.egg-info/PKG-INFO
[1.347s] -- Up-to-date: /home/kevo/ros_ws/src/ai_based_sorting_robot_arm/install/robotic_arm_firmware/local/lib/python3.10/dist-packages/robotic_arm_firmware
[1.347s] -- Up-to-date: /home/kevo/ros_ws/src/ai_based_sorting_robot_arm/install/robotic_arm_firmware/local/lib/python3.10/dist-packages/robotic_arm_firmware/serial_transmitter.py
[1.347s] -- Up-to-date: /home/kevo/ros_ws/src/ai_based_sorting_robot_arm/install/robotic_arm_firmware/local/lib/python3.10/dist-packages/robotic_arm_firmware/serial_receiver.py
[1.347s] -- Up-to-date: /home/kevo/ros_ws/src/ai_based_sorting_robot_arm/install/robotic_arm_firmware/local/lib/python3.10/dist-packages/robotic_arm_firmware/__init__.py
[1.392s] Listing '/home/kevo/ros_ws/src/ai_based_sorting_robot_arm/install/robotic_arm_firmware/local/lib/python3.10/dist-packages/robotic_arm_firmware'...
[1.406s] -- Up-to-date: /home/kevo/ros_ws/src/ai_based_sorting_robot_arm/install/robotic_arm_firmware/lib/robotic_arm_firmware/serial_transmitter.py
[1.406s] -- Up-to-date: /home/kevo/ros_ws/src/ai_based_sorting_robot_arm/install/robotic_arm_firmware/lib/robotic_arm_firmware/serial_receiver.py
[1.406s] -- Up-to-date: /home/kevo/ros_ws/src/ai_based_sorting_robot_arm/install/robotic_arm_firmware/share/ament_index/resource_index/package_run_dependencies/robotic_arm_firmware
[1.408s] -- Up-to-date: /home/kevo/ros_ws/src/ai_based_sorting_robot_arm/install/robotic_arm_firmware/share/ament_index/resource_index/parent_prefix_path/robotic_arm_firmware
[1.408s] -- Up-to-date: /home/kevo/ros_ws/src/ai_based_sorting_robot_arm/install/robotic_arm_firmware/share/robotic_arm_firmware/environment/ament_prefix_path.sh
[1.408s] -- Up-to-date: /home/kevo/ros_ws/src/ai_based_sorting_robot_arm/install/robotic_arm_firmware/share/robotic_arm_firmware/environment/ament_prefix_path.dsv
[1.408s] -- Up-to-date: /home/kevo/ros_ws/src/ai_based_sorting_robot_arm/install/robotic_arm_firmware/share/robotic_arm_firmware/environment/path.sh
[1.409s] -- Up-to-date: /home/kevo/ros_ws/src/ai_based_sorting_robot_arm/install/robotic_arm_firmware/share/robotic_arm_firmware/environment/path.dsv
[1.409s] -- Up-to-date: /home/kevo/ros_ws/src/ai_based_sorting_robot_arm/install/robotic_arm_firmware/share/robotic_arm_firmware/local_setup.bash
[1.409s] -- Up-to-date: /home/kevo/ros_ws/src/ai_based_sorting_robot_arm/install/robotic_arm_firmware/share/robotic_arm_firmware/local_setup.sh
[1.409s] -- Up-to-date: /home/kevo/ros_ws/src/ai_based_sorting_robot_arm/install/robotic_arm_firmware/share/robotic_arm_firmware/local_setup.zsh
[1.409s] -- Up-to-date: /home/kevo/ros_ws/src/ai_based_sorting_robot_arm/install/robotic_arm_firmware/share/robotic_arm_firmware/local_setup.dsv
[1.409s] -- Installing: /home/kevo/ros_ws/src/ai_based_sorting_robot_arm/install/robotic_arm_firmware/share/robotic_arm_firmware/package.dsv
[1.410s] -- Up-to-date: /home/kevo/ros_ws/src/ai_based_sorting_robot_arm/install/robotic_arm_firmware/share/ament_index/resource_index/packages/robotic_arm_firmware
[1.410s] -- Up-to-date: /home/kevo/ros_ws/src/ai_based_sorting_robot_arm/install/robotic_arm_firmware/share/robotic_arm_firmware/cmake/robotic_arm_firmwareConfig.cmake
[1.410s] -- Up-to-date: /home/kevo/ros_ws/src/ai_based_sorting_robot_arm/install/robotic_arm_firmware/share/robotic_arm_firmware/cmake/robotic_arm_firmwareConfig-version.cmake
[1.411s] -- Up-to-date: /home/kevo/ros_ws/src/ai_based_sorting_robot_arm/install/robotic_arm_firmware/share/robotic_arm_firmware/package.xml
[1.485s] Invoked command in '/home/kevo/ros_ws/src/ai_based_sorting_robot_arm/build/robotic_arm_firmware' returned '0': CMAKE_PREFIX_PATH=${CMAKE_PREFIX_PATH}:/home/kevo/ros_ws/src/ai_based_sorting_robot_arm/install/robotic_arm_custom_nodes:/home/kevo/ws_moveit2/install/moveit_configs_utils:/home/kevo/ws_moveit2/install/launch_param_builder:/opt/ros/humble /usr/bin/cmake --install /home/kevo/ros_ws/src/ai_based_sorting_robot_arm/build/robotic_arm_firmware
