-- Found ament_cmake: 1.3.5 (/opt/ros/humble/share/ament_cmake/cmake)
-- Found trajectory_msgs: 4.2.3 (/opt/ros/humble/share/trajectory_msgs/cmake)
-- Found rosidl_generator_c: 3.1.5 (/opt/ros/humble/share/rosidl_generator_c/cmake)
-- Found rosidl_adapter: 3.1.5 (/opt/ros/humble/share/rosidl_adapter/cmake)
-- Found rosidl_generator_cpp: 3.1.5 (/opt/ros/humble/share/rosidl_generator_cpp/cmake)
-- Using all available rosidl_typesupport_c: rosidl_typesupport_fastrtps_c;rosidl_typesupport_introspection_c
-- Using all available rosidl_typesupport_cpp: rosidl_typesupport_fastrtps_cpp;rosidl_typesupport_introspection_cpp
-- Found rclcpp: 16.0.6 (/opt/ros/humble/share/rclcpp/cmake)
-- Found rmw_implementation_cmake: 6.1.1 (/opt/ros/humble/share/rmw_implementation_cmake/cmake)
-- Found rmw_cyclonedds_cpp: 1.3.4 (/opt/ros/humble/share/rmw_cyclonedds_cpp/cmake)
-- Using RMW implementation 'rmw_cyclonedds_cpp' as default
-- Found kdl_parser: 2.6.4 (/opt/ros/humble/share/kdl_parser/cmake)
-- Found eigen3_cmake_module: 0.1.1 (/opt/ros/humble/share/eigen3_cmake_module/cmake)
-- Ensuring Eigen3 include directory is part of orocos-kdl CMake target
-- Found urdf: 2.6.0 (/opt/ros/humble/share/urdf/cmake)
-- Found robotic_arm_description: 0.0.0 (/home/kevo/ros_ws/src/ai_based_sorting_robot_arm/install/robotic_arm_description/share/robotic_arm_description/cmake)
-- Configuring done
-- Generating done
-- Build files have been written to: /home/kevo/ros_ws/src/ai_based_sorting_robot_arm/build/robotic_arm_kinematics
[35m[1mConsolidate compiler generated dependencies of target geometry_pont_publisher[0m
[35m[1mConsolidate compiler generated dependencies of target ros_arm_kdl[0m
[ 16%] [32mBuilding CXX object CMakeFiles/geometry_point_subscriber.dir/src/geometry_point_subscriber.cpp.o[0m
[ 33%] [32m[1mLinking CXX executable geometry_pont_publisher[0m
[ 66%] Built target ros_arm_kdl
[ 83%] Built target geometry_pont_publisher
[100%] [32m[1mLinking CXX executable geometry_point_subscriber[0m
[100%] Built target geometry_point_subscriber
-- Install configuration: ""
-- Up-to-date: /home/kevo/ros_ws/src/ai_based_sorting_robot_arm/install/robotic_arm_kinematics/lib/robotic_arm_kinematics/ros_arm_kdl
-- Installing: /home/kevo/ros_ws/src/ai_based_sorting_robot_arm/install/robotic_arm_kinematics/lib/robotic_arm_kinematics/geometry_pont_publisher
-- Set runtime path of "/home/kevo/ros_ws/src/ai_based_sorting_robot_arm/install/robotic_arm_kinematics/lib/robotic_arm_kinematics/geometry_pont_publisher" to ""
-- Installing: /home/kevo/ros_ws/src/ai_based_sorting_robot_arm/install/robotic_arm_kinematics/lib/robotic_arm_kinematics/geometry_point_subscriber
-- Set runtime path of "/home/kevo/ros_ws/src/ai_based_sorting_robot_arm/install/robotic_arm_kinematics/lib/robotic_arm_kinematics/geometry_point_subscriber" to ""
-- Up-to-date: /home/kevo/ros_ws/src/ai_based_sorting_robot_arm/install/robotic_arm_kinematics/share/ament_index/resource_index/package_run_dependencies/robotic_arm_kinematics
-- Installing: /home/kevo/ros_ws/src/ai_based_sorting_robot_arm/install/robotic_arm_kinematics/share/ament_index/resource_index/parent_prefix_path/robotic_arm_kinematics
-- Up-to-date: /home/kevo/ros_ws/src/ai_based_sorting_robot_arm/install/robotic_arm_kinematics/share/robotic_arm_kinematics/environment/ament_prefix_path.sh
-- Installing: /home/kevo/ros_ws/src/ai_based_sorting_robot_arm/install/robotic_arm_kinematics/share/robotic_arm_kinematics/environment/ament_prefix_path.dsv
-- Up-to-date: /home/kevo/ros_ws/src/ai_based_sorting_robot_arm/install/robotic_arm_kinematics/share/robotic_arm_kinematics/environment/path.sh
-- Installing: /home/kevo/ros_ws/src/ai_based_sorting_robot_arm/install/robotic_arm_kinematics/share/robotic_arm_kinematics/environment/path.dsv
-- Up-to-date: /home/kevo/ros_ws/src/ai_based_sorting_robot_arm/install/robotic_arm_kinematics/share/robotic_arm_kinematics/local_setup.bash
-- Up-to-date: /home/kevo/ros_ws/src/ai_based_sorting_robot_arm/install/robotic_arm_kinematics/share/robotic_arm_kinematics/local_setup.sh
-- Up-to-date: /home/kevo/ros_ws/src/ai_based_sorting_robot_arm/install/robotic_arm_kinematics/share/robotic_arm_kinematics/local_setup.zsh
-- Installing: /home/kevo/ros_ws/src/ai_based_sorting_robot_arm/install/robotic_arm_kinematics/share/robotic_arm_kinematics/local_setup.dsv
-- Installing: /home/kevo/ros_ws/src/ai_based_sorting_robot_arm/install/robotic_arm_kinematics/share/robotic_arm_kinematics/package.dsv
-- Up-to-date: /home/kevo/ros_ws/src/ai_based_sorting_robot_arm/install/robotic_arm_kinematics/share/ament_index/resource_index/packages/robotic_arm_kinematics
-- Up-to-date: /home/kevo/ros_ws/src/ai_based_sorting_robot_arm/install/robotic_arm_kinematics/share/robotic_arm_kinematics/cmake/robotic_arm_kinematicsConfig.cmake
-- Up-to-date: /home/kevo/ros_ws/src/ai_based_sorting_robot_arm/install/robotic_arm_kinematics/share/robotic_arm_kinematics/cmake/robotic_arm_kinematicsConfig-version.cmake
-- Up-to-date: /home/kevo/ros_ws/src/ai_based_sorting_robot_arm/install/robotic_arm_kinematics/share/robotic_arm_kinematics/package.xml
