[0.804s] Invoking command in '/home/kevo/ros_ws/src/ai_based_sorting_robot_arm/build/robotic_arm_kinematics': CMAKE_PREFIX_PATH=${CMAKE_PREFIX_PATH}:/home/kevo/ws_moveit/install/moveit_configs_utils:/opt/ros/humble /usr/bin/cmake /home/kevo/ros_ws/src/ai_based_sorting_robot_arm/src/robotic_arm_kinematics -DCMAKE_INSTALL_PREFIX=/home/kevo/ros_ws/src/ai_based_sorting_robot_arm/install/robotic_arm_kinematics
[1.067s] -- The C compiler identification is GNU 11.4.0
[1.971s] -- The CXX compiler identification is GNU 11.4.0
[2.794s] -- Detecting C compiler ABI info
[3.176s] -- Detecting C compiler ABI info - done
[3.198s] -- Check for working C compiler: /usr/bin/cc - skipped
[3.199s] -- Detecting C compile features
[3.200s] -- Detecting C compile features - done
[3.206s] -- Detecting CXX compiler ABI info
[3.605s] -- Detecting CXX compiler ABI info - done
[3.621s] -- Check for working CXX compiler: /usr/bin/c++ - skipped
[3.621s] -- Detecting CXX compile features
[3.622s] -- Detecting CXX compile features - done
[3.632s] -- Found ament_cmake: 1.3.5 (/opt/ros/humble/share/ament_cmake/cmake)
[4.043s] -- Found Python3: /usr/bin/python3.10 (found version "3.10.12") found components: Interpreter 
[4.321s] -- Found rclcpp: 16.0.6 (/opt/ros/humble/share/rclcpp/cmake)
[4.799s] -- Found rosidl_generator_c: 3.1.5 (/opt/ros/humble/share/rosidl_generator_c/cmake)
[4.819s] -- Found rosidl_adapter: 3.1.5 (/opt/ros/humble/share/rosidl_adapter/cmake)
[4.860s] -- Found rosidl_generator_cpp: 3.1.5 (/opt/ros/humble/share/rosidl_generator_cpp/cmake)
[4.923s] -- Using all available rosidl_typesupport_c: rosidl_typesupport_fastrtps_c;rosidl_typesupport_introspection_c
[5.023s] -- Using all available rosidl_typesupport_cpp: rosidl_typesupport_fastrtps_cpp;rosidl_typesupport_introspection_cpp
[5.282s] -- Found rmw_implementation_cmake: 6.1.1 (/opt/ros/humble/share/rmw_implementation_cmake/cmake)
[5.301s] -- Found rmw_cyclonedds_cpp: 1.3.4 (/opt/ros/humble/share/rmw_cyclonedds_cpp/cmake)
[5.424s] -- Using RMW implementation 'rmw_cyclonedds_cpp' as default
[5.470s] -- Looking for pthread.h
[5.732s] -- Looking for pthread.h - found
[5.733s] -- Performing Test CMAKE_HAVE_LIBC_PTHREAD
[6.077s] -- Performing Test CMAKE_HAVE_LIBC_PTHREAD - Success
[6.078s] -- Found Threads: TRUE  
[6.622s] -- Found trajectory_msgs: 4.2.3 (/opt/ros/humble/share/trajectory_msgs/cmake)
[7.037s] -- Found ament_lint_auto: 0.12.8 (/opt/ros/humble/share/ament_lint_auto/cmake)
[7.366s] -- Added test 'cppcheck' to perform static code analysis on C / C++ code
[7.367s] -- Configured cppcheck include dirs: 
[7.367s] -- Configured cppcheck exclude dirs and/or files: 
[7.370s] -- Added test 'lint_cmake' to check CMake code style
[7.373s] -- Added test 'uncrustify' to check C / C++ code style
[7.374s] -- Configured uncrustify additional arguments: 
[7.376s] -- Added test 'xmllint' to check XML markup files
[7.382s] -- Configuring done
[7.406s] -- Generating done
[7.409s] -- Build files have been written to: /home/kevo/ros_ws/src/ai_based_sorting_robot_arm/build/robotic_arm_kinematics
[7.429s] Invoked command in '/home/kevo/ros_ws/src/ai_based_sorting_robot_arm/build/robotic_arm_kinematics' returned '0': CMAKE_PREFIX_PATH=${CMAKE_PREFIX_PATH}:/home/kevo/ws_moveit/install/moveit_configs_utils:/opt/ros/humble /usr/bin/cmake /home/kevo/ros_ws/src/ai_based_sorting_robot_arm/src/robotic_arm_kinematics -DCMAKE_INSTALL_PREFIX=/home/kevo/ros_ws/src/ai_based_sorting_robot_arm/install/robotic_arm_kinematics
[7.433s] Invoking command in '/home/kevo/ros_ws/src/ai_based_sorting_robot_arm/build/robotic_arm_kinematics': CMAKE_PREFIX_PATH=${CMAKE_PREFIX_PATH}:/home/kevo/ws_moveit/install/moveit_configs_utils:/opt/ros/humble /usr/bin/cmake --build /home/kevo/ros_ws/src/ai_based_sorting_robot_arm/build/robotic_arm_kinematics -- -j8 -l8
[7.543s] [ 50%] [32mBuilding CXX object CMakeFiles/kinematics_node.dir/src/kinematics_node.cpp.o[0m
[12.606s] [01m[K/home/kevo/ros_ws/src/ai_based_sorting_robot_arm/src/robotic_arm_kinematics/src/kinematics_node.cpp:[m[K In member function ‘[01m[Kint KinematicsNode::forward_kinematics(double, double, double, double, double, double*, double*, double*)[m[K’:
[12.607s] [01m[K/home/kevo/ros_ws/src/ai_based_sorting_robot_arm/src/robotic_arm_kinematics/src/kinematics_node.cpp:93:111:[m[K [01;35m[Kwarning: [m[Kunused parameter ‘[01m[Ktheta_5[m[K’ [[01;35m[K]8;;https://gcc.gnu.org/onlinedocs/gcc/Warning-Options.html#index-Wunused-parameter-Wunused-parameter]8;;[m[K]
[12.607s]    93 | ticsNode::forward_kinematics(double theta_1, double theta_2, double theta_3, double theta_4, [01;35m[Kdouble theta_5[m[K, double* x, double* y, double* z)
[12.607s]       |                                                                                              [01;35m[K~~~~~~~^~~~~~~[m[K
[12.607s] 
[15.235s] [100%] [32m[1mLinking CXX executable kinematics_node[0m
[15.768s] [100%] Built target kinematics_node
[15.781s] Invoked command in '/home/kevo/ros_ws/src/ai_based_sorting_robot_arm/build/robotic_arm_kinematics' returned '0': CMAKE_PREFIX_PATH=${CMAKE_PREFIX_PATH}:/home/kevo/ws_moveit/install/moveit_configs_utils:/opt/ros/humble /usr/bin/cmake --build /home/kevo/ros_ws/src/ai_based_sorting_robot_arm/build/robotic_arm_kinematics -- -j8 -l8
[15.824s] Invoking command in '/home/kevo/ros_ws/src/ai_based_sorting_robot_arm/build/robotic_arm_kinematics': CMAKE_PREFIX_PATH=${CMAKE_PREFIX_PATH}:/home/kevo/ws_moveit/install/moveit_configs_utils:/opt/ros/humble /usr/bin/cmake --install /home/kevo/ros_ws/src/ai_based_sorting_robot_arm/build/robotic_arm_kinematics
[15.836s] -- Install configuration: ""
[15.836s] -- Installing: /home/kevo/ros_ws/src/ai_based_sorting_robot_arm/install/robotic_arm_kinematics/lib/robotic_arm_kinematics/kinematics_node
[15.838s] -- Set runtime path of "/home/kevo/ros_ws/src/ai_based_sorting_robot_arm/install/robotic_arm_kinematics/lib/robotic_arm_kinematics/kinematics_node" to ""
[15.838s] -- Installing: /home/kevo/ros_ws/src/ai_based_sorting_robot_arm/install/robotic_arm_kinematics/share/ament_index/resource_index/package_run_dependencies/robotic_arm_kinematics
[15.838s] -- Installing: /home/kevo/ros_ws/src/ai_based_sorting_robot_arm/install/robotic_arm_kinematics/share/ament_index/resource_index/parent_prefix_path/robotic_arm_kinematics
[15.839s] -- Installing: /home/kevo/ros_ws/src/ai_based_sorting_robot_arm/install/robotic_arm_kinematics/share/robotic_arm_kinematics/environment/ament_prefix_path.sh
[15.839s] -- Installing: /home/kevo/ros_ws/src/ai_based_sorting_robot_arm/install/robotic_arm_kinematics/share/robotic_arm_kinematics/environment/ament_prefix_path.dsv
[15.839s] -- Installing: /home/kevo/ros_ws/src/ai_based_sorting_robot_arm/install/robotic_arm_kinematics/share/robotic_arm_kinematics/environment/path.sh
[15.840s] -- Installing: /home/kevo/ros_ws/src/ai_based_sorting_robot_arm/install/robotic_arm_kinematics/share/robotic_arm_kinematics/environment/path.dsv
[15.840s] -- Installing: /home/kevo/ros_ws/src/ai_based_sorting_robot_arm/install/robotic_arm_kinematics/share/robotic_arm_kinematics/local_setup.bash
[15.840s] -- Installing: /home/kevo/ros_ws/src/ai_based_sorting_robot_arm/install/robotic_arm_kinematics/share/robotic_arm_kinematics/local_setup.sh
[15.840s] -- Installing: /home/kevo/ros_ws/src/ai_based_sorting_robot_arm/install/robotic_arm_kinematics/share/robotic_arm_kinematics/local_setup.zsh
[15.841s] -- Installing: /home/kevo/ros_ws/src/ai_based_sorting_robot_arm/install/robotic_arm_kinematics/share/robotic_arm_kinematics/local_setup.dsv
[15.841s] -- Installing: /home/kevo/ros_ws/src/ai_based_sorting_robot_arm/install/robotic_arm_kinematics/share/robotic_arm_kinematics/package.dsv
[15.841s] -- Installing: /home/kevo/ros_ws/src/ai_based_sorting_robot_arm/install/robotic_arm_kinematics/share/ament_index/resource_index/packages/robotic_arm_kinematics
[15.842s] -- Installing: /home/kevo/ros_ws/src/ai_based_sorting_robot_arm/install/robotic_arm_kinematics/share/robotic_arm_kinematics/cmake/robotic_arm_kinematicsConfig.cmake
[15.842s] -- Installing: /home/kevo/ros_ws/src/ai_based_sorting_robot_arm/install/robotic_arm_kinematics/share/robotic_arm_kinematics/cmake/robotic_arm_kinematicsConfig-version.cmake
[15.842s] -- Installing: /home/kevo/ros_ws/src/ai_based_sorting_robot_arm/install/robotic_arm_kinematics/share/robotic_arm_kinematics/package.xml
[15.846s] Invoked command in '/home/kevo/ros_ws/src/ai_based_sorting_robot_arm/build/robotic_arm_kinematics' returned '0': CMAKE_PREFIX_PATH=${CMAKE_PREFIX_PATH}:/home/kevo/ws_moveit/install/moveit_configs_utils:/opt/ros/humble /usr/bin/cmake --install /home/kevo/ros_ws/src/ai_based_sorting_robot_arm/build/robotic_arm_kinematics
