[0.425s] Invoking command in '/home/kevo/ros_ws/src/ai_based_sorting_robot_arm/build/robotic_arm_msgs': CMAKE_PREFIX_PATH=${CMAKE_PREFIX_PATH}:/home/kevo/ws_moveit2/install/moveit_configs_utils:/home/kevo/ws_moveit2/install/launch_param_builder:/opt/ros/humble /usr/bin/cmake --build /home/kevo/ros_ws/src/ai_based_sorting_robot_arm/build/robotic_arm_msgs -- -j8 -l8
[0.513s] [  9%] Built target robotic_arm_msgs__rosidl_generator_c
[0.513s] [ 12%] Built target robotic_arm_msgs__cpp
[0.523s] [ 12%] Built target ament_cmake_python_copy_robotic_arm_msgs
[0.528s] [ 22%] Built target robotic_arm_msgs__rosidl_typesupport_introspection_c
[0.532s] [ 41%] Built target robotic_arm_msgs__rosidl_typesupport_c
[0.533s] [ 41%] Built target robotic_arm_msgs__rosidl_typesupport_fastrtps_c
[0.533s] [ 51%] Built target robotic_arm_msgs__rosidl_typesupport_cpp
[0.543s] [ 61%] Built target robotic_arm_msgs__rosidl_typesupport_fastrtps_cpp
[0.555s] [ 70%] Built target robotic_arm_msgs__rosidl_typesupport_introspection_cpp
[0.581s] [ 70%] Built target robotic_arm_msgs
[0.610s] [ 74%] Built target robotic_arm_msgs__py
[0.632s] [ 80%] Built target robotic_arm_msgs__rosidl_generator_py
[0.665s] [ 87%] Built target robotic_arm_msgs__rosidl_typesupport_introspection_c__pyext
[0.668s] [ 93%] Built target robotic_arm_msgs__rosidl_typesupport_fastrtps_c__pyext
[0.668s] [100%] Built target robotic_arm_msgs__rosidl_typesupport_c__pyext
[0.926s] running egg_info
[0.927s] writing robotic_arm_msgs.egg-info/PKG-INFO
[0.927s] writing dependency_links to robotic_arm_msgs.egg-info/dependency_links.txt
[0.927s] writing top-level names to robotic_arm_msgs.egg-info/top_level.txt
[0.929s] reading manifest file 'robotic_arm_msgs.egg-info/SOURCES.txt'
[0.930s] writing manifest file 'robotic_arm_msgs.egg-info/SOURCES.txt'
[0.993s] [100%] Built target ament_cmake_python_build_robotic_arm_msgs_egg
[1.099s] Invoked command in '/home/kevo/ros_ws/src/ai_based_sorting_robot_arm/build/robotic_arm_msgs' returned '0': CMAKE_PREFIX_PATH=${CMAKE_PREFIX_PATH}:/home/kevo/ws_moveit2/install/moveit_configs_utils:/home/kevo/ws_moveit2/install/launch_param_builder:/opt/ros/humble /usr/bin/cmake --build /home/kevo/ros_ws/src/ai_based_sorting_robot_arm/build/robotic_arm_msgs -- -j8 -l8
[1.235s] Invoking command in '/home/kevo/ros_ws/src/ai_based_sorting_robot_arm/build/robotic_arm_msgs': CMAKE_PREFIX_PATH=${CMAKE_PREFIX_PATH}:/home/kevo/ws_moveit2/install/moveit_configs_utils:/home/kevo/ws_moveit2/install/launch_param_builder:/opt/ros/humble /usr/bin/cmake --install /home/kevo/ros_ws/src/ai_based_sorting_robot_arm/build/robotic_arm_msgs
[1.248s] -- Install configuration: ""
[1.249s] -- Up-to-date: /home/kevo/ros_ws/src/ai_based_sorting_robot_arm/install/robotic_arm_msgs/share/ament_index/resource_index/rosidl_interfaces/robotic_arm_msgs
[1.249s] -- Up-to-date: /home/kevo/ros_ws/src/ai_based_sorting_robot_arm/install/robotic_arm_msgs/include/robotic_arm_msgs/robotic_arm_msgs
[1.249s] -- Up-to-date: /home/kevo/ros_ws/src/ai_based_sorting_robot_arm/install/robotic_arm_msgs/include/robotic_arm_msgs/robotic_arm_msgs/msg
[1.249s] -- Up-to-date: /home/kevo/ros_ws/src/ai_based_sorting_robot_arm/install/robotic_arm_msgs/include/robotic_arm_msgs/robotic_arm_msgs/msg/joint_angles.h
[1.249s] -- Up-to-date: /home/kevo/ros_ws/src/ai_based_sorting_robot_arm/install/robotic_arm_msgs/include/robotic_arm_msgs/robotic_arm_msgs/msg/rosidl_generator_c__visibility_control.h
[1.250s] -- Up-to-date: /home/kevo/ros_ws/src/ai_based_sorting_robot_arm/install/robotic_arm_msgs/include/robotic_arm_msgs/robotic_arm_msgs/msg/detail
[1.250s] -- Up-to-date: /home/kevo/ros_ws/src/ai_based_sorting_robot_arm/install/robotic_arm_msgs/include/robotic_arm_msgs/robotic_arm_msgs/msg/detail/joint_angles__struct.h
[1.250s] -- Up-to-date: /home/kevo/ros_ws/src/ai_based_sorting_robot_arm/install/robotic_arm_msgs/include/robotic_arm_msgs/robotic_arm_msgs/msg/detail/joint_angles__type_support.h
[1.250s] -- Up-to-date: /home/kevo/ros_ws/src/ai_based_sorting_robot_arm/install/robotic_arm_msgs/include/robotic_arm_msgs/robotic_arm_msgs/msg/detail/joint_angles__functions.c
[1.250s] -- Up-to-date: /home/kevo/ros_ws/src/ai_based_sorting_robot_arm/install/robotic_arm_msgs/include/robotic_arm_msgs/robotic_arm_msgs/msg/detail/joint_angles__functions.h
[1.251s] -- Up-to-date: /home/kevo/ros_ws/src/ai_based_sorting_robot_arm/install/robotic_arm_msgs/share/robotic_arm_msgs/environment/library_path.sh
[1.251s] -- Up-to-date: /home/kevo/ros_ws/src/ai_based_sorting_robot_arm/install/robotic_arm_msgs/share/robotic_arm_msgs/environment/library_path.dsv
[1.251s] -- Up-to-date: /home/kevo/ros_ws/src/ai_based_sorting_robot_arm/install/robotic_arm_msgs/lib/librobotic_arm_msgs__rosidl_generator_c.so
[1.261s] -- Up-to-date: /home/kevo/ros_ws/src/ai_based_sorting_robot_arm/install/robotic_arm_msgs/include/robotic_arm_msgs/robotic_arm_msgs
[1.262s] -- Up-to-date: /home/kevo/ros_ws/src/ai_based_sorting_robot_arm/install/robotic_arm_msgs/include/robotic_arm_msgs/robotic_arm_msgs/msg
[1.262s] -- Up-to-date: /home/kevo/ros_ws/src/ai_based_sorting_robot_arm/install/robotic_arm_msgs/include/robotic_arm_msgs/robotic_arm_msgs/msg/rosidl_typesupport_fastrtps_c__visibility_control.h
[1.263s] -- Up-to-date: /home/kevo/ros_ws/src/ai_based_sorting_robot_arm/install/robotic_arm_msgs/include/robotic_arm_msgs/robotic_arm_msgs/msg/detail
[1.264s] -- Up-to-date: /home/kevo/ros_ws/src/ai_based_sorting_robot_arm/install/robotic_arm_msgs/include/robotic_arm_msgs/robotic_arm_msgs/msg/detail/joint_angles__rosidl_typesupport_fastrtps_c.h
[1.265s] -- Up-to-date: /home/kevo/ros_ws/src/ai_based_sorting_robot_arm/install/robotic_arm_msgs/lib/librobotic_arm_msgs__rosidl_typesupport_fastrtps_c.so
[1.266s] -- Up-to-date: /home/kevo/ros_ws/src/ai_based_sorting_robot_arm/install/robotic_arm_msgs/include/robotic_arm_msgs/robotic_arm_msgs
[1.266s] -- Up-to-date: /home/kevo/ros_ws/src/ai_based_sorting_robot_arm/install/robotic_arm_msgs/include/robotic_arm_msgs/robotic_arm_msgs/msg
[1.267s] -- Up-to-date: /home/kevo/ros_ws/src/ai_based_sorting_robot_arm/install/robotic_arm_msgs/include/robotic_arm_msgs/robotic_arm_msgs/msg/rosidl_typesupport_introspection_c__visibility_control.h
[1.267s] -- Up-to-date: /home/kevo/ros_ws/src/ai_based_sorting_robot_arm/install/robotic_arm_msgs/include/robotic_arm_msgs/robotic_arm_msgs/msg/detail
[1.267s] -- Up-to-date: /home/kevo/ros_ws/src/ai_based_sorting_robot_arm/install/robotic_arm_msgs/include/robotic_arm_msgs/robotic_arm_msgs/msg/detail/joint_angles__type_support.c
[1.267s] -- Up-to-date: /home/kevo/ros_ws/src/ai_based_sorting_robot_arm/install/robotic_arm_msgs/include/robotic_arm_msgs/robotic_arm_msgs/msg/detail/joint_angles__rosidl_typesupport_introspection_c.h
[1.267s] -- Up-to-date: /home/kevo/ros_ws/src/ai_based_sorting_robot_arm/install/robotic_arm_msgs/lib/librobotic_arm_msgs__rosidl_typesupport_introspection_c.so
[1.270s] -- Up-to-date: /home/kevo/ros_ws/src/ai_based_sorting_robot_arm/install/robotic_arm_msgs/lib/librobotic_arm_msgs__rosidl_typesupport_c.so
[1.270s] -- Up-to-date: /home/kevo/ros_ws/src/ai_based_sorting_robot_arm/install/robotic_arm_msgs/include/robotic_arm_msgs/robotic_arm_msgs
[1.270s] -- Up-to-date: /home/kevo/ros_ws/src/ai_based_sorting_robot_arm/install/robotic_arm_msgs/include/robotic_arm_msgs/robotic_arm_msgs/msg
[1.270s] -- Up-to-date: /home/kevo/ros_ws/src/ai_based_sorting_robot_arm/install/robotic_arm_msgs/include/robotic_arm_msgs/robotic_arm_msgs/msg/joint_angles.hpp
[1.271s] -- Up-to-date: /home/kevo/ros_ws/src/ai_based_sorting_robot_arm/install/robotic_arm_msgs/include/robotic_arm_msgs/robotic_arm_msgs/msg/detail
[1.273s] -- Up-to-date: /home/kevo/ros_ws/src/ai_based_sorting_robot_arm/install/robotic_arm_msgs/include/robotic_arm_msgs/robotic_arm_msgs/msg/detail/joint_angles__builder.hpp
[1.273s] -- Up-to-date: /home/kevo/ros_ws/src/ai_based_sorting_robot_arm/install/robotic_arm_msgs/include/robotic_arm_msgs/robotic_arm_msgs/msg/detail/joint_angles__traits.hpp
[1.273s] -- Up-to-date: /home/kevo/ros_ws/src/ai_based_sorting_robot_arm/install/robotic_arm_msgs/include/robotic_arm_msgs/robotic_arm_msgs/msg/detail/joint_angles__struct.hpp
[1.274s] -- Up-to-date: /home/kevo/ros_ws/src/ai_based_sorting_robot_arm/install/robotic_arm_msgs/include/robotic_arm_msgs/robotic_arm_msgs
[1.274s] -- Up-to-date: /home/kevo/ros_ws/src/ai_based_sorting_robot_arm/install/robotic_arm_msgs/include/robotic_arm_msgs/robotic_arm_msgs/msg
[1.275s] -- Up-to-date: /home/kevo/ros_ws/src/ai_based_sorting_robot_arm/install/robotic_arm_msgs/include/robotic_arm_msgs/robotic_arm_msgs/msg/rosidl_typesupport_fastrtps_cpp__visibility_control.h
[1.275s] -- Up-to-date: /home/kevo/ros_ws/src/ai_based_sorting_robot_arm/install/robotic_arm_msgs/include/robotic_arm_msgs/robotic_arm_msgs/msg/detail
[1.275s] -- Up-to-date: /home/kevo/ros_ws/src/ai_based_sorting_robot_arm/install/robotic_arm_msgs/include/robotic_arm_msgs/robotic_arm_msgs/msg/detail/dds_fastrtps
[1.275s] -- Up-to-date: /home/kevo/ros_ws/src/ai_based_sorting_robot_arm/install/robotic_arm_msgs/include/robotic_arm_msgs/robotic_arm_msgs/msg/detail/joint_angles__rosidl_typesupport_fastrtps_cpp.hpp
[1.276s] -- Up-to-date: /home/kevo/ros_ws/src/ai_based_sorting_robot_arm/install/robotic_arm_msgs/lib/librobotic_arm_msgs__rosidl_typesupport_fastrtps_cpp.so
[1.276s] -- Up-to-date: /home/kevo/ros_ws/src/ai_based_sorting_robot_arm/install/robotic_arm_msgs/include/robotic_arm_msgs/robotic_arm_msgs
[1.276s] -- Up-to-date: /home/kevo/ros_ws/src/ai_based_sorting_robot_arm/install/robotic_arm_msgs/include/robotic_arm_msgs/robotic_arm_msgs/msg
[1.276s] -- Up-to-date: /home/kevo/ros_ws/src/ai_based_sorting_robot_arm/install/robotic_arm_msgs/include/robotic_arm_msgs/robotic_arm_msgs/msg/detail
[1.277s] -- Up-to-date: /home/kevo/ros_ws/src/ai_based_sorting_robot_arm/install/robotic_arm_msgs/include/robotic_arm_msgs/robotic_arm_msgs/msg/detail/joint_angles__rosidl_typesupport_introspection_cpp.hpp
[1.277s] -- Up-to-date: /home/kevo/ros_ws/src/ai_based_sorting_robot_arm/install/robotic_arm_msgs/include/robotic_arm_msgs/robotic_arm_msgs/msg/detail/joint_angles__type_support.cpp
[1.277s] -- Up-to-date: /home/kevo/ros_ws/src/ai_based_sorting_robot_arm/install/robotic_arm_msgs/lib/librobotic_arm_msgs__rosidl_typesupport_introspection_cpp.so
[1.278s] -- Up-to-date: /home/kevo/ros_ws/src/ai_based_sorting_robot_arm/install/robotic_arm_msgs/lib/librobotic_arm_msgs__rosidl_typesupport_cpp.so
[1.278s] -- Up-to-date: /home/kevo/ros_ws/src/ai_based_sorting_robot_arm/install/robotic_arm_msgs/share/robotic_arm_msgs/environment/pythonpath.sh
[1.278s] -- Up-to-date: /home/kevo/ros_ws/src/ai_based_sorting_robot_arm/install/robotic_arm_msgs/share/robotic_arm_msgs/environment/pythonpath.dsv
[1.278s] -- Up-to-date: /home/kevo/ros_ws/src/ai_based_sorting_robot_arm/install/robotic_arm_msgs/local/lib/python3.10/dist-packages/robotic_arm_msgs-0.0.0-py3.10.egg-info
[1.279s] -- Installing: /home/kevo/ros_ws/src/ai_based_sorting_robot_arm/install/robotic_arm_msgs/local/lib/python3.10/dist-packages/robotic_arm_msgs-0.0.0-py3.10.egg-info/top_level.txt
[1.279s] -- Installing: /home/kevo/ros_ws/src/ai_based_sorting_robot_arm/install/robotic_arm_msgs/local/lib/python3.10/dist-packages/robotic_arm_msgs-0.0.0-py3.10.egg-info/dependency_links.txt
[1.279s] -- Installing: /home/kevo/ros_ws/src/ai_based_sorting_robot_arm/install/robotic_arm_msgs/local/lib/python3.10/dist-packages/robotic_arm_msgs-0.0.0-py3.10.egg-info/SOURCES.txt
[1.279s] -- Installing: /home/kevo/ros_ws/src/ai_based_sorting_robot_arm/install/robotic_arm_msgs/local/lib/python3.10/dist-packages/robotic_arm_msgs-0.0.0-py3.10.egg-info/PKG-INFO
[1.279s] -- Up-to-date: /home/kevo/ros_ws/src/ai_based_sorting_robot_arm/install/robotic_arm_msgs/local/lib/python3.10/dist-packages/robotic_arm_msgs
[1.280s] -- Up-to-date: /home/kevo/ros_ws/src/ai_based_sorting_robot_arm/install/robotic_arm_msgs/local/lib/python3.10/dist-packages/robotic_arm_msgs/librobotic_arm_msgs__rosidl_generator_py.so
[1.280s] -- Up-to-date: /home/kevo/ros_ws/src/ai_based_sorting_robot_arm/install/robotic_arm_msgs/local/lib/python3.10/dist-packages/robotic_arm_msgs/_robotic_arm_msgs_s.ep.rosidl_typesupport_introspection_c.c
[1.280s] -- Up-to-date: /home/kevo/ros_ws/src/ai_based_sorting_robot_arm/install/robotic_arm_msgs/local/lib/python3.10/dist-packages/robotic_arm_msgs/robotic_arm_msgs_s__rosidl_typesupport_fastrtps_c.cpython-310-x86_64-linux-gnu.so
[1.280s] -- Up-to-date: /home/kevo/ros_ws/src/ai_based_sorting_robot_arm/install/robotic_arm_msgs/local/lib/python3.10/dist-packages/robotic_arm_msgs/_robotic_arm_msgs_s.ep.rosidl_typesupport_fastrtps_c.c
[1.280s] -- Up-to-date: /home/kevo/ros_ws/src/ai_based_sorting_robot_arm/install/robotic_arm_msgs/local/lib/python3.10/dist-packages/robotic_arm_msgs/msg
[1.281s] -- Up-to-date: /home/kevo/ros_ws/src/ai_based_sorting_robot_arm/install/robotic_arm_msgs/local/lib/python3.10/dist-packages/robotic_arm_msgs/msg/_joint_angles_s.c
[1.281s] -- Up-to-date: /home/kevo/ros_ws/src/ai_based_sorting_robot_arm/install/robotic_arm_msgs/local/lib/python3.10/dist-packages/robotic_arm_msgs/msg/_joint_angles.py
[1.281s] -- Up-to-date: /home/kevo/ros_ws/src/ai_based_sorting_robot_arm/install/robotic_arm_msgs/local/lib/python3.10/dist-packages/robotic_arm_msgs/msg/__init__.py
[1.281s] -- Up-to-date: /home/kevo/ros_ws/src/ai_based_sorting_robot_arm/install/robotic_arm_msgs/local/lib/python3.10/dist-packages/robotic_arm_msgs/_robotic_arm_msgs_s.ep.rosidl_typesupport_c.c
[1.281s] -- Up-to-date: /home/kevo/ros_ws/src/ai_based_sorting_robot_arm/install/robotic_arm_msgs/local/lib/python3.10/dist-packages/robotic_arm_msgs/robotic_arm_msgs_s__rosidl_typesupport_introspection_c.cpython-310-x86_64-linux-gnu.so
[1.281s] -- Up-to-date: /home/kevo/ros_ws/src/ai_based_sorting_robot_arm/install/robotic_arm_msgs/local/lib/python3.10/dist-packages/robotic_arm_msgs/robotic_arm_msgs_s__rosidl_typesupport_c.cpython-310-x86_64-linux-gnu.so
[1.281s] -- Up-to-date: /home/kevo/ros_ws/src/ai_based_sorting_robot_arm/install/robotic_arm_msgs/local/lib/python3.10/dist-packages/robotic_arm_msgs/__init__.py
[1.294s] Listing '/home/kevo/ros_ws/src/ai_based_sorting_robot_arm/install/robotic_arm_msgs/local/lib/python3.10/dist-packages/robotic_arm_msgs'...
[1.295s] Listing '/home/kevo/ros_ws/src/ai_based_sorting_robot_arm/install/robotic_arm_msgs/local/lib/python3.10/dist-packages/robotic_arm_msgs/msg'...
[1.299s] -- Up-to-date: /home/kevo/ros_ws/src/ai_based_sorting_robot_arm/install/robotic_arm_msgs/local/lib/python3.10/dist-packages/robotic_arm_msgs/robotic_arm_msgs_s__rosidl_typesupport_fastrtps_c.cpython-310-x86_64-linux-gnu.so
[1.300s] -- Up-to-date: /home/kevo/ros_ws/src/ai_based_sorting_robot_arm/install/robotic_arm_msgs/local/lib/python3.10/dist-packages/robotic_arm_msgs/robotic_arm_msgs_s__rosidl_typesupport_introspection_c.cpython-310-x86_64-linux-gnu.so
[1.300s] -- Up-to-date: /home/kevo/ros_ws/src/ai_based_sorting_robot_arm/install/robotic_arm_msgs/local/lib/python3.10/dist-packages/robotic_arm_msgs/robotic_arm_msgs_s__rosidl_typesupport_c.cpython-310-x86_64-linux-gnu.so
[1.300s] -- Up-to-date: /home/kevo/ros_ws/src/ai_based_sorting_robot_arm/install/robotic_arm_msgs/lib/librobotic_arm_msgs__rosidl_generator_py.so
[1.300s] -- Up-to-date: /home/kevo/ros_ws/src/ai_based_sorting_robot_arm/install/robotic_arm_msgs/share/robotic_arm_msgs/msg/JointAngles.idl
[1.300s] -- Up-to-date: /home/kevo/ros_ws/src/ai_based_sorting_robot_arm/install/robotic_arm_msgs/share/robotic_arm_msgs/msg/JointAngles.msg
[1.300s] -- Up-to-date: /home/kevo/ros_ws/src/ai_based_sorting_robot_arm/install/robotic_arm_msgs/share/ament_index/resource_index/package_run_dependencies/robotic_arm_msgs
[1.301s] -- Up-to-date: /home/kevo/ros_ws/src/ai_based_sorting_robot_arm/install/robotic_arm_msgs/share/ament_index/resource_index/parent_prefix_path/robotic_arm_msgs
[1.301s] -- Up-to-date: /home/kevo/ros_ws/src/ai_based_sorting_robot_arm/install/robotic_arm_msgs/share/robotic_arm_msgs/environment/ament_prefix_path.sh
[1.301s] -- Up-to-date: /home/kevo/ros_ws/src/ai_based_sorting_robot_arm/install/robotic_arm_msgs/share/robotic_arm_msgs/environment/ament_prefix_path.dsv
[1.301s] -- Up-to-date: /home/kevo/ros_ws/src/ai_based_sorting_robot_arm/install/robotic_arm_msgs/share/robotic_arm_msgs/environment/path.sh
[1.302s] -- Up-to-date: /home/kevo/ros_ws/src/ai_based_sorting_robot_arm/install/robotic_arm_msgs/share/robotic_arm_msgs/environment/path.dsv
[1.303s] -- Up-to-date: /home/kevo/ros_ws/src/ai_based_sorting_robot_arm/install/robotic_arm_msgs/share/robotic_arm_msgs/local_setup.bash
[1.303s] -- Up-to-date: /home/kevo/ros_ws/src/ai_based_sorting_robot_arm/install/robotic_arm_msgs/share/robotic_arm_msgs/local_setup.sh
[1.303s] -- Up-to-date: /home/kevo/ros_ws/src/ai_based_sorting_robot_arm/install/robotic_arm_msgs/share/robotic_arm_msgs/local_setup.zsh
[1.303s] -- Up-to-date: /home/kevo/ros_ws/src/ai_based_sorting_robot_arm/install/robotic_arm_msgs/share/robotic_arm_msgs/local_setup.dsv
[1.303s] -- Up-to-date: /home/kevo/ros_ws/src/ai_based_sorting_robot_arm/install/robotic_arm_msgs/share/robotic_arm_msgs/package.dsv
[1.304s] -- Up-to-date: /home/kevo/ros_ws/src/ai_based_sorting_robot_arm/install/robotic_arm_msgs/share/ament_index/resource_index/packages/robotic_arm_msgs
[1.304s] -- Up-to-date: /home/kevo/ros_ws/src/ai_based_sorting_robot_arm/install/robotic_arm_msgs/share/robotic_arm_msgs/cmake/export_robotic_arm_msgs__rosidl_generator_cExport.cmake
[1.304s] -- Up-to-date: /home/kevo/ros_ws/src/ai_based_sorting_robot_arm/install/robotic_arm_msgs/share/robotic_arm_msgs/cmake/export_robotic_arm_msgs__rosidl_generator_cExport-noconfig.cmake
[1.304s] -- Up-to-date: /home/kevo/ros_ws/src/ai_based_sorting_robot_arm/install/robotic_arm_msgs/share/robotic_arm_msgs/cmake/export_robotic_arm_msgs__rosidl_typesupport_fastrtps_cExport.cmake
[1.304s] -- Up-to-date: /home/kevo/ros_ws/src/ai_based_sorting_robot_arm/install/robotic_arm_msgs/share/robotic_arm_msgs/cmake/export_robotic_arm_msgs__rosidl_typesupport_fastrtps_cExport-noconfig.cmake
[1.305s] -- Up-to-date: /home/kevo/ros_ws/src/ai_based_sorting_robot_arm/install/robotic_arm_msgs/share/robotic_arm_msgs/cmake/robotic_arm_msgs__rosidl_typesupport_introspection_cExport.cmake
[1.305s] -- Up-to-date: /home/kevo/ros_ws/src/ai_based_sorting_robot_arm/install/robotic_arm_msgs/share/robotic_arm_msgs/cmake/robotic_arm_msgs__rosidl_typesupport_introspection_cExport-noconfig.cmake
[1.305s] -- Up-to-date: /home/kevo/ros_ws/src/ai_based_sorting_robot_arm/install/robotic_arm_msgs/share/robotic_arm_msgs/cmake/robotic_arm_msgs__rosidl_typesupport_cExport.cmake
[1.305s] -- Up-to-date: /home/kevo/ros_ws/src/ai_based_sorting_robot_arm/install/robotic_arm_msgs/share/robotic_arm_msgs/cmake/robotic_arm_msgs__rosidl_typesupport_cExport-noconfig.cmake
[1.305s] -- Up-to-date: /home/kevo/ros_ws/src/ai_based_sorting_robot_arm/install/robotic_arm_msgs/share/robotic_arm_msgs/cmake/export_robotic_arm_msgs__rosidl_generator_cppExport.cmake
[1.305s] -- Up-to-date: /home/kevo/ros_ws/src/ai_based_sorting_robot_arm/install/robotic_arm_msgs/share/robotic_arm_msgs/cmake/export_robotic_arm_msgs__rosidl_typesupport_fastrtps_cppExport.cmake
[1.306s] -- Up-to-date: /home/kevo/ros_ws/src/ai_based_sorting_robot_arm/install/robotic_arm_msgs/share/robotic_arm_msgs/cmake/export_robotic_arm_msgs__rosidl_typesupport_fastrtps_cppExport-noconfig.cmake
[1.306s] -- Up-to-date: /home/kevo/ros_ws/src/ai_based_sorting_robot_arm/install/robotic_arm_msgs/share/robotic_arm_msgs/cmake/robotic_arm_msgs__rosidl_typesupport_introspection_cppExport.cmake
[1.306s] -- Up-to-date: /home/kevo/ros_ws/src/ai_based_sorting_robot_arm/install/robotic_arm_msgs/share/robotic_arm_msgs/cmake/robotic_arm_msgs__rosidl_typesupport_introspection_cppExport-noconfig.cmake
[1.306s] -- Up-to-date: /home/kevo/ros_ws/src/ai_based_sorting_robot_arm/install/robotic_arm_msgs/share/robotic_arm_msgs/cmake/robotic_arm_msgs__rosidl_typesupport_cppExport.cmake
[1.306s] -- Up-to-date: /home/kevo/ros_ws/src/ai_based_sorting_robot_arm/install/robotic_arm_msgs/share/robotic_arm_msgs/cmake/robotic_arm_msgs__rosidl_typesupport_cppExport-noconfig.cmake
[1.306s] -- Up-to-date: /home/kevo/ros_ws/src/ai_based_sorting_robot_arm/install/robotic_arm_msgs/share/robotic_arm_msgs/cmake/export_robotic_arm_msgs__rosidl_generator_pyExport.cmake
[1.307s] -- Up-to-date: /home/kevo/ros_ws/src/ai_based_sorting_robot_arm/install/robotic_arm_msgs/share/robotic_arm_msgs/cmake/export_robotic_arm_msgs__rosidl_generator_pyExport-noconfig.cmake
[1.307s] -- Up-to-date: /home/kevo/ros_ws/src/ai_based_sorting_robot_arm/install/robotic_arm_msgs/share/robotic_arm_msgs/cmake/rosidl_cmake-extras.cmake
[1.307s] -- Up-to-date: /home/kevo/ros_ws/src/ai_based_sorting_robot_arm/install/robotic_arm_msgs/share/robotic_arm_msgs/cmake/ament_cmake_export_include_directories-extras.cmake
[1.307s] -- Up-to-date: /home/kevo/ros_ws/src/ai_based_sorting_robot_arm/install/robotic_arm_msgs/share/robotic_arm_msgs/cmake/ament_cmake_export_libraries-extras.cmake
[1.308s] -- Up-to-date: /home/kevo/ros_ws/src/ai_based_sorting_robot_arm/install/robotic_arm_msgs/share/robotic_arm_msgs/cmake/ament_cmake_export_targets-extras.cmake
[1.308s] -- Up-to-date: /home/kevo/ros_ws/src/ai_based_sorting_robot_arm/install/robotic_arm_msgs/share/robotic_arm_msgs/cmake/rosidl_cmake_export_typesupport_targets-extras.cmake
[1.308s] -- Up-to-date: /home/kevo/ros_ws/src/ai_based_sorting_robot_arm/install/robotic_arm_msgs/share/robotic_arm_msgs/cmake/ament_cmake_export_dependencies-extras.cmake
[1.308s] -- Up-to-date: /home/kevo/ros_ws/src/ai_based_sorting_robot_arm/install/robotic_arm_msgs/share/robotic_arm_msgs/cmake/rosidl_cmake_export_typesupport_libraries-extras.cmake
[1.309s] -- Up-to-date: /home/kevo/ros_ws/src/ai_based_sorting_robot_arm/install/robotic_arm_msgs/share/robotic_arm_msgs/cmake/robotic_arm_msgsConfig.cmake
[1.309s] -- Up-to-date: /home/kevo/ros_ws/src/ai_based_sorting_robot_arm/install/robotic_arm_msgs/share/robotic_arm_msgs/cmake/robotic_arm_msgsConfig-version.cmake
[1.309s] -- Up-to-date: /home/kevo/ros_ws/src/ai_based_sorting_robot_arm/install/robotic_arm_msgs/share/robotic_arm_msgs/package.xml
[1.433s] Invoked command in '/home/kevo/ros_ws/src/ai_based_sorting_robot_arm/build/robotic_arm_msgs' returned '0': CMAKE_PREFIX_PATH=${CMAKE_PREFIX_PATH}:/home/kevo/ws_moveit2/install/moveit_configs_utils:/home/kevo/ws_moveit2/install/launch_param_builder:/opt/ros/humble /usr/bin/cmake --install /home/kevo/ros_ws/src/ai_based_sorting_robot_arm/build/robotic_arm_msgs
