[0.549s] Invoking command in '/home/kevo/ros_ws/src/ai_based_sorting_robot_arm/build/robotic_arm_controllers': CMAKE_PREFIX_PATH=${CMAKE_PREFIX_PATH}:/home/kevo/ros_ws/src/ai_based_sorting_robot_arm/install/robotic_arm_custom_nodes:/home/kevo/ros2_ws/install/rqt_joint_trajectory_controller:/home/kevo/ros2_ws/install/rqt_controller_manager:/home/kevo/ros2_ws/install/ros2controlcli:/home/kevo/ros2_ws/install/ros2_controllers_test_nodes:/home/kevo/ws_moveit2/install/moveit_configs_utils:/home/kevo/ws_moveit2/install/launch_param_builder:/opt/ros/humble /usr/bin/cmake /home/kevo/ros_ws/src/ai_based_sorting_robot_arm/src/robotic_arm_controllers -DCMAKE_INSTALL_PREFIX=/home/kevo/ros_ws/src/ai_based_sorting_robot_arm/install/robotic_arm_controllers
[1.210s] -- The C compiler identification is GNU 11.4.0
[1.210s] -- The CXX compiler identification is GNU 11.4.0
[1.487s] -- Detecting C compiler ABI info
[1.755s] -- Detecting C compiler ABI info - done
[1.767s] -- Check for working C compiler: /usr/bin/cc - skipped
[1.768s] -- Detecting C compile features
[1.768s] -- Detecting C compile features - done
[1.774s] -- Detecting CXX compiler ABI info
[2.034s] -- Detecting CXX compiler ABI info - done
[2.045s] -- Check for working CXX compiler: /usr/bin/c++ - skipped
[2.046s] -- Detecting CXX compile features
[2.046s] -- Detecting CXX compile features - done
[2.060s] -- Found ament_cmake: 1.3.5 (/opt/ros/humble/share/ament_cmake/cmake)
[2.470s] -- Found Python3: /usr/bin/python3.10 (found version "3.10.12") found components: Interpreter 
[2.756s] -- Found ament_lint_auto: 0.12.8 (/opt/ros/humble/share/ament_lint_auto/cmake)
[2.971s] -- Added test 'flake8' to check Python code syntax and style conventions
[2.976s] -- Added test 'lint_cmake' to check CMake code style
[2.981s] -- Added test 'pep257' to check Python code against some of the docstring style conventions in PEP 257
[2.985s] -- Added test 'xmllint' to check XML markup files
[2.993s] -- Configuring done
[2.997s] -- Generating done
[2.998s] -- Build files have been written to: /home/kevo/ros_ws/src/ai_based_sorting_robot_arm/build/robotic_arm_controllers
[3.007s] Invoked command in '/home/kevo/ros_ws/src/ai_based_sorting_robot_arm/build/robotic_arm_controllers' returned '0': CMAKE_PREFIX_PATH=${CMAKE_PREFIX_PATH}:/home/kevo/ros_ws/src/ai_based_sorting_robot_arm/install/robotic_arm_custom_nodes:/home/kevo/ros2_ws/install/rqt_joint_trajectory_controller:/home/kevo/ros2_ws/install/rqt_controller_manager:/home/kevo/ros2_ws/install/ros2controlcli:/home/kevo/ros2_ws/install/ros2_controllers_test_nodes:/home/kevo/ws_moveit2/install/moveit_configs_utils:/home/kevo/ws_moveit2/install/launch_param_builder:/opt/ros/humble /usr/bin/cmake /home/kevo/ros_ws/src/ai_based_sorting_robot_arm/src/robotic_arm_controllers -DCMAKE_INSTALL_PREFIX=/home/kevo/ros_ws/src/ai_based_sorting_robot_arm/install/robotic_arm_controllers
[3.012s] Invoking command in '/home/kevo/ros_ws/src/ai_based_sorting_robot_arm/build/robotic_arm_controllers': CMAKE_PREFIX_PATH=${CMAKE_PREFIX_PATH}:/home/kevo/ros_ws/src/ai_based_sorting_robot_arm/install/robotic_arm_custom_nodes:/home/kevo/ros2_ws/install/rqt_joint_trajectory_controller:/home/kevo/ros2_ws/install/rqt_controller_manager:/home/kevo/ros2_ws/install/ros2controlcli:/home/kevo/ros2_ws/install/ros2_controllers_test_nodes:/home/kevo/ws_moveit2/install/moveit_configs_utils:/home/kevo/ws_moveit2/install/launch_param_builder:/opt/ros/humble /usr/bin/cmake --build /home/kevo/ros_ws/src/ai_based_sorting_robot_arm/build/robotic_arm_controllers -- -j8 -l8
[3.164s] Invoked command in '/home/kevo/ros_ws/src/ai_based_sorting_robot_arm/build/robotic_arm_controllers' returned '0': CMAKE_PREFIX_PATH=${CMAKE_PREFIX_PATH}:/home/kevo/ros_ws/src/ai_based_sorting_robot_arm/install/robotic_arm_custom_nodes:/home/kevo/ros2_ws/install/rqt_joint_trajectory_controller:/home/kevo/ros2_ws/install/rqt_controller_manager:/home/kevo/ros2_ws/install/ros2controlcli:/home/kevo/ros2_ws/install/ros2_controllers_test_nodes:/home/kevo/ws_moveit2/install/moveit_configs_utils:/home/kevo/ws_moveit2/install/launch_param_builder:/opt/ros/humble /usr/bin/cmake --build /home/kevo/ros_ws/src/ai_based_sorting_robot_arm/build/robotic_arm_controllers -- -j8 -l8
[3.239s] Invoking command in '/home/kevo/ros_ws/src/ai_based_sorting_robot_arm/build/robotic_arm_controllers': CMAKE_PREFIX_PATH=${CMAKE_PREFIX_PATH}:/home/kevo/ros_ws/src/ai_based_sorting_robot_arm/install/robotic_arm_custom_nodes:/home/kevo/ros2_ws/install/rqt_joint_trajectory_controller:/home/kevo/ros2_ws/install/rqt_controller_manager:/home/kevo/ros2_ws/install/ros2controlcli:/home/kevo/ros2_ws/install/ros2_controllers_test_nodes:/home/kevo/ws_moveit2/install/moveit_configs_utils:/home/kevo/ws_moveit2/install/launch_param_builder:/opt/ros/humble /usr/bin/cmake --install /home/kevo/ros_ws/src/ai_based_sorting_robot_arm/build/robotic_arm_controllers
[3.256s] -- Install configuration: ""
[3.256s] -- Installing: /home/kevo/ros_ws/src/ai_based_sorting_robot_arm/install/robotic_arm_controllers/share/robotic_arm_controllers/launch
[3.257s] -- Installing: /home/kevo/ros_ws/src/ai_based_sorting_robot_arm/install/robotic_arm_controllers/share/robotic_arm_controllers/launch/__pycache__
[3.257s] -- Installing: /home/kevo/ros_ws/src/ai_based_sorting_robot_arm/install/robotic_arm_controllers/share/robotic_arm_controllers/launch/__pycache__/robot_arm_controllers.launch.cpython-310.pyc
[3.274s] -- Installing: /home/kevo/ros_ws/src/ai_based_sorting_robot_arm/install/robotic_arm_controllers/share/robotic_arm_controllers/launch/robot_arm_controllers.launch.py
[3.275s] -- Installing: /home/kevo/ros_ws/src/ai_based_sorting_robot_arm/install/robotic_arm_controllers/share/robotic_arm_controllers/config
[3.275s] -- Installing: /home/kevo/ros_ws/src/ai_based_sorting_robot_arm/install/robotic_arm_controllers/share/robotic_arm_controllers/config/robot_arm_controllers.yaml
[3.275s] -- Installing: /home/kevo/ros_ws/src/ai_based_sorting_robot_arm/install/robotic_arm_controllers/share/ament_index/resource_index/package_run_dependencies/robotic_arm_controllers
[3.276s] -- Installing: /home/kevo/ros_ws/src/ai_based_sorting_robot_arm/install/robotic_arm_controllers/share/ament_index/resource_index/parent_prefix_path/robotic_arm_controllers
[3.276s] -- Installing: /home/kevo/ros_ws/src/ai_based_sorting_robot_arm/install/robotic_arm_controllers/share/robotic_arm_controllers/environment/ament_prefix_path.sh
[3.277s] -- Installing: /home/kevo/ros_ws/src/ai_based_sorting_robot_arm/install/robotic_arm_controllers/share/robotic_arm_controllers/environment/ament_prefix_path.dsv
[3.277s] -- Installing: /home/kevo/ros_ws/src/ai_based_sorting_robot_arm/install/robotic_arm_controllers/share/robotic_arm_controllers/environment/path.sh
[3.277s] -- Installing: /home/kevo/ros_ws/src/ai_based_sorting_robot_arm/install/robotic_arm_controllers/share/robotic_arm_controllers/environment/path.dsv
[3.277s] -- Installing: /home/kevo/ros_ws/src/ai_based_sorting_robot_arm/install/robotic_arm_controllers/share/robotic_arm_controllers/local_setup.bash
[3.277s] -- Installing: /home/kevo/ros_ws/src/ai_based_sorting_robot_arm/install/robotic_arm_controllers/share/robotic_arm_controllers/local_setup.sh
[3.278s] -- Installing: /home/kevo/ros_ws/src/ai_based_sorting_robot_arm/install/robotic_arm_controllers/share/robotic_arm_controllers/local_setup.zsh
[3.278s] -- Installing: /home/kevo/ros_ws/src/ai_based_sorting_robot_arm/install/robotic_arm_controllers/share/robotic_arm_controllers/local_setup.dsv
[3.278s] -- Installing: /home/kevo/ros_ws/src/ai_based_sorting_robot_arm/install/robotic_arm_controllers/share/robotic_arm_controllers/package.dsv
[3.278s] -- Installing: /home/kevo/ros_ws/src/ai_based_sorting_robot_arm/install/robotic_arm_controllers/share/ament_index/resource_index/packages/robotic_arm_controllers
[3.279s] -- Installing: /home/kevo/ros_ws/src/ai_based_sorting_robot_arm/install/robotic_arm_controllers/share/robotic_arm_controllers/cmake/robotic_arm_controllersConfig.cmake
[3.279s] -- Installing: /home/kevo/ros_ws/src/ai_based_sorting_robot_arm/install/robotic_arm_controllers/share/robotic_arm_controllers/cmake/robotic_arm_controllersConfig-version.cmake
[3.279s] -- Installing: /home/kevo/ros_ws/src/ai_based_sorting_robot_arm/install/robotic_arm_controllers/share/robotic_arm_controllers/package.xml
[3.282s] Invoked command in '/home/kevo/ros_ws/src/ai_based_sorting_robot_arm/build/robotic_arm_controllers' returned '0': CMAKE_PREFIX_PATH=${CMAKE_PREFIX_PATH}:/home/kevo/ros_ws/src/ai_based_sorting_robot_arm/install/robotic_arm_custom_nodes:/home/kevo/ros2_ws/install/rqt_joint_trajectory_controller:/home/kevo/ros2_ws/install/rqt_controller_manager:/home/kevo/ros2_ws/install/ros2controlcli:/home/kevo/ros2_ws/install/ros2_controllers_test_nodes:/home/kevo/ws_moveit2/install/moveit_configs_utils:/home/kevo/ws_moveit2/install/launch_param_builder:/opt/ros/humble /usr/bin/cmake --install /home/kevo/ros_ws/src/ai_based_sorting_robot_arm/build/robotic_arm_controllers
